0, 0, 
1, 0, 
2, 0, 
3, 0, 0, 
4, 0, 0, 
5, 0, 0.00807582, 
6, 0, 0.016407, 0, 
7, 0, 0.0248902, 0, 
8, 0, 0.033472, 0.00841609, 
9, 0, 0.0421216, 0.0169702, 0, 
10, 0, 0.0508198, 0.0255243, 0, 
11, 0, 0.0595539, 0.0342435, 0.00413902, 
12, 0, 0.0683151, 0.0430037, 0.00979046, 0, 
13, 0, 0.0770764, 0.051797, 0.0164781, 0, 
14, 0, 0.0858775, 0.0606169, 0.0238221, 0.000941389, 
15, 0, 0.0946842, 0.0694579, 0.0315842, 0.00503177, 0, 
16, 0, 0.103484, 0.0783157, 0.0393464, 0.0118808, 0, 
17, 0, 0.11229, 0.0872543, 0.0451805, 0.0196708, 0.00847543, 
18, 0, 0.121109, 0.096253, 0.0522662, 0.027876, 0.0170723, 0, 
19, 0, 0.129936, 0.105243, 0.0598495, 0.0360813, 0.0257501, 0, 
20, 0, 0.137839, 0.114233, 0.0677568, 0.0450802, 0.0344849, 0.00837126, 
21, 0, 0.146204, 0.123224, 0.0758836, 0.0540793, 0.0432614, 0.0169042, 0, 
22, 0, 0.154648, 0.132215, 0.0841649, 0.0630786, 0.0520379, 0.0255402, 0, 
23, 0, 0.163149, 0.141206, 0.0924798, 0.0720779, 0.0609751, 0.0342464, 0.00769704, 
24, 0, 0.171691, 0.150177, 0.0971854, 0.0810773, 0.0698819, 0.0430028, 0.0158692, 0, 
25, 0, 0.180265, 0.15917, 0.103856, 0.0900767, 0.0787988, 0.0517593, 0.024288, 0, 
26, 0, 0.188862, 0.16817, 0.111136, 0.0990744, 0.0877242, 0.0603377, 0.0328528, 0.00500853, 
27, 0, 0.197722, 0.177169, 0.11881, 0.107169, 0.0966567, 0.0689999, 0.0415121, 0.011303, 0, 
28, 0, 0.205636, 0.186169, 0.126748, 0.115442, 0.105595, 0.077722, 0.0501714, 0.018428, 0, 
29, 0, 0.213756, 0.195169, 0.13487, 0.123844, 0.11448, 0.0864882, 0.0590707, 0.0260738, 0.00476407, 
30, 0, 0.222017, 0.204169, 0.143055, 0.13234, 0.123444, 0.0952875, 0.0680119, 0.0340545, 0.0108923, 0, 
31, 0, 0.230381, 0.213148, 0.146607, 0.140908, 0.132436, 0.104112, 0.0769571, 0.0420352, 0.0179137, 0, 
32, 0, 0.23882, 0.222148, 0.152389, 0.149531, 0.141428, 0.113078, 0.0859063, 0.050883, 0.0254948, 0.00503092, 
33, 0, 0.247317, 0.231093, 0.159102, 0.158102, 0.150422, 0.121333, 0.0948588, 0.0597531, 0.0334336, 0.0122095, 0, 
34, 0, 0.254436, 0.240029, 0.166409, 0.165396, 0.159415, 0.129731, 0.103814, 0.0686365, 0.0413725, 0.0201512, 0, 
35, 0, 0.263137, 0.248957, 0.174102, 0.17315, 0.168409, 0.138244, 0.112803, 0.0775282, 0.0486852, 0.0284467, 0.00265615, 
36, 0, 0.271917, 0.25788, 0.182053, 0.181197, 0.177408, 0.146849, 0.121795, 0.0864266, 0.0566621, 0.0369375, 0.00710457, 0, 
37, 0, 0.280735, 0.266797, 0.190085, 0.18944, 0.186384, 0.155519, 0.130795, 0.0953308, 0.064854, 0.0454283, 0.0130141, 0, 
38, 0, 0.289568, 0.275644, 0.195559, 0.19782, 0.195382, 0.164237, 0.139795, 0.104262, 0.0731947, 0.0543945, 0.0199006, 0.00761788, 
39, 0, 0.298411, 0.284411, 0.201791, 0.206302, 0.20438, 0.172877, 0.148795, 0.113261, 0.0816448, 0.0633604, 0.0273997, 0.0157566, 0, 
40, 0, 0.307261, 0.293262, 0.208802, 0.215192, 0.213377, 0.179278, 0.157795, 0.122259, 0.0901783, 0.0723269, 0.0348988, 0.0241597, 0, 
41, 0, 0.316215, 0.302105, 0.216307, 0.222565, 0.222374, 0.186808, 0.166794, 0.131258, 0.0988422, 0.0812943, 0.0435095, 0.032717, 0.00899918, 
42, 0, 0.324991, 0.310945, 0.224137, 0.230423, 0.23137, 0.194811, 0.175784, 0.140256, 0.10648, 0.0902627, 0.0523852, 0.0413731, 0.0179984, 0, 
43, 0, 0.333834, 0.319786, 0.23219, 0.238566, 0.240265, 0.203061, 0.184636, 0.149255, 0.114332, 0.0992322, 0.06127, 0.0500293, 0.0269975, 0, 
44, 0, 0.34271, 0.328629, 0.241177, 0.246892, 0.249053, 0.211456, 0.193605, 0.158253, 0.12244, 0.10819, 0.0701627, 0.0585439, 0.0359966, 0.00224404, 
45, 0, 0.351604, 0.33692, 0.249427, 0.255345, 0.258043, 0.219943, 0.202575, 0.167245, 0.130725, 0.117133, 0.0790624, 0.067175, 0.0449957, 0.00628954, 0, 
46, 0, 0.360512, 0.345221, 0.255725, 0.263888, 0.267032, 0.2283, 0.211545, 0.176179, 0.139138, 0.12608, 0.0879683, 0.0758846, 0.0539948, 0.0119046, 0, 
47, 0, 0.369428, 0.35418, 0.262807, 0.272582, 0.27602, 0.229455, 0.220516, 0.185119, 0.147644, 0.135028, 0.0969047, 0.0846482, 0.0629945, 0.0186044, 0.00111915, 
48, 0, 0.378404, 0.363131, 0.270388, 0.280222, 0.285008, 0.233897, 0.229487, 0.194065, 0.156114, 0.14398, 0.105881, 0.0934503, 0.0719935, 0.0259882, 0.00385091, 0, 
49, 0, 0.387161, 0.372076, 0.278294, 0.288292, 0.293995, 0.240723, 0.238451, 0.203015, 0.162823, 0.152933, 0.114872, 0.102281, 0.080992, 0.0333719, 0.00837127, 0, 
50, 0, 0.396018, 0.381018, 0.286419, 0.296595, 0.302979, 0.248361, 0.24733, 0.211969, 0.170499, 0.161888, 0.123863, 0.111092, 0.0899897, 0.0405887, 0.0143339, 0.00896189, 
51, 0, 0.404914, 0.389959, 0.294625, 0.30502, 0.311946, 0.256365, 0.256214, 0.220925, 0.178474, 0.170711, 0.132856, 0.119605, 0.0989869, 0.0482954, 0.0212558, 0.0179258, 0, 
52, 0, 0.413815, 0.398895, 0.302203, 0.313529, 0.320902, 0.264565, 0.265098, 0.229859, 0.186654, 0.179321, 0.141849, 0.128227, 0.107984, 0.0563186, 0.0281776, 0.0268916, 0, 
53, 0, 0.422713, 0.407831, 0.310359, 0.322099, 0.32985, 0.271277, 0.273981, 0.238705, 0.194979, 0.187987, 0.150843, 0.136924, 0.116951, 0.0645547, 0.0365805, 0.0358591, 0.00683391, 
54, 0, 0.431607, 0.416732, 0.318726, 0.330555, 0.338793, 0.277373, 0.282867, 0.24757, 0.203414, 0.196698, 0.159791, 0.145672, 0.125908, 0.07294, 0.0454011, 0.0448282, 0.0146416, 0, 
55, 0, 0.440559, 0.425621, 0.327243, 0.338682, 0.34773, 0.284801, 0.291757, 0.25645, 0.212357, 0.205444, 0.168772, 0.15446, 0.134907, 0.0814334, 0.0542384, 0.0537973, 0.0228728, 0, 
56, 0, 0.449431, 0.434501, 0.335858, 0.346962, 0.356666, 0.292766, 0.300536, 0.265342, 0.219842, 0.214218, 0.177626, 0.163276, 0.143905, 0.0899413, 0.0630893, 0.0627724, 0.0313287, 0.00655583, 
57, 0, 0.458298, 0.443375, 0.344535, 0.355356, 0.365341, 0.301006, 0.309128, 0.274244, 0.226368, 0.223016, 0.186498, 0.172072, 0.152903, 0.097693, 0.071952, 0.0717433, 0.0399198, 0.0142588, 0, 
58, 0, 0.467159, 0.452252, 0.353345, 0.363838, 0.373965, 0.309406, 0.317979, 0.283156, 0.2336, 0.231808, 0.195385, 0.180289, 0.161901, 0.105754, 0.080825, 0.0807139, 0.0485109, 0.0224393, 0, 
59, 0, 0.476019, 0.460477, 0.36234, 0.372391, 0.382921, 0.317907, 0.326839, 0.292059, 0.241286, 0.240249, 0.204284, 0.188694, 0.170899, 0.114017, 0.0896894, 0.0896855, 0.057422, 0.0308669, 0.00429907, 
60, 0, 0.48488, 0.468818, 0.370586, 0.381001, 0.391876, 0.326496, 0.335707, 0.300854, 0.249269, 0.248826, 0.213193, 0.197235, 0.179896, 0.122421, 0.09867, 0.0986582, 0.0663737, 0.0394403, 0.0112453, 0, 
61, 0, 0.493743, 0.477795, 0.378984, 0.389654, 0.400829, 0.334826, 0.344583, 0.309659, 0.257455, 0.257476, 0.222083, 0.20587, 0.188892, 0.130926, 0.107658, 0.107632, 0.0753248, 0.0480138, 0.0190981, 0, 
62, 0, 0.502641, 0.486769, 0.387491, 0.398092, 0.409782, 0.343465, 0.353467, 0.318484, 0.265952, 0.266178, 0.230723, 0.21457, 0.19789, 0.139508, 0.116646, 0.116572, 0.0842769, 0.0569574, 0.0273523, 0.000839975, 
63, 0, 0.511578, 0.495742, 0.396078, 0.406702, 0.418734, 0.352199, 0.362448, 0.327331, 0.271386, 0.274918, 0.239511, 0.223319, 0.206889, 0.148269, 0.125636, 0.125556, 0.0932308, 0.0659046, 0.035822, 0.00317598, 0, 
64, 0, 0.520555, 0.504715, 0.404726, 0.415386, 0.427734, 0.360978, 0.371371, 0.336195, 0.278243, 0.283688, 0.248329, 0.23209, 0.215888, 0.155873, 0.134626, 0.13454, 0.102187, 0.0748548, 0.0442918, 0.00731692, 0, 
65, 0, 0.52954, 0.513687, 0.41264, 0.424115, 0.436731, 0.369785, 0.380174, 0.345075, 0.285694, 0.292622, 0.257172, 0.23973, 0.224888, 0.163826, 0.143616, 0.143524, 0.111154, 0.083808, 0.0525102, 0.0130072, 0.000943165, 
66, 0, 0.538528, 0.522671, 0.420765, 0.432877, 0.445659, 0.378609, 0.389007, 0.353883, 0.293522, 0.301032, 0.266034, 0.24785, 0.233888, 0.172012, 0.152574, 0.152508, 0.120154, 0.0927643, 0.0610135, 0.0197592, 0.00504651, 0, 
67, 0, 0.547517, 0.531665, 0.429582, 0.441666, 0.454597, 0.3873, 0.397859, 0.362697, 0.301599, 0.309555, 0.274912, 0.256222, 0.242887, 0.18036, 0.161337, 0.161494, 0.12915, 0.101724, 0.0696265, 0.0265112, 0.011929, 0, 
68, 0, 0.556507, 0.54063, 0.438391, 0.450662, 0.463541, 0.39592, 0.406725, 0.371533, 0.309847, 0.318161, 0.283748, 0.264743, 0.251886, 0.188821, 0.170181, 0.170479, 0.138146, 0.110723, 0.078301, 0.0335926, 0.0197583, 0.00823878, 
69, 0, 0.565396, 0.549605, 0.447205, 0.459248, 0.472487, 0.404627, 0.415603, 0.380388, 0.317668, 0.326826, 0.292408, 0.273359, 0.260886, 0.197366, 0.17904, 0.179467, 0.147141, 0.119717, 0.0870282, 0.0412156, 0.0280021, 0.01663, 0, 
70, 0, 0.574376, 0.558583, 0.45603, 0.467907, 0.481436, 0.413392, 0.424468, 0.389258, 0.323614, 0.335535, 0.301184, 0.282039, 0.269886, 0.2052, 0.187904, 0.188457, 0.156135, 0.128709, 0.0957982, 0.0491857, 0.0362459, 0.0251312, 0, 
71, 0, 0.583361, 0.567564, 0.464866, 0.47662, 0.490369, 0.422193, 0.433331, 0.398143, 0.330825, 0.344279, 0.309993, 0.289669, 0.278885, 0.21284, 0.196779, 0.197448, 0.165128, 0.137702, 0.104708, 0.0573873, 0.0451244, 0.0337143, 0.00166079, 
72, 0, 0.592349, 0.576546, 0.473763, 0.485372, 0.499332, 0.431016, 0.442169, 0.407039, 0.338464, 0.352966, 0.318823, 0.296958, 0.287885, 0.220805, 0.205664, 0.206439, 0.174115, 0.146694, 0.113132, 0.0657495, 0.0540509, 0.0423601, 0.00685587, 0, 
73, 0, 0.60134, 0.5855, 0.482467, 0.494152, 0.508272, 0.439853, 0.451015, 0.415798, 0.346353, 0.361445, 0.327673, 0.30489, 0.296885, 0.22899, 0.21462, 0.21543, 0.183041, 0.155687, 0.121644, 0.0742274, 0.062973, 0.051006, 0.0140981, 0, 
74, 0, 0.610331, 0.594492, 0.491283, 0.502954, 0.51721, 0.448851, 0.459862, 0.424652, 0.354443, 0.370014, 0.336541, 0.313138, 0.305875, 0.237331, 0.223184, 0.224421, 0.191884, 0.164679, 0.130297, 0.0827524, 0.071888, 0.059727, 0.0220746, 0.00701042, 
75, 0, 0.619322, 0.603476, 0.500129, 0.51191, 0.52614, 0.457648, 0.468715, 0.433521, 0.362687, 0.378648, 0.345413, 0.321568, 0.314869, 0.245784, 0.231865, 0.233413, 0.200761, 0.173652, 0.139048, 0.0907486, 0.0808038, 0.0684697, 0.0303939, 0.014595, 
76, 0, 0.628236, 0.612457, 0.509011, 0.520577, 0.535068, 0.466479, 0.477576, 0.442403, 0.371086, 0.387332, 0.354068, 0.330113, 0.323869, 0.254323, 0.240618, 0.242411, 0.209671, 0.182399, 0.147854, 0.0989781, 0.0897234, 0.077237, 0.0389031, 0.0225448, 
77, 0, 0.637221, 0.62143, 0.517914, 0.529295, 0.543995, 0.475332, 0.486571, 0.451298, 0.37741, 0.396056, 0.362861, 0.338738, 0.332869, 0.262907, 0.249425, 0.251409, 0.218597, 0.191163, 0.156694, 0.107365, 0.0986477, 0.0860279, 0.0475296, 0.0307362, 
78, 0, 0.646209, 0.630399, 0.52683, 0.53805, 0.552992, 0.4842, 0.495497, 0.460202, 0.385087, 0.404811, 0.371683, 0.347237, 0.341868, 0.27068, 0.258266, 0.260404, 0.227532, 0.199948, 0.165558, 0.115863, 0.107577, 0.0948401, 0.0562342, 0.0390943, 
79, 0, 0.655198, 0.639366, 0.534949, 0.546833, 0.561985, 0.493079, 0.504297, 0.469115, 0.393037, 0.413473, 0.380527, 0.353238, 0.350868, 0.27877, 0.26713, 0.269397, 0.236474, 0.208752, 0.174441, 0.124443, 0.11651, 0.103671, 0.0649936, 0.0475716, 
80, 0, 0.664189, 0.64832, 0.543622, 0.555639, 0.570889, 0.501967, 0.513141, 0.478069, 0.401165, 0.421721, 0.38939, 0.360573, 0.359867, 0.287059, 0.276012, 0.27839, 0.245421, 0.217574, 0.183338, 0.133085, 0.125448, 0.112518, 0.0737932, 0.056137, 
81, 0, 0.67318, 0.657317, 0.552602, 0.564464, 0.579819, 0.51059, 0.522028, 0.48703, 0.409433, 0.430088, 0.398269, 0.368477, 0.368867, 0.295482, 0.284908, 0.287383, 0.254372, 0.226412, 0.192247, 0.141776, 0.13439, 0.121379, 0.0826231, 0.0647693, 
82, 0, 0.682172, 0.666273, 0.56156, 0.573125, 0.588773, 0.518942, 0.530935, 0.495999, 0.417809, 0.438552, 0.407161, 0.376683, 0.377866, 0.304001, 0.293815, 0.296376, 0.263327, 0.235264, 0.201165, 0.150505, 0.143336, 0.130253, 0.0914765, 0.0734536, 
83, 0, 0.691054, 0.675249, 0.570479, 0.581399, 0.597738, 0.527389, 0.539854, 0.504971, 0.426268, 0.447095, 0.416064, 0.38507, 0.386865, 0.31259, 0.302731, 0.305369, 0.272284, 0.244128, 0.210091, 0.159265, 0.152285, 0.139137, 0.100349, 0.0821792, 
84, 0, 0.69966, 0.684241, 0.579375, 0.589757, 0.606708, 0.535921, 0.548783, 0.513947, 0.434793, 0.455702, 0.424977, 0.393576, 0.395863, 0.321234, 0.311655, 0.314362, 0.281243, 0.253004, 0.219024, 0.168051, 0.161236, 0.148031, 0.109236, 0.090938, 
85, 0, 0.708264, 0.693238, 0.58826, 0.598195, 0.615682, 0.544527, 0.557718, 0.522923, 0.443368, 0.464361, 0.433896, 0.402164, 0.404862, 0.329921, 0.320585, 0.323356, 0.290205, 0.261889, 0.227962, 0.176859, 0.170191, 0.156932, 0.118135, 0.099724, 
86, 0, 0.716884, 0.702238, 0.59714, 0.606708, 0.624658, 0.553194, 0.566658, 0.531901, 0.451985, 0.473063, 0.442823, 0.41081, 0.413861, 0.338641, 0.329521, 0.33235, 0.299169, 0.270783, 0.236904, 0.185684, 0.179148, 0.165841, 0.127045, 0.108533, 
87, 0, 0.725532, 0.711237, 0.606018, 0.615285, 0.633635, 0.561908, 0.575604, 0.540879, 0.460634, 0.481799, 0.451755, 0.4195, 0.422859, 0.34739, 0.338462, 0.341344, 0.308134, 0.279684, 0.245851, 0.194524, 0.188107, 0.174757, 0.135964, 0.11736, 
88, 0, 0.734212, 0.720237, 0.614895, 0.623916, 0.642614, 0.57066, 0.584553, 0.549858, 0.46931, 0.490565, 0.460693, 0.428222, 0.431858, 0.356162, 0.347406, 0.350338, 0.317101, 0.288591, 0.254802, 0.203378, 0.197069, 0.183678, 0.144889, 0.126204, 
89, 0, 0.742923, 0.729237, 0.623772, 0.632593, 0.651595, 0.579443, 0.593505, 0.558838, 0.478007, 0.499355, 0.469635, 0.436968, 0.440856, 0.364953, 0.356355, 0.359332, 0.326069, 0.297505, 0.263756, 0.212243, 0.206032, 0.192605, 0.153821, 0.135061, 
90, 0, 0.751663, 0.738237, 0.63265, 0.641309, 0.660576, 0.58825, 0.602461, 0.567818, 0.486722, 0.508165, 0.478581, 0.445733, 0.449855, 0.373761, 0.365306, 0.368327, 0.335038, 0.306424, 0.272713, 0.221118, 0.214997, 0.201536, 0.162759, 0.14393, 
91, 0, 0.760427, 0.747237, 0.641529, 0.650057, 0.669558, 0.597076, 0.61142, 0.576798, 0.49545, 0.516993, 0.48753, 0.454511, 0.458853, 0.382582, 0.374261, 0.377322, 0.344009, 0.315348, 0.281672, 0.230001, 0.223964, 0.210471, 0.171701, 0.15281, 
92, 0, 0.769214, 0.756236, 0.650409, 0.658832, 0.67854, 0.605918, 0.620381, 0.585779, 0.50419, 0.525835, 0.496482, 0.463299, 0.467851, 0.391416, 0.383218, 0.386317, 0.352981, 0.324276, 0.290633, 0.238892, 0.232932, 0.219411, 0.180648, 0.161698, 
93, 0, 0.778021, 0.765235, 0.65929, 0.667631, 0.687524, 0.614774, 0.629344, 0.59476, 0.512937, 0.53469, 0.505437, 0.472093, 0.476849, 0.40026, 0.392177, 0.395312, 0.361953, 0.333208, 0.299596, 0.24779, 0.241902, 0.228353, 0.189598, 0.170594, 
94, 0, 0.786844, 0.774234, 0.668171, 0.676449, 0.696508, 0.62364, 0.638309, 0.603742, 0.521691, 0.543557, 0.514394, 0.480888, 0.485847, 0.409112, 0.401138, 0.404308, 0.370927, 0.342144, 0.308561, 0.256694, 0.250873, 0.237299, 0.198551, 0.179497, 
95, 0, 0.795682, 0.783232, 0.677052, 0.685285, 0.705493, 0.632515, 0.647277, 0.612723, 0.530448, 0.552433, 0.523354, 0.489682, 0.494845, 0.417973, 0.410101, 0.413303, 0.379901, 0.351083, 0.317528, 0.265603, 0.259845, 0.246248, 0.207507, 0.188407, 
96, 0, 0.804534, 0.79223, 0.685934, 0.694136, 0.714478, 0.641398, 0.656246, 0.621705, 0.539206, 0.561318, 0.532316, 0.498468, 0.503843, 0.426841, 0.419065, 0.422299, 0.388876, 0.360025, 0.326496, 0.274517, 0.268819, 0.2552, 0.216466, 0.197322, 
97, 0, 0.813398, 0.801227, 0.694815, 0.703, 0.723464, 0.650288, 0.665217, 0.630687, 0.547964, 0.570211, 0.541279, 0.507241, 0.512841, 0.435714, 0.428031, 0.431295, 0.397852, 0.36897, 0.335465, 0.283435, 0.277793, 0.264154, 0.225427, 0.206242, 
98, 0, 0.822273, 0.810224, 0.703694, 0.711875, 0.732451, 0.659182, 0.674189, 0.639669, 0.556718, 0.57911, 0.550244, 0.515992, 0.521839, 0.444593, 0.436998, 0.440292, 0.406828, 0.377918, 0.344435, 0.292357, 0.286769, 0.27311, 0.23439, 0.215166, 
99, 0, 0.831157, 0.81922, 0.712573, 0.720761, 0.741437, 0.66808, 0.683163, 0.648652, 0.565465, 0.588015, 0.559211, 0.524703, 0.530836, 0.453476, 0.445966, 0.449288, 0.415805, 0.386867, 0.353407, 0.301282, 0.295745, 0.282069, 0.243355, 0.224095, 
100, 0, 0.84005, 0.828216, 0.72145, 0.729657, 0.750425, 0.676982, 0.692138, 0.657634, 0.574203, 0.596926, 0.568178, 0.533344, 0.539834, 0.462364, 0.454936, 0.458285, 0.424783, 0.395819, 0.362379, 0.310211, 0.304723, 0.29103, 0.252322, 0.233027, 
101, 0, 0.848951, 0.83721, 0.730324, 0.73856, 0.759413, 0.685886, 0.701114, 0.666617, 0.582926, 0.605841, 0.577148, 0.541847, 0.548832, 0.471255, 0.463906, 0.467282, 0.43376, 0.404773, 0.371352, 0.319142, 0.313702, 0.299992, 0.26129, 0.241962, 
102, 0, 0.85786, 0.846204, 0.739196, 0.747471, 0.768401, 0.694792, 0.710092, 0.6756, 0.59163, 0.61476, 0.586118, 0.550006, 0.557829, 0.480149, 0.472877, 0.476279, 0.442739, 0.413729, 0.380325, 0.328076, 0.322681, 0.308956, 0.27026, 0.250901, 
103, 0, 0.866775, 0.855197, 0.748063, 0.756389, 0.77739, 0.703697, 0.719071, 0.684583, 0.600307, 0.623682, 0.595089, 0.550006, 0.566826, 0.489045, 0.481849, 0.485276, 0.451717, 0.422687, 0.3893, 0.337013, 0.331661, 0.317922, 0.279231, 0.259842, 
104, 0, 0.875696, 0.864189, 0.756927, 0.765313, 0.786379, 0.7126, 0.728051, 0.693566, 0.608945, 0.632597, 0.604061, 0.554672, 0.575824, 0.497944, 0.490821, 0.494273, 0.460696, 0.431647, 0.398274, 0.345951, 0.340642, 0.32689, 0.288203, 0.268786, 
105, 0, 0.884623, 0.87318, 0.765785, 0.774242, 0.795369, 0.721496, 0.737032, 0.702552, 0.617529, 0.64153, 0.613035, 0.554672, 0.584821, 0.506844, 0.499794, 0.503271, 0.469675, 0.440608, 0.407249, 0.354892, 0.349624, 0.335858, 0.297177, 0.277732, 
106, 0, 0.893554, 0.88217, 0.774637, 0.783174, 0.804359, 0.730318, 0.746014, 0.711535, 0.626031, 0.650455, 0.622009, 0.554672, 0.593818, 0.515746, 0.508768, 0.512268, 0.478654, 0.44957, 0.416224, 0.363834, 0.358607, 0.344829, 0.306151, 0.28668, 
107, 0, 0.902488, 0.891158, 0.783482, 0.79209, 0.81335, 0.739237, 0.754997, 0.72052, 0.634402, 0.659385, 0.630983, 0.554672, 0.602815, 0.524649, 0.517742, 0.521266, 0.487633, 0.458534, 0.4252, 0.372778, 0.36759, 0.3538, 0.315126, 0.295631, 
108, 0, 0.911392, 0.900146, 0.792317, 0.801039, 0.822341, 0.748051, 0.763981, 0.729505, 0.642546, 0.668319, 0.639959, 0.554672, 0.611812, 0.533553, 0.526716, 0.530264, 0.496613, 0.467499, 0.434175, 0.381724, 0.376574, 0.362773, 0.324102, 0.304583, 
109, 0, 0.920346, 0.909132, 0.801141, 0.80997, 0.831333, 0.756863, 0.772966, 0.73849, 0.650243, 0.677257, 0.648935, 0.554672, 0.620809, 0.542457, 0.53569, 0.539263, 0.505592, 0.476465, 0.443151, 0.390671, 0.385559, 0.371747, 0.333079, 0.313536, 
110, 0, 0.929269, 0.918117, 0.809949, 0.818908, 0.840325, 0.765664, 0.781953, 0.747474, 0.656909, 0.686199, 0.657912, 0.554672, 0.629806, 0.551361, 0.544665, 0.548261, 0.514571, 0.485433, 0.452126, 0.399619, 0.394545, 0.380722, 0.342057, 0.322492, 
111, 0, 0.9382, 0.927099, 0.818736, 0.827853, 0.849319, 0.774441, 0.790941, 0.756458, 0.656909, 0.695145, 0.666889, 0.554672, 0.638803, 0.560265, 0.553639, 0.55726, 0.52355, 0.494402, 0.461101, 0.408568, 0.403531, 0.389698, 0.351035, 0.331448, 
112, 0, 0.947141, 0.93608, 0.827489, 0.836804, 0.858315, 0.783166, 0.799937, 0.765441, 0.656909, 0.704093, 0.675867, 0.554672, 0.6478, 0.569168, 0.562614, 0.566258, 0.532529, 0.503371, 0.470076, 0.417518, 0.412519, 0.398675, 0.360014, 0.340407, 
113, 0, 0.956089, 0.945057, 0.83618, 0.845761, 0.867314, 0.791744, 0.808932, 0.774424, 0.656909, 0.713045, 0.684845, 0.554672, 0.656797, 0.578071, 0.571589, 0.575257, 0.541507, 0.512342, 0.47905, 0.426469, 0.421507, 0.407653, 0.368994, 0.349366, 
114, 0, 0.965045, 0.954029, 0.844548, 0.854723, 0.876314, 0.791744, 0.817927, 0.783407, 0.656909, 0.721999, 0.693824, 0.554672, 0.665794, 0.586972, 0.580563, 0.584256, 0.550486, 0.521314, 0.488024, 0.435421, 0.430495, 0.416632, 0.377974, 0.358326, 
115, 0, 0.974009, 0.962973, 0.852945, 0.86371, 0.885314, 0.791744, 0.826922, 0.792388, 0.656909, 0.730957, 0.702803, 0.554672, 0.67479, 0.595871, 0.589538, 0.593255, 0.559463, 0.530286, 0.496997, 0.444374, 0.439485, 0.425612, 0.386955, 0.367288, 
116, 0, 0.983009, 0.971918, 0.861361, 0.8727, 0.894313, 0.791744, 0.835916, 0.801369, 0.656909, 0.739917, 0.711783, 0.554672, 0.683787, 0.604767, 0.598512, 0.602255, 0.56844, 0.53926, 0.50597, 0.453327, 0.448475, 0.434593, 0.395936, 0.376251, 
117, 0, 0.992009, 0.980863, 0.869784, 0.881693, 0.903313, 0.791744, 0.844911, 0.81035, 0.656909, 0.748879, 0.720763, 0.554672, 0.692784, 0.613661, 0.607485, 0.611254, 0.577417, 0.548235, 0.514941, 0.462281, 0.457466, 0.443575, 0.404917, 0.385214, 
118, 0, 1.00101, 0.989809, 0.878202, 0.890687, 0.912312, 0.791744, 0.853905, 0.819329, 0.656909, 0.757844, 0.729743, 0.554672, 0.701781, 0.622551, 0.616459, 0.620254, 0.586392, 0.55721, 0.523911, 0.471236, 0.466458, 0.452558, 0.413899, 0.394179, 
119, 0, 1.01001, 0.998756, 0.886602, 0.899684, 0.921311, 0.791744, 0.862898, 0.828308, 0.656909, 0.766811, 0.738724, 0.554672, 0.710778, 0.631437, 0.625431, 0.629253, 0.595367, 0.566186, 0.532879, 0.48019, 0.475451, 0.461541, 0.422881, 0.403144, 
120, 0, 1.019, 1.0077, 0.894968, 0.908682, 0.93031, 0.791744, 0.871892, 0.837286, 0.656909, 0.775781, 0.747706, 0.554672, 0.719774, 0.640317, 0.634403, 0.638253, 0.604341, 0.575163, 0.541846, 0.489145, 0.484444, 0.470525, 0.431864, 0.41211, 
121, 0, 1.02798, 1.01665, 0.903275, 0.917681, 0.939308, 0.791744, 0.880884, 0.846263, 0.656909, 0.784753, 0.756687, 0.554672, 0.728771, 0.649191, 0.643375, 0.647253, 0.613313, 0.584141, 0.550811, 0.498101, 0.493438, 0.47951, 0.440847, 0.421076, 
122, 0, 1.03696, 1.0256, 0.911483, 0.926681, 0.948306, 0.791744, 0.889876, 0.855239, 0.656909, 0.793727, 0.765669, 0.554672, 0.737768, 0.658058, 0.652345, 0.656253, 0.622284, 0.59312, 0.559774, 0.507056, 0.502433, 0.488495, 0.44983, 0.430044, 
123, 0, 1.04592, 1.03456, 0.919511, 0.935681, 0.957303, 0.791744, 0.898868, 0.864213, 0.656909, 0.802703, 0.774652, 0.554672, 0.746765, 0.666915, 0.661315, 0.665253, 0.631254, 0.602099, 0.568735, 0.516012, 0.511428, 0.497482, 0.458814, 0.439012, 
124, 0, 1.05485, 1.04351, 0.927174, 0.94468, 0.966299, 0.791744, 0.907858, 0.873187, 0.656909, 0.811681, 0.783635, 0.554672, 0.755763, 0.675761, 0.670283, 0.674253, 0.640221, 0.611079, 0.577692, 0.524967, 0.520425, 0.506469, 0.467797, 0.44798, 
125, 0, 1.06374, 1.05247, 0.933906, 0.953677, 0.975295, 0.791744, 0.916847, 0.882159, 0.656909, 0.820662, 0.792618, 0.554672, 0.76476, 0.684593, 0.67925, 0.683253, 0.649187, 0.62006, 0.586646, 0.533923, 0.529422, 0.515456, 0.476781, 0.456949, 
126, 0, 1.07258, 1.06143, 0.933906, 0.962672, 0.984288, 0.791744, 0.925835, 0.891129, 0.657004, 0.829645, 0.801602, 0.560397, 0.773758, 0.693408, 0.688216, 0.692253, 0.658151, 0.629041, 0.595597, 0.542878, 0.538419, 0.524445, 0.485766, 0.465919, 
127, 0, 1.08132, 1.0704, 0.933906, 0.971661, 0.99328, 0.796902, 0.93482, 0.900098, 0.658091, 0.838644, 0.810586, 0.560397, 0.782755, 0.702202, 0.69718, 0.701253, 0.667112, 0.638024, 0.604543, 0.551834, 0.547418, 0.533434, 0.49475, 0.474889, 
128, 0, 1.08994, 1.07938, 0.933906, 0.980543, 1.00227, 0.796902, 0.9438, 0.909039, 0.660442, 0.847631, 0.819571, 0.560397, 0.791753, 0.710968, 0.706142, 0.710253, 0.676071, 0.647007, 0.613484, 0.560789, 0.556416, 0.542424, 0.503735, 0.483859, 
129, 0, 1.09586, 1.08835, 0.933906, 0.989521, 1.01125, 0.805837, 0.952772, 0.918005, 0.660442, 0.856621, 0.828556, 0.560397, 0.800751, 0.719697, 0.715103, 0.719252, 0.685026, 0.65599, 0.62242, 0.569744, 0.565416, 0.551414, 0.512719, 0.49283, 
130, 0, 1.10469, 1.09734, 0.933906, 0.997739, 1.02021, 0.805837, 0.961752, 0.926967, 0.660442, 0.865612, 0.837542, 0.560397, 0.809749, 0.728378, 0.724061, 0.728252, 0.693979, 0.664975, 0.63135, 0.578698, 0.574415, 0.560405, 0.521704, 0.501801, 
131, 0, 1.10594, 1.10633, 0.933906, 1.00673, 1.02919, 0.805837, 0.970729, 0.935927, 0.660919, 0.874606, 0.846529, 0.560397, 0.818747, 0.736991, 0.733016, 0.737251, 0.702928, 0.67396, 0.640272, 0.587652, 0.583415, 0.569397, 0.530689, 0.510773, 
132, 0, 1.11492, 1.11533, 0.933906, 1.01571, 1.03817, 0.805837, 0.9797, 0.944884, 0.662807, 0.883601, 0.855515, 0.560397, 0.827746, 0.745504, 0.741969, 0.74625, 0.711873, 0.682946, 0.649187, 0.596605, 0.592415, 0.578389, 0.539674, 0.519745, 
133, 0, 1.1239, 1.12432, 0.933906, 1.02467, 1.04713, 0.805837, 0.988658, 0.953837, 0.66572, 0.892599, 0.864503, 0.560397, 0.836745, 0.753865, 0.750919, 0.755249, 0.720815, 0.691933, 0.658092, 0.605557, 0.601415, 0.587382, 0.548659, 0.528717, 
134, 0, 1.13251, 1.13331, 0.933906, 1.03361, 1.05606, 0.805837, 0.997605, 0.962786, 0.66572, 0.901597, 0.873491, 0.560397, 0.845744, 0.761976, 0.759866, 0.764248, 0.729752, 0.700921, 0.666988, 0.614509, 0.610415, 0.596375, 0.557645, 0.537689, 
135, 0, 1.13911, 1.14231, 0.933906, 1.04249, 1.06497, 0.805837, 1.00657, 0.97173, 0.66572, 0.910597, 0.882479, 0.565919, 0.854743, 0.769639, 0.768808, 0.773246, 0.738685, 0.709909, 0.675871, 0.62346, 0.619413, 0.605369, 0.56663, 0.546661, 
136, 0, 1.14228, 1.1513, 0.936994, 1.05132, 1.07391, 0.811798, 1.01552, 0.98067, 0.66572, 0.919587, 0.891468, 0.565919, 0.863742, 0.77643, 0.777747, 0.782243, 0.747613, 0.718898, 0.684741, 0.632409, 0.628411, 0.614363, 0.575615, 0.555634, 
137, 0, 1.14675, 1.15971, 0.936994, 1.06028, 1.08285, 0.811798, 1.02448, 0.989553, 0.66572, 0.928587, 0.900458, 0.565919, 0.872742, 0.781538, 0.78668, 0.79124, 0.756536, 0.727888, 0.693596, 0.641358, 0.637407, 0.623359, 0.584601, 0.564607, 
138, 0, 1.15566, 1.16871, 0.936994, 1.06887, 1.09177, 0.820749, 1.03342, 0.998487, 0.666037, 0.937587, 0.909448, 0.565919, 0.881741, 0.784416, 0.795607, 0.800236, 0.765453, 0.736879, 0.702434, 0.650305, 0.646401, 0.632354, 0.593586, 0.57358, 
139, 0, 1.1634, 1.17771, 0.936994, 1.07742, 1.10067, 0.820749, 1.04236, 1.00742, 0.667669, 0.946586, 0.918438, 0.565919, 0.890741, 0.784416, 0.804528, 0.809231, 0.774365, 0.745871, 0.71125, 0.659251, 0.655393, 0.64135, 0.602572, 0.582553, 
140, 0, 1.1634, 1.1867, 0.938597, 1.08569, 1.10954, 0.820749, 1.05127, 1.01636, 0.670439, 0.955586, 0.927428, 0.565919, 0.89974, 0.784416, 0.813442, 0.818226, 0.783269, 0.754863, 0.720042, 0.668195, 0.664382, 0.650347, 0.611557, 0.591526, 
141, 0, 1.16878, 1.1957, 0.94198, 1.09397, 1.11834, 0.820749, 1.06015, 1.02532, 0.670439, 0.964586, 0.936419, 0.570062, 0.90874, 0.784416, 0.822347, 0.827219, 0.792164, 0.763856, 0.728804, 0.677137, 0.673368, 0.659344, 0.620542, 0.600499, 
142, 0, 1.17468, 1.2047, 0.948286, 1.10247, 1.12706, 0.820749, 1.06907, 1.03428, 0.670439, 0.973572, 0.94541, 0.570062, 0.91774, 0.791783, 0.831242, 0.83621, 0.801048, 0.772851, 0.737529, 0.686077, 0.682351, 0.668342, 0.629527, 0.609472, 
143, 0, 1.17874, 1.21364, 0.948286, 1.11127, 1.13591, 0.82587, 1.07799, 1.04319, 0.671, 0.982571, 0.954402, 0.570062, 0.92674, 0.791783, 0.840129, 0.845201, 0.809918, 0.781846, 0.746206, 0.695014, 0.69133, 0.67734, 0.638513, 0.618445, 
144, 0, 1.17874, 1.22109, 0.948286, 1.12018, 1.14473, 0.832885, 1.08688, 1.05215, 0.673004, 0.991571, 0.963394, 0.57355, 0.93574, 0.791783, 0.849007, 0.854189, 0.818766, 0.790842, 0.754818, 0.703949, 0.700306, 0.686339, 0.647498, 0.627418, 
145, 0, 1.18163, 1.22971, 0.948286, 1.12672, 1.15348, 0.836502, 1.09574, 1.06112, 0.676099, 1.00054, 0.972388, 0.57355, 0.94474, 0.791783, 0.85788, 0.863175, 0.827586, 0.799838, 0.763337, 0.712881, 0.709278, 0.695337, 0.656483, 0.636391, 
146, 0, 1.18163, 1.238, 0.948286, 1.13548, 1.16207, 0.844664, 1.10456, 1.07, 0.676099, 1.00953, 0.981384, 0.57355, 0.953738, 0.791783, 0.866757, 0.872159, 0.836363, 0.808836, 0.771713, 0.721809, 0.718246, 0.704337, 0.665467, 0.645363, 
147, 0, 1.18163, 1.24499, 0.95112, 1.13548, 1.17052, 0.851152, 1.11344, 1.07893, 0.676099, 1.01851, 0.990382, 0.577677, 0.962733, 0.791783, 0.875651, 0.88114, 0.845082, 0.817835, 0.77984, 0.730734, 0.727211, 0.713336, 0.674452, 0.654336, 
148, 0, 1.18501, 1.2494, 0.955984, 1.13645, 1.17924, 0.852336, 1.12229, 1.08785, 0.678412, 1.02743, 0.999382, 0.577677, 0.971717, 0.800751, 0.884578, 0.890118, 0.853719, 0.826834, 0.787475, 0.739653, 0.736173, 0.722336, 0.683436, 0.663309, 
149, 0, 1.18503, 1.25321, 0.955984, 1.14222, 1.18785, 0.857476, 1.13099, 1.09669, 0.683588, 1.03639, 1.00837, 0.577677, 0.980678, 0.800751, 0.893552, 0.899093, 0.86225, 0.835833, 0.793948, 0.748568, 0.745131, 0.731336, 0.69242, 0.672281, 
150, 0, 1.18503, 1.25972, 0.955984, 1.14717, 1.19576, 0.866473, 1.13946, 1.10559, 0.683588, 1.04539, 1.01729, 0.582286, 0.98959, 0.800751, 0.902551, 0.908063, 0.870643, 0.844833, 0.793948, 0.757476, 0.754087, 0.740336, 0.701404, 0.681253, 
151, 0, 1.18503, 1.26366, 0.9604, 1.15247, 1.20263, 0.866473, 1.14811, 1.11459, 0.691716, 1.05428, 1.02604, 0.582286, 0.998418, 0.800751, 0.911383, 0.917029, 0.878862, 0.853833, 0.793948, 0.766377, 0.76304, 0.749336, 0.710388, 0.690224, 
152, 0, 1.19166, 1.2666, 0.968731, 1.15709, 1.21069, 0.875299, 1.1558, 1.12343, 0.700709, 1.06313, 1.03447, 0.582286, 1.00711, 0.800751, 0.919527, 0.92599, 0.887135, 0.862833, 0.793948, 0.77527, 0.771992, 0.758336, 0.719371, 0.699196, 
153, 0, 1.19556, 1.2709, 0.969675, 1.16594, 1.21522, 0.883469, 1.16321, 1.13225, 0.709198, 1.07192, 1.04244, 0.587437, 1.01562, 0.800751, 0.927205, 0.934945, 0.895446, 0.871832, 0.793948, 0.784152, 0.780942, 0.767336, 0.728354, 0.708166, 
154, 0, 1.20456, 1.27535, 0.977596, 1.17424, 1.21998, 0.891379, 1.17044, 1.14103, 0.716735, 1.0808, 1.04992, 0.587437, 1.02417, 0.800751, 0.934054, 0.943893, 0.903781, 0.88083, 0.793948, 0.793021, 0.78989, 0.776335, 0.737336, 0.717137, 
155, 0, 1.21285, 1.28169, 0.985353, 1.18231, 1.22524, 0.891379, 1.17742, 1.14993, 0.724237, 1.08938, 1.0576, 0.587437, 1.03277, 0.809751, 0.939496, 0.952832, 0.912129, 0.889826, 0.793948, 0.801874, 0.798838, 0.785335, 0.746318, 0.726107, 
156, 0, 1.22052, 1.28862, 0.993299, 1.18963, 1.23087, 0.898125, 1.18397, 1.15862, 0.731405, 1.09785, 1.06545, 0.592319, 1.04142, 0.809751, 0.943219, 0.961763, 0.920478, 0.898818, 0.793948, 0.810707, 0.807786, 0.794334, 0.755299, 0.735076, 
157, 0, 1.22814, 1.29609, 1.00144, 1.18963, 1.23655, 0.905837, 1.19117, 1.16728, 0.737766, 1.1068, 1.07345, 0.592319, 1.05011, 0.809751, 0.943219, 0.970683, 0.928817, 0.907806, 0.793948, 0.819513, 0.816734, 0.803332, 0.76428, 0.744045, 
158, 0, 1.22814, 1.30396, 1.00969, 1.19862, 1.2432, 0.913083, 1.19885, 1.17627, 0.737766, 1.11468, 1.08158, 0.598358, 1.05892, 0.809751, 0.944223, 0.979591, 0.937131, 0.916785, 0.793948, 0.828283, 0.825683, 0.81233, 0.77326, 0.753012, 
159, 0, 1.23583, 1.31205, 1.01809, 1.20749, 1.25052, 0.921961, 1.2073, 1.18473, 0.737766, 1.12283, 1.09021, 0.598358, 1.06767, 0.809751, 0.94622, 0.988485, 0.945403, 0.925752, 0.793948, 0.837001, 0.834632, 0.821327, 0.782239, 0.761979, 
160, 0, 1.24292, 1.32026, 1.02656, 1.2156, 1.25901, 0.930468, 1.21587, 1.19346, 0.737766, 1.13017, 1.09842, 0.603855, 1.07632, 0.818474, 0.948749, 0.997363, 0.953609, 0.934702, 0.793948, 0.845642, 0.843583, 0.830324, 0.791218, 0.770946, 
161, 0, 1.2518, 1.32852, 1.03529, 1.22435, 1.2676, 0.930468, 1.22483, 1.2018, 0.737766, 1.13782, 1.1059, 0.603855, 1.08486, 0.818474, 0.948749, 1.00622, 0.961711, 0.943624, 0.793948, 0.854157, 0.852536, 0.839319, 0.800195, 0.779911, 
162, 0, 1.26052, 1.33674, 1.04344, 1.22435, 1.2766, 0.938939, 1.23361, 1.21045, 0.742595, 1.14549, 1.11271, 0.611858, 1.09359, 0.818474, 0.94989, 1.01507, 0.969652, 0.952508, 0.793948, 0.862451, 0.861491, 0.848314, 0.809171, 0.788875, 
163, 0, 1.26052, 1.3444, 1.0522, 1.23082, 1.28537, 0.938939, 1.24174, 1.21944, 0.75012, 1.15268, 1.12047, 0.611858, 1.10216, 0.825953, 0.952205, 1.02391, 0.977333, 0.96134, 0.793948, 0.870291, 0.87045, 0.857306, 0.818145, 0.797837, 
164, 0, 1.26787, 1.34501, 1.0522, 1.23855, 1.29277, 0.947895, 1.24913, 1.22806, 0.752964, 1.15911, 1.12683, 0.611858, 1.11044, 0.825953, 0.955166, 1.03277, 0.984576, 0.970112, 0.793948, 0.877037, 0.879412, 0.866297, 0.827118, 0.806798, 
165, 0, 1.27268, 1.35158, 1.06051, 1.24493, 1.29918, 0.953683, 1.258, 1.23574, 0.752964, 1.16611, 1.13209, 0.62015, 1.11847, 0.825953, 0.955166, 1.04167, 0.99105, 0.978831, 0.793948, 0.877037, 0.888378, 0.875287, 0.836089, 0.815758, 
166, 0, 1.28093, 1.36055, 1.06879, 1.25168, 1.30796, 0.960043, 1.26602, 1.24456, 0.759778, 1.17377, 1.13723, 0.62015, 1.12712, 0.825953, 0.962077, 1.05064, 0.996217, 0.987645, 0.793948, 0.877037, 0.897351, 0.884274, 0.845058, 0.824715, 
167, 0, 1.2892, 1.36937, 1.07627, 1.25711, 1.31492, 0.968794, 1.27321, 1.25225, 0.76764, 1.1806, 1.14316, 0.62015, 1.13355, 0.834448, 0.962077, 1.05945, 0.99966, 0.996283, 0.793948, 0.877037, 0.906331, 0.893258, 0.854024, 0.833671, 
168, 0, 1.29044, 1.37326, 1.08323, 1.26298, 1.32222, 0.972242, 1.27908, 1.25869, 0.771294, 1.1863, 1.14829, 0.628378, 1.14234, 0.843403, 0.962077, 1.06787, 0.99966, 1.00443, 0.793948, 0.877037, 0.915323, 0.90224, 0.862987, 0.842624, 
169, 0, 1.29943, 1.38149, 1.0915, 1.26757, 1.32865, 0.981232, 1.28765, 1.26645, 0.778025, 1.1863, 1.15234, 0.637285, 1.15105, 0.852213, 0.962077, 1.07599, 1.00007, 1.00443, 0.793948, 0.877037, 0.924322, 0.911218, 0.871945, 0.851573, 
170, 0, 1.30838, 1.38998, 1.10041, 1.27473, 1.33261, 0.990215, 1.29073, 1.27335, 0.78172, 1.19465, 1.1558, 0.646284, 1.15961, 0.860762, 0.962077, 1.08498, 1.00111, 1.00443, 0.793948, 0.877037, 0.924322, 0.920193, 0.880899, 0.86052, 
171, 0, 1.31559, 1.39887, 1.10258, 1.2791, 1.34034, 0.997897, 1.29959, 1.27352, 0.785602, 1.20312, 1.15936, 0.655219, 1.16793, 0.860762, 0.962077, 1.09398, 1.00111, 1.00516, 0.793948, 0.877037, 0.924322, 0.929162, 0.889845, 0.869462, 
172, 0, 1.31811, 1.39887, 1.11035, 1.28779, 1.34365, 1.00526, 1.30827, 1.27369, 0.788044, 1.21181, 1.15936, 0.664068, 1.17599, 0.860762, 0.962274, 1.10298, 1.00111, 1.00818, 0.793948, 0.877037, 0.924322, 0.938127, 0.898782, 0.8784, 
173, 0, 1.32709, 1.40616, 1.11129, 1.29634, 1.34816, 1.01355, 1.31682, 1.27431, 0.789723, 1.22075, 1.1677, 0.664068, 1.18369, 0.860762, 0.966332, 1.11198, 1.00111, 1.00818, 0.793948, 0.877037, 0.924322, 0.947084, 0.907707, 0.887332, 
174, 0, 1.33609, 1.40616, 1.1118, 1.3051, 1.35168, 1.02222, 1.32405, 1.2778, 0.791928, 1.22972, 1.1677, 0.664068, 1.19055, 0.860762, 0.970201, 1.12093, 1.00111, 1.00935, 0.793948, 0.877037, 0.924322, 0.956033, 0.916613, 0.896256, 
175, 0, 1.34437, 1.40616, 1.11772, 1.31377, 1.35952, 1.03061, 1.3316, 1.2814, 0.796344, 1.22972, 1.16853, 0.664068, 1.19787, 0.860762, 0.970201, 1.12975, 1.00111, 1.01295, 0.793948, 0.877037, 0.924322, 0.964972, 0.92549, 0.905172, 
176, 0, 1.35312, 1.40616, 1.11772, 1.31554, 1.35952, 1.03949, 1.33626, 1.28524, 0.797485, 1.23776, 1.1707, 0.664068, 1.20508, 0.860762, 0.970201, 1.13797, 1.00111, 1.01295, 0.793948, 0.877037, 0.924322, 0.973896, 0.934316, 0.914076, 
177, 0, 1.35312, 1.41153, 1.12546, 1.32418, 1.3685, 1.04847, 1.34281, 1.29042, 0.800068, 1.23776, 1.17421, 0.664068, 1.20508, 0.860762, 0.970201, 1.13797, 1.00111, 1.01295, 0.793948, 0.877037, 0.924322, 0.982799, 0.943041, 0.922965, 
178, 0, 1.36202, 1.41307, 1.12804, 1.33288, 1.37212, 1.05745, 1.34865, 1.29605, 0.804067, 1.23776, 1.17824, 0.664068, 1.20508, 0.869761, 0.970201, 1.13797, 1.00111, 1.01295, 0.793948, 0.877037, 0.924322, 0.99167, 0.951501, 0.931834, 
179, 0, 1.3706, 1.41953, 1.1349, 1.34166, 1.37682, 1.0664, 1.3545, 1.30185, 0.8083, 1.23776, 1.18218, 0.664068, 1.20508, 0.869761, 0.970201, 1.13797, 1.00111, 1.01299, 0.793948, 0.877037, 0.924322, 1.00048, 0.958849, 0.940675, 
180, 0, 1.37914, 1.42678, 1.1349, 1.34935, 1.38239, 1.07505, 1.35791, 1.30773, 0.81186, 1.23776, 1.18532, 0.664068, 1.20508, 0.869761, 0.970201, 1.13797, 1.00111, 1.01375, 0.793948, 0.877037, 0.924322, 1.00918, 0.958849, 0.949472, 
181, 0, 1.38593, 1.42678, 1.1349, 1.35703, 1.38723, 1.08321, 1.35791, 1.31371, 0.814027, 1.23796, 1.18741, 0.664068, 1.20508, 0.869761, 0.970201, 1.13797, 1.00111, 1.01664, 0.793948, 0.877037, 0.924322, 1.01749, 0.958849, 0.958201, 
182, 0, 1.39246, 1.42678, 1.1349, 1.36586, 1.39078, 1.08963, 1.35791, 1.31371, 0.815152, 1.23938, 1.18892, 0.67287, 1.20508, 0.869761, 0.970201, 1.13797, 1.00111, 1.01664, 0.793948, 0.877037, 0.924322, 1.01749, 0.958849, 0.966806, 
183, 0, 1.40061, 1.42678, 1.1349, 1.37477, 1.39427, 1.09843, 1.35791, 1.31371, 0.815152, 1.24431, 1.18892, 0.67287, 1.20508, 0.869761, 0.970201, 1.13797, 1.00936, 1.02318, 0.793948, 0.877037, 0.924322, 1.01749, 0.958849, 0.975153, 
184, 0, 1.40898, 1.42678, 1.1349, 1.38149, 1.39796, 1.1071, 1.35962, 1.32038, 0.815152, 1.2486, 1.18892, 0.67287, 1.20508, 0.869761, 0.979201, 1.14693, 1.00936, 1.02318, 0.793948, 0.877037, 0.924322, 1.01749, 0.958849, 0.982798, 
185, 0, 1.40937, 1.42678, 1.1349, 1.38798, 1.40164, 1.1071, 1.35962, 1.32467, 0.815152, 1.25339, 1.19739, 0.67287, 1.21137, 0.869761, 0.988032, 1.14693, 1.00936, 1.02318, 0.793948, 0.877037, 0.924322, 1.01749, 0.958849, 0.982798, 
186, 0, 1.40985, 1.42879, 1.1349, 1.39285, 1.40164, 1.11584, 1.35962, 1.32467, 0.822684, 1.25945, 1.19741, 0.681814, 1.21954, 0.869761, 0.988032, 1.14693, 1.00936, 1.02318, 0.793948, 0.877037, 0.924322, 1.01749, 0.958849, 0.982798, 
187, 0, 1.4188, 1.43089, 1.14267, 1.39613, 1.40973, 1.11584, 1.35962, 1.33005, 0.822684, 1.26713, 1.19937, 0.681814, 1.22819, 0.869761, 0.988032, 1.14693, 1.00936, 1.02318, 0.793948, 0.877037, 0.924322, 1.01749, 0.958849, 0.982798, 
188, 0, 1.4188, 1.43332, 1.14267, 1.40001, 1.40973, 1.11584, 1.3676, 1.33858, 0.822728, 1.27017, 1.20524, 0.690415, 1.22819, 0.869761, 0.988032, 1.14693, 1.00936, 1.02318, 0.793948, 0.877037, 0.924322, 1.01749, 0.958849, 0.982798, 
189, 0, 1.41992, 1.43711, 1.14267, 1.40307, 1.41035, 1.12464, 1.3708, 1.33858, 0.823405, 1.27698, 1.21269, 0.690415, 1.22819, 0.878749, 0.988032, 1.15579, 1.00936, 1.02318, 0.793948, 0.877037, 0.924322, 1.01749, 0.958849, 0.982798, 
190, 0, 1.41992, 1.4406, 1.15164, 1.40391, 1.41035, 1.13253, 1.37661, 1.33858, 0.826226, 1.27698, 1.22, 0.690415, 1.22819, 0.887718, 0.988032, 1.15579, 1.00936, 1.02318, 0.793948, 0.877037, 0.924322, 1.01749, 0.958849, 0.982798, 
191, 0, 1.42839, 1.4492, 1.15164, 1.407, 1.41072, 1.13925, 1.38372, 1.34122, 0.832108, 1.27698, 1.22688, 0.690415, 1.22819, 0.887718, 0.988032, 1.15579, 1.00936, 1.02318, 0.793948, 0.877037, 0.924322, 1.01749, 0.958849, 0.982798, 
192, 0, 1.432, 1.4492, 1.16061, 1.40753, 1.41357, 1.14781, 1.39053, 1.34457, 0.838897, 1.28042, 1.2328, 0.698011, 1.22819, 0.887718, 0.988032, 1.15579, 1.00936, 1.02318, 0.793948, 0.877037, 0.924322, 1.01749, 0.958849, 0.982798, 
193, 0, 1.4409, 1.45744, 1.16959, 1.41651, 1.41935, 1.15574, 1.39735, 1.35106, 0.845937, 1.28185, 1.2328, 0.698011, 1.22819, 0.887718, 0.988032, 1.15579, 1.00936, 1.02318, 0.793948, 0.877037, 0.924322, 1.01749, 0.958849, 0.982798, 
194, 0, 1.44666, 1.46625, 1.17858, 1.42189, 1.42625, 1.16468, 1.40432, 1.35661, 0.852626, 1.28536, 1.2328, 0.698011, 1.22819, 0.887718, 0.988032, 1.15579, 1.00936, 1.02318, 0.793948, 0.877037, 0.924322, 1.01749, 0.958849, 0.982798, 
195, 0, 1.44666, 1.47465, 1.18753, 1.4284, 1.43371, 1.16468, 1.41233, 1.36361, 0.859399, 1.29064, 1.2328, 0.698011, 1.22819, 0.887718, 0.988032, 1.15579, 1.00936, 1.02318, 0.793948, 0.877037, 0.924322, 1.01749, 0.958849, 0.982798, 
196, 0, 1.45504, 1.4829, 1.19593, 1.4284, 1.44193, 1.17074, 1.41991, 1.36361, 0.865871, 1.29572, 1.2328, 0.698011, 1.22819, 0.887718, 0.988032, 1.15579, 1.00936, 1.02318, 0.793948, 0.877037, 0.924322, 1.01749, 0.958849, 0.982798, 
197, 0, 1.46401, 1.4829, 1.20432, 1.43323, 1.45023, 1.17074, 1.41991, 1.36361, 0.871541, 1.29992, 1.2328, 0.698011, 1.22819, 0.887718, 0.988032, 1.15579, 1.00936, 1.02318, 0.793948, 0.877037, 0.924322, 1.01749, 0.958849, 0.982798, 
198, 0, 1.46401, 1.49179, 1.21044, 1.43746, 1.45888, 1.17074, 1.41991, 1.36361, 0.875807, 1.29992, 1.2328, 0.698011, 1.22819, 0.887718, 0.988032, 1.15579, 1.00936, 1.02318, 0.793948, 0.877037, 0.924322, 1.01749, 0.958849, 0.982798, 
199, 0, 1.47079, 1.49913, 1.21801, 1.44178, 1.46719, 1.17074, 1.41991, 1.36361, 0.875807, 1.29992, 1.2328, 0.698011, 1.22819, 0.887718, 0.988032, 1.15579, 1.00936, 1.02318, 0.793948, 0.877037, 0.924322, 1.01749, 0.958849, 0.982798, 
200, 0, 1.47079, 1.50724, 1.22504, 1.44707, 1.46719, 1.17736, 1.41991, 1.36361, 0.875807, 1.29992, 1.2328, 0.698011, 1.22819, 0.887718, 0.988032, 1.15579, 1.00936, 1.02318, 0.793948, 0.877037, 0.924322, 1.01749, 0.958849, 0.982798, 
201, 0, 1.47572, 1.51497, 1.22504, 1.45601, 1.47587, 1.17736, 1.41991, 1.36361, 0.875807, 1.29992, 1.2328, 0.698011, 1.22819, 0.887718, 0.988032, 1.15579, 1.00936, 1.02318, 0.793948, 0.877037, 0.924322, 1.01749, 0.958849, 0.982798, 
202, 0, 1.48266, 1.52307, 1.23317, 1.45601, 1.47587, 1.17736, 1.41991, 1.36361, 0.875807, 1.29992, 1.2328, 0.698011, 1.22819, 0.887718, 0.988032, 1.15579, 1.00936, 1.02318, 0.793948, 0.877037, 0.924322, 1.01749, 0.958849, 0.982798, 
203, 0, 1.48879, 1.53176, 1.23317, 1.45601, 1.47587, 1.17736, 1.41991, 1.36361, 0.875807, 1.29992, 1.2328, 0.698011, 1.22819, 0.887718, 0.988032, 1.15579, 1.00936, 1.02318, 0.793948, 0.877037, 0.924322, 1.01749, 0.958849, 0.982798, 
204, 0, 1.48879, 1.53991, 1.23317, 1.45601, 1.47587, 1.17736, 1.41991, 1.36361, 0.875807, 1.29992, 1.2328, 0.698011, 1.22819, 0.887718, 0.988032, 1.15579, 1.00936, 1.02318, 0.793948, 0.877037, 0.924322, 1.01749, 0.958849, 0.982798, 
205, 0, 1.48879, 1.54733, 1.23317, 1.45601, 1.47587, 1.17736, 1.41991, 1.36361, 0.875807, 1.29992, 1.2328, 0.698011, 1.22819, 0.887718, 0.988032, 1.15579, 1.00936, 1.02318, 0.793948, 0.877037, 0.924322, 1.01749, 0.958849, 0.982798, 
206, 0, 1.48879, 1.54733, 1.23317, 1.45601, 1.47587, 1.17736, 1.41991, 1.36361, 0.875807, 1.29992, 1.2328, 0.698011, 1.22819, 0.887718, 0.988032, 1.15579, 1.00936, 1.02318, 0.793948, 0.877037, 0.924322, 1.01749, 0.958849, 0.982798, 
207, 0, 1.48879, 1.54733, 1.23317, 1.45601, 1.47587, 1.17736, 1.41991, 1.36361, 0.875807, 1.29992, 1.2328, 0.698011, 1.22819, 0.887718, 0.988032, 1.15579, 1.00936, 1.02318, 0.793948, 0.877037, 0.924322, 1.01749, 0.958849, 0.982798, 
208, 0, 1.48879, 1.54733, 1.23317, 1.45601, 1.47587, 1.17736, 1.41991, 1.36361, 0.875807, 1.29992, 1.2328, 0.698011, 1.22819, 0.887718, 0.988032, 1.15579, 1.00936, 1.02318, 0.793948, 0.877037, 0.924322, 1.01749, 0.958849, 0.982798, 
209, 0, 1.48879, 1.54733, 1.23317, 1.45601, 1.47587, 1.17736, 1.41991, 1.36361, 0.875807, 1.29992, 1.2328, 0.698011, 1.22819, 0.887718, 0.988032, 1.15579, 1.00936, 1.02318, 0.793948, 0.877037, 0.924322, 1.01749, 0.958849, 0.982798, 
