0
0
0.994523
-0.00243549
-0.996427
0.00507818
-0.90614
0.00607262
0.902336
-0.000727119
-0.810761
0.00123144
0.814696
-0.00323555
-0.716021
0.00578364
0.726699
-0.00588128
-0.63689
-0.00163367
0.637194
-0.0014467
-0.531947
0.00389153
0.542609
-0.00404527
-0.445829
0.00698524
0.450122
-0.00436287
-0.361271
0.00609615
0.35889
-0.00065703
-0.267956
0.00210986
0.267043
-0.00214676
-0.178784
0.00709108
0.172472
-0.00211067
-0.090395
0.00141998
0.0854408
0.00248297
0.00384485
0.000938052
-0.00258432
-0.00656126
