Total Initial Robots: 10
Formation Type: 1
Insertion Auction


[DATA]
0, 0, 
1, 0, 
2, 0, 0, 
3, 0, 0, 
4, 0, 0, 
5, 0, 0, 0, 
6, 0, 0, 0, 
7, 0, 0, 0, 
8, 0, 0, 0.00156035, 
9, 0, 0, 0.00483337, 
10, 0, 0, 0.00979483, 
11, 0, 0, 0.0160166, 
12, 0, 0, 0.0230569, 
13, 0, 0, 0.0306147, 
14, 0, 0, 0.0385074, 
15, 0, 0, 0.0466282, 
16, 0, 0, 0.054908, 
17, 0, 0, 0.0633033, 
18, 0, 0, 0.0717849, 
19, 0, 0, 0.0803325, 
20, 0, 0, 0.0889317, 
21, 0, 0, 0.0975719, 
22, 0, 0, 0.106245, 
23, 0, 0, 0.114945, 
24, 0, 0, 0.123667, 
25, 0, 0, 0.132406, 
26, 0, 0, 0.141161, 
27, 0, 0, 0.149927, 
28, 0, 0, 0.158704, 
29, 0, 0, 0.167488, 
30, 0, 0, 0.176278, 
31, 0, 0, 0.185073, 
32, 0, 0, 0.19387, 0, 
33, 0, 0, 0.202669, 0, 
34, 0, 0, 0.211467, 0, 
35, 0, 0, 0.220263, 0, 
36, 0, 0, 0.229056, 0.00205982, 
37, 0, 0, 0.237841, 0.00507393, 
38, 0, 0, 0.246619, 0.00880477, 
39, 0, 0, 0.255383, 0.013063, 
40, 0, 0, 0.264132, 0.0177157, 
41, 0, 0, 0.272858, 0.0226713, 
42, 0, 0, 0.281554, 0.0278657, 
43, 0, 0, 0.290207, 0.0332531, 
44, 0, 0, 0.298797, 0.0388001, 
45, 0, 0, 0.307291, 0.0444813, 
46, 0, 0, 0.315628, 0.0502774, 
47, 0, 0, 0.323674, 0.0561731, 
48, 0, 0, 0.331103, 0.0621566, 
49, 0, 0, 0.337007, 0.068218, 0, 
50, 0, 0, 0.337007, 0.0743495, 0, 
51, 0, 0, 0.337007, 0.0805445, 0, 
52, 0, 0, 0.337007, 0.0867976, 0, 
53, 0, 0, 0.337007, 0.0931042, 0.00166467, 
54, 0, 0, 0.337007, 0.0994605, 0.00496536, 
55, 0, 0, 0.337007, 0.105863, 0.00970286, 
56, 0, 0, 0.337007, 0.112309, 0.0154691, 
57, 0, 0, 0.337007, 0.118797, 0.021931, 
58, 0, 0, 0.337007, 0.125323, 0.0288681, 
59, 0, 0, 0.337007, 0.131887, 0.0361406, 
60, 0, 0, 0.337007, 0.138487, 0.0436578, 
61, 0, 0, 0.337007, 0.145121, 0.0513596, 
62, 0, 0, 0.337007, 0.151789, 0.0592045, 
63, 0, 0, 0.337007, 0.158488, 0.0671632, 
64, 0, 0, 0.337007, 0.165219, 0.0752141, 
65, 0, 0, 0.337007, 0.17198, 0.0833411, 
66, 0, 0, 0.337007, 0.178771, 0.0915319, 
67, 0, 0, 0.337007, 0.18559, 0.099777, 
68, 0, 0, 0.337007, 0.192436, 0.108069, 
69, 0, 0, 0.337007, 0.199306, 0.116401, 
70, 0, 0, 0.337007, 0.206198, 0.124769, 
71, 0, 0, 0.337007, 0.213105, 0.133168, 
72, 0, 0, 0.337007, 0.220016, 0.141595, 
73, 0, 0, 0.337007, 0.226912, 0.150048, 
74, 0, 0, 0.337007, 0.233745, 0.158522, 
75, 0, 0, 0.337007, 0.240402, 0.167018, 
76, 0, 0, 0.337007, 0.246557, 0.175532, 
77, 0, 0, 0.337007, 0.251205, 0.184063, 0, 
78, 0, 0, 0.337007, 0.251205, 0.192609, 0, 
79, 0, 0, 0.337007, 0.251205, 0.20117, 0, 
80, 0, 0, 0.337007, 0.251205, 0.209744, 0, 
81, 0, 0, 0.337007, 0.251205, 0.21833, 0, 
82, 0, 0, 0.337007, 0.251205, 0.226927, 0, 
83, 0, 0, 0.337007, 0.251205, 0.235534, 0, 
84, 0, 0, 0.337007, 0.251205, 0.244151, 0, 
85, 0, 0, 0.337007, 0.251205, 0.252775, 0, 
86, 0, 0, 0.337007, 0.251205, 0.261407, 0, 
87, 0, 0, 0.337007, 0.251205, 0.270046, 0, 
88, 0, 0, 0.337007, 0.251205, 0.278689, 0, 
89, 0, 0, 0.337007, 0.251205, 0.287337, 0, 
90, 0, 0, 0.337007, 0.251205, 0.295988, 0, 
91, 0, 0, 0.337007, 0.251205, 0.30464, 0, 
92, 0, 0, 0.337007, 0.251205, 0.31329, 0, 
93, 0, 0, 0.337007, 0.251205, 0.321937, 0, 
94, 0, 0, 0.337007, 0.251205, 0.330575, 0, 
95, 0, 0, 0.337007, 0.251205, 0.339201, 0, 
96, 0, 0, 0.337007, 0.251205, 0.347804, 0, 
97, 0, 0, 0.337007, 0.251205, 0.356372, 0, 
98, 0, 0, 0.337007, 0.251205, 0.364883, 0, 
99, 0, 0, 0.337007, 0.251205, 0.373293, 0, 
100, 0, 0, 0.337007, 0.251205, 0.381513, 0, 
101, 0, 0, 0.337007, 0.251205, 0.389328, 0, 
102, 0, 0, 0.337007, 0.251205, 0.3961, 0, 
103, 0, 0, 0.337007, 0.251205, 0.3961, 0, 0, 
104, 0, 0, 0.337007, 0.251205, 0.3961, 0, 0, 
105, 0, 0, 0.337007, 0.251205, 0.3961, 0, 0, 
106, 0, 0, 0.337007, 0.251205, 0.3961, 0, 0, 
107, 0, 0, 0.337007, 0.251205, 0.3961, 0, 0.00179791, 
108, 0, 0, 0.337007, 0.251205, 0.3961, 0, 0.00523037, 
109, 0, 0, 0.337007, 0.251205, 0.3961, 0, 0.0100557, 
110, 0, 0, 0.337007, 0.251205, 0.3961, 0, 0.0158639, 
111, 0, 0, 0.337007, 0.251205, 0.3961, 0, 0.0223332, 
112, 0, 0, 0.337007, 0.251205, 0.3961, 0, 0.0292535, 
113, 0, 0, 0.337007, 0.251205, 0.3961, 0, 0.0364917, 
114, 0, 0, 0.337007, 0.251205, 0.3961, 0, 0.043962, 
115, 0, 0, 0.337007, 0.251205, 0.3961, 0, 0.0516073, 
116, 0, 0, 0.337007, 0.251205, 0.3961, 0, 0.059388, 
117, 0, 0, 0.337007, 0.251205, 0.3961, 0, 0.0672764, 
118, 0, 0, 0.337007, 0.251205, 0.3961, 0, 0.075252, 
119, 0, 0, 0.337007, 0.251205, 0.3961, 0, 0.0832995, 
120, 0, 0, 0.337007, 0.251205, 0.3961, 0, 0.0914071, 
121, 0, 0, 0.337007, 0.251205, 0.3961, 0, 0.0995657, 0, 
122, 0, 0, 0.337007, 0.251205, 0.3961, 0, 0.107768, 0.041618, 
123, 0, 0, 0.337007, 0.251205, 0.3961, 0, 0.116009, 0.041618, 
124, 0, 0, 0.337007, 0.251205, 0.3961, 0, 0.124283, 0.0447343, 
125, 0, 0, 0.337007, 0.251205, 0.3961, 0, 0.132586, 0.0497821, 
126, 0, 0, 0.337007, 0.251205, 0.3961, 0, 0.140915, 0.0548255, 
127, 0, 0, 0.337007, 0.251205, 0.3961, 0, 0.149268, 0.0596291, 
128, 0, 0, 0.337007, 0.251205, 0.3961, 0, 0.157642, 0.0642005, 
129, 0, 0, 0.337007, 0.251205, 0.3961, 0, 0.166035, 0.0685757, 
130, 0, 0, 0.337007, 0.251205, 0.3961, 0, 0.174446, 0.0727879, 
131, 0, 0, 0.337007, 0.251205, 0.3961, 0, 0.182872, 0.0768638, 
132, 0, 0, 0.337007, 0.251205, 0.3961, 0, 0.191313, 0.0808244, 
133, 0, 0, 0.337007, 0.251205, 0.3961, 0, 0.199768, 0.0846864, 
134, 0, 0, 0.337007, 0.251205, 0.3961, 0, 0.208235, 0.0884629, 
135, 0, 0, 0.337007, 0.251205, 0.3961, 0, 0.216714, 0.0921647, 
136, 0, 0, 0.337007, 0.251205, 0.3961, 0, 0.225204, 0.0958004, 
137, 0, 0, 0.337007, 0.251205, 0.3961, 0, 0.233703, 0.0993772, 
138, 0, 0, 0.337007, 0.251205, 0.3961, 0, 0.242213, 0.102901, 
139, 0, 0, 0.337007, 0.251205, 0.3961, 0, 0.250731, 0.106377, 
140, 0, 0, 0.337007, 0.251205, 0.3961, 0, 0.259258, 0.10981, 
141, 0, 0, 0.337007, 0.251205, 0.3961, 0, 0.267793, 0.113203, 
142, 0, 0, 0.337007, 0.251205, 0.3961, 0, 0.276336, 0.116559, 
143, 0, 0, 0.337007, 0.251205, 0.3961, 0, 0.284885, 0.119881, 
144, 0, 0, 0.337007, 0.251205, 0.3961, 0, 0.293442, 0.123173, 
145, 0, 0, 0.337007, 0.251205, 0.3961, 0, 0.302005, 0.126435, 
146, 0, 0, 0.337007, 0.251205, 0.3961, 0, 0.310575, 0.129669, 
147, 0, 0, 0.337007, 0.251205, 0.3961, 0, 0.31915, 0.132879, 
148, 0, 0, 0.337007, 0.251205, 0.3961, 0, 0.327731, 0.136064, 
149, 0, 0, 0.337007, 0.251205, 0.3961, 0, 0.336318, 0.139227, 
150, 0, 0, 0.337007, 0.251205, 0.3961, 0, 0.34491, 0.142368, 
151, 0, 0, 0.337007, 0.251205, 0.3961, 0, 0.353507, 0.145489, 
152, 0, 0, 0.337007, 0.251205, 0.3961, 0, 0.362108, 0.148591, 
153, 0, 0, 0.337007, 0.251205, 0.3961, 0, 0.370715, 0.151674, 
154, 0, 0, 0.337007, 0.251205, 0.3961, 0, 0.379326, 0.15474, 
155, 0, 0, 0.337007, 0.251205, 0.3961, 0, 0.387942, 0.15779, 
156, 0, 0, 0.337007, 0.251205, 0.3961, 0, 0.396562, 0.160823, 
157, 0, 0, 0.337007, 0.251205, 0.3961, 0, 0.405186, 0.163841, 
158, 0, 0, 0.337007, 0.251205, 0.3961, 0, 0.413814, 0.166844, 
159, 0, 0, 0.337007, 0.251205, 0.3961, 0, 0.422446, 0.169833, 
160, 0, 0, 0.337007, 0.251205, 0.3961, 0, 0.431082, 0.172808, 
161, 0, 0, 0.337007, 0.251205, 0.3961, 0, 0.439721, 0.17577, 
162, 0, 0, 0.337007, 0.251205, 0.3961, 0, 0.448364, 0.178719, 
163, 0, 0, 0.337007, 0.251205, 0.3961, 0, 0.457011, 0.181656, 
164, 0, 0, 0.337007, 0.251205, 0.3961, 0, 0.46566, 0.184581, 
165, 0, 0, 0.337007, 0.251205, 0.3961, 0, 0.474313, 0.187494, 
166, 0, 0, 0.337007, 0.251205, 0.3961, 0, 0.482969, 0.190396, 
167, 0, 0, 0.337007, 0.251205, 0.3961, 0, 0.491628, 0.193287, 
168, 0, 0, 0.337007, 0.251205, 0.3961, 0, 0.50029, 0.196166, 
169, 0, 0, 0.337007, 0.251205, 0.3961, 0, 0.508954, 0.199036, 
170, 0, 0, 0.337007, 0.251205, 0.3961, 0, 0.517621, 0.201895, 
171, 0, 0, 0.337007, 0.251205, 0.3961, 0, 0.52629, 0.204744, 
172, 0, 0, 0.337007, 0.251205, 0.3961, 0, 0.534961, 0.207583, 
173, 0, 0, 0.337007, 0.251205, 0.3961, 0, 0.543634, 0.210413, 
174, 0, 0, 0.337007, 0.251205, 0.3961, 0, 0.552308, 0.213233, 
175, 0, 0, 0.337007, 0.251205, 0.3961, 0, 0.560983, 0.216044, 
176, 0, 0, 0.337007, 0.251205, 0.3961, 0, 0.569658, 0.218846, 
177, 0, 0, 0.337007, 0.251205, 0.3961, 0, 0.578333, 0.221639, 
