Total Initial Robots: 10
Formation Type: 1
Insertion Auction


[DATA]
0, 11
0, 11
0, 11
0, 11
0, 11
0, 11
0, 11
0, 11
0, 11
0, 11
0, 11
1, 0
2, 1
3, 11
3, 11
3, 11
3, 11
3, 11
3, 11
3, 11
3, 11
3, 11
3, 11
3, 11
4, 2
4, 2
5, 3
5, 3
5, 3
6, 4
6, 4
6, 4
6, 4
7, 4
7, 4
7, 4
7, 4
8, 4
8, 4
8, 4
8, 4
9, 4
9, 4
9, 4
9, 4
10, 4
10, 4
10, 4
10, 4
11, 4
11, 4
11, 4
11, 4
12, 4
12, 4
12, 4
12, 4
13, 4
13, 4
13, 4
13, 4
14, 4
14, 4
14, 4
14, 4
15, 4
15, 4
15, 4
15, 4
16, 4
16, 4
16, 4
16, 4
17, 4
17, 4
17, 4
17, 4
18, 4
18, 4
18, 4
18, 4
19, 4
19, 4
19, 4
19, 4
20, 4
20, 4
20, 4
20, 4
21, 4
21, 4
21, 4
21, 4
22, 4
22, 4
22, 4
22, 4
23, 4
23, 4
23, 4
23, 4
24, 4
24, 4
24, 4
24, 4
25, 4
25, 4
25, 4
25, 4
26, 4
26, 4
26, 4
26, 4
27, 4
27, 4
27, 4
27, 4
28, 4
28, 4
28, 4
28, 4
29, 4
29, 4
29, 4
29, 4
30, 12
30, 12
30, 12
30, 12
30, 12
30, 12
30, 12
30, 12
30, 12
30, 12
30, 12
30, 12
31, 4
31, 4
31, 4
31, 4
32, 5
32, 5
32, 5
32, 5
32, 5
33, 6
33, 6
33, 6
33, 6
33, 6
33, 6
34, 6
34, 6
34, 6
34, 6
34, 6
34, 6
35, 6
35, 6
35, 6
35, 6
35, 6
35, 6
36, 6
36, 6
36, 6
36, 6
36, 6
36, 6
37, 6
37, 6
37, 6
37, 6
37, 6
37, 6
38, 6
38, 6
38, 6
38, 6
38, 6
38, 6
39, 6
39, 6
39, 6
39, 6
39, 6
39, 6
40, 6
40, 6
40, 6
40, 6
40, 6
40, 6
41, 6
41, 6
41, 6
41, 6
41, 6
41, 6
42, 6
42, 6
42, 6
42, 6
42, 6
42, 6
43, 6
43, 6
43, 6
43, 6
43, 6
43, 6
44, 6
44, 6
44, 6
44, 6
44, 6
44, 6
45, 6
45, 6
45, 6
45, 6
45, 6
45, 6
46, 6
46, 6
46, 6
46, 6
46, 6
46, 6
47, 13
47, 13
47, 13
47, 13
47, 13
47, 13
47, 13
47, 13
47, 13
47, 13
47, 13
47, 13
47, 13
48, 6
48, 6
48, 6
48, 6
48, 6
48, 6
49, 7
49, 7
49, 7
49, 7
49, 7
49, 7
49, 7
50, 8
50, 8
50, 8
50, 8
50, 8
50, 8
50, 8
50, 8
51, 8
51, 8
51, 8
51, 8
51, 8
51, 8
51, 8
51, 8
52, 8
52, 8
52, 8
52, 8
52, 8
52, 8
52, 8
52, 8
53, 8
53, 8
53, 8
53, 8
53, 8
53, 8
53, 8
53, 8
54, 8
54, 8
54, 8
54, 8
54, 8
54, 8
54, 8
54, 8
55, 8
55, 8
55, 8
55, 8
55, 8
55, 8
55, 8
55, 8
56, 8
56, 8
56, 8
56, 8
56, 8
56, 8
56, 8
56, 8
57, 8
57, 8
57, 8
57, 8
57, 8
57, 8
57, 8
57, 8
58, 8
58, 8
58, 8
58, 8
58, 8
58, 8
58, 8
58, 8
59, 8
59, 8
59, 8
59, 8
59, 8
59, 8
59, 8
59, 8
60, 8
60, 8
60, 8
60, 8
60, 8
60, 8
60, 8
60, 8
61, 8
61, 8
61, 8
61, 8
61, 8
61, 8
61, 8
61, 8
62, 8
62, 8
62, 8
62, 8
62, 8
62, 8
62, 8
62, 8
63, 8
63, 8
63, 8
63, 8
63, 8
63, 8
63, 8
63, 8
64, 8
64, 8
64, 8
64, 8
64, 8
64, 8
64, 8
64, 8
65, 8
65, 8
65, 8
65, 8
65, 8
65, 8
65, 8
65, 8
66, 8
66, 8
66, 8
66, 8
66, 8
66, 8
66, 8
66, 8
67, 8
67, 8
67, 8
67, 8
67, 8
67, 8
67, 8
67, 8
68, 8
68, 8
68, 8
68, 8
68, 8
68, 8
68, 8
68, 8
69, 8
69, 8
69, 8
69, 8
69, 8
69, 8
69, 8
69, 8
70, 8
70, 8
70, 8
70, 8
70, 8
70, 8
70, 8
70, 8
71, 8
71, 8
71, 8
71, 8
71, 8
71, 8
71, 8
71, 8
72, 8
72, 8
72, 8
72, 8
72, 8
72, 8
72, 8
72, 8
73, 8
73, 8
73, 8
73, 8
73, 8
73, 8
73, 8
73, 8
74, 8
74, 8
74, 8
74, 8
74, 8
74, 8
74, 8
74, 8
75, 14
75, 14
75, 14
75, 14
75, 14
75, 14
75, 14
75, 14
75, 14
75, 14
75, 14
75, 14
75, 14
75, 14
76, 8
76, 8
76, 8
76, 8
76, 8
76, 8
76, 8
76, 8
77, 9
77, 9
77, 9
77, 9
77, 9
77, 9
77, 9
77, 9
77, 9
78, 10
78, 10
78, 10
78, 10
78, 10
78, 10
78, 10
78, 10
78, 10
78, 10
79, 10
79, 10
79, 10
79, 10
79, 10
79, 10
79, 10
79, 10
79, 10
79, 10
80, 10
80, 10
80, 10
80, 10
80, 10
80, 10
80, 10
80, 10
80, 10
80, 10
81, 10
81, 10
81, 10
81, 10
81, 10
81, 10
81, 10
81, 10
81, 10
81, 10
82, 10
82, 10
82, 10
82, 10
82, 10
82, 10
82, 10
82, 10
82, 10
82, 10
83, 10
83, 10
83, 10
83, 10
83, 10
83, 10
83, 10
83, 10
83, 10
83, 10
84, 10
84, 10
84, 10
84, 10
84, 10
84, 10
84, 10
84, 10
84, 10
84, 10
85, 10
85, 10
85, 10
85, 10
85, 10
85, 10
85, 10
85, 10
85, 10
85, 10
86, 10
86, 10
86, 10
86, 10
86, 10
86, 10
86, 10
86, 10
86, 10
86, 10
87, 10
87, 10
87, 10
87, 10
87, 10
87, 10
87, 10
87, 10
87, 10
87, 10
88, 10
88, 10
88, 10
88, 10
88, 10
88, 10
88, 10
88, 10
88, 10
88, 10
89, 10
89, 10
89, 10
89, 10
89, 10
89, 10
89, 10
89, 10
89, 10
89, 10
90, 10
90, 10
90, 10
90, 10
90, 10
90, 10
90, 10
90, 10
90, 10
90, 10
91, 10
91, 10
91, 10
91, 10
91, 10
91, 10
91, 10
91, 10
91, 10
91, 10
92, 10
92, 10
92, 10
92, 10
92, 10
92, 10
92, 10
92, 10
92, 10
92, 10
93, 10
93, 10
93, 10
93, 10
93, 10
93, 10
93, 10
93, 10
93, 10
93, 10
94, 10
94, 10
94, 10
94, 10
94, 10
94, 10
94, 10
94, 10
94, 10
94, 10
95, 10
95, 10
95, 10
95, 10
95, 10
95, 10
95, 10
95, 10
95, 10
95, 10
96, 10
96, 10
96, 10
96, 10
96, 10
96, 10
96, 10
96, 10
96, 10
96, 10
97, 10
97, 10
97, 10
97, 10
97, 10
97, 10
97, 10
97, 10
97, 10
97, 10
98, 10
98, 10
98, 10
98, 10
98, 10
98, 10
98, 10
98, 10
98, 10
98, 10
99, 10
99, 10
99, 10
99, 10
99, 10
99, 10
99, 10
99, 10
99, 10
99, 10
100, 10
100, 10
100, 10
100, 10
100, 10
100, 10
100, 10
100, 10
100, 10
100, 10
101, 15
101, 15
101, 15
101, 15
101, 15
101, 15
101, 15
101, 15
101, 15
101, 15
101, 15
101, 15
101, 15
101, 15
101, 15
102, 10
102, 10
102, 10
102, 10
102, 10
102, 10
102, 10
102, 10
102, 10
102, 10
103, 11
103, 11
103, 11
103, 11
103, 11
103, 11
103, 11
103, 11
103, 11
103, 11
103, 11
104, 12
104, 12
104, 12
104, 12
104, 12
104, 12
104, 12
104, 12
104, 12
104, 12
104, 12
104, 12
105, 12
105, 12
105, 12
105, 12
105, 12
105, 12
105, 12
105, 12
105, 12
105, 12
105, 12
105, 12
106, 12
106, 12
106, 12
106, 12
106, 12
106, 12
106, 12
106, 12
106, 12
106, 12
106, 12
106, 12
107, 12
107, 12
107, 12
107, 12
107, 12
107, 12
107, 12
107, 12
107, 12
107, 12
107, 12
107, 12
108, 12
108, 12
108, 12
108, 12
108, 12
108, 12
108, 12
108, 12
108, 12
108, 12
108, 12
108, 12
109, 12
109, 12
109, 12
109, 12
109, 12
109, 12
109, 12
109, 12
109, 12
109, 12
109, 12
109, 12
110, 12
110, 12
110, 12
110, 12
110, 12
110, 12
110, 12
110, 12
110, 12
110, 12
110, 12
110, 12
111, 12
111, 12
111, 12
111, 12
111, 12
111, 12
111, 12
111, 12
111, 12
111, 12
111, 12
111, 12
112, 12
112, 12
112, 12
112, 12
112, 12
112, 12
112, 12
112, 12
112, 12
112, 12
112, 12
112, 12
113, 12
113, 12
113, 12
113, 12
113, 12
113, 12
113, 12
113, 12
113, 12
113, 12
113, 12
113, 12
114, 12
114, 12
114, 12
114, 12
114, 12
114, 12
114, 12
114, 12
114, 12
114, 12
114, 12
114, 12
115, 12
115, 12
115, 12
115, 12
115, 12
115, 12
115, 12
115, 12
115, 12
115, 12
115, 12
115, 12
116, 12
116, 12
116, 12
116, 12
116, 12
116, 12
116, 12
116, 12
116, 12
116, 12
116, 12
116, 12
117, 12
117, 12
117, 12
117, 12
117, 12
117, 12
117, 12
117, 12
117, 12
117, 12
117, 12
117, 12
118, 12
118, 12
118, 12
118, 12
118, 12
118, 12
118, 12
118, 12
118, 12
118, 12
118, 12
118, 12
119, 16
119, 16
119, 16
119, 16
119, 16
119, 16
119, 16
119, 16
119, 16
119, 16
119, 16
119, 16
119, 16
119, 16
119, 16
119, 16
120, 12
120, 12
120, 12
120, 12
120, 12
120, 12
120, 12
120, 12
120, 12
120, 12
120, 12
120, 12
121, 13
121, 13
121, 13
121, 13
121, 13
121, 13
121, 13
121, 13
121, 13
121, 13
121, 13
121, 13
121, 13
122, 14
122, 14
122, 14
122, 14
122, 14
122, 14
122, 14
122, 14
122, 14
122, 14
122, 14
122, 14
122, 14
122, 14
123, 14
123, 14
123, 14
123, 14
123, 14
123, 14
123, 14
123, 14
123, 14
123, 14
123, 14
123, 14
123, 14
123, 14
124, 14
124, 14
124, 14
124, 14
124, 14
124, 14
124, 14
124, 14
124, 14
124, 14
124, 14
124, 14
124, 14
124, 14
125, 14
125, 14
125, 14
125, 14
125, 14
125, 14
125, 14
125, 14
125, 14
125, 14
125, 14
125, 14
125, 14
125, 14
126, 14
126, 14
126, 14
126, 14
126, 14
126, 14
126, 14
126, 14
126, 14
126, 14
126, 14
126, 14
126, 14
126, 14
127, 14
127, 14
127, 14
127, 14
127, 14
127, 14
127, 14
127, 14
127, 14
127, 14
127, 14
127, 14
127, 14
127, 14
128, 14
128, 14
128, 14
128, 14
128, 14
128, 14
128, 14
128, 14
128, 14
128, 14
128, 14
128, 14
128, 14
128, 14
129, 14
129, 14
129, 14
129, 14
129, 14
129, 14
129, 14
129, 14
129, 14
129, 14
129, 14
129, 14
129, 14
129, 14
130, 14
130, 14
130, 14
130, 14
130, 14
130, 14
130, 14
130, 14
130, 14
130, 14
130, 14
130, 14
130, 14
130, 14
131, 14
131, 14
131, 14
131, 14
131, 14
131, 14
131, 14
131, 14
131, 14
131, 14
131, 14
131, 14
131, 14
131, 14
132, 14
132, 14
132, 14
132, 14
132, 14
132, 14
132, 14
132, 14
132, 14
132, 14
132, 14
132, 14
132, 14
132, 14
133, 14
133, 14
133, 14
133, 14
133, 14
133, 14
133, 14
133, 14
133, 14
133, 14
133, 14
133, 14
133, 14
133, 14
134, 14
134, 14
134, 14
134, 14
134, 14
134, 14
134, 14
134, 14
134, 14
134, 14
134, 14
134, 14
134, 14
134, 14
135, 14
135, 14
135, 14
135, 14
135, 14
135, 14
135, 14
135, 14
135, 14
135, 14
135, 14
135, 14
135, 14
135, 14
136, 14
136, 14
136, 14
136, 14
136, 14
136, 14
136, 14
136, 14
136, 14
136, 14
136, 14
136, 14
136, 14
136, 14
137, 14
137, 14
137, 14
137, 14
137, 14
137, 14
137, 14
137, 14
137, 14
137, 14
137, 14
137, 14
137, 14
137, 14
138, 14
138, 14
138, 14
138, 14
138, 14
138, 14
138, 14
138, 14
138, 14
138, 14
138, 14
138, 14
138, 14
138, 14
139, 14
139, 14
139, 14
139, 14
139, 14
139, 14
139, 14
139, 14
139, 14
139, 14
139, 14
139, 14
139, 14
139, 14
140, 14
140, 14
140, 14
140, 14
140, 14
140, 14
140, 14
140, 14
140, 14
140, 14
140, 14
140, 14
140, 14
140, 14
141, 14
141, 14
141, 14
141, 14
141, 14
141, 14
141, 14
141, 14
141, 14
141, 14
141, 14
141, 14
141, 14
141, 14
142, 14
142, 14
142, 14
142, 14
142, 14
142, 14
142, 14
142, 14
142, 14
142, 14
142, 14
142, 14
142, 14
142, 14
143, 14
143, 14
143, 14
143, 14
143, 14
143, 14
143, 14
143, 14
143, 14
143, 14
143, 14
143, 14
143, 14
143, 14
144, 14
144, 14
144, 14
144, 14
144, 14
144, 14
144, 14
144, 14
144, 14
144, 14
144, 14
144, 14
144, 14
144, 14
145, 14
145, 14
145, 14
145, 14
145, 14
145, 14
145, 14
145, 14
145, 14
145, 14
145, 14
145, 14
145, 14
145, 14
146, 14
146, 14
146, 14
146, 14
146, 14
146, 14
146, 14
146, 14
146, 14
146, 14
146, 14
146, 14
146, 14
146, 14
147, 14
147, 14
147, 14
147, 14
147, 14
147, 14
147, 14
147, 14
147, 14
147, 14
147, 14
147, 14
147, 14
147, 14
148, 14
148, 14
148, 14
148, 14
148, 14
148, 14
148, 14
148, 14
148, 14
148, 14
148, 14
148, 14
148, 14
148, 14
149, 14
149, 14
149, 14
149, 14
149, 14
149, 14
149, 14
149, 14
149, 14
149, 14
149, 14
149, 14
149, 14
149, 14
150, 14
150, 14
150, 14
150, 14
150, 14
150, 14
150, 14
150, 14
150, 14
150, 14
150, 14
150, 14
150, 14
150, 14
151, 14
151, 14
151, 14
151, 14
151, 14
151, 14
151, 14
151, 14
151, 14
151, 14
151, 14
151, 14
151, 14
151, 14
152, 14
152, 14
152, 14
152, 14
152, 14
152, 14
152, 14
152, 14
152, 14
152, 14
152, 14
152, 14
152, 14
152, 14
153, 14
153, 14
153, 14
153, 14
153, 14
153, 14
153, 14
153, 14
153, 14
153, 14
153, 14
153, 14
153, 14
153, 14
154, 14
154, 14
154, 14
154, 14
154, 14
154, 14
154, 14
154, 14
154, 14
154, 14
154, 14
154, 14
154, 14
154, 14
155, 14
155, 14
155, 14
155, 14
155, 14
155, 14
155, 14
155, 14
155, 14
155, 14
155, 14
155, 14
155, 14
155, 14
156, 14
156, 14
156, 14
156, 14
156, 14
156, 14
156, 14
156, 14
156, 14
156, 14
156, 14
156, 14
156, 14
156, 14
157, 14
157, 14
157, 14
157, 14
157, 14
157, 14
157, 14
157, 14
157, 14
157, 14
157, 14
157, 14
157, 14
157, 14
158, 14
158, 14
158, 14
158, 14
158, 14
158, 14
158, 14
158, 14
158, 14
158, 14
158, 14
158, 14
158, 14
158, 14
159, 14
159, 14
159, 14
159, 14
159, 14
159, 14
159, 14
159, 14
159, 14
159, 14
159, 14
159, 14
159, 14
159, 14
160, 14
160, 14
160, 14
160, 14
160, 14
160, 14
160, 14
160, 14
160, 14
160, 14
160, 14
160, 14
160, 14
160, 14
161, 14
161, 14
161, 14
161, 14
161, 14
161, 14
161, 14
161, 14
161, 14
161, 14
161, 14
161, 14
161, 14
161, 14
162, 14
162, 14
162, 14
162, 14
162, 14
162, 14
162, 14
162, 14
162, 14
162, 14
162, 14
162, 14
162, 14
162, 14
163, 14
163, 14
163, 14
163, 14
163, 14
163, 14
163, 14
163, 14
163, 14
163, 14
163, 14
163, 14
163, 14
163, 14
164, 14
164, 14
164, 14
164, 14
164, 14
164, 14
164, 14
164, 14
164, 14
164, 14
164, 14
164, 14
164, 14
164, 14
165, 14
165, 14
165, 14
165, 14
165, 14
165, 14
165, 14
165, 14
165, 14
165, 14
165, 14
165, 14
165, 14
165, 14
166, 14
166, 14
166, 14
166, 14
166, 14
166, 14
166, 14
166, 14
166, 14
166, 14
166, 14
166, 14
166, 14
166, 14
167, 14
167, 14
167, 14
167, 14
167, 14
167, 14
167, 14
167, 14
167, 14
167, 14
167, 14
167, 14
167, 14
167, 14
168, 14
168, 14
168, 14
168, 14
168, 14
168, 14
168, 14
168, 14
168, 14
168, 14
168, 14
168, 14
168, 14
168, 14
169, 14
169, 14
169, 14
169, 14
169, 14
169, 14
169, 14
169, 14
169, 14
169, 14
169, 14
169, 14
169, 14
169, 14
170, 14
170, 14
170, 14
170, 14
170, 14
170, 14
170, 14
170, 14
170, 14
170, 14
170, 14
170, 14
170, 14
170, 14
171, 14
171, 14
171, 14
171, 14
171, 14
171, 14
171, 14
171, 14
171, 14
171, 14
171, 14
171, 14
171, 14
171, 14
172, 14
172, 14
172, 14
172, 14
172, 14
172, 14
172, 14
172, 14
172, 14
172, 14
172, 14
172, 14
172, 14
172, 14
173, 14
173, 14
173, 14
173, 14
173, 14
173, 14
173, 14
173, 14
173, 14
173, 14
173, 14
173, 14
173, 14
173, 14
174, 14
174, 14
174, 14
174, 14
174, 14
174, 14
174, 14
174, 14
174, 14
174, 14
174, 14
174, 14
174, 14
174, 14
175, 14
175, 14
175, 14
175, 14
175, 14
175, 14
175, 14
175, 14
175, 14
175, 14
175, 14
175, 14
175, 14
175, 14
176, 14
176, 14
176, 14
176, 14
176, 14
176, 14
176, 14
176, 14
176, 14
176, 14
176, 14
176, 14
176, 14
176, 14
177, 14
177, 14
177, 14
177, 14
177, 14
177, 14
177, 14
177, 14
177, 14
177, 14
177, 14
177, 14
177, 14
177, 14
