0
0
0.0487591
-0.75155
1.02452
-0.967623
-0.22068
-0.770708
1.45666
-0.667378
1.51793
-0.677506
0.222802
-0.962282
14.7657
0.00114436
5.31844
-0.00190793
0.705055
-0.920396
1.5113
-0.482139
-0.224367
-0.692045
12.4226
-0.00412258
-0.172709
-0.596585
1.15541
-1.00996
0.622039
-0.83323
0.236276
-0.858048
12.0672
-0.0025247
1.32665
-0.999366
-0.122172
-0.594564
1.57399
-0.881352
-0.0241133
-1.23756
1.27045
-0.966008
0.190887
-1.20629
9.00322
0.0016987
0.832339
-0.82941
3.78521
-0.000176787
12.607
-0.0029115
0.743574
-0.775257
4.76904
0.00020784
5.04049
-0.00389668
0.591063
-0.943885
0.369738
-1.14536
1.72528
-0.228249
1.36555
-0.668707
1.95016
-0.349163
0.990091
-0.602594
1.88356
-0.273907
1.69882
-0.337161
0.362518
-0.240248
2.24968
0.0928411
3.42406
-0.00271668
13.868
0.00194784
2.97662
-0.00504917
0.0392646
-0.337347
0.528257
-0.267101
5.48781
-0.0039357
2.27056
0.289422
1.866
-0.724753
5.39856
-0.00311577
2.25769
0.1943
1.73342
-0.184797
0.178882
-0.00759054
1.43193
-0.584506
0.818632
-0.489788
1.73382
-0.815086
13.3215
-0.00467027
0.299725
-1.39162
13.2329
-0.00385479
1.44627
-0.734413
1.95256
-0.717136
1.67464
-0.688194
0.926945
-0.67495
0.32504
-1.69673
4.22488
0.00070439
0.780232
-0.646502
7.20422
0.00373001
4.14796
-8.72649e-07
0.0148133
-0.663396
6.29829
0.000291649
1.5756
-1.05792
1.1776
-0.642247
11.9708
-0.000351803
1.01452
0.636748
5.58716
-0.00525678
0.457266
-0.202337
-0.133029
-1.09514
1.10457
-0.682426
6.92542
0.00188282
1.62973
-0.865682
0.395605
-1.6197
10.5359
-0.0048684
3.33528
-0.00313413
0.525095
-0.219367
-0.0879954
-0.907729
3.96753
-0.00127298
-0.52159
-0.583167
1.16535
0.728979
1.63279
0.0631013
2.33786
-0.00114051
1.46123
-1.32184
-0.556555
-0.44031
-0.56213
-0.363199
6.56633
0.000976352
-0.584922
-0.504891
12.3293
-0.00612824
0.427045
-1.55472
9.45821
0.00212965
-0.216714
-0.753423
0.939758
-0.630787
9.18653
0.00512891
3.15465
-0.00289161
0.522708
-1.23193
0.47151
-1.65308
4.68474
-0.000543508
13.4082
-0.00123134
-0.123723
-1.35828
0.0364518
-0.945119
1.06018
-0.664583
3.05935
2.73958e-05
7.11639
0.00345798
8.91725
0.00416294
3.51583
0.00169515
0.269329
-1.67246
1.43295
-0.403559
13.6867
-0.00172814
0.0554705
-0.232959
1.64007
-0.961031
2.61293
-0.00722556
4.59328
0.00242226
1.03489
0.656596
0.957461
0.918279
-0.113483
-1.02361
0.381695
-1.53471
-0.300027
-1.29014
13.9528
-0.00100721
-0.313298
-1.28491
9.09749
0.00326244
0.989508
0.784966
-0.660993
-0.655448
1.05244
0.488721
1.44165
0.786133
0.83675
0.0156337
4.94607
-0.00129338
6.12746
0.00153361
-0.300547
-0.77626
6.65916
0.00483441
0.6542
-0.957631
-0.57207
-0.199304
13.5943
-0.00745555
15.3868
-0.00832248
0.454419
-1.38236
0.38068
-1.26128
-0.398748
-1.29885
2.07792
-0.00193202
10.6225
-0.00850517
-0.467886
-0.430805
1.01914
0.729046
0.251148
-0.0376402
8.81556
0.00336222
-0.00873972
-0.604934
8.19728
0.00392724
1.62594
-0.00581542
15.6587
-0.00584805
8.45701
0.0073367
0.808793
-0.853158
1.58688
0.695305
2.42568
-0.00396398
15.4832
-0.00603681
-0.289143
-1.28125
14.9449
-0.00375345
3.69727
-0.00149315
-0.213708
-1.30777
13.507
-0.0031332
1.58225
0.153256
0.957755
-0.903325
-0.0957813
-0.419298
-0.263085
-0.817316
1.20199
-0.0204682
8.72934
0.00577206
12.2356
-0.00271263
0.222648
-0.8298
10.8047
-0.00610255
0.428062
-1.03125
4.32295
0.000859354
13.7696
-0.00434868
0.225756
-0.425815
2.70751
-0.00424833
-0.504962
0.307477
10.8981
-0.00142401
0.39483
-0.842213
-0.474947
0.306567
0.280714
-0.888416
0.802951
0.132307
7.29772
0.00320441
0.0182968
-1.23242
0.804679
-0.00255376
9.26693
0.00813599
0.615619
-0.00138531
7.01574
0.00543341
1.25408
-0.322342
-0.579572
-0.49974
0.299252
-1.06384
-0.801089
-0.197978
0.616232
0.0690761
-0.548477
-0.704978
0.0971968
-0.962132
0.726712
-0.349308
0.812592
-0.61205
0.952331
0.590835
0.657469
-0.0877079
11.7973
-0.00326708
-0.56507
0.302525
11.6145
-0.00687701
-0.418612
-0.270522
0.798368
-0.451208
6.02955
-0.0035957
-0.0803742
-0.8026
9.54117
0.00767481
0.887895
-0.801216
-0.729528
0.0134054
-7.20519
-0.000846321
1.61655
-0.085388
6.21658
5.85236e-05
8.0094
0.00651845
-0.352192
-0.711323
-4.40507
-0.00514538
7.47091
0.00163307
0.492624
-0.951952
0.085885
-0.356542
-0.320572
-1.01885
-4.67227
-0.00292176
1.16006
0.642547
0.0693631
-0.423142
0.0196577
-0.110331
1.35046
-0.176953
10.4478
-0.00155027
3.60575
-0.00435521
10.7178
-0.00405409
-4.23577
-0.00551915
1.98013
-0.00356724
0.896876
-0.00799072
13.1357
-0.0029068
0.174749
-0.92295
2.79601
-0.00582493
0.387111
-0.887824
1.28482
-0.00777179
-0.406753
0.395126
1.44096
-0.0075539
-0.0321476
-0.706478
0.125187
-1.01298
-4.13655
-0.00761389
2.5195
-0.000934131
8.55469
0.00758881
8.10019
-0.00283164
0.0194615
0.52811
1.02237
-0.890766
0.420261
-0.577105
0.324219
0.494472
7.65412
0.0046866
0.554807
0.128274
-0.468243
-0.447849
-1.62697
0.000626853
11.2561
-0.00248776
0.569485
-0.165926
1.07109
0.563299
0.977904
0.5632
-0.316327
-0.611057
8.28061
0.00863873
1.67925
0.244287
-0.14815
-0.779537
-2.07229
0.00819968
0.629509
-0.00507995
5.13019
0.00254904
0.481746
-0.589933
0.79967
-0.841916
0.197145
-0.545338
0.023018
-0.272483
11.8878
0.00146696
-0.710251
-0.201199
-3.42492
-0.00280396
-4.32436
-0.00527621
9.36364
0.00664522
-3.24445
-0.0012753
0.0377964
-0.9019
1.72672
0.376292
0.781892
-0.437931
15.0347
-0.00227865
11.3406
-0.00802889
2.25654
-0.00595579
7.74152
0.00413627
0.723277
-0.51405
-0.0672308
0.742338
-0.0292815
-0.240102
8.63893
0.00442127
7.83323
0.00463767
0.0923221
0.0033133
7.56341
0.00607934
12.1516
-0.00572013
-0.263615
-0.549556
0.286905
-0.996839
3.87705
-0.00255404
-0.413752
-0.917133
0.415985
0.616372
0.358933
0.0070925
13.0443
-0.0010038
0.972606
0.628057
-0.467179
0.339221
0.0743919
0.463806
1.34785
-0.00472163
-4.86699
-0.00432731
-1.53761
-0.00078633
1.25343
-0.00597984
-0.169113
0.373007
12.6864
-0.00769245
6.75006
0.00731523
12.8681
-0.00455251
-4.49758
-0.00426132
4.05714
-0.00182557
-0.595266
-0.431888
-0.578013
-0.393923
5.216
-0.000248733
-5.48794
-0.0010553
14.8538
0.00335382
-0.0472382
-0.494639
-1.70775
0.00520713
-6.93269
0.00156849
-3.33183
0.00126345
-0.0481899
-0.373166
0.367597
0.561424
0.581849
-0.405562
11.5284
-0.000685288
-0.824266
0.256015
4.49773
-0.00109119
1.23878
0.565872
5.9371
0.00631901
0.0538281
-0.905953
0.0868655
0.590959
0.265333
0.574525
-6.84489
0.00180872
0.620596
-0.476113
0.341935
0.570047
1.17019
0.705454
0.527762
0.772392
1.52792
-0.00442303
14.6671
-0.00800092
15.3016
-0.00761295
0.616333
-0.775234
12.9573
-0.00794918
-0.443108
0.872694
-2.25168
-0.00536106
-3.51721
-0.00330496
-4.94455
-0.00521848
5.76068
0.00667224
0.207408
0.735619
-0.200138
-0.67889
0.225098
0.616127
0.525241
-0.757177
0.174776
-0.133585
1.16344
-0.00128603
5.84544
0.0053158
-0.787008
-0.273825
11.7072
-0.00224456
-0.627485
0.00804583
-7.11093
-0.00444342
-5.58759
-0.00228394
6.39232
0.00640357
0.140737
-0.547074
0.96387
0.498071
0.443604
-0.638755
0.73389
0.820147
-5.39478
-0.00380941
-0.444044
0.00528648
-3.60757
-0.00403482
0.768638
0.740764
0.393449
-0.652783
0.678879
0.900766
-2.34729
-0.00133901
-3.96163
-0.00773515
6.48702
0.00319234
0.0166309
0.465813
14.5856
-0.00455315
0.0613106
-0.930648
0.720672
0.982429
0.145801
-0.500466
-5.30612
-0.00186332
-3.69704
-0.00400054
15.7474
-0.00531453
-0.901306
-0.00214656
-0.71924
-0.00795246
0.674606
0.158417
-2.5125
-0.00342643
-7.01595
-0.00306341
7.91437
0.00543404
10.9883
-0.00125242
14.0328
0.00284369
0.50589
-0.558775
1.057
-0.0267747
-1.44715
-0.00276302
-5.66819
-0.0054254
0.0619494
0.307907
-6.02383
-0.000915804
15.1272
-0.00448887
-1.79373
0.00474424
0.715015
-0.00285667
1.07323
0.00363051
0.406859
-0.441686
0.0622517
0.495055
-3.86377
-0.00471403
14.4025
-0.00854159
-3.78068
-0.00263911
5.66439
-0.00270089
0.69611
0.0398032
0.537296
0.00688099
0.546873
-0.254767
0.711355
0.778518
-1.26693
0.00103681
11.1675
-0.00471993
0.674016
0.682086
15.8347
-0.00523826
-5.84892
-0.0056194
0.402005
0.0571836
0.850609
0.792155
15.2055
-0.00434064
-4.7683
-0.00534483
14.3104
-0.00617866
10.1693
-0.00589856
11.0762
-0.00549025
0.918426
0.143715
1.10975
-0.44975
-3.14662
-0.0064605
-1.17613
-0.00266126
1.89382
-0.00762132
-0.263983
0.00375923
0.950656
0.484497
0.988011
0.227795
4.40435
-0.00218572
-0.770141
0.319892
-0.181322
0.00708001
11.4368
-0.00442963
-1.0806
-0.0081083
9.9892
-0.00662795
10.3556
-0.00500278
-4.5862
-0.00466109
14.132
-0.00713529
0.27597
-0.00502689
7.37596
0.00406176
14.22
-0.00827089
2.15676
-0.00571517
1.71711
0.00176108
0.295789
0.210601
14.4892
-0.00604806
10.0839
-0.00246803
-0.0958379
-0.0056352
0.770575
0.419569
0.183829
0.782943
10.2608
-0.00701641
12.7754
-0.0057494
-1.88272
-0.00348519
0.411788
-0.369713
-0.807529
-0.00166475
-6.66667
-0.00233461
-2.42584
-0.00221357
-6.5774
-0.00312222
1.80062
-0.00803193
0.440097
0.633396
3.23404
-0.00455345
9.89638
0.00632358
-5.12959
-0.00647415
-0.357034
0.00641482
-5.21794
-0.00435085
0.634737
-0.449893
-6.4827
-0.00768466
0.560406
-0.0847817
-3.05436
-0.00306138
-5.03789
-0.00378917
-0.985785
-0.00251909
0.624638
-0.523264
-2.15456
0.00422395
9.81526
0.00465707
8.36633
0.00545411
0.44361
-0.00345388
-4.04812
-0.00435166
-0.00829737
-0.666176
-6.38989
-0.00572477
0.581601
-0.606366
-6.1163
-0.00385334
15.9245
-0.00646966
-5.93959
-0.00296019
-2.87269
-0.00323965
-2.69472
-0.00352781
-6.30186
-0.00695234
4.85503
-0.00319386
9.72006
0.00569546
-0.544452
-0.0027783
-2.60771
-0.00377194
-6.20849
0.00533155
15.5697
-0.0040763
6.83347
0.0046732
-2.96831
0.00441308
-5.75802
-0.00478863
0.507369
-0.371507
-1.34336
-0.00311658
0.990204
-0.00819565
-1.97742
-0.00679765
-6.75031
-0.00739309
9.62237
0.0013247
12.5042
-0.00535737
-2.78391
0.001421
2.87824
-0.00310395
