0, 0, 
1, 0, 
2, 0, 
3, 0, 0, 
4, 0, 0, 
5, 0, 0.00168151, 
6, 0, 0.00509714, 0, 
7, 0, 0.0101799, 0, 
8, 0, 0.0164873, 0.00898314, 
9, 0, 0.0235853, 0.0179662, 0, 
10, 0, 0.0311835, 0.0269493, 0, 
11, 0, 0.039107, 0.0359309, 0.00839773, 
12, 0, 0.0472506, 0.0449132, 0.0169439, 0, 
13, 0, 0.0553941, 0.0538958, 0.0255862, 0, 
14, 0, 0.0638763, 0.0628786, 0.0342946, 0.00726025, 
15, 0, 0.0724298, 0.0718616, 0.0430508, 0.0152261, 0, 
16, 0, 0.0810333, 0.0808447, 0.051807, 0.0235264, 0, 
17, 0, 0.0896762, 0.0898415, 0.0608047, 0.0320143, 0.00529697, 
18, 0, 0.0983512, 0.0983583, 0.0697947, 0.0406191, 0.0125502, 0, 
19, 0, 0.107053, 0.106979, 0.0787815, 0.0492239, 0.0205143, 0, 
20, 0, 0.115849, 0.115658, 0.0877676, 0.05822, 0.0288146, 0.00710627, 
21, 0, 0.124842, 0.124373, 0.0967536, 0.0672155, 0.0373032, 0.0150087, 0, 
22, 0, 0.133835, 0.133117, 0.10574, 0.0762132, 0.0457918, 0.0232772, 0, 
23, 0, 0.142828, 0.141884, 0.114669, 0.0852122, 0.0541092, 0.0317471, 0.00313245, 
24, 0, 0.15182, 0.150756, 0.123097, 0.0942119, 0.062703, 0.0403409, 0.00799894, 0, 
25, 0, 0.160811, 0.15902, 0.131251, 0.103212, 0.0713735, 0.0489348, 0.0141866, 0, 
26, 0, 0.169803, 0.167318, 0.139518, 0.112203, 0.0801, 0.0579099, 0.0212348, 0.00799691, 
27, 0, 0.178768, 0.175735, 0.147867, 0.120338, 0.0888684, 0.0668791, 0.0288236, 0.016318, 0, 
28, 0, 0.187585, 0.18424, 0.156277, 0.128605, 0.0976687, 0.0758449, 0.0364124, 0.0248217, 0, 
29, 0, 0.196425, 0.192813, 0.164731, 0.136979, 0.106632, 0.084809, 0.0446428, 0.0334393, 0.00134477, 
30, 0, 0.205283, 0.201438, 0.172292, 0.14544, 0.115345, 0.0937723, 0.0532559, 0.0421335, 0.00610581, 0, 
31, 0, 0.214155, 0.209636, 0.174421, 0.153968, 0.12367, 0.102735, 0.0619139, 0.0508277, 0.0131934, 0, 
32, 0, 0.22304, 0.217367, 0.178038, 0.162549, 0.132169, 0.111724, 0.0706167, 0.0598273, 0.0210945, 0.00260223, 
33, 0, 0.231935, 0.225893, 0.183147, 0.171318, 0.140759, 0.119677, 0.0793564, 0.0688265, 0.029367, 0.00699558, 0, 
34, 0, 0.240723, 0.234458, 0.189252, 0.178508, 0.14941, 0.127836, 0.0881255, 0.0778251, 0.0376394, 0.0128597, 0, 
35, 0, 0.249514, 0.24307, 0.195983, 0.186182, 0.158108, 0.136142, 0.0970499, 0.0868232, 0.0456992, 0.0197115, 0.00116164, 
36, 0, 0.258327, 0.251723, 0.203112, 0.194158, 0.166448, 0.14456, 0.105999, 0.095821, 0.0541379, 0.0271838, 0.0056428, 0, 
37, 0, 0.267161, 0.260409, 0.208552, 0.202341, 0.172318, 0.153068, 0.114916, 0.104819, 0.0626618, 0.0346561, 0.0126448, 0, 
38, 0, 0.276014, 0.269181, 0.210099, 0.210671, 0.179847, 0.161646, 0.123853, 0.113794, 0.0712908, 0.0431324, 0.0205161, 0.00171182, 
39, 0, 0.284881, 0.277678, 0.213583, 0.219108, 0.187543, 0.170092, 0.132794, 0.122341, 0.0800019, 0.0516527, 0.0287769, 0.00518023, 0, 
40, 0, 0.293761, 0.286207, 0.218346, 0.227124, 0.195585, 0.177438, 0.141733, 0.130934, 0.0887689, 0.060202, 0.0370378, 0.0103407, 0, 
41, 0, 0.302736, 0.294775, 0.22428, 0.23465, 0.203881, 0.185167, 0.150672, 0.139562, 0.0973893, 0.0687898, 0.0450852, 0.0167411, 0.00812295, 
42, 0, 0.311548, 0.303386, 0.231048, 0.242497, 0.212321, 0.193142, 0.159667, 0.148225, 0.105417, 0.0774255, 0.0536584, 0.0239362, 0.0165175, 0, 
43, 0, 0.320415, 0.312041, 0.238346, 0.250533, 0.219766, 0.201304, 0.168667, 0.156924, 0.114031, 0.086109, 0.0623261, 0.0311313, 0.0250699, 0, 
44, 0, 0.329331, 0.320733, 0.244642, 0.258721, 0.220651, 0.209616, 0.17764, 0.165657, 0.122726, 0.0944536, 0.0710579, 0.0396235, 0.0337228, 0.00454051, 
45, 0, 0.338273, 0.329507, 0.250672, 0.267046, 0.224434, 0.218048, 0.186614, 0.17424, 0.131475, 0.103379, 0.0798356, 0.0482156, 0.0424442, 0.0105192, 0, 
46, 0, 0.347224, 0.338118, 0.258109, 0.275484, 0.231022, 0.226147, 0.195587, 0.182241, 0.140263, 0.112318, 0.0886475, 0.0568838, 0.0511657, 0.0174532, 0, 
47, 0, 0.356177, 0.346763, 0.265673, 0.283151, 0.238531, 0.233602, 0.204561, 0.190475, 0.149081, 0.121269, 0.097498, 0.0656074, 0.0600527, 0.0249852, 0.00117329, 
48, 0, 0.364916, 0.355508, 0.273378, 0.291117, 0.24644, 0.241489, 0.213535, 0.198873, 0.157961, 0.13023, 0.106022, 0.0743714, 0.068975, 0.0328971, 0.00397857, 0, 
49, 0, 0.373778, 0.364316, 0.281208, 0.299387, 0.254557, 0.249661, 0.222513, 0.207387, 0.165976, 0.139196, 0.114583, 0.0831659, 0.077903, 0.0408089, 0.00856888, 0, 
50, 0, 0.382613, 0.373166, 0.289134, 0.307852, 0.263383, 0.258022, 0.231506, 0.215983, 0.174072, 0.148167, 0.123237, 0.0918463, 0.0868367, 0.0493016, 0.0145839, 0.0089378, 
51, 0, 0.391428, 0.38205, 0.29714, 0.316437, 0.268552, 0.266511, 0.240504, 0.224641, 0.182431, 0.157042, 0.131956, 0.100831, 0.0957758, 0.0578779, 0.0215418, 0.0178786, 0, 
52, 0, 0.400235, 0.390973, 0.305392, 0.3251, 0.275727, 0.275091, 0.249501, 0.232995, 0.190943, 0.166039, 0.140722, 0.109816, 0.10472, 0.066518, 0.0284996, 0.0268221, 0, 
53, 0, 0.409046, 0.399708, 0.313039, 0.333815, 0.283583, 0.283159, 0.258499, 0.241266, 0.199553, 0.175036, 0.149523, 0.118802, 0.113719, 0.0752079, 0.0364599, 0.0357682, 0.00895299, 
54, 0, 0.417867, 0.40862, 0.320611, 0.341937, 0.29176, 0.291348, 0.267497, 0.249678, 0.20823, 0.184033, 0.158522, 0.127788, 0.122612, 0.0839375, 0.0450633, 0.0447166, 0.017909, 0, 
55, 0, 0.426866, 0.417586, 0.328173, 0.350532, 0.300114, 0.299704, 0.276496, 0.258191, 0.217165, 0.19303, 0.167298, 0.136774, 0.131611, 0.0926992, 0.0537248, 0.053665, 0.0268678, 0, 
56, 0, 0.435509, 0.426578, 0.33573, 0.359194, 0.308576, 0.30818, 0.285164, 0.266782, 0.224655, 0.202026, 0.175489, 0.145761, 0.14061, 0.101512, 0.0624319, 0.0624111, 0.035829, 0.00242057, 
57, 0, 0.444206, 0.435578, 0.343266, 0.367904, 0.309802, 0.316743, 0.293961, 0.275431, 0.231729, 0.211023, 0.183907, 0.154755, 0.149609, 0.110338, 0.0711755, 0.0711871, 0.0447924, 0.00664633, 0, 
58, 0, 0.452947, 0.444573, 0.350039, 0.376649, 0.316955, 0.325373, 0.302956, 0.284127, 0.239576, 0.220014, 0.192462, 0.163753, 0.158608, 0.119182, 0.0799488, 0.0799862, 0.0537558, 0.0124004, 0, 
59, 0, 0.461722, 0.452248, 0.359035, 0.385421, 0.325527, 0.334056, 0.311951, 0.292852, 0.24778, 0.228994, 0.201108, 0.172751, 0.167607, 0.12804, 0.088709, 0.0888037, 0.0627527, 0.0191944, 0.00799938, 
60, 0, 0.470527, 0.460867, 0.365431, 0.394213, 0.33407, 0.342775, 0.320945, 0.301089, 0.25618, 0.237973, 0.209816, 0.181749, 0.176607, 0.136908, 0.0976482, 0.0976366, 0.0717476, 0.0266413, 0.0163299, 0, 
61, 0, 0.479357, 0.469822, 0.372218, 0.403029, 0.342608, 0.350935, 0.329938, 0.309478, 0.264701, 0.246953, 0.218643, 0.190747, 0.185432, 0.145785, 0.106607, 0.106483, 0.0807427, 0.0340882, 0.0248453, 0, 
62, 0, 0.488182, 0.478748, 0.379406, 0.411493, 0.351152, 0.359275, 0.338931, 0.317973, 0.273435, 0.255933, 0.226315, 0.199745, 0.194267, 0.154671, 0.115568, 0.115285, 0.089738, 0.0415855, 0.0334755, 0.00411047, 
63, 0, 0.497053, 0.487656, 0.387013, 0.420063, 0.359706, 0.367735, 0.347929, 0.326543, 0.279294, 0.264914, 0.234278, 0.208743, 0.203113, 0.16362, 0.12453, 0.123914, 0.0987333, 0.0494687, 0.0421822, 0.00977938, 0, 
64, 0, 0.505927, 0.496564, 0.395025, 0.428701, 0.368462, 0.376279, 0.356918, 0.335171, 0.286539, 0.273896, 0.242563, 0.217711, 0.211968, 0.172529, 0.133494, 0.132594, 0.107729, 0.057604, 0.050889, 0.0165191, 0, 
65, 0, 0.514809, 0.505489, 0.403519, 0.437384, 0.377348, 0.384886, 0.365898, 0.343846, 0.294461, 0.282818, 0.25103, 0.22669, 0.220831, 0.181446, 0.142458, 0.141314, 0.116728, 0.0659138, 0.0598483, 0.0239325, 0.00280051, 
66, 0, 0.523701, 0.514445, 0.412154, 0.446101, 0.386086, 0.393544, 0.374876, 0.352605, 0.302703, 0.291783, 0.259612, 0.235668, 0.229702, 0.19037, 0.151438, 0.150067, 0.12561, 0.07435, 0.0688309, 0.0317703, 0.00738847, 0, 
67, 0, 0.532603, 0.523416, 0.420837, 0.454845, 0.394792, 0.402368, 0.383854, 0.360914, 0.311122, 0.300749, 0.26827, 0.244646, 0.2387, 0.1993, 0.160434, 0.158848, 0.13437, 0.0828804, 0.0778151, 0.039608, 0.0134045, 0, 
68, 0, 0.541514, 0.532391, 0.429643, 0.463777, 0.40349, 0.410629, 0.392832, 0.369355, 0.319652, 0.309714, 0.277079, 0.253624, 0.24711, 0.208235, 0.169434, 0.167651, 0.143148, 0.0915574, 0.0868004, 0.0480337, 0.0203657, 0.00137706, 
69, 0, 0.550171, 0.541378, 0.43854, 0.472256, 0.412192, 0.41904, 0.40181, 0.377893, 0.328596, 0.318679, 0.284244, 0.262602, 0.254501, 0.217174, 0.178434, 0.176289, 0.151943, 0.0996559, 0.0957864, 0.0565579, 0.0279179, 0.00619106, 0, 
70, 0, 0.559128, 0.550372, 0.447495, 0.480839, 0.420906, 0.427562, 0.410749, 0.386506, 0.33624, 0.327644, 0.2917, 0.271581, 0.262191, 0.225977, 0.187434, 0.184931, 0.160756, 0.107949, 0.104773, 0.065155, 0.0354701, 0.0133092, 0, 
71, 0, 0.56808, 0.559371, 0.456484, 0.489499, 0.42849, 0.436166, 0.419656, 0.395175, 0.343394, 0.33661, 0.299689, 0.28058, 0.270101, 0.234941, 0.196434, 0.19362, 0.169583, 0.116381, 0.113768, 0.0738138, 0.0435917, 0.0212338, 0.00651745, 
72, 0, 0.577027, 0.568371, 0.465354, 0.498213, 0.436921, 0.444833, 0.428633, 0.403889, 0.35125, 0.34561, 0.307956, 0.28952, 0.278182, 0.243905, 0.205434, 0.202345, 0.178262, 0.124909, 0.122639, 0.0825212, 0.0521699, 0.0295261, 0.0137935, 0, 
73, 0, 0.585971, 0.577367, 0.474194, 0.506968, 0.445921, 0.453546, 0.437609, 0.412109, 0.359441, 0.354551, 0.316393, 0.298466, 0.286394, 0.252869, 0.214377, 0.211105, 0.186125, 0.13351, 0.131584, 0.0912666, 0.0608092, 0.0378184, 0.0215449, 0, 
74, 0, 0.594914, 0.586361, 0.483183, 0.515753, 0.454919, 0.461542, 0.446587, 0.420682, 0.367823, 0.363497, 0.324942, 0.307417, 0.293511, 0.261836, 0.223374, 0.219892, 0.194528, 0.142168, 0.140531, 0.100167, 0.069497, 0.0462314, 0.0296032, 0.00182413, 
75, 0, 0.603858, 0.595335, 0.492166, 0.523821, 0.463917, 0.470171, 0.455566, 0.429312, 0.376327, 0.372448, 0.333196, 0.31637, 0.296734, 0.270805, 0.232358, 0.228703, 0.203028, 0.150682, 0.149481, 0.108989, 0.0782241, 0.0547941, 0.0378682, 0.0054243, 
76, 0, 0.612771, 0.604305, 0.501138, 0.532607, 0.472915, 0.478846, 0.464545, 0.437985, 0.382476, 0.381401, 0.338212, 0.325325, 0.301584, 0.279775, 0.241344, 0.23758, 0.211602, 0.158993, 0.158432, 0.11783, 0.0869833, 0.0634529, 0.046278, 0.0106995, 
77, 0, 0.621702, 0.613265, 0.510098, 0.54141, 0.481913, 0.487554, 0.473473, 0.446704, 0.389584, 0.390355, 0.34654, 0.334283, 0.30761, 0.28877, 0.25033, 0.246228, 0.220234, 0.167432, 0.167385, 0.126687, 0.095769, 0.0721784, 0.054793, 0.0171851, 
78, 0, 0.63064, 0.622215, 0.51904, 0.550224, 0.489516, 0.496304, 0.482436, 0.455462, 0.398546, 0.399311, 0.355012, 0.343207, 0.314402, 0.297749, 0.259318, 0.254925, 0.228913, 0.175965, 0.17634, 0.135557, 0.104577, 0.0809523, 0.0633864, 0.0244418, 
79, 0, 0.639585, 0.631154, 0.526496, 0.55906, 0.498017, 0.505088, 0.491403, 0.464249, 0.407502, 0.408242, 0.363578, 0.352133, 0.321682, 0.306729, 0.268306, 0.263661, 0.237628, 0.184569, 0.185296, 0.144438, 0.113404, 0.0897625, 0.0720402, 0.0321811, 
80, 0, 0.648531, 0.639239, 0.534993, 0.567915, 0.506811, 0.513898, 0.500373, 0.473066, 0.416453, 0.417184, 0.372209, 0.361065, 0.32928, 0.315709, 0.277295, 0.272429, 0.246374, 0.193231, 0.194254, 0.153329, 0.122246, 0.0986005, 0.0807412, 0.0402318, 
81, 0, 0.657479, 0.647605, 0.543957, 0.576782, 0.515636, 0.52272, 0.509347, 0.481678, 0.425397, 0.426129, 0.380888, 0.370002, 0.33709, 0.324691, 0.286284, 0.281222, 0.255145, 0.201938, 0.203214, 0.162227, 0.131102, 0.10746, 0.08948, 0.0484917, 
82, 0, 0.666429, 0.656588, 0.552938, 0.585639, 0.524489, 0.53138, 0.518323, 0.490346, 0.434334, 0.435077, 0.389604, 0.378943, 0.345042, 0.333673, 0.295273, 0.290037, 0.263937, 0.210681, 0.212174, 0.171132, 0.139971, 0.116337, 0.0982494, 0.0568981, 
83, 0, 0.675392, 0.665564, 0.561932, 0.594419, 0.533368, 0.540087, 0.527302, 0.499058, 0.443263, 0.444028, 0.398347, 0.387889, 0.35309, 0.342656, 0.304263, 0.298869, 0.272747, 0.219454, 0.221137, 0.180043, 0.148849, 0.125228, 0.107044, 0.0654107, 
84, 0, 0.684352, 0.67453, 0.570932, 0.603225, 0.542269, 0.548832, 0.536284, 0.507806, 0.452185, 0.452982, 0.407112, 0.396839, 0.361196, 0.351639, 0.313254, 0.307717, 0.281572, 0.228252, 0.2301, 0.18896, 0.157736, 0.134131, 0.11586, 0.0740025, 
85, 0, 0.693313, 0.683485, 0.579931, 0.612051, 0.551191, 0.557606, 0.545267, 0.516583, 0.461098, 0.461939, 0.415895, 0.405792, 0.369332, 0.360622, 0.322244, 0.316578, 0.290409, 0.23707, 0.239064, 0.197882, 0.166632, 0.143043, 0.124693, 0.0826551, 
86, 0, 0.702276, 0.692427, 0.588926, 0.620893, 0.56013, 0.566406, 0.554253, 0.525384, 0.470001, 0.470897, 0.424691, 0.414748, 0.377468, 0.369606, 0.331235, 0.32545, 0.299259, 0.245905, 0.24803, 0.206808, 0.175534, 0.151963, 0.133541, 0.0913553, 
87, 0, 0.71124, 0.701357, 0.597913, 0.62975, 0.569086, 0.575227, 0.563241, 0.534206, 0.478894, 0.479858, 0.433498, 0.423707, 0.385573, 0.37859, 0.340226, 0.334332, 0.308118, 0.254755, 0.256996, 0.215739, 0.184443, 0.160891, 0.142403, 0.100093, 
88, 0, 0.720205, 0.710272, 0.606887, 0.638618, 0.578058, 0.584066, 0.572231, 0.543045, 0.487775, 0.488821, 0.442314, 0.432669, 0.393608, 0.387574, 0.349218, 0.343223, 0.316985, 0.263617, 0.265963, 0.224673, 0.193357, 0.169824, 0.151275, 0.108863, 
89, 0, 0.729173, 0.719172, 0.615843, 0.647495, 0.587042, 0.592919, 0.581222, 0.551898, 0.496644, 0.497785, 0.451136, 0.441633, 0.401511, 0.396559, 0.358209, 0.352121, 0.32586, 0.27249, 0.274931, 0.233611, 0.202277, 0.178762, 0.160158, 0.117657, 
90, 0, 0.738142, 0.728056, 0.624777, 0.656381, 0.596035, 0.601786, 0.590215, 0.560765, 0.5055, 0.506751, 0.459965, 0.450599, 0.409178, 0.405544, 0.367201, 0.361026, 0.334742, 0.281373, 0.2839, 0.242551, 0.2112, 0.187705, 0.169048, 0.126472, 
91, 0, 0.747113, 0.736923, 0.633685, 0.665273, 0.605035, 0.610663, 0.599209, 0.569642, 0.514344, 0.515718, 0.468797, 0.459566, 0.416404, 0.41453, 0.376193, 0.369938, 0.34363, 0.290265, 0.29287, 0.251495, 0.220128, 0.196652, 0.177947, 0.135306, 
92, 0, 0.756086, 0.745773, 0.642563, 0.674172, 0.614034, 0.619551, 0.608204, 0.578529, 0.523176, 0.524687, 0.477633, 0.468536, 0.422783, 0.423515, 0.385186, 0.378854, 0.352522, 0.299163, 0.301841, 0.260441, 0.22906, 0.205602, 0.186852, 0.144154, 
93, 0, 0.765061, 0.754605, 0.651409, 0.683075, 0.62303, 0.628447, 0.6172, 0.587425, 0.531999, 0.533657, 0.48647, 0.477507, 0.427473, 0.432501, 0.394178, 0.387775, 0.36142, 0.308069, 0.310812, 0.269389, 0.237995, 0.214556, 0.195762, 0.153016, 
94, 0, 0.774037, 0.763419, 0.660224, 0.691983, 0.632018, 0.63735, 0.626197, 0.596328, 0.540811, 0.542628, 0.495295, 0.48648, 0.427473, 0.441487, 0.403171, 0.396701, 0.370321, 0.31698, 0.319784, 0.278339, 0.246933, 0.223512, 0.204679, 0.161888, 
95, 0, 0.783015, 0.772217, 0.669011, 0.700895, 0.640994, 0.64626, 0.635195, 0.605238, 0.5496, 0.551599, 0.504074, 0.495454, 0.427473, 0.450474, 0.412164, 0.40563, 0.379226, 0.325896, 0.328756, 0.287292, 0.255874, 0.23247, 0.2136, 0.17077, 
96, 0, 0.791995, 0.781001, 0.677774, 0.70981, 0.649953, 0.655176, 0.644193, 0.614154, 0.558304, 0.560572, 0.512835, 0.504429, 0.427473, 0.45946, 0.421157, 0.414564, 0.388135, 0.334817, 0.337729, 0.296246, 0.264817, 0.241431, 0.222525, 0.179661, 
97, 0, 0.800977, 0.789775, 0.686513, 0.718728, 0.658878, 0.664097, 0.653193, 0.623075, 0.566989, 0.569546, 0.52157, 0.513405, 0.427473, 0.468447, 0.43015, 0.4235, 0.397046, 0.343742, 0.346702, 0.305202, 0.273763, 0.250394, 0.231454, 0.18856, 
98, 0, 0.809959, 0.798538, 0.695214, 0.727649, 0.667672, 0.673023, 0.662193, 0.632001, 0.575655, 0.57852, 0.530264, 0.522383, 0.427473, 0.477434, 0.439143, 0.432439, 0.40596, 0.352671, 0.355676, 0.31416, 0.282711, 0.259359, 0.240387, 0.197465, 
99, 0, 0.818944, 0.807281, 0.703798, 0.736572, 0.676405, 0.681953, 0.671193, 0.640932, 0.5843, 0.587496, 0.538897, 0.531361, 0.427473, 0.486421, 0.448137, 0.441381, 0.414876, 0.361604, 0.364651, 0.323119, 0.291661, 0.268325, 0.249323, 0.206376, 
100, 0, 0.827929, 0.815952, 0.712371, 0.745497, 0.685073, 0.690888, 0.680193, 0.649866, 0.592919, 0.596471, 0.547425, 0.54034, 0.427473, 0.495408, 0.45713, 0.450326, 0.423794, 0.37054, 0.373625, 0.33208, 0.300613, 0.277292, 0.258261, 0.215293, 
101, 0, 0.836916, 0.824613, 0.720937, 0.754423, 0.693679, 0.699826, 0.689192, 0.658805, 0.601504, 0.605448, 0.555761, 0.549321, 0.427473, 0.504396, 0.466124, 0.459272, 0.432714, 0.379478, 0.382601, 0.341041, 0.309567, 0.286262, 0.267203, 0.224214, 
102, 0, 0.845904, 0.833269, 0.729501, 0.763351, 0.702228, 0.708768, 0.698192, 0.667746, 0.61004, 0.614425, 0.563681, 0.558302, 0.427473, 0.513383, 0.475118, 0.468221, 0.441635, 0.38842, 0.391576, 0.350004, 0.318522, 0.295232, 0.276147, 0.233139, 
103, 0, 0.854893, 0.841925, 0.738069, 0.77228, 0.710729, 0.717712, 0.707192, 0.676691, 0.618496, 0.623402, 0.570479, 0.567283, 0.427473, 0.522371, 0.484112, 0.477172, 0.450557, 0.397363, 0.400552, 0.358969, 0.327479, 0.304203, 0.285093, 0.242069, 
104, 0, 0.863883, 0.850585, 0.746647, 0.781211, 0.719197, 0.72666, 0.716192, 0.685639, 0.626802, 0.632381, 0.570479, 0.576266, 0.427473, 0.531359, 0.493106, 0.486125, 0.459481, 0.406309, 0.409529, 0.367934, 0.336437, 0.313176, 0.294041, 0.251002, 
105, 0, 0.872875, 0.859255, 0.755243, 0.790142, 0.727671, 0.73561, 0.725192, 0.694589, 0.634834, 0.641359, 0.570479, 0.585249, 0.427473, 0.540347, 0.5021, 0.495079, 0.468405, 0.415257, 0.418505, 0.3769, 0.345396, 0.322149, 0.302991, 0.259938, 
106, 0, 0.881867, 0.867941, 0.763875, 0.799074, 0.736259, 0.744563, 0.734191, 0.703542, 0.634834, 0.650338, 0.570479, 0.594233, 0.427473, 0.549335, 0.511094, 0.504035, 0.477329, 0.424207, 0.427482, 0.385867, 0.354357, 0.331124, 0.311943, 0.268877, 
107, 0, 0.89086, 0.876655, 0.772582, 0.808006, 0.745258, 0.753518, 0.743191, 0.712498, 0.634834, 0.659318, 0.570479, 0.603218, 0.427473, 0.558323, 0.520089, 0.512992, 0.486254, 0.433159, 0.43646, 0.394835, 0.363318, 0.340099, 0.320897, 0.277819, 
108, 0, 0.899854, 0.885424, 0.781506, 0.81694, 0.754224, 0.762475, 0.752191, 0.721455, 0.634834, 0.668297, 0.570479, 0.612203, 0.427473, 0.567311, 0.529083, 0.52195, 0.49518, 0.442113, 0.445437, 0.403804, 0.372281, 0.349075, 0.329852, 0.286763, 
109, 0, 0.908848, 0.894333, 0.790379, 0.825873, 0.763091, 0.771434, 0.761191, 0.730414, 0.634834, 0.677277, 0.570479, 0.621188, 0.427473, 0.5763, 0.538078, 0.53091, 0.504105, 0.451068, 0.454415, 0.412773, 0.381244, 0.358051, 0.338808, 0.29571, 
110, 0, 0.917844, 0.903226, 0.79921, 0.834807, 0.763091, 0.780396, 0.770191, 0.739375, 0.634834, 0.686258, 0.570479, 0.630174, 0.427473, 0.585288, 0.547073, 0.539871, 0.513029, 0.460024, 0.463393, 0.421743, 0.390209, 0.367029, 0.347766, 0.304658, 
111, 0, 0.92684, 0.912113, 0.807367, 0.843741, 0.763091, 0.789359, 0.779191, 0.748338, 0.634834, 0.695239, 0.570479, 0.639161, 0.427473, 0.594277, 0.556068, 0.548833, 0.521953, 0.468982, 0.472371, 0.430714, 0.399174, 0.376006, 0.356725, 0.313609, 
112, 0, 0.935836, 0.920722, 0.815658, 0.852675, 0.763091, 0.798324, 0.788191, 0.757303, 0.634834, 0.70422, 0.570479, 0.648148, 0.427473, 0.603265, 0.565063, 0.557796, 0.530876, 0.477941, 0.481349, 0.439686, 0.40814, 0.384985, 0.365685, 0.322561, 
113, 0, 0.944833, 0.929368, 0.824029, 0.861609, 0.763091, 0.807291, 0.797191, 0.766269, 0.634834, 0.713201, 0.570479, 0.657136, 0.427473, 0.612254, 0.574058, 0.566759, 0.539798, 0.486901, 0.490328, 0.448658, 0.417107, 0.393964, 0.374646, 0.331515, 
114, 0, 0.953831, 0.938045, 0.832444, 0.870543, 0.763091, 0.816259, 0.806191, 0.775237, 0.643205, 0.722182, 0.570479, 0.666124, 0.427473, 0.621243, 0.583053, 0.575724, 0.548719, 0.495862, 0.499306, 0.45763, 0.426075, 0.402943, 0.383608, 0.34047, 
115, 0, 0.962829, 0.946749, 0.840879, 0.879477, 0.763091, 0.825229, 0.815187, 0.784206, 0.643205, 0.731164, 0.570479, 0.675112, 0.427473, 0.630232, 0.592049, 0.58469, 0.557638, 0.504824, 0.508285, 0.466604, 0.435043, 0.411923, 0.392571, 0.349427, 
116, 0, 0.971827, 0.955475, 0.84931, 0.888411, 0.770564, 0.834201, 0.824187, 0.793176, 0.643205, 0.740146, 0.570479, 0.684101, 0.427473, 0.63922, 0.601044, 0.593656, 0.566554, 0.513787, 0.517264, 0.475577, 0.444012, 0.420903, 0.401535, 0.358385, 
117, 0, 0.980826, 0.96422, 0.857809, 0.897344, 0.770564, 0.843174, 0.833187, 0.802148, 0.643205, 0.749128, 0.570479, 0.69309, 0.427473, 0.648209, 0.61004, 0.602623, 0.575467, 0.522751, 0.526243, 0.484551, 0.452981, 0.429883, 0.410499, 0.367344, 
118, 0, 0.989825, 0.97305, 0.866128, 0.906276, 0.770564, 0.852148, 0.842187, 0.811121, 0.643205, 0.75811, 0.570479, 0.702079, 0.427473, 0.657198, 0.619036, 0.61159, 0.584377, 0.531716, 0.535222, 0.493526, 0.461951, 0.438864, 0.419465, 0.376305, 
119, 0, 0.998825, 0.981817, 0.874355, 0.915208, 0.770564, 0.861124, 0.851187, 0.820095, 0.643205, 0.767092, 0.570479, 0.711069, 0.427473, 0.666187, 0.628031, 0.620559, 0.593283, 0.540682, 0.544201, 0.502501, 0.470921, 0.447845, 0.428431, 0.385266, 
120, 0, 1.00782, 0.990596, 0.882426, 0.92414, 0.770564, 0.870102, 0.860186, 0.82907, 0.643205, 0.776075, 0.570479, 0.720059, 0.427473, 0.675176, 0.637027, 0.629527, 0.602184, 0.549648, 0.55318, 0.511476, 0.479892, 0.456826, 0.437397, 0.394229, 
121, 0, 1.01682, 0.999384, 0.890228, 0.933071, 0.770564, 0.87908, 0.869185, 0.838046, 0.643205, 0.785057, 0.579201, 0.72905, 0.427473, 0.684165, 0.646023, 0.638497, 0.611078, 0.558615, 0.56216, 0.520451, 0.488863, 0.465808, 0.446364, 0.403192, 
122, 0, 1.02582, 1.00818, 0.897543, 0.942001, 0.770564, 0.888061, 0.878184, 0.847023, 0.643205, 0.79404, 0.579201, 0.738041, 0.427473, 0.693154, 0.655019, 0.647466, 0.619965, 0.567582, 0.571139, 0.529427, 0.497835, 0.474789, 0.455332, 0.412157, 
123, 0, 1.03482, 1.01699, 0.90395, 0.95093, 0.770564, 0.897042, 0.887183, 0.856001, 0.643205, 0.803023, 0.579201, 0.747032, 0.427473, 0.702143, 0.664016, 0.656437, 0.628842, 0.576551, 0.580118, 0.538404, 0.506807, 0.483771, 0.4643, 0.421122, 
124, 0, 1.04382, 1.0258, 0.908897, 0.959859, 0.770564, 0.906025, 0.896181, 0.86498, 0.643205, 0.812005, 0.579201, 0.756023, 0.427473, 0.711132, 0.673012, 0.665407, 0.637706, 0.585519, 0.589097, 0.54738, 0.515779, 0.492754, 0.473269, 0.430087, 
125, 0, 1.05282, 1.03463, 0.917297, 0.968786, 0.770564, 0.915009, 0.905178, 0.87396, 0.643205, 0.820988, 0.579201, 0.765014, 0.427473, 0.720121, 0.682008, 0.674378, 0.646555, 0.594489, 0.598077, 0.556357, 0.524751, 0.501736, 0.482238, 0.439054, 
126, 0, 1.06182, 1.04362, 0.924469, 0.977713, 0.770564, 0.923995, 0.914174, 0.88294, 0.643205, 0.829971, 0.579201, 0.774006, 0.435763, 0.72911, 0.691005, 0.68335, 0.655383, 0.603459, 0.607056, 0.565334, 0.533724, 0.510718, 0.491207, 0.448021, 
127, 0, 1.07082, 1.05237, 0.930118, 0.986639, 0.770564, 0.932982, 0.923169, 0.891922, 0.643205, 0.838954, 0.579201, 0.782998, 0.435763, 0.738099, 0.700001, 0.692321, 0.664181, 0.612429, 0.616035, 0.574311, 0.542697, 0.519701, 0.500177, 0.456988, 
128, 0, 1.07982, 1.06116, 0.930118, 0.995563, 0.770564, 0.941971, 0.932163, 0.900904, 0.643205, 0.847936, 0.579201, 0.791991, 0.435763, 0.747087, 0.708998, 0.701293, 0.672937, 0.6214, 0.625014, 0.583289, 0.55167, 0.528683, 0.509147, 0.465957, 
129, 0, 1.08882, 1.07004, 0.930118, 1.00449, 0.770564, 0.950961, 0.941161, 0.909887, 0.643205, 0.856919, 0.579201, 0.800983, 0.435763, 0.756076, 0.717995, 0.710265, 0.681628, 0.630371, 0.633993, 0.592266, 0.560643, 0.537666, 0.518118, 0.474925, 
130, 0, 1.09782, 1.07893, 0.930118, 1.01341, 0.773898, 0.959953, 0.950151, 0.918871, 0.643205, 0.865902, 0.579201, 0.809976, 0.435763, 0.765065, 0.726992, 0.719238, 0.690212, 0.639342, 0.642972, 0.601244, 0.569617, 0.546648, 0.527088, 0.483895, 
131, 0, 1.10682, 1.0878, 0.936157, 1.02233, 0.779647, 0.968946, 0.959139, 0.927855, 0.644265, 0.874884, 0.579201, 0.818969, 0.435763, 0.774054, 0.735988, 0.72821, 0.698596, 0.648314, 0.651951, 0.610222, 0.57859, 0.555631, 0.536059, 0.492864, 
132, 0, 1.11581, 1.09678, 0.940172, 1.03125, 0.779647, 0.977941, 0.968122, 0.93684, 0.647709, 0.883867, 0.579201, 0.827962, 0.435763, 0.783042, 0.744985, 0.737183, 0.706532, 0.657286, 0.660929, 0.6192, 0.587564, 0.564613, 0.54503, 0.501834, 
133, 0, 1.12481, 1.10562, 0.943921, 1.04017, 0.779647, 0.986937, 0.977087, 0.945826, 0.647709, 0.892849, 0.579201, 0.836955, 0.435763, 0.792031, 0.753981, 0.746156, 0.713198, 0.666258, 0.669907, 0.628179, 0.596538, 0.573596, 0.554001, 0.510804, 
134, 0, 1.13381, 1.11437, 0.948889, 1.04909, 0.78095, 0.995935, 0.986069, 0.954813, 0.647709, 0.901831, 0.579201, 0.845949, 0.435763, 0.801019, 0.762976, 0.755129, 0.713198, 0.675231, 0.678886, 0.637157, 0.605512, 0.582578, 0.562972, 0.519775, 
135, 0, 1.1428, 1.12302, 0.956178, 1.05801, 0.78095, 1.00493, 0.995049, 0.9638, 0.647709, 0.910814, 0.579201, 0.854942, 0.435763, 0.810008, 0.771959, 0.764102, 0.713198, 0.684204, 0.687863, 0.646135, 0.614485, 0.59156, 0.571944, 0.528746, 
136, 0, 1.1518, 1.13141, 0.956178, 1.06693, 0.78095, 1.01393, 1.00403, 0.972788, 0.647709, 0.919796, 0.579201, 0.863936, 0.435763, 0.818996, 0.780942, 0.773076, 0.713198, 0.693177, 0.696841, 0.655114, 0.623459, 0.600542, 0.580915, 0.537717, 
137, 0, 1.16079, 1.1403, 0.956178, 1.07585, 0.78095, 1.02293, 1.01301, 0.981776, 0.647709, 0.928777, 0.579201, 0.87293, 0.435763, 0.827984, 0.789925, 0.782049, 0.713198, 0.702151, 0.705818, 0.664092, 0.632433, 0.609524, 0.589886, 0.546689, 
138, 0, 1.16978, 1.14917, 0.956178, 1.08477, 0.78095, 1.03193, 1.02199, 0.990765, 0.647709, 0.937759, 0.579201, 0.881924, 0.435763, 0.836972, 0.798909, 0.791022, 0.713198, 0.711124, 0.714795, 0.673071, 0.641407, 0.618506, 0.598858, 0.55566, 
139, 0, 1.17878, 1.15804, 0.956178, 1.09369, 0.78095, 1.04093, 1.03098, 0.999755, 0.647709, 0.94674, 0.579201, 0.890919, 0.435763, 0.84596, 0.807893, 0.799996, 0.713198, 0.720098, 0.723772, 0.682049, 0.65038, 0.627487, 0.607829, 0.564632, 
140, 0, 1.18778, 1.16691, 0.956178, 1.10262, 0.784303, 1.04992, 1.03997, 1.00875, 0.647709, 0.955721, 0.579201, 0.899913, 0.435763, 0.854948, 0.816877, 0.808969, 0.713198, 0.729072, 0.732748, 0.691028, 0.659353, 0.636469, 0.6168, 0.573604, 
141, 0, 1.19677, 1.17583, 0.958819, 1.11155, 0.784303, 1.05889, 1.04895, 1.01774, 0.647709, 0.964701, 0.579201, 0.908908, 0.435763, 0.863935, 0.825862, 0.817942, 0.713198, 0.738046, 0.741723, 0.700006, 0.668327, 0.645449, 0.625771, 0.582576, 
142, 0, 1.20577, 1.1848, 0.962721, 1.12048, 0.784303, 1.06781, 1.05794, 1.02673, 0.647709, 0.973682, 0.579201, 0.917902, 0.435763, 0.872923, 0.834847, 0.826915, 0.713198, 0.74702, 0.750699, 0.708985, 0.6773, 0.65443, 0.634742, 0.591548, 
143, 0, 1.21477, 1.19373, 0.967026, 1.12942, 0.784303, 1.07655, 1.06693, 1.03572, 0.647709, 0.982661, 0.579201, 0.926897, 0.435763, 0.88191, 0.843832, 0.835889, 0.713198, 0.755994, 0.759673, 0.717963, 0.686273, 0.66341, 0.643713, 0.60052, 
144, 0, 1.22377, 1.20264, 0.971228, 1.13837, 0.784303, 1.07655, 1.07592, 1.04472, 0.647709, 0.991641, 0.579201, 0.935892, 0.435763, 0.890897, 0.852818, 0.844861, 0.713198, 0.764969, 0.768647, 0.726942, 0.695245, 0.672389, 0.652683, 0.609492, 
145, 0, 1.23275, 1.2115, 0.974852, 1.14737, 0.784303, 1.07655, 1.08491, 1.05371, 0.647709, 1.00062, 0.579201, 0.944887, 0.435763, 0.899884, 0.861804, 0.853834, 0.713198, 0.773943, 0.77762, 0.73592, 0.704217, 0.681368, 0.661653, 0.618464, 
146, 0, 1.2398, 1.22034, 0.977562, 1.15637, 0.784303, 1.07655, 1.0939, 1.06271, 0.647709, 1.0096, 0.579201, 0.953882, 0.435763, 0.90887, 0.87079, 0.862807, 0.713198, 0.782917, 0.786592, 0.744898, 0.713189, 0.690346, 0.670623, 0.627437, 
147, 0, 1.24495, 1.22917, 0.977562, 1.16536, 0.784303, 1.07655, 1.10289, 1.0717, 0.647709, 1.01858, 0.579201, 0.962877, 0.435763, 0.917857, 0.879777, 0.871779, 0.713198, 0.791891, 0.795563, 0.753876, 0.72216, 0.699324, 0.679593, 0.636409, 
148, 0, 1.24495, 1.23817, 0.977562, 1.17429, 0.784303, 1.07655, 1.11189, 1.0807, 0.647709, 1.02755, 0.579201, 0.971872, 0.435763, 0.926843, 0.888764, 0.880752, 0.713198, 0.800865, 0.804533, 0.762854, 0.731131, 0.7083, 0.688562, 0.64538, 
149, 0, 1.24495, 1.24717, 0.977562, 1.17429, 0.784303, 1.07655, 1.12088, 1.0897, 0.647709, 1.03653, 0.579201, 0.980867, 0.435763, 0.935828, 0.897751, 0.889724, 0.713198, 0.809839, 0.813502, 0.771832, 0.740102, 0.717276, 0.69753, 0.654352, 
150, 0, 1.24495, 1.25617, 0.977562, 1.17429, 0.784303, 1.07655, 1.12988, 1.0987, 0.647709, 1.0455, 0.579201, 0.989862, 0.435763, 0.944814, 0.906738, 0.898695, 0.713198, 0.818813, 0.822469, 0.78081, 0.749072, 0.72625, 0.706498, 0.663324, 
151, 0, 1.24557, 1.26517, 0.977562, 1.17429, 0.784303, 1.07655, 1.13887, 1.1077, 0.647709, 1.05448, 0.579201, 0.998857, 0.435763, 0.953799, 0.915726, 0.907667, 0.713198, 0.827787, 0.831434, 0.789787, 0.758041, 0.735223, 0.715465, 0.672295, 
152, 0, 1.24859, 1.27416, 0.977562, 1.17429, 0.784303, 1.07715, 1.14787, 1.11669, 0.647709, 1.06345, 0.579201, 1.00785, 0.435763, 0.962784, 0.924715, 0.916638, 0.713198, 0.83676, 0.840398, 0.798764, 0.767009, 0.744195, 0.724432, 0.681266, 
153, 0, 1.24859, 1.28312, 0.977562, 1.17429, 0.784303, 1.08031, 1.15687, 1.12564, 0.647709, 1.07242, 0.579201, 1.01685, 0.435763, 0.971768, 0.933703, 0.925609, 0.713198, 0.845733, 0.849359, 0.807741, 0.775977, 0.753165, 0.733398, 0.690237, 
154, 0, 1.24859, 1.29203, 0.977562, 1.17429, 0.784303, 1.08031, 1.16587, 1.12564, 0.647709, 1.08139, 0.579201, 1.02584, 0.435763, 0.980752, 0.942692, 0.93458, 0.713198, 0.854706, 0.858316, 0.816718, 0.784943, 0.762132, 0.742362, 0.699207, 
155, 0, 1.24859, 1.30079, 0.977562, 1.17429, 0.784303, 1.08031, 1.17487, 1.12564, 0.647709, 1.09036, 0.579201, 1.03484, 0.435763, 0.989736, 0.951682, 0.943551, 0.713198, 0.863677, 0.86727, 0.825695, 0.793909, 0.771097, 0.751326, 0.708177, 
156, 0, 1.24859, 1.30917, 0.977562, 1.17429, 0.784303, 1.08031, 1.18386, 1.12564, 0.647709, 1.09932, 0.579201, 1.04383, 0.435763, 0.99872, 0.960672, 0.952521, 0.713198, 0.872649, 0.87622, 0.834671, 0.802874, 0.780058, 0.760289, 0.717147, 
157, 0, 1.25232, 1.31653, 0.977562, 1.17429, 0.784303, 1.08031, 1.19283, 1.12564, 0.647709, 1.10828, 0.579201, 1.05282, 0.435763, 1.0077, 0.969663, 0.961492, 0.713198, 0.881619, 0.885163, 0.843648, 0.811837, 0.789016, 0.76925, 0.726116, 
158, 0, 1.25738, 1.3214, 0.977562, 1.17506, 0.784303, 1.08035, 1.20175, 1.12564, 0.647709, 1.11724, 0.579201, 1.06182, 0.435763, 1.01669, 0.978655, 0.970462, 0.713198, 0.890588, 0.894097, 0.852624, 0.820799, 0.797968, 0.77821, 0.735084, 
159, 0, 1.26211, 1.3214, 0.986554, 1.17857, 0.784303, 1.0815, 1.21058, 1.12564, 0.647709, 1.12619, 0.579201, 1.07081, 0.435763, 1.02567, 0.987647, 0.979433, 0.713198, 0.899555, 0.903021, 0.8616, 0.829759, 0.806914, 0.787168, 0.744052, 
160, 0, 1.26211, 1.32222, 0.986554, 1.17857, 0.784303, 1.08548, 1.21918, 1.12564, 0.647709, 1.13514, 0.579201, 1.0798, 0.435763, 1.03465, 0.996641, 0.988405, 0.713198, 0.90852, 0.911927, 0.870576, 0.838718, 0.815851, 0.796124, 0.753019, 
161, 0, 1.26211, 1.32333, 0.986554, 1.18019, 0.784303, 1.08548, 1.22728, 1.12564, 0.647709, 1.14408, 0.579201, 1.08879, 0.435763, 1.04364, 1.00564, 0.997378, 0.713198, 0.917483, 0.920809, 0.879552, 0.847674, 0.824776, 0.805078, 0.761985, 
162, 0, 1.26211, 1.32524, 0.986554, 1.18019, 0.784303, 1.08548, 1.2343, 1.12564, 0.647709, 1.153, 0.579201, 1.09778, 0.435763, 1.05262, 1.01463, 1.00635, 0.713198, 0.926441, 0.929649, 0.888528, 0.856629, 0.833683, 0.814029, 0.77095, 
163, 0, 1.26211, 1.32779, 0.986554, 1.18305, 0.787631, 1.08548, 1.23942, 1.12564, 0.647709, 1.16192, 0.579201, 1.10677, 0.435763, 1.0616, 1.02363, 1.01533, 0.713198, 0.935395, 0.938413, 0.897505, 0.865582, 0.842562, 0.822978, 0.779914, 
164, 0, 1.26211, 1.33085, 0.986554, 1.18305, 0.791935, 1.08557, 1.24272, 1.12564, 0.648453, 1.17081, 0.579201, 1.11575, 0.435763, 1.07059, 1.03263, 1.02431, 0.713198, 0.94434, 0.947013, 0.906482, 0.874532, 0.851393, 0.831923, 0.788877, 
165, 0, 1.26234, 1.33391, 0.991838, 1.18625, 0.796581, 1.08735, 1.24544, 1.12564, 0.652063, 1.17967, 0.582385, 1.12473, 0.435763, 1.07958, 1.04162, 1.03329, 0.713198, 0.953275, 0.955161, 0.915461, 0.883481, 0.860128, 0.840863, 0.797838, 
166, 0, 1.26362, 1.3373, 0.995967, 1.18625, 0.796581, 1.09219, 1.24842, 1.12977, 0.657348, 1.18849, 0.586527, 1.13369, 0.435763, 1.08857, 1.05062, 1.04228, 0.713198, 0.962191, 0.955161, 0.924442, 0.892429, 0.868619, 0.849799, 0.806798, 
167, 0, 1.26704, 1.3373, 0.995967, 1.18954, 0.796581, 1.09219, 1.25172, 1.12977, 0.662658, 1.19723, 0.586527, 1.14264, 0.435763, 1.09756, 1.05962, 1.05128, 0.713198, 0.971076, 0.955161, 0.933426, 0.901377, 0.87614, 0.85873, 0.815756, 
168, 0, 1.26704, 1.34559, 0.995967, 1.18954, 0.796581, 1.09219, 1.25477, 1.13112, 0.662658, 1.20584, 0.588672, 1.15156, 0.439407, 1.10656, 1.0686, 1.06028, 0.713198, 0.979905, 0.955161, 0.942412, 0.910328, 0.87614, 0.867652, 0.824712, 
169, 0, 1.26802, 1.34559, 0.995967, 1.19469, 0.796581, 1.09483, 1.2587, 1.13552, 0.662658, 1.21423, 0.593436, 1.16042, 0.439407, 1.11556, 1.07758, 1.06928, 0.713198, 0.988655, 0.955161, 0.951338, 0.919289, 0.87614, 0.876566, 0.833666, 
170, 0, 1.27183, 1.34766, 0.995967, 1.19469, 0.797464, 1.10051, 1.26258, 1.14098, 0.662658, 1.22221, 0.599334, 1.16918, 0.439407, 1.12456, 1.08655, 1.07826, 0.713198, 0.997655, 0.955189, 0.960262, 0.928267, 0.87614, 0.885469, 0.842618, 
171, 0, 1.27643, 1.35064, 0.996265, 1.19469, 0.80096, 1.10718, 1.26258, 1.14724, 0.670857, 1.2295, 0.604092, 1.17774, 0.439407, 1.13355, 1.09551, 1.08715, 0.713198, 1.00666, 0.956403, 0.969182, 0.937265, 0.87614, 0.894356, 0.851566, 
172, 0, 1.27643, 1.35934, 0.998117, 1.19578, 0.800991, 1.10718, 1.26617, 1.15456, 0.670857, 1.23583, 0.604092, 1.186, 0.439407, 1.14249, 1.10442, 1.09605, 0.713198, 1.01566, 0.960108, 0.978098, 0.946254, 0.87614, 0.903223, 0.86051, 
173, 0, 1.27643, 1.35934, 0.998117, 1.2024, 0.800991, 1.11549, 1.2686, 1.15456, 0.670857, 1.24156, 0.604092, 1.195, 0.439407, 1.15144, 1.11323, 1.10497, 0.713198, 1.02465, 0.966353, 0.98701, 0.955163, 0.87614, 0.912062, 0.86945, 
174, 0, 1.27753, 1.35934, 1.00038, 1.20911, 0.80412, 1.12448, 1.27351, 1.16308, 0.67547, 1.25056, 0.612914, 1.20396, 0.442845, 1.16042, 1.12162, 1.11389, 0.715649, 1.03365, 0.974463, 0.995916, 0.963945, 0.87614, 0.920857, 0.878385, 
175, 0, 1.28087, 1.36538, 1.00038, 1.2181, 0.813088, 1.12448, 1.27863, 1.17176, 0.677871, 1.25056, 0.612914, 1.21263, 0.445518, 1.16941, 1.12893, 1.12281, 0.720066, 1.03365, 0.983297, 1.00481, 0.972702, 0.87614, 0.929585, 0.887314, 
176, 0, 1.28912, 1.36538, 1.00938, 1.22699, 0.813088, 1.13335, 1.27863, 1.17176, 0.680866, 1.25192, 0.614739, 1.22028, 0.448672, 1.1784, 1.13414, 1.13123, 0.726125, 1.03365, 0.992227, 1.01371, 0.981543, 0.87614, 0.938191, 0.896235, 
177, 0, 1.29685, 1.36538, 1.00938, 1.22699, 0.813088, 1.13335, 1.2817, 1.17916, 0.685266, 1.25516, 0.616762, 1.22607, 0.453458, 1.18715, 1.1392, 1.13932, 0.732984, 1.03365, 0.992227, 1.02259, 0.990477, 0.87614, 0.946544, 0.905147, 
178, 0, 1.30439, 1.36538, 1.00938, 1.22699, 0.813088, 1.14165, 1.28921, 1.18671, 0.687892, 1.26046, 0.620798, 1.23051, 0.459712, 1.19582, 1.14543, 1.14655, 0.74075, 1.03365, 0.992227, 1.03145, 0.999468, 0.87614, 0.954226, 0.914046, 
179, 0, 1.31103, 1.36538, 1.00938, 1.22699, 0.813088, 1.14934, 1.28921, 1.19449, 0.695249, 1.26046, 0.626495, 1.23346, 0.46679, 1.20435, 1.15182, 1.14655, 0.746952, 1.03365, 0.992227, 1.0403, 1.00845, 0.87614, 0.954226, 0.922929, 
180, 0, 1.31488, 1.36559, 1.00938, 1.23379, 0.813088, 1.15676, 1.2979, 1.20306, 0.703639, 1.26046, 0.633184, 1.2352, 0.475114, 1.2119, 1.15934, 1.14655, 0.746952, 1.03365, 1.00014, 1.04913, 1.01663, 0.87614, 0.954226, 0.931789, 
181, 0, 1.32386, 1.36559, 1.00938, 1.24006, 0.813371, 1.16555, 1.30637, 1.21147, 0.712267, 1.26436, 0.641358, 1.23609, 0.483431, 1.21964, 1.16713, 1.14655, 0.746952, 1.03365, 1.00554, 1.05792, 1.01663, 0.87614, 0.954226, 0.940617, 
182, 0, 1.33282, 1.36559, 1.01772, 1.24849, 0.81511, 1.17437, 1.31494, 1.21994, 0.721264, 1.26838, 0.649655, 1.23834, 0.492109, 1.22751, 1.17492, 1.14655, 0.755774, 1.03365, 1.01037, 1.06667, 1.01663, 0.87614, 0.954226, 0.949396, 
183, 0, 1.33282, 1.37262, 1.0199, 1.24849, 0.818692, 1.18331, 1.32392, 1.22887, 0.730228, 1.27321, 0.658414, 1.24192, 0.500937, 1.23547, 1.17526, 1.14655, 0.76409, 1.03365, 1.0147, 1.07533, 1.01663, 0.87614, 0.954226, 0.958094, 
184, 0, 1.33282, 1.37262, 1.02352, 1.25629, 0.825043, 1.1919, 1.3329, 1.23782, 0.738901, 1.27841, 0.667346, 1.24631, 0.502351, 1.24349, 1.17546, 1.14655, 0.771391, 1.03365, 1.0147, 1.08383, 1.01663, 0.87614, 0.954226, 0.966642, 
185, 0, 1.33282, 1.37283, 1.02972, 1.26199, 0.832463, 1.20041, 1.3414, 1.24679, 0.747344, 1.2837, 0.674891, 1.25095, 0.508883, 1.25155, 1.17632, 1.14655, 0.771391, 1.03365, 1.0147, 1.09191, 1.01663, 0.87614, 0.954226, 0.974854, 
186, 0, 1.33901, 1.37626, 1.03713, 1.26811, 0.84092, 1.20857, 1.34971, 1.25571, 0.753537, 1.28877, 0.674891, 1.25524, 0.515049, 1.25964, 1.17712, 1.14655, 0.771391, 1.03365, 1.0147, 1.09191, 1.01663, 0.87614, 0.954226, 0.982073, 
187, 0, 1.34583, 1.38176, 1.04556, 1.27397, 0.849674, 1.21534, 1.355, 1.25571, 0.756594, 1.29312, 0.682217, 1.25847, 0.52385, 1.26774, 1.17915, 1.14655, 0.771391, 1.03365, 1.0147, 1.09191, 1.01663, 0.87614, 0.954226, 0.982073, 
188, 0, 1.35326, 1.38908, 1.05422, 1.27876, 0.858649, 1.21741, 1.35975, 1.25571, 0.757635, 1.29574, 0.691204, 1.26014, 0.532342, 1.27586, 1.18226, 1.14655, 0.771391, 1.03365, 1.0147, 1.09191, 1.01663, 0.87614, 0.954226, 0.982073, 
189, 0, 1.36143, 1.397, 1.06321, 1.28337, 0.867495, 1.21741, 1.36451, 1.25571, 0.762194, 1.29574, 0.70014, 1.26014, 0.532342, 1.27586, 1.18594, 1.14655, 0.771391, 1.03365, 1.0147, 1.09191, 1.01663, 0.87614, 0.954226, 0.982073, 
190, 0, 1.37007, 1.40586, 1.07213, 1.28772, 0.87621, 1.21762, 1.3697, 1.25571, 0.768296, 1.29574, 0.708457, 1.26014, 0.532342, 1.27586, 1.18971, 1.14655, 0.771391, 1.03365, 1.0147, 1.09191, 1.01663, 0.87614, 0.954226, 0.982073, 
191, 0, 1.37881, 1.41485, 1.08095, 1.29309, 0.885054, 1.21969, 1.37491, 1.25571, 0.775194, 1.29574, 0.708457, 1.26014, 0.532342, 1.27586, 1.19319, 1.14655, 0.771391, 1.03365, 1.0147, 1.09191, 1.01663, 0.87614, 0.954226, 0.982073, 
192, 0, 1.38747, 1.42384, 1.08968, 1.30005, 0.893047, 1.21969, 1.38243, 1.25571, 0.781511, 1.29574, 0.708457, 1.26014, 0.532342, 1.27911, 1.19612, 1.14655, 0.771391, 1.03365, 1.0147, 1.09191, 1.01663, 0.87614, 0.954226, 0.982073, 
193, 0, 1.39593, 1.43283, 1.0982, 1.30588, 0.901981, 1.22557, 1.38932, 1.25571, 0.788015, 1.29574, 0.708457, 1.26055, 0.532342, 1.28258, 1.19612, 1.14655, 0.771391, 1.03365, 1.0147, 1.09191, 1.01663, 0.87614, 0.954226, 0.982073, 
194, 0, 1.39593, 1.44175, 1.10457, 1.31486, 0.910963, 1.22864, 1.39545, 1.25571, 0.794363, 1.29574, 0.708457, 1.2621, 0.532342, 1.28586, 1.19612, 1.14655, 0.771391, 1.03365, 1.0147, 1.09191, 1.01663, 0.87614, 0.954226, 0.982073, 
195, 0, 1.40199, 1.45045, 1.1092, 1.32372, 0.919399, 1.22864, 1.40073, 1.25818, 0.800433, 1.29611, 0.708457, 1.26478, 0.532342, 1.28868, 1.19612, 1.14655, 0.771391, 1.03365, 1.0147, 1.09191, 1.01663, 0.87614, 0.954226, 0.982073, 
196, 0, 1.40832, 1.45855, 1.11001, 1.32372, 0.919399, 1.23606, 1.4055, 1.26165, 0.808562, 1.29744, 0.708457, 1.26806, 0.532342, 1.28868, 1.19612, 1.14655, 0.771391, 1.03365, 1.0147, 1.09191, 1.01663, 0.87614, 0.954226, 0.982073, 
197, 0, 1.41512, 1.46655, 1.11226, 1.33271, 0.919399, 1.24107, 1.4137, 1.26528, 0.808562, 1.29998, 0.708457, 1.27123, 0.532342, 1.28868, 1.19612, 1.14655, 0.771391, 1.03365, 1.0147, 1.09191, 1.01663, 0.87614, 0.954226, 0.982073, 
198, 0, 1.421, 1.4735, 1.11869, 1.33271, 0.923771, 1.24107, 1.41964, 1.26852, 0.808562, 1.30414, 0.708457, 1.27435, 0.532342, 1.28868, 1.19612, 1.14655, 0.771391, 1.03365, 1.0147, 1.09191, 1.01663, 0.87614, 0.954226, 0.982073, 
199, 0, 1.421, 1.47764, 1.11869, 1.33271, 0.929228, 1.24107, 1.41964, 1.27386, 0.808562, 1.30829, 0.708457, 1.27712, 0.532342, 1.28868, 1.19612, 1.14655, 0.771391, 1.03365, 1.0147, 1.09191, 1.01663, 0.87614, 0.954226, 0.982073, 
200, 0, 1.421, 1.47764, 1.12326, 1.33271, 0.933588, 1.24107, 1.41964, 1.27744, 0.808562, 1.31204, 0.708457, 1.27712, 0.532342, 1.28868, 1.19612, 1.14655, 0.771391, 1.03365, 1.0147, 1.09191, 1.01663, 0.87614, 0.954226, 0.982073, 
201, 0, 1.42991, 1.47981, 1.12819, 1.33271, 0.937742, 1.24107, 1.41964, 1.27744, 0.808562, 1.31204, 0.708457, 1.27712, 0.532342, 1.28868, 1.19612, 1.14655, 0.771391, 1.03365, 1.0147, 1.09191, 1.01663, 0.87614, 0.954226, 0.982073, 
202, 0, 1.42991, 1.48573, 1.13315, 1.33271, 0.937742, 1.24142, 1.41964, 1.28, 0.808562, 1.31204, 0.708457, 1.27712, 0.532342, 1.28868, 1.19612, 1.14655, 0.771391, 1.03365, 1.0147, 1.09191, 1.01663, 0.87614, 0.954226, 0.982073, 
203, 0, 1.42991, 1.49228, 1.13807, 1.33271, 0.937742, 1.24151, 1.41964, 1.28, 0.808562, 1.31204, 0.708457, 1.27712, 0.532342, 1.28868, 1.19612, 1.14655, 0.771391, 1.03365, 1.0147, 1.09191, 1.01663, 0.87614, 0.954226, 0.982073, 
204, 0, 1.43107, 1.49933, 1.14171, 1.33459, 0.937742, 1.24251, 1.41964, 1.28, 0.808562, 1.31204, 0.708457, 1.27712, 0.532342, 1.28868, 1.19612, 1.14655, 0.771391, 1.03365, 1.0147, 1.09191, 1.01663, 0.87614, 0.954226, 0.982073, 
205, 0, 1.4335, 1.50606, 1.14171, 1.33762, 0.937742, 1.24471, 1.41964, 1.28, 0.808562, 1.31204, 0.708457, 1.27712, 0.532342, 1.28868, 1.19612, 1.14655, 0.771391, 1.03365, 1.0147, 1.09191, 1.01663, 0.87614, 0.954226, 0.982073, 
206, 0, 1.43733, 1.51197, 1.14171, 1.34149, 0.937742, 1.2478, 1.41964, 1.28, 0.808562, 1.31204, 0.708457, 1.27712, 0.532342, 1.28868, 1.19612, 1.14655, 0.771391, 1.03365, 1.0147, 1.09191, 1.01663, 0.87614, 0.954226, 0.982073, 
207, 0, 1.44193, 1.51716, 1.14171, 1.3457, 0.937742, 1.25121, 1.41964, 1.28, 0.808562, 1.31204, 0.708457, 1.27712, 0.532342, 1.28868, 1.19612, 1.14655, 0.771391, 1.03365, 1.0147, 1.09191, 1.01663, 0.87614, 0.954226, 0.982073, 
208, 0, 1.44698, 1.51716, 1.14171, 1.34975, 0.937742, 1.2545, 1.41964, 1.28, 0.808562, 1.31204, 0.708457, 1.27712, 0.532342, 1.28868, 1.19612, 1.14655, 0.771391, 1.03365, 1.0147, 1.09191, 1.01663, 0.87614, 0.954226, 0.982073, 
209, 0, 1.45228, 1.51716, 1.14171, 1.35324, 0.937742, 1.25737, 1.41964, 1.28, 0.808562, 1.31204, 0.708457, 1.27712, 0.532342, 1.28868, 1.19612, 1.14655, 0.771391, 1.03365, 1.0147, 1.09191, 1.01663, 0.87614, 0.954226, 0.982073, 
210, 0, 1.45762, 1.51716, 1.14171, 1.35604, 0.937742, 1.25737, 1.41964, 1.28, 0.808562, 1.31204, 0.708457, 1.27712, 0.532342, 1.28868, 1.19612, 1.14655, 0.771391, 1.03365, 1.0147, 1.09191, 1.01663, 0.87614, 0.954226, 0.982073, 
211, 0, 1.46269, 1.51716, 1.14171, 1.35604, 0.937742, 1.25737, 1.41964, 1.28, 0.808562, 1.31204, 0.708457, 1.27712, 0.532342, 1.28868, 1.19612, 1.14655, 0.771391, 1.03365, 1.0147, 1.09191, 1.01663, 0.87614, 0.954226, 0.982073, 
212, 0, 1.46844, 1.51716, 1.14171, 1.35604, 0.937742, 1.25737, 1.41964, 1.28, 0.808562, 1.31204, 0.708457, 1.27712, 0.532342, 1.28868, 1.19612, 1.14655, 0.771391, 1.03365, 1.0147, 1.09191, 1.01663, 0.87614, 0.954226, 0.982073, 
213, 0, 1.46844, 1.51716, 1.14171, 1.35604, 0.937742, 1.25737, 1.41964, 1.28, 0.808562, 1.31204, 0.708457, 1.27712, 0.532342, 1.28868, 1.19612, 1.14655, 0.771391, 1.03365, 1.0147, 1.09191, 1.01663, 0.87614, 0.954226, 0.982073, 
214, 0, 1.46844, 1.51716, 1.14171, 1.35604, 0.937742, 1.25737, 1.41964, 1.28, 0.808562, 1.31204, 0.708457, 1.27712, 0.532342, 1.28868, 1.19612, 1.14655, 0.771391, 1.03365, 1.0147, 1.09191, 1.01663, 0.87614, 0.954226, 0.982073, 
