0, 0, 0
1, 0, 0
2, 0, 0
3, 0, 0
4, 0.350865, 90
5, 0.350729, 73.6597
6, 0.349788, 59.6824
7, 0.822108, 139.017
8, 0.808821, 131.57
9, 0.794127, 126.459
10, 1.23982, 212.826
11, 1.20686, 213.405
12, 1.18211, 213.714
13, 1.65939, 305.504
14, 1.62196, 317.31
15, 1.58957, 324.086
16, 2.0865, 417.778
17, 1.96357, 441.343
18, 1.96829, 456.837
19, 2.46785, 552.449
20, 2.41333, 570.628
21, 2.43191, 579.092
22, 2.91309, 672.021
23, 2.78109, 691.924
24, 2.65446, 708.913
25, 3.26613, 809.751
26, 3.21344, 827.219
27, 3.15858, 837.046
28, 3.81304, 928.794
29, 3.84044, 951.191
30, 3.70512, 973.382
31, 4.26727, 1078.93
32, 4.28717, 1066.27
33, 4.25486, 1055.64
34, 4.95449, 1128.91
35, 4.9065, 1137.49
36, 4.90558, 1150.44
37, 5.49968, 1255.96
38, 5.54252, 1249.84
39, 5.57683, 1234.42
40, 6.28246, 1297.62
41, 6.25356, 1285.92
42, 6.15917, 1274.11
43, 6.95143, 1376.5
44, 6.9374, 1366.62
45, 6.94613, 1336.48
46, 7.80995, 1398.97
47, 7.7004, 1403.67
48, 7.65478, 1408.25
49, 8.42475, 1500.16
50, 8.47962, 1497.31
51, 8.50561, 1498.9
52, 9.46943, 1568.43
53, 9.57352, 1554.85
54, 9.42601, 1552.43
55, 10.146, 1644.3
56, 10.1395, 1654.61
57, 10.2465, 1657.63
58, 11.1866, 1754.63
59, 11.1086, 1696.69
60, 11.2112, 1699.37
61, 11.9987, 1793.68
62, 11.9445, 1782.12
63, 11.9665, 1769.25
64, 12.9029, 1840.61
65, 12.967, 1841.79
66, 12.8905, 1844.19
67, 13.9357, 1937.39
68, 13.9272, 1916.07
69, 13.8509, 1890.4
70, 14.865, 1955.4
71, 14.8647, 1926.91
72, 14.925, 1905.16
73, 15.8868, 1981.9
74, 15.9108, 1951.51
75, 15.7726, 1927.24
76, 15.7473, 1900.5
77, 15.859, 1847.29
78, 15.8574, 1822.81
79, 15.8432, 1814.48
80, 15.8155, 1787.27
81, 15.7716, 1775.86
82, 15.6449, 1774.43
83, 15.5249, 1768.29
84, 15.3885, 1759.9
85, 15.1791, 1754.6
86, 14.969, 1749.72
87, 14.7584, 1745.11
88, 14.5475, 1740.64
89, 14.3366, 1736.17
90, 14.1257, 1731.52
91, 13.9151, 1726.43
92, 13.705, 1720.45
93, 13.4959, 1712.83
94, 13.2887, 1702.11
95, 13.0848, 1683.1
96, 12.8816, 1680.78
97, 12.6791, 1676.85
98, 12.4774, 1674.09
99, 12.2775, 1670.38
100, 12.0766, 1664.2
101, 11.8749, 1658.04
102, 11.6733, 1650.69
103, 11.4725, 1641.17
104, 11.2735, 1626.51
105, 11.0794, 1600.59
106, 10.8848, 1577.89
107, 10.694, 1537.11
108, 10.5004, 1499.27
109, 10.3116, 1501.81
110, 10.1245, 1500.35
111, 9.94611, 1491.04
112, 9.76267, 1468.5
113, 9.58543, 1465.8
114, 9.40806, 1463.36
115, 9.22405, 1457.92
116, 9.05245, 1455.65
117, 8.86829, 1453.96
118, 8.68934, 1462.42
119, 8.50855, 1453.64
120, 8.33183, 1450.52
121, 8.15544, 1446.78
122, 7.97219, 1439.27
123, 7.79701, 1452.51
124, 7.62764, 1455.01
125, 7.45574, 1477.36
126, 7.28881, 1477.99
127, 7.11012, 1477.38
128, 6.93316, 1488.13
129, 6.76882, 1479.52
130, 6.60478, 1454.05
131, 6.44508, 1435.85
132, 6.26265, 1463.68
133, 6.09507, 1483.96
134, 5.93219, 1480.6
135, 5.7649, 1475.13
136, 5.60413, 1447.74
137, 5.44422, 1416.85
138, 5.28426, 1400.62
139, 5.121, 1384.12
140, 4.96494, 1375.54
141, 4.81629, 1386.31
142, 4.65177, 1385.18
143, 4.48435, 1396.72
144, 4.31765, 1406.94
145, 4.15955, 1396.87
146, 4.00398, 1387.83
147, 3.85117, 1389.41
148, 3.70265, 1379.48
149, 3.55715, 1344.67
150, 3.42045, 1291.4
151, 3.28369, 1256.23
152, 3.1467, 1225.18
153, 3.0083, 1265.63
154, 2.86982, 1271.25
155, 2.74055, 1234.21
156, 2.62017, 1201.85
157, 2.50289, 1169.43
158, 2.38171, 1191.81
159, 2.26376, 1249.77
160, 2.14092, 1290.83
161, 2.03059, 1285.87
162, 1.92274, 1287.08
163, 1.82113, 1255.03
164, 1.71858, 1264.64
165, 1.61798, 1313.44
166, 1.5109, 1439.71
167, 1.40557, 1459.74
168, 1.30589, 1418.7
169, 1.21884, 1348.25
170, 1.16836, 1357.99
171, 1.07979, 1390.99
172, 0.978051, 1451.21
173, 0.887273, 1471.78
174, 0.843135, 1414.06
175, 0.787913, 1465.09
176, 0.720879, 1473
177, 0.685038, 1462.01
178, 0.674764, 1417.33
179, 0.621597, 1394.6
180, 0.63353, 1288.96
181, 0.647136, 1235.29
182, 0.663204, 1147.42
183, 0.64561, 1102.34
184, 0.622002, 1111.76
185, 0.607138, 1077.21
186, 0.608302, 1051.59
187, 0.522702, 1015.9
188, 0.500469, 1011.41
189, 0.51963, 1034
190, 0.546509, 1000.2
191, 0.498556, 992.575
192, 0.460715, 959.934
193, 0.413946, 894.767
194, 0.368794, 911.553
195, 0.334462, 921.491
196, 0.276498, 967.485
197, 0.260412, 959.44
198, 0.222768, 943.83
199, 0.193485, 928.264
200, 0.197055, 827.441
201, 0.206989, 712.65
202, 0.205055, 651.566
203, 0.213018, 596.186
204, 0.231399, 515.202
205, 0.239434, 475.412
206, 0.234033, 451.526
207, 0.221389, 453.57
208, 0.208178, 473.34
209, 0.198378, 466.691
210, 0.189658, 461.858
211, 0.18356, 445.531
212, 0.180838, 404.918
213, 0.17626, 361.904
214, 0.17626, 310.338
