0, 0, 0, 
1, 0, 0, 
2, 0, 0.00337493, 
3, 0, 0.00845583, 
4, 0, 0.0148001, 
5, 0, 0.0219574, 
6, 0, 0.0296245, 
7, 0, 0.0376199, 
8, 0, 0.0458355, 
9, 0, 0.054205, 
10, 0, 0.0626858, 
11, 0, 0.0712497, 
12, 0, 0.0798771, 
13, 0, 0.0885543, 
14, 0, 0.0972712, 
15, 0, 0.10602, 
16, 0, 0.114796, 
17, 0, 0.123593, 
18, 0, 0.132409, 
19, 0, 0.141241, 
20, 0, 0.150087, 
21, 0, 0.158944, 
22, 0, 0.167811, 
23, 0, 0.176687, 
24, 0, 0.18557, 
25, 0, 0.194461, 
26, 0, 0.203358, 
27, 0, 0.21226, 
28, 0, 0.221167, 
29, 0, 0.230078, 
30, 0, 0.238994, 
31, 0, 0.247913, 
32, 0, 0.256835, 
33, 0, 0.265759, 
34, 0, 0.274687, 
35, 0, 0.283617, 
36, 0, 0.292549, 
37, 0, 0.301482, 
38, 0, 0.310418, 
39, 0, 0.319355, 
40, 0, 0.328293, 
41, 0, 0.337233, 
42, 0, 0.346174, 
43, 0, 0.355116, 
44, 0, 0.364058, 
45, 0, 0.373001, 
46, 0, 0.381945, 
47, 0, 0.39089, 
48, 0, 0.399834, 
49, 0, 0.408779, 
50, 0, 0.417724, 
51, 0, 0.426669, 
52, 0, 0.435614, 
53, 0, 0.444559, 
54, 0, 0.453503, 
55, 0, 0.462446, 
56, 0, 0.471389, 
57, 0, 0.480331, 
58, 0, 0.489272, 
59, 0, 0.498212, 
60, 0, 0.50715, 
61, 0, 0.516086, 
62, 0, 0.525021, 
63, 0, 0.533952, 
64, 0, 0.542881, 
65, 0, 0.551806, 
66, 0, 0.560728, 
67, 0, 0.569644, 
68, 0, 0.578554, 
69, 0, 0.587458, 
70, 0, 0.596352, 
71, 0, 0.605235, 
72, 0, 0.614104, 
73, 0, 0.622954, 
74, 0, 0.631779, 
75, 0, 0.640568, 
76, 0, 0.649304, 
77, 0, 0.657953, 
78, 0, 0.666449, 
79, 0, 0.674626, 
80, 0, 0.681964, 
81, 0, 0.681964, 0, 
82, 0, 0.681964, 0, 0, 
83, 0, 0.681964, 0.00771013, 0, 0, 
84, 0, 0.681964, 0.00771854, 0, 0, 0, 
85, 0, 0.684745, 0.00825781, 0, 0, 0, 
86, 0, 0.689296, 0.0101045, 3.27826e-07, 0.00168626, 0.00275201, 0, 
87, 0, 0.689296, 0.0139586, 0.00116099, 0.00337251, 0.00729252, 0, 
88, 0, 0.690356, 0.0184034, 0.00568193, 0.00341637, 0.0132713, 0.00484306, 
89, 0, 0.690387, 0.0243672, 0.0126506, 0.0122052, 0.0202052, 0.0119493, 
90, 0, 0.690401, 0.0313855, 0.020491, 0.0209466, 0.0277372, 0.0198517, 
91, 0, 0.691405, 0.0389316, 0.0287223, 0.0296823, 0.0356491, 0.0281202, 
92, 0, 0.695803, 0.046803, 0.0371657, 0.0384279, 0.0438118, 0.0365901, 
93, 0, 0.702708, 0.054891, 0.0457384, 0.0471882, 0.052147, 0.045184, 
94, 0, 0.71044, 0.0631302, 0.0543966, 0.0559645, 0.0606054, 0.0538601, 
95, 0, 0.718542, 0.0714789, 0.0631147, 0.0647561, 0.0691548, 0.0625941, 
96, 0, 0.726843, 0.0799094, 0.0718763, 0.0735623, 0.0777732, 0.0713703, 
97, 0, 0.735262, 0.088402, 0.0806709, 0.0823817, 0.0864451, 0.0801785, 
98, 0, 0.74375, 0.0969426, 0.089491, 0.0912133, 0.0951594, 0.0890115, 
99, 0, 0.752278, 0.105521, 0.0983311, 0.100056, 0.103908, 0.0978641, 
100, 0, 0.76082, 0.114128, 0.107187, 0.108909, 0.112684, 0.106733, 
101, 0, 0.769352, 0.122758, 0.116057, 0.11777, 0.121484, 0.115614, 
102, 0, 0.777844, 0.131406, 0.124938, 0.126641, 0.130303, 0.124506, 
103, 0, 0.786245, 0.140068, 0.133827, 0.135519, 0.139139, 0.133408, 
104, 0, 0.794455, 0.148738, 0.142724, 0.144404, 0.147988, 0.142317, 
105, 0, 0.802212, 0.157415, 0.151628, 0.153295, 0.15685, 0.151232, 
106, 0, 0.808645, 0.166093, 0.160537, 0.162193, 0.165722, 0.160153, 
107, 0, 0.808645, 0.174771, 0.169451, 0.171096, 0.174604, 0.169079, 
108, 0, 0.808645, 0.183445, 0.178369, 0.180005, 0.183493, 0.178009, 
109, 0, 0.808645, 0.192111, 0.18729, 0.188918, 0.19239, 0.186943, 
110, 0, 0.808645, 0.200764, 0.196214, 0.197836, 0.201293, 0.19588, 
111, 0, 0.808645, 0.2094, 0.20514, 0.206759, 0.210201, 0.20482, 
112, 0, 0.808645, 0.218012, 0.214068, 0.215686, 0.219115, 0.213763, 
113, 0, 0.808645, 0.226591, 0.222998, 0.224617, 0.228033, 0.222707, 
114, 0, 0.808645, 0.235128, 0.231929, 0.233552, 0.236956, 0.231653, 
115, 0, 0.808645, 0.243606, 0.24086, 0.242491, 0.245882, 0.240601, 
116, 0, 0.808645, 0.252003, 0.249792, 0.251434, 0.254811, 0.249551, 
117, 0, 0.808645, 0.260283, 0.258725, 0.26038, 0.263743, 0.258501, 
118, 0, 0.808645, 0.268389, 0.267657, 0.269329, 0.272679, 0.267453, 
119, 0, 0.808645, 0.276222, 0.276588, 0.278282, 0.281616, 0.276405, 
120, 0, 0.808645, 0.283601, 0.285518, 0.287239, 0.290556, 0.285358, 
121, 0, 0.808645, 0.290179, 0.294447, 0.296198, 0.299499, 0.294312, 
122, 0, 0.808645, 0.295385, 0.303374, 0.305161, 0.308443, 0.303266, 
123, 0, 0.808645, 0.298807, 0.312297, 0.314127, 0.317389, 0.31222, 
124, 0, 0.815904, 0.298807, 0.321218, 0.323097, 0.326336, 0.321174, 
125, 0, 0.815904, 0.298807, 0.330134, 0.332069, 0.335285, 0.330128, 
126, 0, 0.815904, 0.298807, 0.339045, 0.341045, 0.344236, 0.339081, 
127, 0, 0.815904, 0.298807, 0.347949, 0.350024, 0.353188, 0.348034, 
128, 0, 0.815904, 0.298807, 0.356843, 0.359006, 0.362141, 0.356986, 
129, 0, 0.815904, 0.298807, 0.365726, 0.367991, 0.371095, 0.365937, 
130, 0, 0.815904, 0.298807, 0.374593, 0.37698, 0.38005, 0.374887, 
131, 0, 0.815904, 0.298807, 0.383439, 0.385971, 0.389005, 0.383835, 
132, 0, 0.815904, 0.298807, 0.392252, 0.394964, 0.397962, 0.392781, 
133, 0, 0.816489, 0.298807, 0.401017, 0.40396, 0.40692, 0.401724, 
134, 0, 0.818148, 0.298807, 0.409701, 0.412959, 0.415878, 0.410664, 
135, 0, 0.820586, 0.298807, 0.418232, 0.421958, 0.424836, 0.419601, 
136, 0, 0.823356, 0.298807, 0.426412, 0.430958, 0.433796, 0.428532, 
137, 0, 0.823356, 0.298807, 0.433495, 0.439958, 0.442755, 0.437457, 
138, 0, 0.824648, 0.298807, 0.433495, 0.448956, 0.451716, 0.446375, 
139, 0, 0.827111, 0.298807, 0.433495, 0.457951, 0.460676, 0.455281, 
140, 0, 0.827111, 0.298807, 0.433495, 0.46694, 0.469637, 0.464174, 
141, 0, 0.828547, 0.298807, 0.433495, 0.475921, 0.478598, 0.473046, 
142, 0, 0.831196, 0.298807, 0.433495, 0.484889, 0.487559, 0.481887, 
143, 0, 0.831196, 0.298807, 0.433495, 0.493836, 0.496521, 0.49068, 
144, 0, 0.831196, 0.298807, 0.433495, 0.502752, 0.505482, 0.499386, 
145, 0, 0.83186, 0.298807, 0.433495, 0.511621, 0.514443, 0.507903, 
146, 0, 0.834069, 0.298807, 0.433495, 0.520416, 0.523405, 0.515887, 
147, 0, 0.834069, 0.298807, 0.433495, 0.529081, 0.532366, 0.515887, 
148, 0, 0.83617, 0.298807, 0.433495, 0.537104, 0.541327, 0.515887, 
149, 0, 0.845146, 0.298807, 0.433495, 0.544966, 0.550288, 0.515887, 
150, 0, 0.845146, 0.298807, 0.433495, 0.552475, 0.559249, 0.515887, 
151, 0, 0.845146, 0.298807, 0.433495, 0.559192, 0.568209, 0.515887, 
152, 0, 0.845146, 0.298807, 0.433495, 0.564141, 0.577169, 0.515887, 
153, 0, 0.845146, 0.298807, 0.433495, 0.564141, 0.586128, 0.515887, 
154, 0, 0.845146, 0.298807, 0.433495, 0.564141, 0.595086, 0.515887, 
155, 0, 0.845146, 0.298807, 0.433495, 0.564141, 0.604044, 0.515887, 
156, 0, 0.845146, 0.298807, 0.433495, 0.564141, 0.613001, 0.515887, 
157, 0, 0.845146, 0.298807, 0.433495, 0.564141, 0.621956, 0.515887, 
158, 0, 0.845146, 0.298807, 0.433495, 0.564141, 0.630911, 0.515887, 
159, 0, 0.845146, 0.298807, 0.433495, 0.564141, 0.639864, 0.515887, 
160, 0, 0.845146, 0.298807, 0.433495, 0.564141, 0.648816, 0.515887, 
161, 0, 0.845146, 0.298807, 0.433495, 0.564141, 0.657766, 0.515887, 
162, 0, 0.845146, 0.298807, 0.433495, 0.564141, 0.666714, 0.515887, 
163, 0, 0.845146, 0.298807, 0.433495, 0.564141, 0.675659, 0.515887, 
164, 0, 0.845146, 0.298807, 0.433495, 0.564141, 0.684602, 0.515887, 
165, 0, 0.845146, 0.298807, 0.433495, 0.564141, 0.693542, 0.515887, 
166, 0, 0.845146, 0.298807, 0.433495, 0.564141, 0.702478, 0.515887, 
167, 0, 0.845146, 0.298807, 0.433495, 0.564141, 0.711409, 0.515887, 
168, 0, 0.845146, 0.298807, 0.433495, 0.564141, 0.720335, 0.515887, 
169, 0, 0.845146, 0.298807, 0.433495, 0.564141, 0.729255, 0.515887, 
170, 0, 0.845146, 0.298807, 0.433495, 0.564141, 0.738167, 0.515887, 
171, 0, 0.845146, 0.298807, 0.433495, 0.564141, 0.74707, 0.515887, 
172, 0, 0.845146, 0.298807, 0.433495, 0.564141, 0.755959, 0.515887, 
173, 0, 0.845146, 0.298807, 0.433495, 0.564141, 0.764833, 0.515887, 
174, 0, 0.845146, 0.298807, 0.433495, 0.564141, 0.773684, 0.515887, 
175, 0, 0.845146, 0.298807, 0.433495, 0.564141, 0.782505, 0.515887, 
176, 0, 0.845146, 0.298807, 0.433495, 0.564141, 0.791279, 0.515887, 
177, 0, 0.845146, 0.298807, 0.433495, 0.564141, 0.79998, 0.515887, 
178, 0, 0.845146, 0.298807, 0.433495, 0.564141, 0.808551, 0.515887, 
179, 0, 0.845146, 0.298807, 0.433495, 0.564141, 0.816855, 0.515887, 
180, 0, 0.845146, 0.298807, 0.433495, 0.564141, 0.824463, 0.515887, 
181, 0, 0.845146, 0.298807, 0.433495, 0.564141, 0.824463, 0.515887, 0, 
182, 0, 0.845146, 0.298807, 0.433495, 0.564141, 0.824463, 0.515887, 0, 0, 
183, 0, 0.845146, 0.298807, 0.442482, 0.564141, 0.824592, 0.515887, 0.000545433, 0, 
184, 0, 0.845146, 0.307806, 0.444204, 0.564141, 0.825784, 0.522489, 0.00223937, 0.000458792, 
185, 0, 0.845146, 0.309507, 0.44671, 0.570681, 0.828683, 0.522498, 0.00968218, 0.00217061, 
186, 0, 0.852754, 0.311371, 0.450478, 0.570681, 0.830267, 0.523119, 0.0177357, 0.00563902, 
187, 0, 0.85278, 0.314184, 0.452012, 0.571136, 0.833481, 0.526481, 0.0260886, 0.0107995, 
188, 0, 0.853651, 0.314653, 0.455115, 0.573684, 0.838213, 0.532871, 0.0346124, 0.0171999, 
189, 0, 0.858134, 0.316251, 0.459757, 0.579534, 0.844041, 0.54026, 0.0432441, 0.024395, 
190, 0, 0.865102, 0.319473, 0.465579, 0.586772, 0.850575, 0.548078, 0.0519488, 0.0320883, 
191, 0, 0.87257, 0.324345, 0.472185, 0.594564, 0.85755, 0.556114, 0.0607053, 0.0401029, 
192, 0, 0.880243, 0.330462, 0.479281, 0.602621, 0.864796, 0.564262, 0.0695001, 0.0483334, 
193, 0, 0.888017, 0.337374, 0.486677, 0.610811, 0.872198, 0.572458, 0.0783242, 0.0567147, 
194, 0, 0.895827, 0.344764, 0.494244, 0.619056, 0.879669, 0.580647, 0.087171, 0.0652054, 
195, 0, 0.903621, 0.352436, 0.501888, 0.627291, 0.887132, 0.588767, 0.0960361, 0.0737777, 
196, 0, 0.911342, 0.360263, 0.509525, 0.635437, 0.894498, 0.596725, 0.104916, 0.0824126, 
197, 0, 0.918918, 0.36815, 0.517061, 0.643363, 0.901648, 0.604333, 0.113808, 0.0910965, 
198, 0, 0.926246, 0.376008, 0.524364, 0.650761, 0.908388, 0.611143, 0.12271, 0.0998195, 
199, 0, 0.933173, 0.38372, 0.531219, 0.656799, 0.914383, 0.616093, 0.13162, 0.108574, 
200, 0, 0.939482, 0.391083, 0.537247, 0.656799, 0.919107, 0.616093, 0.140538, 0.117355, 
201, 0, 0.945101, 0.397668, 0.541899, 0.656799, 0.919107, 0.616093, 0.149462, 0.126158, 
202, 0, 0.945101, 0.402666, 0.541899, 0.656799, 0.919107, 0.616093, 0.158392, 0.134978, 
203, 0, 0.945101, 0.405256, 0.541899, 0.656799, 0.919107, 0.616093, 0.167326, 0.143815, 
204, 0, 0.945101, 0.407956, 0.541899, 0.656799, 0.919107, 0.616093, 0.176264, 0.152664, 
205, 0, 0.945101, 0.407956, 0.541899, 0.656799, 0.919107, 0.616093, 0.185206, 0.161526, 
206, 0, 0.945101, 0.407956, 0.541899, 0.656799, 0.919107, 0.616093, 0.194151, 0.170397, 
207, 0, 0.945101, 0.407956, 0.541899, 0.656799, 0.919107, 0.616093, 0.203099, 0.179277, 
208, 0, 0.945101, 0.407956, 0.541899, 0.656799, 0.919107, 0.616093, 0.212049, 0.188165, 
209, 0, 0.945101, 0.407956, 0.541899, 0.656799, 0.919107, 0.616093, 0.221002, 0.19706, 
210, 0, 0.945101, 0.407956, 0.541899, 0.656799, 0.919107, 0.616093, 0.229956, 0.20596, 
211, 0, 0.945101, 0.407956, 0.541899, 0.656799, 0.919107, 0.616093, 0.238913, 0.214866, 
212, 0, 0.945101, 0.407956, 0.541899, 0.656799, 0.919107, 0.616093, 0.247871, 0.223777, 
213, 0, 0.945101, 0.407956, 0.541899, 0.656799, 0.919107, 0.616093, 0.25683, 0.232693, 
214, 0, 0.945101, 0.407956, 0.541899, 0.656799, 0.919107, 0.616093, 0.265791, 0.241612, 
215, 0, 0.945101, 0.407956, 0.541899, 0.656799, 0.919107, 0.616093, 0.274753, 0.250535, 
216, 0, 0.945101, 0.407956, 0.541899, 0.656799, 0.919107, 0.616093, 0.283715, 0.259461, 
217, 0, 0.945101, 0.407956, 0.541899, 0.656799, 0.919107, 0.616093, 0.292679, 0.268389, 
218, 0, 0.945101, 0.407956, 0.541899, 0.656799, 0.919107, 0.616093, 0.301644, 0.277321, 
219, 0, 0.945101, 0.407956, 0.541899, 0.656799, 0.919107, 0.616093, 0.310609, 0.286255, 
220, 0, 0.945101, 0.407956, 0.541899, 0.656799, 0.919107, 0.616093, 0.319575, 0.295191, 
221, 0, 0.945101, 0.407956, 0.549995, 0.656799, 0.919107, 0.616093, 0.328541, 0.304129, 
222, 0, 0.945101, 0.407956, 0.549995, 0.656799, 0.919107, 0.616093, 0.337508, 0.313069, 
223, 0, 0.945101, 0.407956, 0.549995, 0.656799, 0.919107, 0.616093, 0.346475, 0.32201, 
224, 0, 0.945101, 0.415637, 0.549995, 0.656799, 0.919107, 0.616093, 0.355442, 0.330953, 
225, 0, 0.945101, 0.415637, 0.549995, 0.656799, 0.919107, 0.616093, 0.364409, 0.339898, 
226, 0, 0.945101, 0.415637, 0.549995, 0.656799, 0.919107, 0.616093, 0.373377, 0.348843, 
227, 0, 0.945101, 0.415637, 0.549995, 0.656799, 0.919107, 0.616093, 0.382345, 0.35779, 
228, 0, 0.945101, 0.415637, 0.549995, 0.656799, 0.919107, 0.616093, 0.391312, 0.366738, 
229, 0, 0.945101, 0.415637, 0.549995, 0.656799, 0.919107, 0.616093, 0.40028, 0.375686, 
230, 0, 0.945101, 0.415637, 0.549995, 0.656799, 0.919107, 0.616093, 0.409247, 0.384636, 
231, 0, 0.945101, 0.415637, 0.549995, 0.656799, 0.919107, 0.616093, 0.418213, 0.393586, 
232, 0, 0.945101, 0.415637, 0.549995, 0.656799, 0.919107, 0.616093, 0.42718, 0.402536, 
233, 0, 0.945101, 0.415637, 0.549995, 0.656799, 0.919107, 0.616093, 0.436145, 0.411487, 
234, 0, 0.945101, 0.415637, 0.549995, 0.656799, 0.919107, 0.616093, 0.44511, 0.420439, 
235, 0, 0.945101, 0.415637, 0.549995, 0.656799, 0.919107, 0.616093, 0.454074, 0.429391, 
236, 0, 0.945101, 0.415637, 0.549995, 0.656799, 0.919107, 0.616093, 0.463037, 0.438343, 
237, 0, 0.945101, 0.415637, 0.549995, 0.656799, 0.919107, 0.616093, 0.471999, 0.447295, 
238, 0, 0.945101, 0.415637, 0.549995, 0.656799, 0.919107, 0.616093, 0.480959, 0.456248, 
239, 0, 0.945101, 0.415637, 0.549995, 0.656799, 0.919107, 0.616093, 0.489917, 0.4652, 
240, 0, 0.945101, 0.415637, 0.549995, 0.656799, 0.919107, 0.616093, 0.498873, 0.474152, 
241, 0, 0.945101, 0.415637, 0.549995, 0.656799, 0.919107, 0.616093, 0.507826, 0.483104, 
242, 0, 0.945101, 0.415637, 0.549995, 0.656799, 0.919107, 0.616093, 0.516777, 0.492056, 
243, 0, 0.945101, 0.415637, 0.549995, 0.656799, 0.919107, 0.616093, 0.525723, 0.501007, 
244, 0, 0.945101, 0.415637, 0.549995, 0.656799, 0.919107, 0.616093, 0.534664, 0.509957, 
245, 0, 0.945101, 0.415637, 0.549995, 0.656799, 0.919107, 0.616093, 0.543599, 0.518907, 
246, 0, 0.953999, 0.415637, 0.549995, 0.656799, 0.919107, 0.616093, 0.552526, 0.527856, 
247, 0, 0.953999, 0.415637, 0.549995, 0.656799, 0.919107, 0.616093, 0.561442, 0.536804, 
248, 0, 0.953999, 0.42296, 0.549995, 0.656799, 0.919107, 0.616093, 0.570344, 0.545751, 
249, 0, 0.953999, 0.42296, 0.549995, 0.656799, 0.919107, 0.616093, 0.579225, 0.554697, 
250, 0, 0.953999, 0.42296, 0.549995, 0.656799, 0.919107, 0.616093, 0.588072, 0.563641, 
251, 0, 0.953999, 0.42296, 0.549995, 0.656799, 0.919107, 0.616093, 0.596866, 0.572583, 
252, 0, 0.953999, 0.42296, 0.549995, 0.656799, 0.919107, 0.616093, 0.605555, 0.581523, 
253, 0, 0.953999, 0.42296, 0.549995, 0.656799, 0.919107, 0.616093, 0.613998, 0.59046, 
254, 0, 0.953999, 0.42296, 0.549995, 0.656799, 0.919107, 0.616093, 0.621591, 0.599395, 
255, 0, 0.953999, 0.42296, 0.549995, 0.656799, 0.919107, 0.616093, 0.621591, 0.608326, 
256, 0, 0.953999, 0.42296, 0.549995, 0.656799, 0.919107, 0.616093, 0.621591, 0.617253, 
257, 0, 0.953999, 0.42296, 0.549995, 0.656799, 0.919107, 0.616093, 0.621591, 0.626176, 
258, 0, 0.953999, 0.42296, 0.549995, 0.656799, 0.919107, 0.616093, 0.621591, 0.635092, 
259, 0, 0.953999, 0.42296, 0.549995, 0.656799, 0.919107, 0.616093, 0.621591, 0.644002, 
260, 0, 0.953999, 0.42296, 0.549995, 0.656799, 0.919107, 0.616093, 0.621591, 0.652903, 
261, 0, 0.953999, 0.42296, 0.549995, 0.656799, 0.919107, 0.616093, 0.621591, 0.661793, 
262, 0, 0.953999, 0.42296, 0.549995, 0.656799, 0.919107, 0.616093, 0.621591, 0.670669, 
263, 0, 0.953999, 0.42296, 0.549995, 0.656799, 0.919107, 0.616093, 0.621591, 0.679527, 
264, 0, 0.953999, 0.42296, 0.549995, 0.656799, 0.919107, 0.616093, 0.621591, 0.68836, 
265, 0, 0.953999, 0.42296, 0.549995, 0.656799, 0.919107, 0.616093, 0.621591, 0.697158, 
266, 0, 0.953999, 0.42296, 0.549995, 0.656799, 0.919107, 0.616093, 0.621591, 0.705904, 
267, 0, 0.96275, 0.42296, 0.549995, 0.656799, 0.919107, 0.616093, 0.621591, 0.714563, 
268, 0, 0.96275, 0.42296, 0.549995, 0.656799, 0.919107, 0.616093, 0.621591, 0.723069, 
269, 0, 0.96275, 0.42296, 0.549995, 0.656799, 0.919107, 0.616093, 0.621591, 0.73125, 
270, 0, 0.96275, 0.42296, 0.549995, 0.656799, 0.919107, 0.616093, 0.621591, 0.738553, 
271, 0, 0.96275, 0.42296, 0.549995, 0.656799, 0.919107, 0.616093, 0.621591, 0.738553, 0, 
272, 0, 0.96275, 0.42296, 0.549995, 0.656799, 0.919107, 0.616093, 0.621591, 0.738553, 0, 
273, 0, 0.96275, 0.42296, 0.549995, 0.656799, 0.919107, 0.616093, 0.621591, 0.738553, 0.00766352, 
274, 0, 0.971656, 0.42296, 0.549995, 0.656799, 0.919107, 0.616093, 0.622054, 0.738553, 0.0161002, 
275, 0, 0.971656, 0.42296, 0.549999, 0.656799, 0.919659, 0.616093, 0.62365, 0.738553, 0.0246786, 
276, 0, 0.971656, 0.423086, 0.550494, 0.656799, 0.921336, 0.616093, 0.626876, 0.738553, 0.033349, 
277, 0, 0.971656, 0.423857, 0.552361, 0.656799, 0.924752, 0.616093, 0.631623, 0.738553, 0.0420828, 
278, 0, 0.971656, 0.426435, 0.555993, 0.656799, 0.929715, 0.616093, 0.637474, 0.738553, 0.0508622, 
279, 0, 0.971656, 0.43067, 0.561168, 0.656799, 0.935722, 0.616093, 0.644038, 0.738553, 0.0596758, 
280, 0, 0.971656, 0.436284, 0.567383, 0.656799, 0.942364, 0.616093, 0.651052, 0.738553, 0.0685156, 
281, 0, 0.971656, 0.442854, 0.57423, 0.656799, 0.949386, 0.616093, 0.658347, 0.738553, 0.0773761, 
282, 0, 0.971656, 0.450023, 0.581446, 0.656799, 0.956629, 0.616093, 0.665811, 0.738553, 0.0862532, 
283, 0, 0.971656, 0.45755, 0.588869, 0.656799, 0.963988, 0.616093, 0.673362, 0.738553, 0.0951438, 
284, 0, 0.971656, 0.465275, 0.596386, 0.656799, 0.971381, 0.616093, 0.68093, 0.738553, 0.104046, 
285, 0, 0.971656, 0.47308, 0.603902, 0.656799, 0.978736, 0.616093, 0.688443, 0.738553, 0.112957, 
286, 0, 0.971656, 0.480856, 0.611326, 0.656799, 0.985972, 0.616093, 0.695811, 0.738553, 0.121876, 
287, 0, 0.971656, 0.488468, 0.618543, 0.656799, 0.992988, 0.616093, 0.702896, 0.738553, 0.130802, 
288, 0, 0.971656, 0.495697, 0.625403, 0.656799, 0.999639, 0.616093, 0.709463, 0.738553, 0.139734, 
289, 0, 0.971656, 0.502167, 0.631701, 0.656799, 1.00571, 0.616093, 0.71511, 0.738553, 0.14867, 
290, 0, 0.971656, 0.507335, 0.63721, 0.656799, 1.0109, 0.616093, 0.719296, 0.738553, 0.157612, 
291, 0, 0.971656, 0.510992, 0.641818, 0.656799, 1.01491, 0.616093, 0.719296, 0.738553, 0.166557, 
292, 0, 0.971656, 0.513789, 0.645669, 0.656799, 1.01491, 0.616093, 0.719296, 0.738553, 0.175505, 
293, 0, 0.971656, 0.516435, 0.648976, 0.656799, 1.01491, 0.616093, 0.719296, 0.738553, 0.184457, 
294, 0, 0.971656, 0.519035, 0.648976, 0.656799, 1.01491, 0.616093, 0.719296, 0.738553, 0.193411, 
295, 0, 0.971656, 0.519035, 0.648976, 0.656799, 1.01491, 0.616093, 0.719296, 0.738553, 0.202368, 
296, 0, 0.971656, 0.519035, 0.648976, 0.656799, 1.01491, 0.616093, 0.719296, 0.738553, 0.211327, 
297, 0, 0.971656, 0.519035, 0.648976, 0.656799, 1.01491, 0.616093, 0.719296, 0.738553, 0.220288, 
298, 0, 0.971656, 0.519035, 0.648976, 0.656799, 1.01491, 0.616093, 0.719296, 0.738553, 0.22925, 
299, 0, 0.971656, 0.519035, 0.648976, 0.656799, 1.01491, 0.616093, 0.719296, 0.738553, 0.238215, 
300, 0, 0.971656, 0.519035, 0.648976, 0.656799, 1.01491, 0.616093, 0.719296, 0.738553, 0.24718, 
301, 0, 0.971656, 0.519035, 0.648976, 0.656799, 1.01491, 0.616093, 0.719296, 0.738553, 0.256147, 
302, 0, 0.971656, 0.519035, 0.648976, 0.656799, 1.01491, 0.616093, 0.719296, 0.738553, 0.265116, 
303, 0, 0.971656, 0.519035, 0.648976, 0.656799, 1.01491, 0.616093, 0.719296, 0.738553, 0.274085, 
304, 0, 0.971656, 0.519035, 0.648976, 0.656799, 1.01491, 0.616093, 0.719296, 0.738553, 0.283056, 
305, 0, 0.971656, 0.52651, 0.648976, 0.656799, 1.01491, 0.616093, 0.719296, 0.738553, 0.292027, 
306, 0, 0.971656, 0.52651, 0.648976, 0.656799, 1.01491, 0.616093, 0.719296, 0.738553, 0.300999, 
307, 0, 0.971656, 0.52651, 0.648976, 0.656799, 1.01491, 0.616093, 0.719296, 0.738553, 0.309972, 
308, 0, 0.971656, 0.52651, 0.648976, 0.656799, 1.01491, 0.616093, 0.719296, 0.738553, 0.318946, 
309, 0, 0.971656, 0.52651, 0.648976, 0.656799, 1.01491, 0.616093, 0.719296, 0.738553, 0.32792, 
310, 0, 0.971656, 0.52651, 0.648976, 0.656799, 1.01491, 0.616093, 0.719296, 0.738553, 0.336895, 
311, 0, 0.971656, 0.52651, 0.648976, 0.656799, 1.01491, 0.616093, 0.719296, 0.738553, 0.34587, 
312, 0, 0.971656, 0.52651, 0.648976, 0.656799, 1.01491, 0.616093, 0.719296, 0.738553, 0.354846, 
313, 0, 0.971656, 0.52651, 0.648976, 0.656799, 1.01491, 0.616093, 0.719296, 0.738553, 0.363822, 
314, 0, 0.971656, 0.52651, 0.648976, 0.656799, 1.01491, 0.616093, 0.719296, 0.738553, 0.372799, 
315, 0, 0.971656, 0.52651, 0.648976, 0.656799, 1.01491, 0.616093, 0.719296, 0.738553, 0.381776, 
316, 0, 0.971656, 0.52651, 0.648976, 0.656799, 1.01491, 0.616093, 0.719296, 0.738553, 0.390754, 
317, 0, 0.971656, 0.52651, 0.648976, 0.656799, 1.01491, 0.616093, 0.719296, 0.738553, 0.399731, 
318, 0, 0.971656, 0.52651, 0.648976, 0.656799, 1.01491, 0.616093, 0.719296, 0.738553, 0.408709, 
319, 0, 0.971656, 0.52651, 0.648976, 0.656799, 1.01491, 0.616093, 0.719296, 0.738553, 0.417687, 
320, 0, 0.971656, 0.52651, 0.648976, 0.656799, 1.01491, 0.616093, 0.719296, 0.738553, 0.426666, 
321, 0, 0.971656, 0.52651, 0.648976, 0.656799, 1.01491, 0.616093, 0.719296, 0.738553, 0.435644, 
322, 0, 0.971656, 0.52651, 0.648976, 0.656799, 1.01491, 0.616093, 0.719296, 0.738553, 0.444622, 
323, 0, 0.971656, 0.52651, 0.648976, 0.656799, 1.01491, 0.616093, 0.719296, 0.738553, 0.453601, 
324, 0, 0.971656, 0.52651, 0.648976, 0.656799, 1.01491, 0.616093, 0.719296, 0.738553, 0.462579, 
325, 0, 0.971656, 0.52651, 0.648976, 0.656799, 1.01491, 0.616093, 0.719296, 0.738553, 0.471558, 
326, 0, 0.971656, 0.52651, 0.648976, 0.656799, 1.01491, 0.616093, 0.719296, 0.738553, 0.480536, 
327, 0, 0.971656, 0.52651, 0.648976, 0.656799, 1.01491, 0.616093, 0.719296, 0.738553, 0.489515, 
328, 0, 0.971656, 0.52651, 0.657919, 0.656799, 1.01491, 0.616093, 0.719296, 0.738553, 0.498493, 
329, 0, 0.971656, 0.52651, 0.657919, 0.656799, 1.02389, 0.616093, 0.719296, 0.738553, 0.507471, 
330, 0, 0.971656, 0.52651, 0.657919, 0.656799, 1.02389, 0.616093, 0.719296, 0.738553, 0.516449, 
331, 0, 0.971656, 0.52651, 0.657919, 0.656799, 1.02389, 0.616093, 0.719296, 0.738553, 0.525426, 
332, 0, 0.971656, 0.52651, 0.657919, 0.656799, 1.02389, 0.616093, 0.719296, 0.738553, 0.534404, 
333, 0, 0.971656, 0.52651, 0.657919, 0.656799, 1.02389, 0.616093, 0.719296, 0.738553, 0.54338, 
334, 0, 0.971656, 0.52651, 0.657919, 0.656799, 1.02389, 0.616093, 0.719296, 0.738553, 0.552357, 
335, 0, 0.971656, 0.52651, 0.657919, 0.656799, 1.02389, 0.616093, 0.719296, 0.738553, 0.561332, 
336, 0, 0.971656, 0.52651, 0.657919, 0.656799, 1.02389, 0.616093, 0.719296, 0.738553, 0.570307, 
337, 0, 0.971656, 0.52651, 0.657919, 0.656799, 1.02389, 0.616093, 0.719296, 0.738553, 0.579282, 
338, 0, 0.971656, 0.52651, 0.657919, 0.656799, 1.02389, 0.616093, 0.719296, 0.738553, 0.588255, 
339, 0, 0.971656, 0.52651, 0.657919, 0.656799, 1.02389, 0.616093, 0.719296, 0.738553, 0.597228, 
340, 0, 0.971656, 0.52651, 0.657919, 0.656799, 1.02389, 0.616093, 0.719296, 0.738553, 0.606199, 
341, 0, 0.971656, 0.534132, 0.657919, 0.656799, 1.02389, 0.616093, 0.719296, 0.738553, 0.615169, 
342, 0, 0.971656, 0.534132, 0.657919, 0.656799, 1.02389, 0.616093, 0.719296, 0.738553, 0.624138, 
343, 0, 0.971656, 0.534132, 0.657919, 0.656799, 1.02389, 0.616093, 0.719296, 0.738553, 0.633105, 
344, 0, 0.971656, 0.534132, 0.657919, 0.656799, 1.02389, 0.616093, 0.719296, 0.738553, 0.642069, 
345, 0, 0.971656, 0.534132, 0.666916, 0.656799, 1.02389, 0.616093, 0.719296, 0.738553, 0.651031, 
346, 0, 0.971656, 0.54292, 0.666916, 0.656799, 1.02389, 0.616093, 0.719296, 0.738553, 0.65999, 
347, 0, 0.971656, 0.54292, 0.666916, 0.656799, 1.03233, 0.616093, 0.719296, 0.738553, 0.668945, 
348, 0, 0.971656, 0.551488, 0.67583, 0.656799, 1.03233, 0.616093, 0.719296, 0.738553, 0.677896, 
349, 0, 0.971656, 0.551488, 0.67583, 0.656799, 1.03233, 0.616093, 0.719296, 0.738553, 0.68684, 
350, 0, 0.971656, 0.558897, 0.684785, 0.656799, 1.03233, 0.616093, 0.719296, 0.738553, 0.695777, 
351, 0, 0.971656, 0.566685, 0.684785, 0.656799, 1.04001, 0.616093, 0.719296, 0.738553, 0.704703, 
352, 0, 0.971656, 0.573291, 0.684785, 0.656799, 1.04001, 0.616093, 0.719296, 0.738553, 0.713615, 
353, 0, 0.971656, 0.573291, 0.684785, 0.656799, 1.04001, 0.616093, 0.719296, 0.738553, 0.722505, 
354, 0, 0.971656, 0.57855, 0.684785, 0.656799, 1.04001, 0.616093, 0.719296, 0.738553, 0.731362, 
355, 0, 0.971656, 0.57855, 0.684785, 0.656799, 1.04001, 0.616093, 0.719296, 0.738553, 0.74016, 
356, 0, 0.971656, 0.584956, 0.684785, 0.656799, 1.04001, 0.616093, 0.719296, 0.738553, 0.74884, 
357, 0, 0.971656, 0.59271, 0.693781, 0.656799, 1.04846, 0.616093, 0.719296, 0.738553, 0.757206, 
358, 0, 0.971656, 0.601376, 0.693781, 0.656799, 1.04846, 0.616093, 0.719296, 0.738553, 0.757206, 
359, 0, 0.971656, 0.601376, 0.693781, 0.656799, 1.04846, 0.616093, 0.719296, 0.738553, 0.757206, 
360, 0, 0.971656, 0.609065, 0.693781, 0.656799, 1.04846, 0.616093, 0.719296, 0.738553, 0.757206, 
361, 0, 0.971656, 0.609065, 0.702762, 0.656799, 1.04846, 0.616093, 0.719296, 0.738553, 0.757206, 
