0, 26
0, 26
0, 26
0, 26
0, 26
0, 26
0, 26
0, 26
0, 26
0, 26
0, 26
0, 26
0, 26
0, 26
0, 26
0, 26
0, 26
0, 26
0, 26
0, 26
0, 26
0, 26
0, 26
0, 26
0, 26
0, 26
1, 0
2, 1
3, 26
3, 26
3, 26
3, 26
3, 26
3, 26
3, 26
3, 26
3, 26
3, 26
3, 26
3, 26
3, 26
3, 26
3, 26
3, 26
3, 26
3, 26
3, 26
3, 26
3, 26
3, 26
3, 26
3, 26
3, 26
3, 26
4, 2
4, 2
5, 3
5, 3
5, 3
6, 4
6, 4
6, 4
6, 4
7, 4
7, 4
7, 4
7, 4
8, 4
8, 4
8, 4
8, 4
9, 4
9, 4
9, 4
9, 4
10, 4
10, 4
10, 4
10, 4
11, 4
11, 4
11, 4
11, 4
12, 4
12, 4
12, 4
12, 4
13, 4
13, 4
13, 4
13, 4
14, 4
14, 4
14, 4
14, 4
15, 4
15, 4
15, 4
15, 4
16, 4
16, 4
16, 4
16, 4
17, 4
17, 4
17, 4
17, 4
18, 4
18, 4
18, 4
18, 4
19, 4
19, 4
19, 4
19, 4
20, 4
20, 4
20, 4
20, 4
21, 4
21, 4
21, 4
21, 4
22, 4
22, 4
22, 4
22, 4
23, 4
23, 4
23, 4
23, 4
24, 4
24, 4
24, 4
24, 4
25, 4
25, 4
25, 4
25, 4
26, 4
26, 4
26, 4
26, 4
27, 4
27, 4
27, 4
27, 4
28, 4
28, 4
28, 4
28, 4
29, 4
29, 4
29, 4
29, 4
30, 4
30, 4
30, 4
30, 4
31, 4
31, 4
31, 4
31, 4
32, 4
32, 4
32, 4
32, 4
33, 4
33, 4
33, 4
33, 4
34, 4
34, 4
34, 4
34, 4
35, 4
35, 4
35, 4
35, 4
36, 4
36, 4
36, 4
36, 4
37, 4
37, 4
37, 4
37, 4
38, 4
38, 4
38, 4
38, 4
39, 4
39, 4
39, 4
39, 4
40, 4
40, 4
40, 4
40, 4
41, 4
41, 4
41, 4
41, 4
42, 4
42, 4
42, 4
42, 4
43, 4
43, 4
43, 4
43, 4
44, 4
44, 4
44, 4
44, 4
45, 4
45, 4
45, 4
45, 4
46, 4
46, 4
46, 4
46, 4
47, 27
47, 27
47, 27
47, 27
47, 27
47, 27
47, 27
47, 27
47, 27
47, 27
47, 27
47, 27
47, 27
47, 27
47, 27
47, 27
47, 27
47, 27
47, 27
47, 27
47, 27
47, 27
47, 27
47, 27
47, 27
47, 27
47, 27
48, 4
48, 4
48, 4
48, 4
49, 5
49, 5
49, 5
49, 5
49, 5
50, 6
50, 6
50, 6
50, 6
50, 6
50, 6
51, 6
51, 6
51, 6
51, 6
51, 6
51, 6
52, 6
52, 6
52, 6
52, 6
52, 6
52, 6
53, 6
53, 6
53, 6
53, 6
53, 6
53, 6
54, 6
54, 6
54, 6
54, 6
54, 6
54, 6
55, 6
55, 6
55, 6
55, 6
55, 6
55, 6
56, 6
56, 6
56, 6
56, 6
56, 6
56, 6
57, 6
57, 6
57, 6
57, 6
57, 6
57, 6
58, 6
58, 6
58, 6
58, 6
58, 6
58, 6
59, 6
59, 6
59, 6
59, 6
59, 6
59, 6
60, 6
60, 6
60, 6
60, 6
60, 6
60, 6
61, 6
61, 6
61, 6
61, 6
61, 6
61, 6
62, 6
62, 6
62, 6
62, 6
62, 6
62, 6
63, 6
63, 6
63, 6
63, 6
63, 6
63, 6
64, 6
64, 6
64, 6
64, 6
64, 6
64, 6
65, 6
65, 6
65, 6
65, 6
65, 6
65, 6
66, 6
66, 6
66, 6
66, 6
66, 6
66, 6
67, 6
67, 6
67, 6
67, 6
67, 6
67, 6
68, 6
68, 6
68, 6
68, 6
68, 6
68, 6
69, 6
69, 6
69, 6
69, 6
69, 6
69, 6
70, 6
70, 6
70, 6
70, 6
70, 6
70, 6
71, 6
71, 6
71, 6
71, 6
71, 6
71, 6
72, 6
72, 6
72, 6
72, 6
72, 6
72, 6
73, 6
73, 6
73, 6
73, 6
73, 6
73, 6
74, 6
74, 6
74, 6
74, 6
74, 6
74, 6
75, 6
75, 6
75, 6
75, 6
75, 6
75, 6
76, 6
76, 6
76, 6
76, 6
76, 6
76, 6
77, 6
77, 6
77, 6
77, 6
77, 6
77, 6
78, 6
78, 6
78, 6
78, 6
78, 6
78, 6
79, 6
79, 6
79, 6
79, 6
79, 6
79, 6
80, 6
80, 6
80, 6
80, 6
80, 6
80, 6
81, 6
81, 6
81, 6
81, 6
81, 6
81, 6
82, 6
82, 6
82, 6
82, 6
82, 6
82, 6
83, 6
83, 6
83, 6
83, 6
83, 6
83, 6
84, 6
84, 6
84, 6
84, 6
84, 6
84, 6
85, 6
85, 6
85, 6
85, 6
85, 6
85, 6
86, 6
86, 6
86, 6
86, 6
86, 6
86, 6
87, 6
87, 6
87, 6
87, 6
87, 6
87, 6
88, 6
88, 6
88, 6
88, 6
88, 6
88, 6
89, 6
89, 6
89, 6
89, 6
89, 6
89, 6
90, 6
90, 6
90, 6
90, 6
90, 6
90, 6
91, 6
91, 6
91, 6
91, 6
91, 6
91, 6
92, 6
92, 6
92, 6
92, 6
92, 6
92, 6
93, 6
93, 6
93, 6
93, 6
93, 6
93, 6
94, 28
94, 28
94, 28
94, 28
94, 28
94, 28
94, 28
94, 28
94, 28
94, 28
94, 28
94, 28
94, 28
94, 28
94, 28
94, 28
94, 28
94, 28
94, 28
94, 28
94, 28
94, 28
94, 28
94, 28
94, 28
94, 28
94, 28
94, 28
95, 6
95, 6
95, 6
95, 6
95, 6
95, 6
96, 7
96, 7
96, 7
96, 7
96, 7
96, 7
96, 7
97, 8
97, 8
97, 8
97, 8
97, 8
97, 8
97, 8
97, 8
98, 8
98, 8
98, 8
98, 8
98, 8
98, 8
98, 8
98, 8
99, 8
99, 8
99, 8
99, 8
99, 8
99, 8
99, 8
99, 8
100, 8
100, 8
100, 8
100, 8
100, 8
100, 8
100, 8
100, 8
101, 8
101, 8
101, 8
101, 8
101, 8
101, 8
101, 8
101, 8
102, 8
102, 8
102, 8
102, 8
102, 8
102, 8
102, 8
102, 8
103, 29
103, 29
103, 29
103, 29
103, 29
103, 29
103, 29
103, 29
103, 29
103, 29
103, 29
103, 29
103, 29
103, 29
103, 29
103, 29
103, 29
103, 29
103, 29
103, 29
103, 29
103, 29
103, 29
103, 29
103, 29
103, 29
103, 29
103, 29
103, 29
104, 8
104, 8
104, 8
104, 8
104, 8
104, 8
104, 8
104, 8
105, 9
105, 9
105, 9
105, 9
105, 9
105, 9
105, 9
105, 9
105, 9
106, 10
106, 10
106, 10
106, 10
106, 10
106, 10
106, 10
106, 10
106, 10
106, 10
107, 10
107, 10
107, 10
107, 10
107, 10
107, 10
107, 10
107, 10
107, 10
107, 10
108, 10
108, 10
108, 10
108, 10
108, 10
108, 10
108, 10
108, 10
108, 10
108, 10
109, 10
109, 10
109, 10
109, 10
109, 10
109, 10
109, 10
109, 10
109, 10
109, 10
110, 10
110, 10
110, 10
110, 10
110, 10
110, 10
110, 10
110, 10
110, 10
110, 10
111, 10
111, 10
111, 10
111, 10
111, 10
111, 10
111, 10
111, 10
111, 10
111, 10
112, 10
112, 10
112, 10
112, 10
112, 10
112, 10
112, 10
112, 10
112, 10
112, 10
113, 10
113, 10
113, 10
113, 10
113, 10
113, 10
113, 10
113, 10
113, 10
113, 10
114, 10
114, 10
114, 10
114, 10
114, 10
114, 10
114, 10
114, 10
114, 10
114, 10
115, 10
115, 10
115, 10
115, 10
115, 10
115, 10
115, 10
115, 10
115, 10
115, 10
116, 10
116, 10
116, 10
116, 10
116, 10
116, 10
116, 10
116, 10
116, 10
116, 10
117, 10
117, 10
117, 10
117, 10
117, 10
117, 10
117, 10
117, 10
117, 10
117, 10
118, 10
118, 10
118, 10
118, 10
118, 10
118, 10
118, 10
118, 10
118, 10
118, 10
119, 10
119, 10
119, 10
119, 10
119, 10
119, 10
119, 10
119, 10
119, 10
119, 10
120, 10
120, 10
120, 10
120, 10
120, 10
120, 10
120, 10
120, 10
120, 10
120, 10
121, 10
121, 10
121, 10
121, 10
121, 10
121, 10
121, 10
121, 10
121, 10
121, 10
122, 10
122, 10
122, 10
122, 10
122, 10
122, 10
122, 10
122, 10
122, 10
122, 10
123, 10
123, 10
123, 10
123, 10
123, 10
123, 10
123, 10
123, 10
123, 10
123, 10
124, 10
124, 10
124, 10
124, 10
124, 10
124, 10
124, 10
124, 10
124, 10
124, 10
125, 10
125, 10
125, 10
125, 10
125, 10
125, 10
125, 10
125, 10
125, 10
125, 10
126, 10
126, 10
126, 10
126, 10
126, 10
126, 10
126, 10
126, 10
126, 10
126, 10
127, 10
127, 10
127, 10
127, 10
127, 10
127, 10
127, 10
127, 10
127, 10
127, 10
128, 10
128, 10
128, 10
128, 10
128, 10
128, 10
128, 10
128, 10
128, 10
128, 10
129, 10
129, 10
129, 10
129, 10
129, 10
129, 10
129, 10
129, 10
129, 10
129, 10
130, 10
130, 10
130, 10
130, 10
130, 10
130, 10
130, 10
130, 10
130, 10
130, 10
131, 10
131, 10
131, 10
131, 10
131, 10
131, 10
131, 10
131, 10
131, 10
131, 10
132, 10
132, 10
132, 10
132, 10
132, 10
132, 10
132, 10
132, 10
132, 10
132, 10
133, 10
133, 10
133, 10
133, 10
133, 10
133, 10
133, 10
133, 10
133, 10
133, 10
134, 10
134, 10
134, 10
134, 10
134, 10
134, 10
134, 10
134, 10
134, 10
134, 10
135, 10
135, 10
135, 10
135, 10
135, 10
135, 10
135, 10
135, 10
135, 10
135, 10
136, 10
136, 10
136, 10
136, 10
136, 10
136, 10
136, 10
136, 10
136, 10
136, 10
137, 10
137, 10
137, 10
137, 10
137, 10
137, 10
137, 10
137, 10
137, 10
137, 10
138, 10
138, 10
138, 10
138, 10
138, 10
138, 10
138, 10
138, 10
138, 10
138, 10
139, 10
139, 10
139, 10
139, 10
139, 10
139, 10
139, 10
139, 10
139, 10
139, 10
