0, 0.009
1, 19.9914
2, 20.1099
3, 20.093
4, 20.0363
5, 20.0411
6, 19.9974
7, 20.0093
8, 19.9264
9, 20.0346
10, 19.9252
11, 20.0449
12, 19.8549
13, 20.0581
14, 19.9241
15, 19.982
16, 19.7858
17, 19.9431
18, 19.8643
19, 19.9325
20, 19.9056
21, 19.9398
22, 19.6821
23, 19.9433
24, 19.8108
25, 19.8658
26, 19.7383
27, 19.8349
28, 19.7835
29, 19.8048
30, 19.7155
31, 19.8304
32, 19.5995
33, 19.8416
34, 19.8053
35, 19.8331
36, 19.6981
37, 19.7259
38, 19.6998
39, 19.7918
40, 19.6287
41, 19.721
42, 19.6611
43, 19.7236
44, 19.6356
45, 19.7646
46, 19.5276
47, 19.6174
48, 19.6951
49, 19.5255
50, 19.5567
51, 19.601
52, 19.5447
53, 19.6355
54, 19.5113
55, 19.5839
56, 19.422
57, 19.6682
58, 19.3394
59, 19.5228
60, 19.5284
61, 19.6004
62, 19.2964
63, 19.4616
64, 19.2813
65, 19.5561
66, 19.4168
67, 19.4697
68, 19.3658
69, 19.5298
70, 19.2566
71, 19.4698
72, 19.4256
73, 19.4327
74, 19.2057
75, 19.5438
76, 19.2006
77, 19.4794
78, 19.4053
79, 19.334
80, 19.2396
81, 19.3984
82, 19.2431
83, 19.3612
84, 19.1578
85, 19.3266
86, 19.2372
87, 19.2497
88, 19.2417
89, 19.3923
90, 19.0317
91, 19.2854
92, 19.2198
93, 19.1719
94, 19.0957
95, 19.2344
96, 19.002
97, 19.1648
98, 19.0594
99, 19.2396
100, 18.9778
101, 19.1064
102, 19.1153
103, 19.1295
104, 19.0888
105, 19.1234
106, 18.8901
107, 19.0596
108, 19.0936
109, 19.0682
110, 18.9385
111, 19.2198
112, 18.8073
113, 19.0937
114, 18.9605
115, 19.1046
116, 18.9093
117, 18.9546
118, 18.9584
119, 19.0888
120, 18.7257
121, 18.9421
122, 18.793
123, 19.0881
124, 18.9443
125, 19.05
126, 18.7672
127, 19.0143
128, 18.767
129, 18.868
130, 18.6484
131, 18.9581
132, 18.7302
133, 18.9413
134, 18.626
135, 18.951
136, 18.7049
137, 18.8252
138, 18.5506
139, 18.9077
140, 18.5912
141, 18.9228
142, 18.7798
143, 18.7572
144, 18.7616
145, 18.9002
146, 18.6834
147, 18.9157
148, 18.5207
149, 18.6741
150, 18.5711
151, 18.7923
152, 18.417
153, 18.6125
154, 18.4121
155, 18.557
156, 18.4641
157, 18.5732
158, 18.4335
159, 18.6821
160, 18.5933
161, 18.5094
162, 18.2164
163, 18.4431
164, 18.5979
165, 18.3434
166, 18.4577
167, 18.4485
168, 18.425
169, 18.4475
170, 18.2663
171, 18.4047
172, 18.3473
173, 18.3915
174, 18.349
175, 18.5695
176, 18.3768
177, 18.4797
178, 18.2927
179, 18.4475
180, 18.2922
181, 18.2884
182, 17.901
183, 18.4184
184, 17.843
185, 18.5226
186, 18.0978
187, 18.3723
188, 18.0121
189, 18.1276
190, 18.0038
191, 18.114
192, 18.0742
193, 18.355
194, 17.9519
195, 18.0568
196, 17.8665
197, 18.2508
198, 18.0327
199, 17.9487
200, 17.9395
201, 17.9448
202, 17.9734
203, 18.2026
204, 17.6289
205, 18.1758
206, 17.9715
207, 17.9925
208, 17.6967
209, 17.7875
210, 17.862
211, 17.7753
212, 17.5795
213, 17.4078
214, 17.7413
215, 17.6389
216, 17.2481
217, 17.4961
218, 17.7658
219, 17.5117
220, 16.8991
221, 17.53
222, 17.6645
223, 16.6122
224, 17.672
225, 16.6994
226, 16.7984
227, 16.6326
228, 16.4327
229, 16.2368
230, 16.2304
231, 16.1007
232, 16.5413
233, 16.3543
234, 16.0457
235, 16.4861
236, 15.7213
237, 16.1024
238, 15.924
239, 16.3312
240, 15.5669
241, 16.2832
242, 15.5965
243, 15.5843
244, 15.7176
245, 15.6862
246, 15.9979
247, 14.9642
248, 15.0637
249, 15.0499
250, 15.8091
251, 15.6256
252, 15.426
253, 15.1629
254, 15.3248
255, 14.6429
256, 14.6174
257, 14.3693
258, 14.7744
259, 14.7926
260, 14.9953
261, 13.8327
262, 14.1434
263, 14.0149
264, 14.2546
265, 14.8233
266, 14.4122
267, 13.8689
268, 14.0618
269, 14.0241
270, 14.0865
271, 13.6586
272, 14.116
273, 13.0949
274, 13.7293
275, 13.2789
276, 14.1051
277, 12.6811
278, 13.1588
279, 12.6594
280, 14.0787
281, 12.5056
282, 13.5959
283, 12.6277
284, 12.8368
285, 12.3456
286, 13.075
287, 12.1913
288, 13.272
289, 12.0621
290, 12.3503
291, 12.713
292, 12.9761
293, 12.16
294, 12.6545
295, 11.7023
296, 12.379
297, 11.4669
298, 11.9456
299, 11.8827
300, 12.8032
301, 11.3941
302, 12.1934
303, 11.3029
304, 11.5937
305, 11.6547
306, 11.9683
307, 11.2259
308, 11.3429
309, 11.3836
310, 11.3299
311, 10.6755
312, 10.9804
313, 11.3808
314, 11.4571
315, 11.2413
316, 10.8747
317, 10.1396
318, 11.3836
319, 10.0912
320, 10.4705
321, 10.5316
322, 10.4471
323, 9.87834
324, 10.714
325, 9.89042
326, 10.5819
327, 9.83254
328, 10.4616
329, 9.42924
330, 9.97044
331, 10.0284
332, 9.88562
333, 9.31575
334, 10.5056
335, 10.0046
336, 9.72061
337, 8.97153
338, 10.1366
339, 9.35889
340, 9.99769
341, 8.55
342, 9.18452
343, 9.13348
344, 9.5314
345, 9.01541
346, 9.02314
347, 8.83284
348, 9.49053
349, 9.00617
350, 9.37335
351, 8.18178
352, 8.36939
353, 7.73308
354, 8.66556
355, 7.76853
356, 8.04265
357, 7.62057
358, 8.9323
359, 8.61922
360, 8.94212
361, 7.63463
362, 8.5446
363, 7.64564
364, 7.82353
365, 7.40678
366, 7.66201
367, 8.06138
368, 7.47512
369, 7.60863
370, 8.21645
371, 6.84461
372, 7.086
373, 6.84792
374, 7.04631
375, 6.8048
376, 6.66977
377, 6.68642
378, 6.93764
379, 6.36817
380, 7.30797
381, 6.21722
382, 6.51322
383, 6.1007
384, 6.1774
385, 6.10458
386, 6.18234
387, 6.81511
388, 7.04195
389, 6.87895
390, 6.58783
391, 5.90879
392, 6.07676
393, 5.36542
394, 5.80566
395, 5.19247
396, 6.23556
397, 5.24142
398, 5.83996
399, 5.9377
400, 5.75884
401, 6.12041
402, 5.3058
403, 5.00359
404, 4.97387
405, 4.71413
406, 5.7804
407, 4.99841
408, 5.05607
409, 4.96566
410, 4.9373
411, 4.50914
412, 5.58514
413, 5.37276
414, 5.33963
415, 4.28706
416, 4.92775
417, 4.4733
418, 4.92567
419, 4.5475
420, 4.0636
421, 3.71794
422, 3.95605
423, 3.79032
424, 4.2526
425, 4.06555
426, 4.45327
427, 4.16079
428, 3.43818
429, 4.48514
430, 3.84924
431, 4.15052
432, 2.68685
433, 3.25871
434, 3.00093
435, 3.80997
436, 2.94008
437, 2.92178
438, 3.0124
439, 2.88967
440, 3.20468
441, 2.76465
442, 2.44944
443, 3.77267
444, 3.17113
445, 2.51658
446, 2.72363
447, 3.3841
448, 3.10652
449, 3.07767
450, 3.21394
451, 3.42968
452, 2.52208
453, 3.50023
454, 2.43636
455, 2.99834
456, 2.08712
457, 2.03602
458, 2.16517
459, 2.83561
460, 1.85261
461, 1.9321
462, 2.42066
463, 1.94099
464, 2.28259
465, 1.84886
466, 1.64421
467, 2.2979
468, 1.48285
469, 2.31448
470, 1.83557
471, 1.59338
472, 2.02634
473, 1.87434
474, 1.30018
475, 2.10674
476, 1.55968
477, 1.54128
478, 1.58415
479, 1.78761
480, 1.57859
481, 1.05168
482, 1.60418
483, 1.66145
484, 1.09265
485, 0.921546
486, 0.691747
487, 1.21283
488, 0.875041
489, 1.45367
490, 1.28916
491, 1.40359
492, 0.966335
493, 1.3042
494, 0.742868
495, 0.812723
496, 1.05762
497, 1.14778
498, 1.07259
499, 0.95849
6487.06
12.9741
