0, 0, 0
1, 0, 0
2, 0, 0
3, 0.0270718, 90
4, 0.0180719, 90
5, 0.00907204, 90
6, 0.455064, 180
7, 0.648178, 269.22
8, 0.647285, 248.916
9, 0.644597, 224.075
10, 0.638179, 193.389
11, 0.626881, 172.1
12, 0.613222, 170.435
13, 0.598307, 169.519
14, 0.58264, 168.889
15, 0.566488, 168.385
16, 0.550004, 167.943
17, 0.533285, 167.53
18, 0.516393, 167.129
19, 0.499372, 166.729
20, 0.482254, 166.32
21, 0.465062, 165.895
22, 0.447814, 165.447
23, 0.430525, 164.966
24, 0.413211, 164.91
25, 0.395884, 166.314
26, 0.378559, 167.736
27, 0.361253, 169.214
28, 0.343993, 170.805
29, 0.326816, 172.591
30, 0.309797, 174.729
31, 0.29309, 177.537
32, 0.277112, 181.826
33, 0.263158, 190.226
34, 0.446397, 263.289
35, 0.456695, 284.795
36, 0.443045, 296.69
37, 0.427509, 303.025
38, 0.41117, 307.164
39, 0.394413, 310.192
40, 0.377409, 312.583
41, 0.360247, 314.559
42, 0.342977, 316.257
43, 0.325631, 317.76
44, 0.308231, 319.122
45, 0.290793, 320.382
46, 0.273329, 321.57
47, 0.255847, 322.709
48, 0.238356, 323.818
49, 0.220864, 324.913
50, 0.203378, 326.014
51, 0.185907, 327.137
52, 0.168461, 328.304
53, 0.151053, 329.542
54, 0.133699, 330.884
55, 0.116426, 332.381
56, 0.0992726, 334.114
57, 0.0823094, 336.217
58, 0.065673, 338.953
59, 0.0496823, 342.915
60, 0.0352665, 349.791
61, 0.0278557, 334.793
62, 0.358097, 231.969
63, 0.330038, 412.685
64, 0.321049, 378.333
65, 0.312059, 343.983
66, 0.829695, 399.633
67, 0.812637, 366.711
68, 0.795408, 333.523
69, 0.778051, 300.142
70, 0.760599, 266.615
71, 0.743074, 242.82
72, 0.725492, 226.282
73, 0.707863, 226.862
74, 0.690196, 227.385
75, 0.672499, 227.862
76, 0.654777, 228.301
77, 0.637033, 228.708
78, 0.619271, 229.088
79, 0.601494, 229.446
80, 0.583704, 229.787
81, 0.565903, 230.112
82, 0.548094, 230.425
83, 0.530277, 230.729
84, 0.512455, 231.026
85, 0.494628, 231.319
86, 0.476798, 231.61
87, 0.458967, 231.904
88, 0.441136, 232.202
89, 0.423308, 232.51
90, 0.405485, 232.834
91, 0.387671, 233.182
92, 0.369872, 233.569
93, 0.3521, 234.017
94, 0.334374, 234.569
95, 0.316742, 235.32
96, 0.862862, 242.845
97, 0.834528, 259.337
98, 0.799299, 270.116
99, 0.761524, 279.147
100, 0.723043, 288.06
101, 0.685168, 298.248
102, 0.65282, 311.795
103, 0.618945, 295.189
104, 0.584849, 278.3
105, 0.55065, 261.264
106, 0.516455, 257.553
107, 0.4824, 260.626
108, 0.448732, 264.582
109, 0.416083, 270.364
110, 0.386381, 279.95
111, 0.362648, 265.413
112, 0.345391, 249.821
113, 0.328045, 246.511
114, 0.310636, 247.702
115, 0.293185, 248.773
116, 0.275704, 249.759
117, 0.258207, 250.687
118, 0.240703, 251.58
119, 0.223204, 252.461
120, 0.205719, 253.353
121, 0.188263, 254.283
122, 0.170855, 255.289
123, 0.153522, 254.931
124, 0.136312, 253.042
125, 0.119315, 250.688
126, 0.102733, 247.456
127, 0.0871226, 242.258
128, 0.0740918, 231.474
129, 0.496071, 202.838
130, 0.621173, 283.886
131, 0.611969, 244.975
132, 0.60028, 210.721
133, 0.588798, 179.704
134, 1.14605, 178.957
135, 1.11712, 226.614
136, 1.1066, 201.426
137, 1.09408, 189.762
138, 1.07994, 176.706
139, 1.06471, 179.421
140, 1.04877, 181.27
141, 1.03236, 182.579
142, 1.01563, 183.539
143, 0.998667, 184.265
144, 0.981542, 184.829
145, 0.96429, 185.276
146, 0.946941, 185.637
147, 0.929514, 185.934
148, 0.912024, 186.181
149, 0.894483, 186.389
150, 0.876899, 186.565
151, 0.85928, 186.717
152, 0.841631, 186.848
153, 0.823956, 186.963
154, 0.806258, 187.063
155, 0.788542, 187.152
156, 0.770809, 187.23
157, 0.753061, 187.3
158, 0.735301, 187.362
159, 0.71753, 187.418
160, 0.699748, 187.469
161, 0.681958, 187.514
162, 0.664161, 187.555
163, 0.646356, 187.592
164, 0.628546, 187.625
165, 0.610731, 187.655
166, 0.592911, 187.682
167, 0.575087, 187.706
168, 0.557261, 187.728
169, 0.539432, 187.758
170, 0.5216, 187.764
171, 0.503767, 187.779
172, 0.485933, 187.792
173, 0.468099, 187.802
174, 0.450265, 187.811
175, 0.432432, 187.817
176, 0.4146, 187.821
177, 0.39677, 187.822
178, 0.378943, 187.821
179, 0.36112, 187.817
180, 0.343301, 187.809
181, 0.325487, 187.798
182, 0.307681, 187.782
183, 0.289883, 187.76
184, 0.272096, 187.732
185, 0.254322, 187.695
186, 0.236563, 187.647
187, 0.218825, 187.584
188, 0.201113, 187.501
189, 0.183435, 187.39
190, 0.165803, 187.236
191, 0.148236, 187.015
192, 0.13077, 186.679
193, 0.113471, 186.127
194, 0.0965046, 185.101
195, 0.0804403, 188.472
196, 0.0720135, 189.302
197, 0.653688, 280.503
198, 0.651927, 274.295
199, 0.638959, 273.406
200, 1.16723, 163.044
201, 1.1814, 326.201
202, 1.17258, 292.155
203, 1.16232, 261.494
204, 1.15016, 234.491
205, 1.13629, 210.452
206, 1.12122, 188.416
207, 1.10536, 167.655
208, 1.089, 147.722
209, 1.07229, 128.349
210, 1.05535, 124.002
211, 1.03823, 122.5
212, 1.02097, 121.208
213, 1.00362, 120.086
214, 0.986188, 119.096
215, 0.968692, 118.213
216, 0.951144, 117.417
217, 0.933553, 116.693
218, 0.915927, 116.03
219, 0.89827, 115.419
220, 0.880587, 114.851
221, 0.862883, 114.322
222, 0.845159, 113.825
223, 0.827418, 113.357
224, 0.809663, 112.914
225, 0.791895, 112.494
226, 0.774116, 112.092
227, 0.756327, 111.708
228, 0.73853, 111.339
229, 0.720724, 110.984
230, 0.702912, 110.64
231, 0.685094, 110.307
232, 0.66727, 109.983
233, 0.649442, 109.667
234, 0.63161, 109.358
235, 0.613774, 109.055
236, 0.595935, 108.757
237, 0.578094, 108.463
238, 0.560251, 108.172
239, 0.542407, 107.884
240, 0.524562, 107.597
241, 0.506716, 107.311
242, 0.488869, 107.024
243, 0.471024, 106.736
244, 0.453179, 106.447
245, 0.435336, 106.154
246, 0.417495, 105.857
247, 0.399657, 105.554
248, 0.381822, 105.244
249, 0.363992, 104.926
250, 0.346167, 104.597
251, 0.328349, 104.255
252, 0.310538, 103.898
253, 0.292737, 103.523
254, 0.274948, 103.124
255, 0.257174, 102.698
256, 0.239417, 102.236
257, 0.221684, 101.73
258, 0.20398, 101.168
259, 0.186314, 100.53
260, 0.168702, 99.7881
261, 0.151166, 98.8978
262, 0.133748, 97.7788
263, 0.116531, 96.2718
264, 0.0997276, 93.9938
265, 0.0841207, 89.6854
266, 0.0760287, 71.2135
267, 0.576113, 117.943
268, 0.588963, 128.645
269, 0.930588, 196.794
270, 0.926129, 184.59
271, 0.913649, 175.692
272, 0.899537, 169.569
273, 0.884276, 165.309
274, 0.868275, 162.222
275, 0.851796, 159.882
276, 0.834999, 158.038
277, 0.81798, 156.536
278, 0.800802, 155.279
279, 0.783506, 154.203
280, 0.766121, 153.265
281, 0.748666, 152.434
282, 0.731156, 151.686
283, 0.713602, 151.007
284, 0.696013, 150.382
285, 0.678394, 149.803
286, 0.66075, 149.259
287, 0.643087, 148.747
288, 0.625407, 148.26
289, 0.607714, 147.794
290, 0.590011, 147.344
291, 0.572298, 146.907
292, 0.55458, 146.48
293, 0.536857, 146.06
294, 0.519132, 145.643
295, 0.501407, 145.227
296, 0.483684, 144.808
297, 0.465965, 144.382
298, 0.448255, 143.945
299, 0.430557, 143.49
300, 0.412875, 143.011
301, 0.395218, 142.497
302, 0.377595, 141.934
303, 0.360022, 141.298
304, 0.342527, 140.551
305, 0.325161, 139.626
306, 0.308028, 138.378
307, 0.291404, 136.463
308, 0.276166, 132.821
309, 0.267279, 115.461
310, 0.520585, 104.732
311, 0.466, 187.926
312, 0.448372, 171.198
313, 0.430727, 154.426
314, 0.41307, 154.798
315, 0.395403, 155.132
316, 0.377731, 155.434
317, 0.360057, 155.708
318, 0.342383, 155.955
319, 0.324714, 156.18
320, 0.307052, 156.381
321, 0.289403, 156.561
322, 0.271771, 156.717
323, 0.254162, 156.848
324, 0.236587, 156.948
325, 0.219057, 157.008
326, 0.201592, 157.012
327, 0.184224, 156.932
328, 0.167011, 156.708
329, 0.150068, 156.215
330, 0.133682, 156.908
331, 0.118728, 161.318
332, 0.110188, 162.404
333, 1.08946, 253.865
334, 1.0881, 274.779
335, 1.07862, 298.715
336, 1.07274, 289.998
337, 1.35807, 216.961
338, 1.36565, 374.531
339, 1.35314, 372.667
340, 1.33819, 363.531
341, 1.32219, 351.534
342, 1.30564, 338.079
343, 1.28876, 340.948
344, 1.27167, 343.251
345, 1.25442, 345.161
346, 1.23706, 346.785
347, 1.21961, 348.192
348, 1.2021, 349.432
349, 1.18454, 350.539
350, 1.16693, 351.54
351, 1.14929, 352.454
352, 1.13163, 353.298
353, 1.11394, 354.082
354, 1.09623, 354.819
355, 1.07851, 355.515
356, 1.06077, 356.178
357, 1.04302, 356.814
358, 1.02527, 357.429
359, 1.00751, 358.029
360, 0.989741, 358.618
361, 0.971974, 359.201
362, 0.954207, 359.784
363, 0.936443, 360.373
364, 0.918685, 360.974
365, 0.900936, 361.596
366, 0.8832, 362.25
367, 0.865485, 362.951
368, 0.8478, 363.72
369, 0.830159, 364.59
370, 0.812587, 365.616
371, 0.795131, 366.898
372, 0.777895, 368.648
373, 0.761158, 371.4
374, 0.745937, 376.964
375, 0.736969, 359.854
376, 1.03703, 252.742
377, 1.15542, 453.563
378, 1.14489, 458.91
379, 1.1307, 452.217
380, 1.11478, 440.541
381, 1.09813, 426.85
382, 1.08109, 412.133
383, 1.06382, 396.812
384, 1.0464, 386.805
385, 1.02888, 388.022
386, 1.01128, 389.047
387, 0.993629, 389.931
388, 0.975934, 390.705
389, 0.958205, 391.393
390, 0.94045, 392.013
391, 0.922673, 392.577
392, 0.904877, 393.094
393, 0.887066, 393.574
394, 0.869243, 394.021
395, 0.851409, 394.441
396, 0.833567, 394.838
397, 0.815716, 395.215
398, 0.797859, 395.576
399, 0.779995, 395.921
400, 0.762128, 396.255
401, 0.744256, 396.578
402, 0.72638, 396.892
403, 0.708502, 397.198
404, 0.690621, 397.499
405, 0.672739, 397.796
406, 0.654856, 398.089
407, 0.636971, 398.38
408, 0.619087, 398.669
409, 0.601202, 398.96
410, 0.583319, 399.252
411, 0.565436, 399.547
412, 0.547556, 399.844
413, 0.529679, 400.152
414, 0.511805, 400.467
415, 0.493935, 400.792
416, 0.476071, 401.132
417, 0.458215, 401.488
418, 0.440368, 401.867
419, 0.422532, 402.274
420, 0.404713, 402.718
421, 0.386914, 403.211
422, 0.369145, 403.772
423, 0.351417, 404.429
424, 0.333754, 405.233
425, 0.3162, 406.277
426, 0.298859, 407.769
427, 0.282035, 410.272
428, 0.26703, 406.456
429, 0.77185, 343.218
430, 0.8672, 496.848
431, 0.858206, 497.262
432, 0.84852, 500.287
433, 0.835822, 498.402
434, 0.820474, 488.312
435, 0.804079, 475.313
436, 0.787183, 460.973
437, 0.770009, 445.901
438, 0.752665, 430.388
439, 0.735214, 414.593
440, 0.717694, 415.806
441, 0.700134, 416.033
442, 0.682558, 415.689
443, 0.664997, 415.556
444, 0.647499, 415.689
445, 0.63018, 416.293
446, 0.613458, 418.041
447, 0.60461, 400.467
448, 1.64435, 292.928
449, 1.60878, 485.66
450, 1.59198, 470.998
451, 1.57487, 455.536
452, 1.55755, 439.595
453, 1.54011, 423.346
454, 1.52257, 406.884
455, 1.50497, 390.272
456, 1.48731, 373.547
457, 1.46961, 364.595
458, 1.45188, 364.908
459, 1.43412, 365.169
460, 1.41634, 365.388
461, 1.39854, 365.572
462, 1.38073, 365.728
463, 1.3629, 365.86
464, 1.34506, 365.971
465, 1.32721, 366.065
466, 1.30935, 366.144
467, 1.29149, 366.21
468, 1.27362, 366.264
469, 1.25574, 366.308
470, 1.23785, 366.343
471, 1.21997, 366.369
472, 1.20208, 366.387
473, 1.18418, 366.399
474, 1.16628, 366.403
475, 1.14838, 366.401
476, 1.13048, 366.393
477, 1.11257, 366.38
478, 1.09466, 366.36
479, 1.07676, 366.335
480, 1.05885, 366.304
481, 1.04094, 366.267
482, 1.02303, 366.224
483, 1.00512, 366.175
484, 0.987205, 366.118
485, 0.969295, 366.055
486, 0.951387, 365.984
487, 0.93348, 365.903
488, 0.915575, 365.813
489, 0.897673, 365.712
490, 0.879775, 365.598
491, 0.861881, 365.468
492, 0.843994, 365.321
493, 0.826115, 365.151
494, 0.808246, 364.953
495, 0.790391, 364.72
496, 0.772556, 364.439
497, 0.754747, 364.092
498, 0.73698, 363.649
499, 0.71928, 363.055
500, 0.701701, 362.196
501, 0.684387, 360.798
502, 0.66787, 357.965
503, 0.658891, 340.83
504, 1.31602, 340.985
505, 1.32978, 430.756
506, 1.31937, 426.485
507, 1.30719, 418.777
508, 1.29328, 408.087
509, 1.27812, 395.339
510, 1.26213, 381.292
511, 1.24563, 366.425
512, 1.22878, 351.023
513, 1.21169, 352.444
514, 1.19444, 353.606
515, 1.17706, 354.578
516, 1.15959, 355.407
517, 1.14205, 356.126
518, 1.12445, 356.758
519, 1.10681, 357.321
520, 1.08913, 357.826
521, 1.07141, 358.284
522, 1.05368, 358.703
523, 1.03592, 359.09
524, 1.01814, 359.448
525, 1.00035, 359.781
526, 0.982538, 360.095
527, 0.964719, 360.39
528, 0.94689, 360.67
529, 0.929051, 360.936
530, 0.911205, 361.19
531, 0.893351, 361.433
532, 0.875492, 361.668
533, 0.857627, 361.894
534, 0.839757, 362.114
535, 0.821882, 362.327
536, 0.804005, 362.535
537, 0.786123, 362.739
538, 0.768239, 362.939
539, 0.750353, 363.136
540, 0.732464, 363.331
541, 0.714574, 363.524
542, 0.696683, 363.715
543, 0.67879, 363.906
544, 0.660897, 364.098
545, 0.643004, 364.29
546, 0.625111, 364.484
547, 0.607218, 364.681
548, 0.589327, 364.882
549, 0.571437, 365.087
550, 0.553549, 365.298
551, 0.535664, 365.517
552, 0.517783, 365.746
553, 0.499907, 365.987
554, 0.482037, 366.244
555, 0.464176, 366.521
556, 0.446327, 366.826
557, 0.428493, 367.167
558, 0.410682, 367.561
559, 0.392905, 368.033
560, 0.375185, 368.631
561, 0.357572, 369.455
562, 0.340202, 370.764
563, 0.323679, 373.493
564, 0.314753, 356.417
565, 1.41333, 249.345
566, 1.32319, 450.438
567, 1.30899, 443.655
568, 1.29307, 431.87
569, 1.27642, 418.082
570, 1.25938, 403.286
571, 1.24212, 387.906
572, 1.22473, 387.934
573, 1.20724, 389.129
574, 1.18969, 390.153
575, 1.1721, 391.057
576, 1.15448, 391.877
577, 1.13685, 392.641
578, 1.11921, 393.372
579, 1.10158, 394.095
580, 1.08398, 394.835
581, 1.06643, 395.63
582, 1.04896, 396.534
583, 1.03166, 397.656
584, 1.01472, 399.238
585, 0.998698, 401.975
586, 0.989781, 384.996
587, 1.65057, 278.002
588, 1.72951, 440.971
589, 1.7195, 402.813
590, 1.70609, 373.012
591, 1.69046, 349.813
592, 1.67393, 329.076
593, 1.65695, 309.522
594, 1.63971, 290.637
595, 1.62231, 272.167
596, 1.60479, 258.631
597, 1.58719, 257.825
598, 1.56953, 257.161
599, 1.55183, 256.606
600, 1.53409, 256.134
601, 1.51633, 255.728
602, 1.49853, 255.376
603, 1.48072, 255.067
604, 1.4629, 254.793
605, 1.44506, 254.549
606, 1.4272, 254.331
607, 1.40934, 254.134
608, 1.39147, 253.956
609, 1.37359, 253.793
610, 1.3557, 253.644
611, 1.33781, 253.508
612, 1.31991, 253.382
613, 1.30201, 253.265
614, 1.2841, 253.156
615, 1.26619, 253.055
616, 1.24827, 252.961
617, 1.23036, 252.873
618, 1.21243, 252.789
619, 1.19451, 252.711
620, 1.17658, 252.637
621, 1.15865, 252.567
622, 1.14072, 252.5
623, 1.12279, 252.437
624, 1.10486, 252.376
625, 1.08692, 252.318
626, 1.06898, 252.263
627, 1.05104, 252.21
628, 1.0331, 252.159
629, 1.01516, 252.109
630, 0.997222, 252.061
631, 0.97928, 252.016
632, 0.961336, 251.971
633, 0.943392, 251.928
634, 0.925447, 251.885
635, 0.907502, 251.844
636, 0.889556, 251.803
637, 0.87161, 251.764
638, 0.853664, 251.725
639, 0.835717, 251.686
640, 0.817771, 251.648
641, 0.799824, 251.611
642, 0.781878, 251.573
643, 0.763931, 251.536
644, 0.745985, 251.499
645, 0.72804, 251.462
646, 0.710094, 251.425
647, 0.692149, 251.387
648, 0.674205, 251.35
649, 0.656262, 251.311
650, 0.638319, 251.272
651, 0.620378, 251.232
652, 0.602437, 251.191
653, 0.584499, 251.149
654, 0.566562, 251.105
655, 0.548626, 251.06
656, 0.530693, 251.012
657, 0.512762, 250.962
658, 0.494834, 250.908
659, 0.476909, 250.852
660, 0.458988, 250.79
661, 0.441071, 250.724
662, 0.42316, 250.651
663, 0.405254, 250.569
664, 0.387356, 250.478
665, 0.369468, 250.374
666, 0.35159, 250.253
667, 0.333727, 250.109
668, 0.315884, 249.935
669, 0.298066, 249.717
670, 0.280286, 249.432
671, 0.262563, 249.043
672, 0.24494, 248.467
673, 0.227514, 247.518
674, 0.210622, 245.624
675, 0.196103, 244.264
676, 1.08126, 334.545
677, 1.07057, 313.61
678, 1.05612, 304.933
679, 1.04026, 300.725
680, 1.02395, 298.722
681, 1.00793, 298.781
682, 0.999554, 279.983
683, 2.15922, 171.541
684, 2.22938, 361.627
685, 2.2129, 346.707
686, 2.19601, 330.968
687, 2.17887, 314.772
688, 2.16155, 298.296
689, 2.14412, 281.638
690, 2.1266, 264.855
691, 2.10901, 249.749
692, 2.09137, 250.001
693, 2.07368, 250.206
694, 2.05597, 250.373
695, 2.03822, 250.511
696, 2.02044, 250.626
697, 2.00265, 250.723
698, 1.98484, 250.804
699, 1.96702, 250.873
700, 1.94918, 250.932
701, 1.93133, 250.982
702, 1.91347, 251.025
703, 1.8956, 251.062
704, 1.87772, 251.093
705, 1.85984, 251.12
706, 1.84195, 251.143
707, 1.82405, 251.162
708, 1.80615, 251.178
709, 1.78824, 251.192
710, 1.77033, 251.203
711, 1.75241, 251.211
712, 1.73449, 251.218
713, 1.71657, 251.223
714, 1.69865, 251.227
715, 1.68072, 251.229
716, 1.66279, 251.23
717, 1.64486, 251.229
718, 1.62692, 251.227
719, 1.60898, 251.224
720, 1.59104, 251.221
721, 1.5731, 251.216
722, 1.55516, 251.21
723, 1.53722, 251.204
724, 1.51927, 251.196
725, 1.50132, 251.188
726, 1.48338, 251.179
727, 1.46543, 251.17
728, 1.44748, 251.159
729, 1.42952, 251.148
730, 1.41157, 251.136
731, 1.39362, 251.124
732, 1.37566, 251.111
733, 1.35771, 251.097
734, 1.72558, 318.382
735, 3.6163, 565.143
736, 6.14978, 788.156
737, 8.88042, 1130.52
738, 11.6313, 1459.04
739, 14.1681, 1715.76
740, 16.3468, 1973.71
741, 17.147, 1952.59
742, 16.8991, 1775.51
743, 16.6895, 1682.52
744, 16.4958, 1623.89
745, 16.3088, 1581.99
746, 16.1244, 1549.45
747, 15.9411, 1522.64
748, 15.7068, 1482.25
749, 15.5913, 1472.42
750, 15.5277, 1470.74
751, 15.5025, 1475.15
752, 15.4824, 1480.62
753, 15.427, 1479.24
754, 15.3211, 1468.01
755, 15.1763, 1449.91
756, 15.0115, 1429.23
757, 14.8396, 1408.58
758, 14.6647, 1388.77
759, 14.4858, 1369.61
760, 14.2996, 1350.52
761, 14.1021, 1330.78
762, 13.8876, 1309.67
763, 13.6491, 1286.4
764, 13.3781, 1260.31
765, 13.0697, 1231.95
766, 12.7461, 1205.28
767, 12.3727, 1189.37
768, 12.1977, 1214.55
769, 12.2202, 1257.7
770, 12.5454, 1350.69
771, 13.4394, 1629.75
772, 13.5687, 1657.3
773, 13.3304, 1524.66
774, 13.18, 1484.56
775, 13.0502, 1467.1
776, 12.8415, 1419.94
777, 12.6725, 1367.33
778, 12.3835, 1285.9
779, 12.0684, 1215.25
780, 11.7927, 1164.06
781, 11.5671, 1128.71
782, 11.3992, 1109.56
783, 11.293, 1107.42
784, 11.1391, 1084.13
785, 11.0297, 1175.22
786, 10.919, 1142.14
787, 10.8038, 1105.07
788, 10.6693, 1110.68
789, 10.562, 1142.48
790, 10.4575, 1162.97
791, 10.3641, 1183.58
792, 10.2475, 1194.04
793, 10.1294, 1203.48
794, 10.0795, 1229.52
795, 10.1437, 1311.11
796, 10.104, 1332.14
797, 9.98328, 1299.4
798, 9.86324, 1281.66
799, 9.74679, 1276.85
800, 9.63355, 1275.34
801, 9.5261, 1275.17
802, 9.42268, 1271.23
803, 9.31732, 1264.12
804, 9.19611, 1253.49
805, 9.00069, 1225.79
806, 8.31578, 1569.83
807, 8.68091, 1110.01
808, 9.13103, 1298.95
809, 9.15941, 1331.91
810, 9.09684, 1331.19
811, 9.02738, 1329.76
812, 8.96131, 1333.47
813, 8.89841, 1340.71
814, 8.83799, 1349.37
815, 8.77875, 1358.25
816, 8.7189, 1367.73
817, 8.65565, 1376
818, 8.58299, 1371.7
819, 8.48256, 1362.11
820, 8.26113, 1327.43
821, 7.55263, 1209.62
822, 8.27324, 1397.47
823, 8.55088, 1509.79
824, 8.58153, 1531.48
825, 8.53966, 1514.91
826, 8.49151, 1502.7
827, 8.44099, 1493.26
828, 8.39187, 1486.29
829, 8.34577, 1482.3
830, 8.30241, 1481.16
831, 8.26051, 1482.14
832, 8.21876, 1485.01
833, 8.17598, 1488.35
834, 8.13072, 1491.61
835, 8.08063, 1491.93
836, 8.02136, 1486.15
837, 7.9443, 1478.34
838, 7.83722, 1467.8
839, 7.73115, 1466.82
840, 7.74939, 1506.3
841, 7.79177, 1531.36
842, 7.8144, 1540.7
843, 7.82885, 1545.88
844, 7.83746, 1549.37
845, 7.84163, 1552.09
846, 7.84264, 1554.03
847, 7.84134, 1555.32
848, 7.83824, 1556.01
849, 7.83375, 1556.2
850, 7.82826, 1555.99
851, 7.82212, 1555.5
852, 7.81565, 1554.87
853, 7.80915, 1554.18
854, 7.80285, 1553.54
855, 7.79698, 1553.01
856, 7.79172, 1552.63
857, 7.7872, 1552.38
858, 7.78351, 1552.24
859, 7.78071, 1552.19
860, 7.77886, 1552.35
861, 7.77802, 1553.17
862, 7.77823, 1554.33
863, 7.77943, 1556.01
864, 7.7814, 1558.38
865, 7.7837, 1561.44
866, 7.78583, 1565.01
867, 7.78736, 1568.75
868, 7.78805, 1572.3
869, 7.78788, 1575.99
870, 7.78693, 1579.2
871, 7.78535, 1581.95
872, 7.78329, 1584.34
873, 7.78082, 1586.49
874, 7.77804, 1588.47
875, 7.82849, 1690.45
876, 8.36897, 1725.03
877, 8.48522, 1770.76
878, 8.70877, 1898.67
879, 9.77772, 2118.61
880, 11.6215, 2421.44
881, 13.7642, 2706.48
882, 15.8911, 2886.57
883, 17.8285, 2882.36
884, 19.4667, 2671.06
885, 20.7157, 2386.39
886, 21.5139, 2117.84
887, 21.8333, 1856.18
888, 21.6595, 1604.32
889, 20.9928, 1373.89
890, 19.8561, 1163.64
891, 18.2964, 980.389
892, 16.3965, 832.778
893, 14.3089, 713.668
894, 12.2063, 584.419
895, 11.0867, 605.136
896, 10.8512, 713.362
897, 10.9925, 923.633
898, 10.558, 995.088
899, 10.2682, 1072.98
900, 10.24, 1136.26
901, 10.2493, 1111.72
902, 10.074, 1034.32
903, 9.9104, 991.007
904, 9.76946, 976.956
905, 9.66289, 975.694
906, 9.58814, 979.57
907, 9.57349, 1024.16
908, 9.5823, 1088.32
909, 9.58965, 1111.65
910, 9.60897, 1135.51
911, 9.611, 1148.72
912, 9.60418, 1151.75
913, 9.59439, 1173.16
914, 9.59843, 1182.45
915, 9.62191, 1224.58
916, 9.63817, 1264.92
917, 9.64723, 1299.74
918, 9.65485, 1346.45
919, 9.66706, 1391.78
920, 9.68274, 1430.24
921, 9.69618, 1451.43
922, 9.7061, 1468.3
923, 9.71406, 1483.59
924, 9.72233, 1499.01
925, 9.73267, 1513.72
926, 9.74529, 1525.04
927, 9.75948, 1540.11
928, 9.77483, 1555.21
929, 9.79111, 1568.08
930, 9.80758, 1564.53
931, 9.82323, 1561.9
932, 9.83736, 1559.58
933, 9.84964, 1554.9
934, 9.86002, 1542.9
935, 9.86862, 1531.93
936, 9.87554, 1521.79
937, 9.88096, 1512.35
938, 9.88504, 1503.5
939, 9.88791, 1495.13
940, 9.88969, 1487.18
941, 9.89051, 1479.59
942, 9.89046, 1472.32
943, 9.88966, 1465.33
944, 9.88816, 1458.59
945, 9.88606, 1452.08
946, 9.88343, 1445.8
947, 9.88034, 1439.73
948, 10.0818, 1468.83
949, 9.88514, 1463.74
950, 9.69125, 1458.9
951, 9.50177, 1454.42
952, 9.31936, 1450.35
953, 9.14855, 1446.99
954, 9.00145, 1446.35
955, 9.00271, 1470.7
956, 8.87668, 1474.44
957, 8.75511, 1480.22
958, 8.63589, 1486.72
959, 8.54948, 1502.17
960, 9.10258, 1586.98
961, 10.7796, 1807.84
962, 13.0541, 1933.22
963, 15.5139, 2072.85
964, 17.7273, 2193.52
965, 19.5974, 2310.27
966, 21.0119, 2417.74
967, 21.93, 2511.82
968, 21.7354, 2708.79
969, 21.3502, 2641.51
970, 20.7098, 2534.5
971, 20.3879, 2507.47
972, 20.0519, 2487.74
973, 19.6878, 2474.84
974, 19.277, 2469.98
975, 18.8279, 2471.85
976, 19.4052, 2383.25
977, 21.3633, 1967.14
978, 20.8952, 2182.06
979, 19.9635, 2307.27
980, 19.4309, 2332.34
981, 19.04, 2339.51
982, 18.6987, 2339.76
983, 18.384, 2335.15
984, 18.0861, 2327.25
985, 17.7998, 2317.32
986, 17.5221, 2306.2
987, 17.2511, 2294.44
988, 16.9855, 2282.37
989, 16.7245, 2270.19
990, 16.4677, 2258.01
991, 16.2148, 2245.9
992, 15.966, 2233.88
993, 15.7213, 2221.94
994, 15.4812, 2210.08
995, 15.246, 2198.27
996, 15.0164, 2186.49
997, 14.7928, 2174.71
998, 14.5759, 2162.92
999, 14.3665, 2150.65
1000, 14.1657, 2137.21
1001, 13.9749, 2123.78
1002, 13.7964, 2110.2
1003, 13.6333, 2096.18
1004, 13.4909, 2081.16
1005, 13.3791, 2064.14
1006, 13.3157, 2043.33
1007, 13.3179, 2015.72
1008, 13.377, 1981.75
1009, 13.4554, 1944.99
1010, 13.5179, 1909.86
1011, 13.5434, 1881.09
1012, 13.5312, 1859.81
1013, 13.4927, 1843.81
1014, 13.4398, 1830.52
1015, 13.3808, 1818.27
1016, 13.3184, 1806.56
1017, 13.2496, 1795.87
1018, 13.1671, 1787.23
1019, 13.0645, 1781.43
1020, 12.9407, 1778.23
1021, 12.8026, 1776.09
1022, 12.6608, 1773.26
1023, 12.5231, 1768.79
1024, 12.3958, 1762.62
1025, 12.2824, 1755.25
1026, 12.1833, 1747.16
1027, 12.0965, 1738.72
1028, 12.0178, 1730.41
1029, 11.9415, 1722.97
1030, 11.862, 1717.18
1031, 11.7757, 1713.45
1032, 11.682, 1711.63
1033, 11.5817, 1711.26
1034, 11.4776, 1711.33
1035, 11.3707, 1711.28
1036, 11.2626, 1710.25
1037, 11.154, 1707.85
1038, 11.0445, 1703.86
1039, 10.933, 1697.15
1040, 10.8178, 1687.84
1041, 10.6968, 1675.57
1042, 10.5696, 1660.88
1043, 10.4375, 1644.67
1044, 10.3046, 1627.2
1045, 10.1833, 1606.17
1046, 10.1825, 1526.16
1047, 10.1538, 1460.77
1048, 10.1154, 1481.31
1049, 10.0766, 1486.39
1050, 9.96381, 1532.66
1051, 9.82294, 1591.08
1052, 9.73023, 1621.73
1053, 9.66556, 1659.89
1054, 9.65808, 1657.25
1055, 9.69493, 1601.11
1056, 9.83571, 1477.48
1057, 9.78164, 1477.82
1058, 9.65244, 1512.32
1059, 9.54522, 1520.39
1060, 9.45529, 1516.15
1061, 9.37738, 1504.91
1062, 9.30703, 1489.83
1063, 9.2413, 1473.3
1064, 9.17847, 1456.63
1065, 9.11749, 1440.43
1066, 9.05776, 1424.99
1067, 8.99893, 1410.39
1068, 8.94079, 1397.15
1069, 8.88321, 1390.04
1070, 8.82609, 1383.51
1071, 8.76936, 1377.23
1072, 8.71301, 1371.22
1073, 8.65709, 1365.46
1074, 8.60181, 1359.85
1075, 8.54761, 1354.25
1076, 8.49531, 1348.32
1077, 8.44623, 1341.59
1078, 8.40204, 1333.46
1079, 8.36416, 1323.46
1080, 8.33302, 1311.64
1081, 8.30771, 1298.64
1082, 8.28652, 1285.38
1083, 8.26783, 1272.59
1084, 8.2505, 1261.03
1085, 8.23389, 1250.41
1086, 8.21766, 1240.67
1087, 8.20167, 1231.7
1088, 8.18587, 1223.36
1089, 8.17029, 1215.55
1090, 8.06149, 1281.08
1091, 8.04753, 1269.99
1092, 8.03374, 1258.62
1093, 8.01945, 1248.47
1094, 8.00492, 1239.39
1095, 7.99072, 1230.95
1096, 8.13027, 1133.27
1097, 8.12427, 1129.97
1098, 8.11903, 1125.56
1099, 8.11458, 1119.97
1100, 8.11076, 1113.14
1101, 8.2367, 1112.89
1102, 8.07031, 1105.78
1103, 7.9033, 1099.43
1104, 7.73747, 1096.99
1105, 7.5755, 1094.65
1106, 7.42267, 1092.95
1107, 7.29215, 1095.5
1108, 7.21213, 1128.18
1109, 6.88471, 1222.35
1110, 6.9865, 1545.27
1111, 8.44246, 1680.38
1112, 9.84464, 1929.91
1113, 11.5354, 2097.77
1114, 12.5244, 1904.93
1115, 12.283, 1893.52
1116, 12.0489, 1806.36
1117, 11.8439, 1821.15
1118, 11.6366, 1797.16
1119, 11.4395, 1792.98
1120, 11.2498, 1782.95
1121, 11.0747, 1778.42
1122, 10.9274, 1777.57
1123, 10.9557, 1794.37
1124, 10.7742, 1764.12
1125, 10.5967, 1734.91
1126, 10.423, 1706.32
1127, 10.2498, 1688.27
1128, 10.0939, 1642.44
1129, 9.94712, 1596.94
1130, 9.81269, 1551.29
1131, 9.75281, 1515.88
1132, 9.592, 1491.62
1133, 9.43144, 1485.09
1134, 9.27105, 1479.21
1135, 9.28741, 1471.24
1136, 9.3892, 1488.06
1137, 9.40374, 1490.85
1138, 9.18359, 1476.77
1139, 8.97655, 1461.36
1140, 8.89645, 1458.99
1141, 8.70451, 1435.71
1142, 8.61341, 1423.8
1143, 8.47867, 1419.39
1144, 8.33852, 1415.31
1145, 8.20191, 1414.24
1146, 8.01646, 1412.61
1147, 7.77111, 1405.53
1148, 7.5137, 1396.71
1149, 7.43505, 1394.98
1150, 7.41088, 1380.04
1151, 7.25938, 1379.9
1152, 7.08853, 1378.81
1153, 6.9122, 1378.74
1154, 6.74791, 1382.3
1155, 6.60765, 1367.8
1156, 6.46788, 1343.62
1157, 6.33213, 1320.18
1158, 6.20199, 1288.37
1159, 6.08337, 1255.74
1160, 5.97724, 1221.75
1161, 5.86659, 1190.43
1162, 5.75554, 1158.67
1163, 5.64485, 1127.32
1164, 5.53204, 1098.54
1165, 5.41183, 1073.56
1166, 5.2809, 1053.65
1167, 5.16214, 1047.72
1168, 5.10475, 1073.8
1169, 5.08853, 1111.44
1170, 5.06335, 1130.77
1171, 5.02262, 1143.65
1172, 4.97998, 1158.11
1173, 4.94141, 1176.23
1174, 4.90696, 1197.85
1175, 4.87452, 1220.53
1176, 4.84233, 1237.51
1177, 4.80926, 1244.3
1178, 4.77472, 1249.68
1179, 4.73854, 1253.55
1180, 4.70177, 1256.05
1181, 4.66989, 1247.71
1182, 4.64705, 1239.08
1183, 4.62154, 1226.88
1184, 4.59476, 1214.12
1185, 4.56755, 1200.85
1186, 4.53966, 1186.7
1187, 4.51103, 1171.98
1188, 4.48168, 1158.31
1189, 4.45199, 1147.06
1190, 4.42223, 1137.78
1191, 4.39266, 1129.39
1192, 4.36341, 1121.03
1193, 4.33469, 1112.35
1194, 4.30644, 1103.23
1195, 4.27878, 1093.82
1196, 4.92787, 1086.42
1197, 4.73841, 1072.52
1198, 4.61295, 1075.1
1199, 4.56284, 1085.34
1200, 4.45967, 1088.94
1201, 3.99146, 1046.76
1202, 4.54963, 1048.47
1203, 6.39725, 1122.78
1204, 8.77057, 1204.46
1205, 11.2313, 1429.18
1206, 13.6677, 1723.98
1207, 15.8014, 2044.55
1208, 16.5723, 2226.92
1209, 16.2403, 2250.27
1210, 16.3452, 1993.26
1211, 16.2601, 1916.8
1212, 16.1542, 1863.71
1213, 16.037, 1820.84
1214, 15.9095, 1784.19
1215, 15.7724, 1751.78
1216, 15.6257, 1723.67
1217, 15.4701, 1701.05
1218, 15.3077, 1684.45
1219, 15.1408, 1673.47
1220, 14.9709, 1667.04
1221, 14.7994, 1665.38
1222, 14.6271, 1668.63
1223, 14.4551, 1674.13
1224, 14.2857, 1682.19
1225, 14.1255, 1696.05
1226, 13.9588, 1682.08
1227, 13.7948, 1688.82
1228, 13.6412, 1697.62
1229, 13.4768, 1690.64
1230, 13.3109, 1688.67
1231, 13.1432, 1684.92
1232, 12.9731, 1679.16
1233, 12.7999, 1671.25
1234, 12.6227, 1661.06
1235, 12.4401, 1648.57
1236, 12.2506, 1633.91
1237, 12.0524, 1617.44
1238, 11.8438, 1599.77
1239, 11.6234, 1581.67
1240, 11.3901, 1563.93
1241, 11.1815, 1563.64
1242, 10.2206, 1451.16
1243, 9.2116, 1368.3
1244, 8.53726, 1425.51
1245, 7.79265, 1396.04
1246, 7.16825, 1418.55
1247, 7.46935, 1668.03
1248, 7.82112, 1767.26
1249, 8.6526, 1908.46
1250, 9.83963, 2016.64
1251, 11.1496, 2084.33
1252, 12.4599, 2203.78
1253, 13.6517, 2278.75
1254, 13.9622, 2254.41
1255, 13.5445, 2235.95
1256, 13.241, 2234.05
1257, 13, 2227.37
1258, 12.7856, 2221.94
1259, 12.5832, 2217.79
1260, 12.3867, 2214.49
1261, 12.1928, 2211.71
1262, 12.0002, 2209.23
1263, 11.8082, 2206.9
1264, 11.6162, 2204.65
1265, 11.4242, 2202.39
1266, 11.2322, 2200.08
1267, 11.0285, 2163.73
1268, 10.9734, 2156.75
1269, 10.9291, 2146.39
1270, 10.846, 2140.75
1271, 10.7116, 2140.35
1272, 10.5489, 2141.66
1273, 10.3794, 2143.78
1274, 10.2152, 2146.38
1275, 10.0629, 2148.58
1276, 9.92231, 2149.75
1277, 9.7887, 2149.28
1278, 9.65463, 2146.08
1279, 9.51269, 2139
1280, 9.35821, 2127.67
1281, 9.19293, 2113.08
1282, 9.02444, 2097.11
1283, 8.86276, 2081.45
1284, 8.71662, 2067.05
1285, 8.59174, 2052.8
1286, 8.4905, 2039.09
1287, 8.40318, 2053.18
1288, 8.25361, 2032.91
1289, 8.11176, 2010.17
1290, 7.97056, 1988.39
1291, 7.82541, 1968.6
1292, 7.67596, 1952.27
1293, 7.52731, 1941.37
1294, 7.4095, 1942.87
1295, 7.25922, 1913.52
1296, 7.11032, 1900.43
1297, 6.96636, 1879.71
1298, 6.82501, 1860.85
1299, 6.68926, 1844.66
1300, 6.56357, 1833.36
1301, 6.48113, 1835.14
1302, 6.35923, 1801.05
1303, 6.23197, 1753.57
1304, 6.3238, 1617.32
1305, 8.84294, 1781.14
1306, 6.9914, 1499.05
1307, 6.95688, 1608.18
1308, 6.61097, 1748.56
1309, 6.19703, 1799.57
1310, 5.79083, 1843.71
1311, 5.47958, 1885.35
1312, 5.3518, 1857.9
1313, 5.57228, 1686.3
1314, 5.41152, 1693.1
1315, 5.20464, 1724.75
1316, 5.11523, 1714.49
1317, 5.11665, 1640.32
1318, 5.0351, 1644.65
1319, 6.4585, 1245.45
1320, 6.95398, 1155.86
1321, 6.97222, 1145.85
1322, 6.96523, 1227.27
1323, 6.85188, 1281.42
1324, 6.62418, 1306.5
1325, 6.38915, 1327.41
1326, 6.17071, 1341.24
1327, 5.93939, 1337.98
1328, 5.45171, 1370.58
1329, 4.57363, 1347.13
1330, 4.59063, 1329.87
1331, 5.57579, 1434.53
1332, 7.39681, 1489.74
1333, 9.88874, 1538.28
1334, 12.3034, 1704.89
1335, 14.4577, 1846.18
1336, 16.3115, 1958.2
1337, 17.8369, 2049.24
1338, 18.4051, 2037.99
1339, 18.3188, 1973.86
1340, 18.2184, 1936.69
1341, 18.096, 1911.02
1342, 17.955, 1891.58
1343, 17.7998, 1875.96
1344, 17.6339, 1862.86
1345, 17.4599, 1851.54
1346, 17.2794, 1841.52
1347, 17.0938, 1832.47
1348, 16.9041, 1824.16
1349, 16.711, 1816.43
1350, 16.5151, 1809.12
1351, 16.5323, 1911.83
1352, 16.2763, 1880.04
1353, 15.9906, 1850.38
1354, 15.7033, 1825.53
1355, 15.4318, 1785.23
1356, 15.1846, 1766.06
1357, 14.9314, 1753.96
1358, 14.6545, 1737.66
1359, 14.3042, 1710.07
1360, 14.3752, 1741.33
1361, 14.1855, 1739.2
1362, 13.993, 1737.21
1363, 13.7984, 1735.34
1364, 13.6021, 1733.53
1365, 13.4045, 1731.76
1366, 13.206, 1730
1367, 13.0069, 1731.68
1368, 12.8077, 1734.98
1369, 12.609, 1738.85
1370, 12.4125, 1743.86
1371, 12.2219, 1751.27
1372, 12.044, 1763.88
1373, 11.9068, 1788.83
1374, 11.4575, 1759.43
1375, 10.159, 1722.81
1376, 8.86332, 1679.58
1377, 7.58189, 1619.97
1378, 6.49731, 1599.78
1379, 6.29929, 1616.86
1380, 7.14701, 1706.17
1381, 7.79477, 1729.14
1382, 7.83032, 1787.87
1383, 7.76436, 1853.06
1384, 7.63131, 1881.72
1385, 7.45113, 1897.65
1386, 7.24763, 1909.35
1387, 7.03861, 1918.59
1388, 6.83098, 1925.87
1389, 6.62615, 1931.47
1390, 6.42396, 1935.56
1391, 6.224, 1938.23
1392, 6.02606, 1939.41
1393, 5.8304, 1938.82
1394, 5.63806, 1935.7
1395, 5.45061, 1928.12
1396, 5.25328, 1910.12
1397, 5.07988, 1866.18
1398, 4.89606, 1846.69
1399, 4.7109, 1823.89
1400, 4.52527, 1816.13
1401, 4.33928, 1818.76
1402, 4.15259, 1826.32
1403, 3.96433, 1834.09
1404, 3.77295, 1843.21
1405, 3.57667, 1855.44
1406, 3.37731, 1873.09
1407, 3.20793, 1851.31
1408, 3.03866, 1829.73
1409, 2.86913, 1808.52
1410, 2.69845, 1787.82
1411, 2.52377, 1767.87
1412, 2.24741, 1765.14
1413, 2.08907, 1719.61
1414, 1.94051, 1655.03
1415, 1.78612, 1608.86
1416, 1.59677, 1561.8
1417, 1.41285, 1514.31
1418, 1.32123, 1464.42
1419, 1.22851, 1418.31
1420, 1.13365, 1357.65
1421, 1.0243, 1308.68
1422, 0.897598, 1266.33
1423, 3.87741, 1254.69
1424, 3.83616, 1265.43
1425, 3.7754, 1306.2
1426, 3.66678, 1348.75
1427, 3.51973, 1383.61
1428, 3.35125, 1421.56
1429, 3.16839, 1454.88
1430, 2.9732, 1486.98
1431, 2.76522, 1521.44
1432, 2.49709, 1542.9
1433, 2.32783, 1579.59
1434, 2.15798, 1577.02
1435, 1.99945, 1566.97
1436, 1.82166, 1555.27
1437, 1.66004, 1561.74
1438, 1.498, 1579.96
1439, 1.35343, 1600.21
1440, 1.27435, 1632.59
1441, 1.18596, 1525.93
1442, 0.982521, 1470.52
1443, 0.869596, 1456.48
1444, 0.783277, 1421.3
1445, 0.724315, 1271.84
1446, 0.673505, 1150.49
1447, 0.613832, 1037.24
1448, 0.61935, 977.889
1449, 0.582103, 839.959
1450, 0.5441, 722.924
1451, 0.506204, 624.333
1452, 0.469252, 537.147
1453, 0.434329, 466.518
1454, 0.404385, 408.782
1455, 0.374137, 363.285
1456, 0.343692, 335.96
1457, 0.313586, 308.362
1458, 0.284481, 297.443
1459, 0.257359, 307.681
1460, 0.235036, 291.524
1461, 0.213157, 283.615
1462, 0.192468, 292.043
1463, 0.173907, 308.653
1464, 1.93132, 319.945
1465, 1.9178, 355.18
1466, 1.90989, 378.427
1467, 1.90791, 355.773
1468, 1.90407, 329.696
1469, 1.89861, 318.093
1470, 1.89205, 304.701
1471, 1.88479, 290.196
1472, 1.87707, 274.985
1473, 1.86906, 259.31
1474, 1.86084, 243.316
1475, 1.85247, 227.094
1476, 1.84399, 212.858
1477, 1.83543, 213.531
1478, 1.8268, 214.106
1479, 1.81813, 214.602
1480, 1.80941, 215.037
1481, 1.80066, 215.42
1482, 1.79189, 215.76
1483, 1.78309, 216.066
1484, 1.77427, 216.341
1485, 1.76543, 216.591
1486, 1.75658, 216.819
1487, 1.74772, 217.028
1488, 1.73884, 217.22
1489, 1.72996, 217.398
1490, 1.72107, 217.562
1491, 1.71217, 217.715
1492, 1.70326, 217.858
1493, 1.69435, 217.992
1494, 1.68543, 218.117
1495, 1.67651, 218.235
1496, 1.66758, 218.346
1497, 8.47181, 690.297
1498, 8.24947, 673.72
1499, 8.04577, 673.81
1500, 7.85645, 675.484
1501, 7.68159, 678.442
1502, 7.52523, 682.122
1503, 7.39821, 685.51
1504, 7.32643, 686.517
1505, 7.52589, 661.449
1506, 7.43325, 651.726
1507, 7.41701, 634.043
1508, 7.26109, 629.891
1509, 7.11349, 625.032
1510, 6.97553, 637.365
1511, 6.85147, 650.006
1512, 6.75264, 662.613
1513, 6.70263, 674.37
1514, 6.73575, 685.882
1515, 6.6432, 686.985
1516, 6.62405, 678.969
1517, 6.49208, 667.302
1518, 6.3638, 668.932
1519, 6.24173, 672.074
1520, 6.13191, 691.653
1521, 6.04658, 710.73
1522, 6.01129, 729.998
1523, 5.90401, 731.455
1524, 5.86222, 722.303
1525, 5.7325, 707.792
1526, 5.60396, 691.969
1527, 5.47772, 692.488
1528, 5.35606, 709.459
1529, 5.24426, 726.29
1530, 5.15333, 743.145
1531, 5.09401, 763.651
1532, 4.99216, 762.486
1533, 4.91727, 758.684
1534, 4.79509, 740.177
1535, 4.67405, 721.059
1536, 4.55531, 718.21
1537, 4.44111, 716.015
1538, 4.33627, 731.381
1539, 4.28674, 740.372
1540, 4.19631, 737.696
1541, 4.08287, 715.988
1542, 3.96956, 693.788
1543, 3.85677, 674.515
1544, 3.74511, 669.239
1545, 3.63572, 681.4
1546, 3.53112, 694.166
1547, 3.43663, 708.445
1548, 3.35852, 728.318
1549, 3.27591, 721.599
1550, 3.17566, 697.364
1551, 3.07549, 672.883
1552, 2.97567, 648.346
1553, 2.8766, 629.847
1554, 2.77897, 640.245
1555, 2.68435, 651.444
1556, 2.59636, 664.299
1557, 2.5226, 681.75
1558, 10.5876, 584.616
1559, 10.4068, 528.359
1560, 10.2424, 507.459
1561, 10.086, 492.28
1562, 9.93399, 479.606
1563, 9.78524, 484.231
1564, 9.63953, 489.346
1565, 9.49717, 496.87
1566, 9.35873, 506.272
1567, 9.22527, 518.313
1568, 9.09328, 505.786
1569, 8.96441, 493.174
1570, 8.84148, 481.486
1571, 8.73423, 468.783
1572, 8.81998, 439.163
1573, 8.69785, 439.539
1574, 8.57647, 447.671
1575, 8.45651, 457.127
1576, 8.3395, 468.098
1577, 8.22493, 456.653
1578, 8.11045, 445.058
1579, 7.99614, 433.397
1580, 7.88208, 421.763
1581, 7.76839, 424.63
1582, 7.65527, 430.637
1583, 7.54319, 437.243
1584, 7.43315, 445.21
1585, 7.32798, 455.515
1586, 7.24128, 440.798
1587, 7.4062, 394.142
1588, 7.31413, 382.112
1589, 7.22181, 371.524
1590, 7.12937, 373.04
1591, 7.03697, 379.504
1592, 6.94486, 386.198
1593, 6.8534, 393.848
1594, 6.7633, 403.029
1595, 6.67565, 415.252
1596, 6.5922, 402.369
1597, 6.50982, 389.446
1598, 6.4293, 376.485
1599, 11.05, 438.297
1600, 10.9028, 408.854
1601, 10.7498, 408.597
1602, 10.5847, 413.444
1603, 10.4086, 423.006
1604, 10.1438, 438.548
1605, 9.95502, 424.671
1606, 9.7314, 412.957
1607, 9.45442, 424.072
1608, 8.91301, 452.496
1609, 8.58893, 460.632
1610, 8.62931, 439.76
1611, 8.46526, 418.341
1612, 8.32537, 411.378
1613, 8.20405, 417.27
1614, 8.08753, 426.405
1615, 7.91298, 441.782
1616, 7.75305, 428.34
1617, 7.60066, 414.738
1618, 7.46731, 400.096
1619, 7.47915, 373.519
1620, 7.32634, 342.301
1621, 7.1739, 310.992
1622, 7.23918, 343.996
1623, 7.09838, 346.238
1624, 6.95791, 348.231
1625, 6.81782, 349.984
1626, 6.67813, 351.508
1627, 6.53892, 352.805
1628, 6.40039, 354.017
1629, 6.381, 336.752
1630, 6.25268, 332.558
1631, 6.12527, 333.97
1632, 5.99972, 335.132
1633, 5.87897, 337.346
1634, 5.77593, 342.532
1635, 5.7868, 367.125
1636, 5.66767, 365.113
1637, 5.54844, 363.685
1638, 5.42929, 362.738
1639, 5.31043, 362.203
1640, 5.1922, 362.041
1641, 5.07522, 362.253
1642, 4.96087, 363.591
1643, 4.85326, 366.028
1644, 4.80838, 357.176
1645, 4.70181, 346.764
1646, 4.59939, 354.227
1647, 4.50544, 363.22
1648, 4.4614, 382.647
1649, 4.35741, 366.867
1650, 4.25378, 370.258
1651, 4.15115, 375.22
1652, 4.051, 381.195
1653, 3.95723, 389.804
1654, 3.88379, 399.971
1655, 3.78678, 392.539
1656, 3.69023, 384.86
1657, 3.59461, 381.396
1658, 3.5008, 390.991
1659, 7.29886, 331.575
1660, 7.09973, 302.07
1661, 6.93766, 272.267
1662, 6.74761, 244.58
1663, 6.56281, 240.148
1664, 6.38294, 237.575
1665, 6.20804, 236.078
1666, 6.03989, 235.068
1667, 5.89273, 232.694
1668, 6.18108, 193.656
1669, 6.03442, 194.83
1670, 5.88869, 197.548
1671, 5.74458, 201.28
1672, 5.60318, 205.781
1673, 5.4666, 210.989
1674, 5.34946, 213.483
1675, 5.2185, 201.168
1676, 5.0999, 198.396
1677, 5.34792, 178.208
1678, 5.22933, 180.169
1679, 5.11092, 183.118
1680, 4.99321, 186.442
1681, 4.87673, 189.86
1682, 4.76222, 194.261
1683, 4.65108, 201.237
1684, 4.54646, 208.472
1685, 4.45749, 215.934
1686, 4.58876, 209.678
1687, 4.49237, 204.945
1688, 4.38876, 194.128
1689, 4.28509, 190.839
1690, 4.18161, 199.16
1691, 4.07861, 207.303
1692, 3.97653, 215.331
1693, 3.87609, 223.305
1694, 3.77871, 231.273
1695, 3.68776, 239.208
1696, 3.61299, 246.736
1697, 3.68667, 239.536
1698, 3.58943, 231.475
1699, 3.49318, 240.703
1700, 3.39907, 252.559
1701, 3.31054, 266.554
1702, 3.22225, 259.698
1703, 3.13572, 252.541
1704, 3.05284, 262.36
1705, 2.9783, 271.883
1706, 2.92323, 280.905
1707, 2.90655, 290.738
1708, 2.82081, 283.496
1709, 2.73507, 275.841
1710, 2.64959, 271.934
1711, 2.56475, 281.303
1712, 2.4812, 290.966
1713, 2.40024, 301.337
1714, 2.32479, 313.306
1715, 2.26132, 328.742
1716, 2.23245, 319.081
1717, 2.15992, 292.311
1718, 2.08729, 282.435
1719, 2.01467, 273.969
1720, 1.94219, 281.017
1721, 1.87001, 288.083
1722, 1.79839, 295.276
1723, 4.10317, 626.619
1724, 3.37182, 792.594
1725, 3.01247, 891.571
1726, 2.81513, 953.186
1727, 2.72984, 998.093
1728, 2.73188, 1036.74
1729, 2.90008, 1065.72
1730, 2.97926, 1074.3
1731, 2.92053, 1076.63
1732, 2.91386, 1077.35
1733, 3.00517, 1076.47
1734, 2.95858, 1094
1735, 2.99233, 1103.84
1736, 2.96811, 1096.32
1737, 3.06898, 1079.02
1738, 3.01922, 1061.11
1739, 3.02139, 1053.72
1740, 3.04977, 1036.72
1741, 2.9793, 1010.05
1742, 2.92379, 986.872
1743, 2.90795, 977.929
1744, 2.88616, 950.98
1745, 2.80964, 923.577
1746, 2.7567, 912.379
1747, 2.71755, 877.444
1748, 2.63236, 827.37
1749, 2.55198, 795.969
1750, 2.49043, 764.348
1751, 2.41229, 733.749
1752, 2.33426, 728.319
1753, 2.25779, 710.593
1754, 2.19004, 692.773
1755, 2.11431, 654.797
1756, 2.04046, 635.61
1757, 1.97194, 616.834
1758, 1.90153, 594.271
1759, 1.83236, 573.312
1760, 1.76511, 568.058
1761, 1.70018, 540.712
1762, 1.63635, 513.895
1763, 1.57501, 499.317
1764, 1.52995, 489.76
1765, 1.47401, 464.388
1766, 1.41969, 448.525
1767, 1.36901, 417.902
1768, 1.31832, 395.622
1769, 1.26765, 382.15
1770, 1.21704, 368.713
1771, 1.16651, 359.052
1772, 1.11614, 363.004
1773, 1.06599, 367.144
1774, 1.01623, 371.564
1775, 0.967128, 376.4
1776, 0.919415, 381.873
1777, 0.875341, 388.329
1778, 0.845827, 395.25
1779, 0.80558, 384.827
1780, 0.767011, 376.648
1781, 14.6858, 321.513
1782, 14.3406, 233.202
1783, 14.0235, 194.884
1784, 13.7288, 178.618
1785, 13.4518, 176.876
1786, 13.1897, 179.332
1787, 12.942, 184.138
1788, 12.7147, 190.759
1789, 12.5326, 197.853
1790, 12.5984, 205.852
1791, 12.6202, 192.069
1792, 12.4324, 166.553
1793, 12.246, 159.022
1794, 12.0607, 161.677
1795, 11.8766, 164.454
1796, 11.6939, 167.405
1797, 11.5135, 170.605
1798, 11.338, 174.198
1799, 11.18, 178.424
1800, 11.2476, 187.367
1801, 11.409, 169.01
1802, 11.2527, 155.224
1803, 11.0969, 158.124
1804, 10.9419, 160.595
1805, 10.7878, 162.681
1806, 10.6346, 164.411
1807, 10.4827, 165.791
1808, 10.3325, 166.804
1809, 10.1855, 167.4
1810, 10.0462, 167.475
1811, 10.0807, 181.818
1812, 10.2374, 169.396
1813, 10.1088, 157.02
1814, 9.97962, 153.079
1815, 9.85, 149.091
1816, 9.72013, 145.045
1817, 9.59022, 141.698
1818, 9.46055, 138.744
1819, 9.33149, 135.818
1820, 9.20366, 132.517
1821, 9.07812, 128.682
1822, 8.95703, 124.02
1823, 8.84542, 123.565
1824, 8.75696, 129.738
1825, 8.83101, 142.515
1826, 8.71212, 125.183
1827, 8.59229, 122.578
1828, 8.47166, 120.483
1829, 8.35042, 118.904
1830, 8.22871, 120.403
1831, 8.10673, 123.621
1832, 7.98468, 129.858
1833, 7.86282, 138.365
1834, 7.74155, 146.686
1835, 7.62152, 154.894
1836, 7.50392, 163.034
1837, 7.39143, 171.06
1838, 7.29101, 178.586
1839, 7.28502, 171.482
1840, 7.20098, 162.294
1841, 7.09089, 154.74
1842, 6.98011, 160.958
1843, 6.86879, 169.276
1844, 6.75705, 177.14
1845, 6.64501, 184.655
1846, 6.53282, 191.907
1847, 6.42065, 198.975
1848, 6.30871, 205.936
1849, 6.19734, 212.868
1850, 6.08713, 219.856
1851, 5.97927, 226.984
1852, 5.8767, 234.289
1853, 5.7878, 241.59
1854, 5.73393, 249.387
1855, 5.64742, 241.523
1856, 5.54895, 214.111
1857, 5.4501, 203.579
1858, 5.35096, 209.798
1859, 5.25159, 215.759
1860, 5.15207, 221.525
1861, 5.05249, 227.152
1862, 4.95293, 232.696
1863, 4.85352, 238.214
1864, 4.75445, 243.773
1865, 4.65603, 249.455
1866, 4.55887, 255.365
1867, 4.46438, 261.643
1868, 4.37669, 268.421
1869, 4.31814, 273.387
1870, 4.24097, 260.331
1871, 4.15691, 231.387
1872, 4.0726, 225.666
1873, 3.98812, 230.565
1874, 3.90349, 235.28
1875, 3.81877, 239.857
1876, 3.73399, 244.337
1877, 3.64921, 248.763
1878, 3.56448, 253.177
1879, 3.4799, 257.629
1880, 3.39557, 262.182
1881, 3.31171, 266.916
1882, 3.22872, 271.954
1883, 3.14755, 277.477
1884, 3.07104, 283.753
1885, 3.01621, 288.854
1886, 2.94798, 276.221
1887, 2.87962, 246.109
1888, 2.81111, 232.977
1889, 2.7425, 236.865
1890, 2.67381, 240.626
1891, 2.60506, 244.297
1892, 2.53629, 247.912
1893, 2.46753, 251.506
1894, 2.39881, 255.117
1895, 2.33018, 258.79
1896, 2.26173, 262.583
1897, 2.19356, 266.579
1898, 2.12593, 270.903
1899, 2.05936, 275.769
1900, 1.99539, 281.574
1901, 1.94477, 286.904
1902, 1.8868, 275.389
1903, 5.91869, 298.903
1904, 5.9323, 286.256
1905, 5.76237, 274.391
1906, 5.57611, 301.371
1907, 5.43731, 312.45
1908, 5.34018, 309.214
1909, 5.34103, 318.51
1910, 5.19224, 323.071
1911, 5.03583, 362.037
1912, 5.17784, 344.582
1913, 5.02749, 397.278
1914, 4.89883, 429.348
1915, 4.78728, 425.384
1916, 4.67699, 400.617
1917, 4.56807, 378.062
1918, 4.45948, 373.798
1919, 4.36014, 346.686
1920, 4.48906, 307.561
1921, 4.40283, 302.563
1922, 4.3167, 303.059
1923, 4.23084, 303.006
1924, 4.14543, 302.354
1925, 4.06075, 300.959
1926, 3.97724, 298.513
1927, 3.89584, 294.253
1928, 3.81795, 288.922
1929, 3.75327, 254.916
1930, 3.70276, 230.561
1931, 3.75298, 219.288
1932, 3.69275, 200.303
1933, 3.63216, 183.627
1934, 3.57129, 166.741
1935, 3.51022, 149.68
1936, 3.44902, 149.652
1937, 3.38779, 150.914
1938, 3.32663, 153.613
1939, 3.26571, 156.274
1940, 3.20527, 159.428
1941, 3.14577, 163.979
1942, 3.0882, 168.555
1943, 3.03516, 173.078
1944, 2.99489, 177.025
1945, 2.99687, 178.924
1946, 2.94201, 166.702
1947, 2.88679, 169.993
1948, 2.8313, 175.007
1949, 2.7756, 179.717
1950, 2.71975, 184.194
1951, 2.66382, 188.497
1952, 2.60789, 192.679
1953, 2.55205, 196.787
1954, 2.49644, 200.87
1955, 2.4413, 204.982
1956, 2.38709, 209.185
1957, 2.33484, 213.551
1958, 2.28752, 218.1
1959, 2.27935, 216.267
1960, 2.23034, 203.862
1961, 2.18112, 206.058
1962, 2.13173, 210.188
1963, 2.08222, 214.098
1964, 2.03261, 217.839
1965, 1.98296, 221.454
1966, 1.93328, 224.981
1967, 1.88363, 228.456
1968, 1.83406, 231.911
1969, 1.78463, 235.384
1970, 1.73545, 238.919
1971, 1.68672, 242.572
1972, 1.63881, 246.426
1973, 1.5927, 250.6
1974, 1.55129, 255.267
1975, 1.53298, 258.437
1976, 1.49104, 245.407
1977, 1.44904, 233.259
1978, 1.40699, 236.958
1979, 1.36492, 240.512
1980, 1.32285, 243.964
1981, 1.2808, 247.352
1982, 1.2388, 250.708
1983, 1.19687, 254.064
1984, 1.15503, 257.45
1985, 1.11335, 260.9
1986, 1.07187, 264.452
1987, 1.0307, 268.147
1988, 0.990059, 272.041
1989, 0.950406, 276.186
1990, 0.913092, 280.557
1991, 0.883152, 284.515
1992, 0.880533, 284.702
1993, 0.848575, 273.709
1994, 0.816513, 262.201
1995, 0.78445, 267.589
1996, 0.752515, 272.872
1997, 0.720909, 278.248
1998, 0.690017, 283.972
1999, 0.660731, 290.478
2000, 0.634952, 298.975
2001, 0.614847, 313.535
2002, 0.590101, 300.458
2003, 0.565244, 287.09
2004, 0.540326, 273.545
2005, 0.515393, 259.917
2006, 0.490498, 263.49
2007, 0.465709, 267.182
2008, 0.441137, 271.144
2009, 0.416996, 275.62
2010, 0.393798, 281.108
2011, 0.375197, 286.536
2012, 0.358573, 272.431
2013, 0.341883, 258.143
2014, 0.325161, 243.757
2015, 0.308439, 231.393
2016, 0.291751, 234.223
2017, 0.275133, 237.185
2018, 0.258633, 240.38
2019, 0.242322, 243.951
2020, 0.226313, 248.122
2021, 0.210816, 253.275
2022, 0.196292, 260.164
2023, 0.183943, 268.163
2024, 0.178431, 259.51
2025, 0.173704, 252.685
2026, 0.170439, 249.893
2027, 0.170439, 215.515
2028, 0.170439, 198.327
2029, 0.170439, 181.138
