0
0
0.0944056
-0.00413717
-0.0904804
0.00641207
0.181079
0.00632517
-0.17696
0.00668246
0.265026
-0.00135544
-0.267388
0.00549644
0.358488
0.00533139
-0.35411
0.00344222
-0.44738
0.00641615
0.449491
0.00847739
-0.545368
-0.00699805
-0.629866
0.00582031
0.534705
-0.00358334
-0.715345
-0.00768121
-0.813131
-0.00654224
0.63341
-0.00557096
-0.903429
-0.00305879
0.721987
-0.0051155
-0.988306
0.00676728
0.811579
0.00537038
-1.07923
-0.00627521
0.900668
0.00449227
-1.16927
-0.00603149
0.988183
-0.00639803
