0, 0, 
1, 0, 
2, 0, 
3, 0, 0, 
4, 0, 0, 
5, 0, 0.00899993, 
6, 0, 0.0179996, 0, 
7, 0, 0.0179996, 0, 
8, 0, 0.0179996, 0.00659995, 
9, 0, 0.0179996, 0.0142778, 0, 
10, 0, 0.0179996, 0.0219556, 0, 
11, 0, 0.0179996, 0.0304708, 0.000957459, 
12, 0, 0.0179996, 0.0390854, 0.00507409, 0, 
13, 0, 0.0179996, 0.0477449, 0.0119216, 0, 
14, 0, 0.0179996, 0.0564016, 0.0197015, 0.00160079, 
15, 0, 0.0179996, 0.0650811, 0.0278948, 0.00669944, 0, 
16, 0, 0.0179996, 0.07379, 0.036088, 0.0138705, 0, 
17, 0, 0.0179996, 0.0826027, 0.0432354, 0.0217854, 0.00107049, 
18, 0, 0.0179996, 0.0907667, 0.0513254, 0.0300496, 0.00372608, 0, 
19, 0, 0.0179996, 0.0992178, 0.0596632, 0.0383138, 0.00814955, 0, 
20, 0, 0.0195467, 0.107762, 0.0681513, 0.0460343, 0.0140067, 0.0089815, 
21, 0, 0.0215299, 0.116375, 0.0767398, 0.0541845, 0.020825, 0.0179631, 0, 
22, 0, 0.0269265, 0.125043, 0.0853989, 0.0625649, 0.0276432, 0.0269448, 0, 
23, 0, 0.0339497, 0.133756, 0.0943673, 0.0710849, 0.036153, 0.0359265, 0.000696235, 
24, 0, 0.0415833, 0.142563, 0.100652, 0.0796963, 0.0449257, 0.0449082, 0.00280771, 0, 
25, 0, 0.0495086, 0.146992, 0.107883, 0.0883713, 0.0536981, 0.05389, 0.00670748, 0, 
26, 0, 0.057586, 0.153835, 0.115809, 0.0972039, 0.0624751, 0.0623049, 0.0121977, 0.00393989, 
27, 0, 0.0661828, 0.161405, 0.124062, 0.103442, 0.0712668, 0.0707912, 0.0188016, 0.0107528, 0, 
28, 0, 0.0749169, 0.169394, 0.132482, 0.11091, 0.0800777, 0.0793471, 0.0254055, 0.0185425, 0, 
29, 0, 0.0836567, 0.17767, 0.140998, 0.118904, 0.0882698, 0.0879577, 0.0334774, 0.0267576, 0.00873347, 
30, 0, 0.0924041, 0.186162, 0.149902, 0.127169, 0.0970984, 0.0966093, 0.0421861, 0.0351992, 0.0175122, 0, 
31, 0, 0.10116, 0.193891, 0.15171, 0.135592, 0.106092, 0.105293, 0.0509286, 0.0436407, 0.0263247, 0, 
32, 0, 0.109925, 0.196773, 0.158328, 0.144114, 0.115085, 0.114257, 0.0596987, 0.052635, 0.0351633, 0.00688927, 
33, 0, 0.118697, 0.204869, 0.165928, 0.153058, 0.124078, 0.119083, 0.0684918, 0.0616277, 0.0440225, 0.014714, 0, 
34, 0, 0.126612, 0.213326, 0.173961, 0.156363, 0.13307, 0.125231, 0.0773041, 0.0706193, 0.0528817, 0.0229504, 0, 
35, 0, 0.135612, 0.221889, 0.182227, 0.162923, 0.142062, 0.132204, 0.0860829, 0.0796103, 0.0618732, 0.0314069, 0.00375051, 
36, 0, 0.144612, 0.230456, 0.190633, 0.170528, 0.15106, 0.139679, 0.0950676, 0.0886009, 0.0708717, 0.0399965, 0.0091354, 0, 
37, 0, 0.153609, 0.238957, 0.199325, 0.178571, 0.160003, 0.147474, 0.104067, 0.0975912, 0.0798706, 0.048586, 0.0156821, 0, 
38, 0, 0.162606, 0.247377, 0.205143, 0.186841, 0.1689, 0.155482, 0.113067, 0.106577, 0.0888697, 0.0573001, 0.0229669, 0.00898922, 
39, 0, 0.171603, 0.253703, 0.212499, 0.195247, 0.177806, 0.16403, 0.122066, 0.1151, 0.0978689, 0.066063, 0.0307158, 0.0179786, 0, 
40, 0, 0.180601, 0.260518, 0.220419, 0.204093, 0.18672, 0.166504, 0.131065, 0.123693, 0.106868, 0.0748623, 0.0384647, 0.0269682, 0, 
41, 0, 0.189539, 0.267454, 0.228633, 0.209372, 0.19564, 0.170688, 0.140065, 0.132339, 0.115857, 0.0836895, 0.0454422, 0.0359578, 0.00373762, 
42, 0, 0.198494, 0.274618, 0.237022, 0.216517, 0.204566, 0.176268, 0.149059, 0.141027, 0.124378, 0.0925386, 0.0533063, 0.0449477, 0.0104878, 0, 
43, 0, 0.207463, 0.28203, 0.245524, 0.224338, 0.213422, 0.182796, 0.157975, 0.14975, 0.133165, 0.101405, 0.0614451, 0.0539375, 0.0182607, 0, 
44, 0, 0.216432, 0.289665, 0.25418, 0.232486, 0.222149, 0.18993, 0.166941, 0.1585, 0.141974, 0.110254, 0.0697614, 0.0628761, 0.0264728, 0.00366282, 
45, 0, 0.225397, 0.297754, 0.262448, 0.240822, 0.231016, 0.197453, 0.17591, 0.167207, 0.150797, 0.119105, 0.0782031, 0.0718176, 0.0349165, 0.00898035, 0, 
46, 0, 0.234354, 0.305515, 0.270646, 0.249277, 0.2399, 0.204587, 0.18488, 0.174423, 0.159633, 0.127971, 0.086737, 0.0807608, 0.0433603, 0.0154849, 0, 
47, 0, 0.243303, 0.312997, 0.279026, 0.257941, 0.248796, 0.209184, 0.193852, 0.182108, 0.16848, 0.136852, 0.0952584, 0.0897052, 0.0513454, 0.0227453, 0.00476668, 
48, 0, 0.252301, 0.320682, 0.287534, 0.265808, 0.2577, 0.21508, 0.202825, 0.190094, 0.177417, 0.145744, 0.10255, 0.098651, 0.0600817, 0.0304803, 0.0118632, 0, 
49, 0, 0.261205, 0.328575, 0.296131, 0.273999, 0.266612, 0.221851, 0.211766, 0.198282, 0.18507, 0.154647, 0.110811, 0.107598, 0.0689079, 0.0382152, 0.0197737, 0, 
50, 0, 0.270106, 0.336641, 0.304789, 0.282368, 0.275475, 0.229185, 0.22049, 0.206614, 0.192866, 0.163558, 0.119284, 0.116485, 0.0777766, 0.0455761, 0.0280552, 0.000428037, 
51, 0, 0.278996, 0.344848, 0.313633, 0.290851, 0.284158, 0.236886, 0.229408, 0.215052, 0.20095, 0.172418, 0.127873, 0.125172, 0.0866688, 0.0533695, 0.0365394, 0.00208368, 0, 
52, 0, 0.287877, 0.353271, 0.322417, 0.299416, 0.293045, 0.244832, 0.23835, 0.223096, 0.20922, 0.181255, 0.136534, 0.133895, 0.0955764, 0.0614316, 0.0450235, 0.0054885, 0, 
53, 0, 0.296751, 0.361581, 0.331021, 0.308044, 0.301958, 0.251783, 0.247303, 0.229902, 0.217618, 0.190106, 0.145246, 0.142647, 0.10443, 0.0696677, 0.0534408, 0.0105991, 0.00834817, 
54, 0, 0.305625, 0.369907, 0.339664, 0.316928, 0.310886, 0.259116, 0.256262, 0.237308, 0.226109, 0.198957, 0.153949, 0.151422, 0.113047, 0.0780294, 0.0621614, 0.0169701, 0.0168731, 0, 
55, 0, 0.314619, 0.378314, 0.34835, 0.325458, 0.319822, 0.266817, 0.265225, 0.245084, 0.234823, 0.207798, 0.161959, 0.160216, 0.121868, 0.0864915, 0.0709318, 0.023341, 0.0255087, 0, 
56, 0, 0.323487, 0.386795, 0.357072, 0.334082, 0.328763, 0.274717, 0.274167, 0.253098, 0.240987, 0.21663, 0.170267, 0.169029, 0.130713, 0.0943841, 0.0797388, 0.0305982, 0.0342186, 0.00705881, 
57, 0, 0.33237, 0.395341, 0.365826, 0.342794, 0.337679, 0.28272, 0.283, 0.261283, 0.2476, 0.225459, 0.178706, 0.177944, 0.139577, 0.102333, 0.0885734, 0.0383289, 0.0429811, 0.0149563, 0, 
58, 0, 0.341286, 0.403946, 0.374686, 0.351583, 0.346516, 0.290802, 0.291895, 0.2696, 0.254869, 0.231587, 0.187239, 0.186474, 0.148455, 0.110509, 0.0974294, 0.046372, 0.0517435, 0.0232328, 0, 
59, 0, 0.350239, 0.412639, 0.383575, 0.360428, 0.355408, 0.298972, 0.300803, 0.27797, 0.262555, 0.240155, 0.195843, 0.195077, 0.157344, 0.11885, 0.106301, 0.0546258, 0.0606829, 0.0317153, 0.00750475, 
60, 0, 0.359216, 0.421323, 0.392429, 0.369306, 0.364314, 0.303777, 0.309721, 0.284908, 0.270516, 0.248703, 0.2045, 0.203736, 0.166259, 0.127311, 0.115093, 0.0630271, 0.0695464, 0.0403235, 0.0155934, 0, 
61, 0, 0.368206, 0.430052, 0.401287, 0.377371, 0.373229, 0.312445, 0.318646, 0.292417, 0.278665, 0.257272, 0.213268, 0.212439, 0.174876, 0.135863, 0.123736, 0.0715353, 0.0784222, 0.0489316, 0.0239704, 0, 
62, 0, 0.376148, 0.438808, 0.410152, 0.386167, 0.382151, 0.321114, 0.327577, 0.300292, 0.287309, 0.265858, 0.221441, 0.221178, 0.183328, 0.144482, 0.132444, 0.0801496, 0.0873113, 0.0579125, 0.0325129, 0.00333735, 
63, 0, 0.384986, 0.447593, 0.419026, 0.395012, 0.391079, 0.329802, 0.336527, 0.30841, 0.291984, 0.27445, 0.229605, 0.229945, 0.191907, 0.153235, 0.1412, 0.0884111, 0.0962123, 0.0668952, 0.04116, 0.00839399, 0, 
64, 0, 0.393871, 0.456406, 0.427908, 0.403882, 0.400027, 0.338512, 0.345394, 0.3167, 0.297507, 0.283031, 0.237939, 0.238843, 0.200569, 0.161214, 0.149995, 0.0968149, 0.105124, 0.0758791, 0.0498071, 0.0147305, 0, 
65, 0, 0.40278, 0.465244, 0.436743, 0.412771, 0.408921, 0.34724, 0.35422, 0.325111, 0.304054, 0.291531, 0.246393, 0.24736, 0.209288, 0.169414, 0.158819, 0.105323, 0.113994, 0.084864, 0.0586557, 0.0218908, 0.00690868, 
66, 0, 0.411707, 0.474056, 0.445655, 0.421674, 0.417778, 0.355984, 0.363074, 0.333975, 0.311231, 0.295114, 0.254934, 0.255947, 0.21805, 0.177769, 0.167641, 0.113909, 0.12299, 0.0938494, 0.0674434, 0.0295665, 0.0147483, 0, 
67, 0, 0.420647, 0.482876, 0.454619, 0.430589, 0.426655, 0.364175, 0.371948, 0.340837, 0.318804, 0.301646, 0.263542, 0.264588, 0.226857, 0.186238, 0.176301, 0.122556, 0.13197, 0.102835, 0.0762579, 0.0372422, 0.0229972, 0, 
68, 0, 0.429598, 0.49176, 0.463576, 0.439574, 0.435548, 0.373127, 0.380836, 0.348195, 0.326634, 0.309107, 0.27224, 0.273274, 0.234893, 0.194793, 0.184792, 0.131252, 0.140949, 0.111824, 0.0850982, 0.0456781, 0.0314648, 0.00222575, 
69, 0, 0.43854, 0.500652, 0.472531, 0.448289, 0.444451, 0.382099, 0.389735, 0.355947, 0.335086, 0.316939, 0.280419, 0.281998, 0.242817, 0.203415, 0.19339, 0.140139, 0.14993, 0.120701, 0.0939599, 0.0542079, 0.0400644, 0.00804474, 0, 
70, 0, 0.447149, 0.509557, 0.481485, 0.457011, 0.453362, 0.391073, 0.398648, 0.363982, 0.339613, 0.324923, 0.288543, 0.290753, 0.251079, 0.212254, 0.202066, 0.148595, 0.158911, 0.129587, 0.102839, 0.0628096, 0.0486639, 0.0154919, 0, 
71, 0, 0.455749, 0.518477, 0.490441, 0.465777, 0.462286, 0.400044, 0.407503, 0.372219, 0.344443, 0.332937, 0.296843, 0.299214, 0.259529, 0.22029, 0.210799, 0.157148, 0.167895, 0.138481, 0.111663, 0.0714716, 0.0573625, 0.0235567, 0.00118583, 
72, 0, 0.464413, 0.527412, 0.499379, 0.474583, 0.471185, 0.409012, 0.416324, 0.380603, 0.350477, 0.333252, 0.305271, 0.307845, 0.268094, 0.228543, 0.219574, 0.165775, 0.176838, 0.147382, 0.120586, 0.0801809, 0.0661692, 0.0319222, 0.00570887, 0, 
73, 0, 0.473139, 0.536336, 0.508335, 0.483422, 0.480053, 0.417976, 0.425169, 0.388055, 0.357307, 0.342094, 0.313792, 0.316519, 0.276735, 0.236947, 0.228319, 0.174452, 0.185819, 0.15629, 0.129556, 0.0889274, 0.0750003, 0.0402876, 0.0127318, 0, 
74, 0, 0.481918, 0.545245, 0.51732, 0.492287, 0.488936, 0.426715, 0.434033, 0.396017, 0.364646, 0.350964, 0.322384, 0.325231, 0.285443, 0.245451, 0.236415, 0.183169, 0.194701, 0.165203, 0.138526, 0.0978266, 0.0838468, 0.0487753, 0.0206174, 0.00868788, 
75, 0, 0.49074, 0.554196, 0.526305, 0.500271, 0.497829, 0.435636, 0.442911, 0.404184, 0.372316, 0.359851, 0.331013, 0.33398, 0.292032, 0.254033, 0.244704, 0.191919, 0.203589, 0.1741, 0.147493, 0.106669, 0.0927091, 0.0573876, 0.0288898, 0.0174357, 
76, 0, 0.498097, 0.563156, 0.535292, 0.50925, 0.506729, 0.444566, 0.4518, 0.4125, 0.380081, 0.368724, 0.339165, 0.342757, 0.299185, 0.262674, 0.253158, 0.200561, 0.212487, 0.18249, 0.156461, 0.115526, 0.101586, 0.066082, 0.0373712, 0.0262269, 
77, 0, 0.507077, 0.572128, 0.544281, 0.518228, 0.515635, 0.453501, 0.460688, 0.420944, 0.38631, 0.377579, 0.347448, 0.351559, 0.307063, 0.271187, 0.261706, 0.209176, 0.22139, 0.190988, 0.165429, 0.124395, 0.110475, 0.0748338, 0.0459797, 0.0350507, 
78, 0, 0.516054, 0.58111, 0.553271, 0.527204, 0.52454, 0.462433, 0.469533, 0.429482, 0.393258, 0.386415, 0.355852, 0.360422, 0.315273, 0.279426, 0.270329, 0.217846, 0.230295, 0.199567, 0.174398, 0.133274, 0.119376, 0.0836272, 0.0546718, 0.0438996, 
79, 0, 0.52503, 0.590101, 0.562265, 0.536184, 0.533435, 0.47136, 0.478391, 0.438092, 0.400626, 0.394843, 0.364343, 0.369076, 0.323669, 0.287813, 0.279007, 0.226559, 0.239199, 0.208208, 0.183368, 0.142163, 0.128285, 0.0924521, 0.0634222, 0.0527682, 
80, 0, 0.534011, 0.599094, 0.571256, 0.545166, 0.542332, 0.480284, 0.487254, 0.446785, 0.408271, 0.403814, 0.372904, 0.377776, 0.332178, 0.296308, 0.287727, 0.235306, 0.248103, 0.216897, 0.19234, 0.15106, 0.137203, 0.101301, 0.0722149, 0.0616527, 
81, 0, 0.542995, 0.608073, 0.580254, 0.55415, 0.551224, 0.489165, 0.496123, 0.455016, 0.416121, 0.412782, 0.381522, 0.386514, 0.340757, 0.304883, 0.29648, 0.244082, 0.257005, 0.225625, 0.201313, 0.159964, 0.146127, 0.11017, 0.0810394, 0.0705503, 
82, 0, 0.551983, 0.617068, 0.589254, 0.563138, 0.560113, 0.498068, 0.504999, 0.463394, 0.42412, 0.421748, 0.390184, 0.395282, 0.349379, 0.31352, 0.305259, 0.252882, 0.265906, 0.234384, 0.210288, 0.168874, 0.155057, 0.119053, 0.0898886, 0.0794585, 
83, 0, 0.560963, 0.626068, 0.59825, 0.572133, 0.569002, 0.506972, 0.51388, 0.471879, 0.432229, 0.430711, 0.398881, 0.404075, 0.358021, 0.322206, 0.314056, 0.261701, 0.274805, 0.243169, 0.219263, 0.17779, 0.163993, 0.12795, 0.0987572, 0.0883759, 
84, 0, 0.569962, 0.635065, 0.607236, 0.581128, 0.57789, 0.515877, 0.522766, 0.480445, 0.440421, 0.439668, 0.407608, 0.412889, 0.366658, 0.330932, 0.32287, 0.270537, 0.283701, 0.251975, 0.22824, 0.186712, 0.172933, 0.136857, 0.107641, 0.0973008, 
85, 0, 0.578961, 0.644054, 0.616205, 0.590124, 0.586777, 0.524783, 0.531658, 0.489072, 0.448684, 0.44862, 0.416358, 0.42172, 0.375255, 0.339688, 0.331695, 0.279388, 0.292594, 0.260799, 0.237217, 0.195638, 0.181877, 0.145773, 0.116539, 0.106232, 
86, 0, 0.58796, 0.653031, 0.625149, 0.59912, 0.595666, 0.533691, 0.540555, 0.497747, 0.457026, 0.457564, 0.42513, 0.430567, 0.383748, 0.348471, 0.340529, 0.288251, 0.301484, 0.269639, 0.246196, 0.204568, 0.190825, 0.154696, 0.125446, 0.115169, 
87, 0, 0.59696, 0.66199, 0.634066, 0.608116, 0.604558, 0.542601, 0.54946, 0.506462, 0.465484, 0.466497, 0.433924, 0.439426, 0.392019, 0.357276, 0.34937, 0.297124, 0.310371, 0.278492, 0.255176, 0.213501, 0.199775, 0.163626, 0.134363, 0.124111, 
88, 0, 0.605959, 0.670932, 0.642961, 0.617112, 0.613458, 0.551513, 0.558378, 0.515207, 0.474131, 0.475415, 0.442748, 0.448296, 0.399877, 0.366099, 0.358215, 0.306007, 0.319254, 0.287356, 0.264156, 0.222438, 0.208729, 0.172561, 0.143287, 0.133058, 
89, 0, 0.614959, 0.679857, 0.651853, 0.626108, 0.622375, 0.560427, 0.567318, 0.523978, 0.483027, 0.484313, 0.451614, 0.457176, 0.40717, 0.374938, 0.367062, 0.314898, 0.328132, 0.296231, 0.273138, 0.231379, 0.217685, 0.181501, 0.152218, 0.142008, 
90, 0, 0.623959, 0.688776, 0.660781, 0.635103, 0.631324, 0.569343, 0.576288, 0.532771, 0.492016, 0.49318, 0.460535, 0.466065, 0.414102, 0.38379, 0.375908, 0.323796, 0.337005, 0.305114, 0.28212, 0.240322, 0.226644, 0.190445, 0.161154, 0.150961, 
91, 0, 0.632958, 0.697711, 0.669775, 0.644099, 0.640312, 0.578261, 0.585286, 0.541582, 0.500683, 0.501995, 0.469501, 0.474961, 0.42134, 0.392654, 0.384752, 0.3327, 0.345872, 0.314004, 0.291103, 0.249267, 0.235604, 0.199393, 0.170095, 0.159917, 
92, 0, 0.641958, 0.706688, 0.678715, 0.653093, 0.649295, 0.587181, 0.594251, 0.550408, 0.508722, 0.510717, 0.478483, 0.483863, 0.429352, 0.401528, 0.393588, 0.341611, 0.354734, 0.322902, 0.300087, 0.258215, 0.244567, 0.208344, 0.17904, 0.168876, 
93, 0, 0.650958, 0.715676, 0.687121, 0.662088, 0.65801, 0.596103, 0.603053, 0.559247, 0.516608, 0.519238, 0.487458, 0.492772, 0.437941, 0.410411, 0.402414, 0.350526, 0.363589, 0.331805, 0.309072, 0.267166, 0.253531, 0.217298, 0.187989, 0.177838, 
94, 0, 0.659957, 0.72422, 0.694266, 0.671081, 0.666201, 0.605026, 0.611743, 0.568097, 0.524965, 0.527187, 0.496413, 0.501686, 0.446792, 0.419302, 0.411223, 0.359446, 0.372436, 0.340714, 0.318057, 0.276118, 0.262497, 0.226255, 0.196942, 0.186801, 
95, 0, 0.668956, 0.731393, 0.700535, 0.680074, 0.674191, 0.613951, 0.620524, 0.576958, 0.533756, 0.527187, 0.505348, 0.510604, 0.455748, 0.4282, 0.420004, 0.368371, 0.381275, 0.349628, 0.327043, 0.285072, 0.271464, 0.235214, 0.205897, 0.195766, 
96, 0, 0.677955, 0.737121, 0.707314, 0.689066, 0.68254, 0.622876, 0.629434, 0.585863, 0.542725, 0.527187, 0.514268, 0.519527, 0.464743, 0.437103, 0.42874, 0.377298, 0.390104, 0.358546, 0.336029, 0.294028, 0.280433, 0.244175, 0.214855, 0.204734, 
97, 0, 0.686953, 0.742664, 0.715294, 0.698058, 0.691284, 0.631746, 0.638409, 0.59477, 0.551721, 0.527187, 0.523178, 0.528453, 0.473721, 0.446013, 0.4374, 0.38623, 0.398923, 0.367468, 0.345017, 0.302985, 0.289402, 0.253138, 0.223816, 0.213702, 
98, 0, 0.695951, 0.749459, 0.724045, 0.707057, 0.700215, 0.640624, 0.647406, 0.60368, 0.560606, 0.527187, 0.532083, 0.537384, 0.473721, 0.454927, 0.44591, 0.395164, 0.40773, 0.376393, 0.354005, 0.311944, 0.298373, 0.262103, 0.232778, 0.222673, 
99, 0, 0.704949, 0.757681, 0.733034, 0.716056, 0.709206, 0.649508, 0.656406, 0.612591, 0.569275, 0.527187, 0.541037, 0.546317, 0.473721, 0.463846, 0.454074, 0.404102, 0.416524, 0.385322, 0.362993, 0.320905, 0.307345, 0.271069, 0.241742, 0.231644, 
100, 0, 0.713947, 0.766554, 0.741961, 0.725054, 0.718205, 0.658397, 0.665404, 0.621503, 0.578274, 0.527187, 0.549989, 0.555253, 0.473721, 0.472768, 0.461181, 0.413042, 0.425302, 0.394254, 0.371982, 0.329866, 0.316318, 0.280037, 0.250709, 0.240617, 
101, 0, 0.722946, 0.775554, 0.750602, 0.734051, 0.727199, 0.667291, 0.674404, 0.630417, 0.587254, 0.527187, 0.558938, 0.564192, 0.473721, 0.481695, 0.461181, 0.421984, 0.434063, 0.403188, 0.380972, 0.338829, 0.325291, 0.289005, 0.259676, 0.249591, 
102, 0, 0.731945, 0.784497, 0.75891, 0.743046, 0.736199, 0.676188, 0.683403, 0.639332, 0.596146, 0.527187, 0.567882, 0.573133, 0.473721, 0.490624, 0.461181, 0.430928, 0.442804, 0.412125, 0.389962, 0.347793, 0.334266, 0.297976, 0.268646, 0.258566, 
103, 0, 0.740945, 0.79333, 0.767628, 0.75204, 0.745197, 0.685089, 0.692403, 0.648247, 0.604678, 0.527187, 0.576795, 0.582077, 0.473721, 0.499557, 0.461181, 0.439874, 0.451522, 0.421064, 0.398953, 0.356758, 0.343241, 0.306947, 0.277616, 0.267542, 
104, 0, 0.749944, 0.802261, 0.776215, 0.761031, 0.754191, 0.693992, 0.701399, 0.657163, 0.609241, 0.527187, 0.585711, 0.591023, 0.473721, 0.508492, 0.461181, 0.448823, 0.460214, 0.430005, 0.407944, 0.365725, 0.352216, 0.315919, 0.286588, 0.276518, 
105, 0, 0.758944, 0.811144, 0.784615, 0.77002, 0.763175, 0.702896, 0.710363, 0.666079, 0.614223, 0.527187, 0.594626, 0.59997, 0.473721, 0.517429, 0.461181, 0.457772, 0.468874, 0.438948, 0.416936, 0.374692, 0.361193, 0.324892, 0.295561, 0.285496, 
106, 0, 0.767944, 0.819957, 0.792663, 0.779005, 0.772054, 0.711802, 0.719325, 0.674995, 0.619283, 0.527187, 0.603542, 0.60892, 0.473721, 0.526369, 0.461181, 0.466724, 0.477498, 0.447893, 0.425929, 0.383659, 0.37017, 0.333866, 0.304534, 0.294474, 
107, 0, 0.776942, 0.828635, 0.798312, 0.787986, 0.78093, 0.720707, 0.728282, 0.68391, 0.624165, 0.527187, 0.612457, 0.617871, 0.473721, 0.535311, 0.461181, 0.475677, 0.486078, 0.456839, 0.434922, 0.392628, 0.379147, 0.342841, 0.313509, 0.303453, 
108, 0, 0.785939, 0.83619, 0.804629, 0.796962, 0.7898, 0.729612, 0.737234, 0.692825, 0.628705, 0.527187, 0.621369, 0.626823, 0.473721, 0.544255, 0.461181, 0.484631, 0.494605, 0.465787, 0.443915, 0.401598, 0.388125, 0.351816, 0.322485, 0.312433, 
109, 0, 0.794932, 0.844235, 0.811336, 0.805931, 0.798665, 0.738514, 0.746182, 0.701739, 0.632866, 0.527187, 0.630279, 0.635777, 0.473721, 0.5532, 0.461181, 0.493586, 0.503069, 0.474736, 0.452909, 0.410568, 0.397104, 0.360792, 0.331461, 0.321413, 
110, 0, 0.803922, 0.852485, 0.818271, 0.814894, 0.807522, 0.747414, 0.755124, 0.710651, 0.636742, 0.527187, 0.639185, 0.644732, 0.473721, 0.562147, 0.461181, 0.502542, 0.511454, 0.483686, 0.461904, 0.419539, 0.406083, 0.369769, 0.340438, 0.330394, 
111, 0, 0.812906, 0.860832, 0.825327, 0.823848, 0.81637, 0.756309, 0.76406, 0.719562, 0.640496, 0.527187, 0.648088, 0.653689, 0.473721, 0.571095, 0.461181, 0.5115, 0.519741, 0.492637, 0.470899, 0.42851, 0.415062, 0.378746, 0.349416, 0.339375, 
112, 0, 0.821882, 0.869219, 0.832434, 0.832792, 0.825209, 0.765197, 0.77299, 0.728471, 0.644267, 0.527187, 0.656988, 0.662646, 0.473721, 0.580044, 0.461181, 0.520458, 0.527904, 0.50159, 0.479895, 0.437483, 0.424042, 0.387723, 0.358395, 0.348357, 
113, 0, 0.830849, 0.877616, 0.839554, 0.841722, 0.834038, 0.774075, 0.781914, 0.737376, 0.648102, 0.527187, 0.665886, 0.671605, 0.473721, 0.588995, 0.466209, 0.529417, 0.535906, 0.510543, 0.488891, 0.446455, 0.433022, 0.396701, 0.367374, 0.35734, 
114, 0, 0.839802, 0.886008, 0.846655, 0.850637, 0.842857, 0.782941, 0.790832, 0.746279, 0.65191, 0.527187, 0.674784, 0.680565, 0.473721, 0.597946, 0.466209, 0.538377, 0.543698, 0.519497, 0.497887, 0.455429, 0.442002, 0.40568, 0.376353, 0.366322, 
115, 0, 0.848738, 0.894386, 0.853737, 0.859532, 0.85167, 0.791788, 0.799749, 0.755178, 0.65191, 0.527187, 0.683654, 0.689525, 0.476101, 0.606899, 0.466209, 0.547337, 0.551207, 0.528452, 0.506885, 0.464403, 0.450983, 0.414659, 0.385334, 0.375305, 
116, 0, 0.857651, 0.90275, 0.860835, 0.8684, 0.860484, 0.800608, 0.808685, 0.764071, 0.654622, 0.527187, 0.69257, 0.698487, 0.476101, 0.615852, 0.466209, 0.556299, 0.55833, 0.537408, 0.515882, 0.473377, 0.459964, 0.423638, 0.394314, 0.384289, 
117, 0, 0.866533, 0.911115, 0.868015, 0.877233, 0.869349, 0.80939, 0.817558, 0.772959, 0.654622, 0.527187, 0.701486, 0.707449, 0.476101, 0.624805, 0.466209, 0.56526, 0.564922, 0.546364, 0.52488, 0.482352, 0.468945, 0.432617, 0.403295, 0.393273, 
118, 0, 0.875373, 0.919506, 0.875866, 0.886015, 0.878049, 0.818109, 0.826515, 0.78184, 0.654622, 0.527187, 0.710398, 0.716412, 0.476763, 0.633759, 0.466209, 0.574223, 0.57079, 0.555321, 0.533879, 0.491327, 0.477926, 0.441597, 0.412277, 0.402257, 
119, 0, 0.884152, 0.92812, 0.881783, 0.894722, 0.886975, 0.826722, 0.835472, 0.790713, 0.654622, 0.527187, 0.719304, 0.725376, 0.477954, 0.642714, 0.466209, 0.583185, 0.575728, 0.564278, 0.542878, 0.500302, 0.486907, 0.450577, 0.421259, 0.411241, 
120, 0, 0.89284, 0.935962, 0.890481, 0.903303, 0.8959, 0.835133, 0.844428, 0.799574, 0.654622, 0.527187, 0.728193, 0.734341, 0.479243, 0.651669, 0.467075, 0.592148, 0.579607, 0.573236, 0.551878, 0.509278, 0.495889, 0.459557, 0.430241, 0.420226, 
121, 0, 0.901382, 0.944837, 0.899104, 0.911649, 0.904823, 0.843082, 0.853381, 0.808421, 0.654622, 0.527187, 0.737048, 0.743306, 0.480451, 0.660623, 0.467794, 0.601111, 0.582482, 0.582194, 0.560877, 0.518255, 0.504871, 0.468537, 0.439223, 0.429211, 
122, 0, 0.909671, 0.953676, 0.907604, 0.919461, 0.913739, 0.84969, 0.862323, 0.81725, 0.655481, 0.527187, 0.745838, 0.752272, 0.481757, 0.669578, 0.468458, 0.610075, 0.582482, 0.591152, 0.569877, 0.527232, 0.513853, 0.477518, 0.448206, 0.438196, 
123, 0, 0.917472, 0.962473, 0.91582, 0.925725, 0.92263, 0.84969, 0.871242, 0.826055, 0.657279, 0.527187, 0.754507, 0.761239, 0.483374, 0.678533, 0.46934, 0.619039, 0.582482, 0.600111, 0.578877, 0.536209, 0.522835, 0.486498, 0.457189, 0.447182, 
124, 0, 0.924243, 0.971202, 0.923252, 0.925725, 0.931468, 0.84969, 0.880102, 0.834827, 0.660478, 0.527187, 0.762868, 0.770206, 0.485699, 0.687487, 0.47054, 0.628003, 0.582482, 0.609069, 0.587877, 0.545186, 0.531817, 0.495479, 0.466172, 0.456168, 
125, 0, 0.929152, 0.979775, 0.929438, 0.925725, 0.940161, 0.84969, 0.888851, 0.84355, 0.665506, 0.527187, 0.770591, 0.779174, 0.488602, 0.696441, 0.472574, 0.636967, 0.582482, 0.618028, 0.596874, 0.554164, 0.540799, 0.50446, 0.475156, 0.465153, 
126, 0, 0.932339, 0.988077, 0.934337, 0.925725, 0.948596, 0.84969, 0.897305, 0.852199, 0.672191, 0.527187, 0.776479, 0.788142, 0.492507, 0.705395, 0.476831, 0.645931, 0.582482, 0.626987, 0.605868, 0.563141, 0.549781, 0.51344, 0.484139, 0.474139, 
127, 0, 0.932339, 0.995866, 0.939135, 0.925725, 0.956387, 0.84969, 0.905214, 0.860719, 0.680492, 0.527187, 0.7813, 0.797111, 0.498532, 0.714347, 0.483155, 0.654895, 0.591239, 0.635945, 0.614854, 0.57212, 0.558763, 0.522421, 0.493123, 0.483126, 
128, 0, 0.932339, 1.00328, 0.944152, 0.925725, 0.963271, 0.84969, 0.9116, 0.868994, 0.689286, 0.527187, 0.788982, 0.806081, 0.505754, 0.723299, 0.483155, 0.663858, 0.591239, 0.644904, 0.623826, 0.581098, 0.567745, 0.531401, 0.502107, 0.492112, 
129, 0, 0.932339, 1.01015, 0.949662, 0.925725, 0.968385, 0.84969, 0.917702, 0.87669, 0.69745, 0.527187, 0.797982, 0.815051, 0.509739, 0.732249, 0.483155, 0.672822, 0.591239, 0.653862, 0.632768, 0.590077, 0.576727, 0.540382, 0.511092, 0.501099, 
130, 0, 0.932339, 1.01684, 0.955184, 0.925725, 0.974015, 0.84969, 0.926202, 0.882626, 0.702411, 0.527187, 0.806883, 0.824021, 0.515662, 0.741198, 0.483155, 0.681786, 0.591239, 0.66282, 0.641637, 0.599056, 0.58571, 0.549362, 0.520076, 0.510085, 
131, 0, 0.932339, 1.02304, 0.961208, 0.925725, 0.982476, 0.84969, 0.935001, 0.882626, 0.705863, 0.527187, 0.815108, 0.832992, 0.522086, 0.750145, 0.483155, 0.690749, 0.591239, 0.671778, 0.650283, 0.608035, 0.594692, 0.558343, 0.52906, 0.519072, 
132, 0, 0.932339, 1.02988, 0.968953, 0.925725, 0.99095, 0.84969, 0.943408, 0.882626, 0.711821, 0.527187, 0.823352, 0.841964, 0.522086, 0.75909, 0.483155, 0.699711, 0.591239, 0.680735, 0.650283, 0.617014, 0.603674, 0.567323, 0.538045, 0.528059, 
133, 0, 0.932339, 1.03834, 0.977695, 0.925725, 0.99882, 0.84969, 0.949011, 0.882626, 0.719091, 0.527187, 0.83185, 0.850936, 0.531045, 0.768033, 0.483232, 0.708674, 0.591239, 0.689692, 0.650283, 0.625993, 0.612656, 0.576302, 0.54703, 0.537045, 
134, 0, 0.932339, 1.04733, 0.986303, 0.925725, 1.00154, 0.84969, 0.955069, 0.882626, 0.724743, 0.527187, 0.840053, 0.859908, 0.531045, 0.776972, 0.484441, 0.717635, 0.591239, 0.698647, 0.650283, 0.634973, 0.621637, 0.585282, 0.556014, 0.546032, 
135, 0, 0.932339, 1.05627, 0.994925, 0.925725, 1.00498, 0.84969, 0.962331, 0.882626, 0.733715, 0.527187, 0.848696, 0.868881, 0.531045, 0.785907, 0.488224, 0.726596, 0.591239, 0.707602, 0.650283, 0.643953, 0.630619, 0.594261, 0.564999, 0.555019, 
136, 0, 0.932339, 1.05735, 1.00365, 0.925725, 1.01077, 0.84969, 0.96875, 0.882626, 0.739515, 0.527187, 0.857238, 0.877855, 0.531045, 0.794838, 0.492676, 0.735556, 0.591239, 0.716556, 0.650283, 0.652933, 0.639601, 0.60324, 0.573984, 0.564007, 
137, 0, 0.932339, 1.05761, 1.01253, 0.925725, 1.01489, 0.84969, 0.976809, 0.882626, 0.747543, 0.527187, 0.865881, 0.886829, 0.531045, 0.803764, 0.492676, 0.744515, 0.591239, 0.725509, 0.650283, 0.661913, 0.648582, 0.612218, 0.582968, 0.572994, 
138, 0, 0.932339, 1.06199, 1.02114, 0.925725, 1.02251, 0.84969, 0.984587, 0.882626, 0.753586, 0.527187, 0.874578, 0.895804, 0.531045, 0.812683, 0.492676, 0.753473, 0.591239, 0.73446, 0.650283, 0.670893, 0.657563, 0.621196, 0.591953, 0.581981, 
139, 0, 0.932339, 1.06203, 1.03005, 0.925725, 1.02942, 0.84969, 0.99291, 0.882626, 0.756846, 0.527187, 0.883187, 0.90478, 0.5316, 0.821595, 0.492937, 0.76243, 0.591239, 0.743409, 0.650283, 0.679873, 0.666544, 0.630173, 0.600938, 0.590968, 
140, 0, 0.932339, 1.06888, 1.03899, 0.925725, 1.03756, 0.84969, 1.00152, 0.882626, 0.765846, 0.527187, 0.891837, 0.913756, 0.534388, 0.830496, 0.49537, 0.771386, 0.591239, 0.752356, 0.650283, 0.688854, 0.675524, 0.63915, 0.609922, 0.599955, 
141, 0, 0.932339, 1.07159, 1.04776, 0.925725, 1.04626, 0.84969, 1.00966, 0.882626, 0.765846, 0.527187, 0.900569, 0.922733, 0.539139, 0.839385, 0.50026, 0.78034, 0.591239, 0.761301, 0.650351, 0.697835, 0.684504, 0.648125, 0.618907, 0.608942, 
142, 0, 0.932339, 1.07925, 1.05647, 0.925725, 1.05373, 0.84969, 1.01816, 0.882626, 0.765846, 0.527187, 0.909334, 0.931711, 0.543969, 0.848259, 0.50026, 0.789292, 0.594796, 0.770242, 0.651351, 0.706815, 0.693484, 0.6571, 0.627891, 0.617929, 
143, 0, 0.932339, 1.08796, 1.06544, 0.925725, 1.06209, 0.84969, 1.02684, 0.882626, 0.765846, 0.527187, 0.918059, 0.94069, 0.543969, 0.857113, 0.504741, 0.798242, 0.598919, 0.77918, 0.654764, 0.715796, 0.702463, 0.666074, 0.636875, 0.626916, 
144, 0, 0.932339, 1.09025, 1.06544, 0.925725, 1.07084, 0.84969, 1.03566, 0.882626, 0.765846, 0.527187, 0.926455, 0.949669, 0.547346, 0.865942, 0.51151, 0.807189, 0.603914, 0.788113, 0.654764, 0.724777, 0.711441, 0.675047, 0.64586, 0.635903, 
145, 0, 0.932339, 1.09624, 1.06544, 0.925725, 1.07981, 0.84969, 1.0445, 0.882626, 0.770138, 0.527187, 0.935149, 0.95865, 0.554402, 0.874736, 0.51151, 0.816134, 0.603914, 0.79704, 0.654764, 0.733759, 0.720419, 0.684018, 0.654844, 0.644889, 
146, 0, 0.932339, 1.10517, 1.07137, 0.925725, 1.08879, 0.84969, 1.05252, 0.882626, 0.770138, 0.527187, 0.943715, 0.967632, 0.56189, 0.883483, 0.519412, 0.825075, 0.609567, 0.805959, 0.654764, 0.74274, 0.729396, 0.692988, 0.663827, 0.653876, 
147, 0, 0.932339, 1.1056, 1.0748, 0.925725, 1.09551, 0.84969, 1.06138, 0.882626, 0.770138, 0.527187, 0.951763, 0.976615, 0.570881, 0.892165, 0.528304, 0.834013, 0.616816, 0.814868, 0.654764, 0.751721, 0.738372, 0.701956, 0.672811, 0.662863, 
148, 0, 0.932339, 1.10634, 1.08345, 0.925725, 1.10451, 0.84969, 1.07018, 0.882626, 0.773255, 0.527187, 0.959503, 0.9856, 0.579032, 0.900753, 0.537287, 0.842946, 0.624461, 0.823762, 0.654764, 0.760703, 0.747347, 0.710921, 0.681794, 0.671849, 
149, 0, 0.932339, 1.10635, 1.08988, 0.925725, 1.11351, 0.84969, 1.07791, 0.882626, 0.779203, 0.527187, 0.967067, 0.994586, 0.587154, 0.909199, 0.546217, 0.851875, 0.631537, 0.832636, 0.65837, 0.769685, 0.756321, 0.719885, 0.690777, 0.680835, 
150, 0, 0.935976, 1.11255, 1.09438, 0.925725, 1.11946, 0.84969, 1.08502, 0.882626, 0.786315, 0.527187, 0.974134, 1.00357, 0.595807, 0.917423, 0.555077, 0.860797, 0.631537, 0.841479, 0.65837, 0.778667, 0.765292, 0.728845, 0.699759, 0.689821, 
151, 0, 0.935976, 1.11711, 1.10338, 0.925725, 1.12429, 0.84969, 1.09153, 0.882626, 0.794175, 0.527187, 0.981204, 1.01257, 0.604493, 0.92528, 0.555077, 0.869713, 0.639855, 0.85027, 0.65837, 0.787649, 0.77426, 0.737802, 0.708742, 0.698807, 
152, 0, 0.935976, 1.12205, 1.11237, 0.929775, 1.12871, 0.84969, 1.09602, 0.882626, 0.802221, 0.527187, 0.989042, 1.02156, 0.613156, 0.932514, 0.562941, 0.878621, 0.648063, 0.858965, 0.65837, 0.796631, 0.783224, 0.746754, 0.717723, 0.707793, 
153, 0, 0.9374, 1.12797, 1.12136, 0.929775, 1.13194, 0.84969, 1.09994, 0.882626, 0.810486, 0.527187, 0.997404, 1.03056, 0.620312, 0.938706, 0.570746, 0.887521, 0.655482, 0.867443, 0.65837, 0.805614, 0.792181, 0.755701, 0.726704, 0.716778, 
154, 0, 0.939628, 1.13478, 1.13036, 0.929775, 1.13555, 0.84969, 1.10572, 0.882626, 0.818599, 0.527187, 1.00596, 1.03956, 0.628938, 0.943426, 0.578679, 0.896412, 0.655482, 0.875242, 0.65837, 0.814597, 0.801125, 0.764642, 0.735685, 0.725763, 
155, 0, 0.942576, 1.14261, 1.13935, 0.929775, 1.14105, 0.84969, 1.1133, 0.882626, 0.826618, 0.527187, 1.01484, 1.04854, 0.637901, 0.946821, 0.587162, 0.905304, 0.655482, 0.875242, 0.65837, 0.823581, 0.810037, 0.773574, 0.744665, 0.734748, 
156, 0, 0.942576, 1.15106, 1.14835, 0.929775, 1.14809, 0.84969, 1.12082, 0.882626, 0.834219, 0.530199, 1.02382, 1.05747, 0.646751, 0.949787, 0.595276, 0.914295, 0.655482, 0.875242, 0.65837, 0.832564, 0.818823, 0.782495, 0.753644, 0.743732, 
157, 0, 0.942576, 1.15942, 1.15734, 0.929775, 1.15508, 0.851136, 1.12942, 0.884098, 0.839825, 0.536656, 1.02833, 1.06638, 0.655352, 0.949787, 0.595276, 0.923285, 0.655482, 0.875242, 0.65837, 0.841548, 0.818823, 0.791401, 0.762622, 0.752716, 
158, 0, 0.942576, 1.16771, 1.16634, 0.929775, 1.16314, 0.856915, 1.13833, 0.889683, 0.841958, 0.54306, 1.02833, 1.07538, 0.662946, 0.949787, 0.595276, 0.932271, 0.655482, 0.875242, 0.65837, 0.850533, 0.818823, 0.800288, 0.7716, 0.761699, 
159, 0, 0.942576, 1.17642, 1.17533, 0.929775, 1.17162, 0.863324, 1.14705, 0.896083, 0.848517, 0.54306, 1.02883, 1.08438, 0.669662, 0.949787, 0.597278, 0.941254, 0.655482, 0.875242, 0.65837, 0.859518, 0.818823, 0.809145, 0.780576, 0.770682, 
160, 0, 0.942576, 1.18489, 1.1843, 0.929775, 1.18062, 0.870051, 1.1557, 0.896083, 0.857165, 0.54306, 1.03076, 1.09337, 0.674838, 0.949787, 0.600813, 0.950232, 0.655482, 0.875242, 0.65837, 0.868504, 0.818823, 0.817959, 0.789551, 0.779665, 
161, 0, 0.942576, 1.19328, 1.19278, 0.929775, 1.18962, 0.870051, 1.16302, 0.896083, 0.865859, 0.54306, 1.03365, 1.10235, 0.674838, 0.949787, 0.600813, 0.959205, 0.655482, 0.875242, 0.658863, 0.87749, 0.818823, 0.826703, 0.798525, 0.788646, 
162, 0, 0.942576, 1.20039, 1.20153, 0.938774, 1.19734, 0.870051, 1.17091, 0.896083, 0.874373, 0.54306, 1.03931, 1.11132, 0.674838, 0.949787, 0.600813, 0.968171, 0.655482, 0.875242, 0.661623, 0.886477, 0.818823, 0.83532, 0.807497, 0.797627, 
163, 0, 0.951515, 1.2084, 1.2105, 0.947748, 1.2062, 0.870051, 1.17946, 0.896083, 0.883328, 0.54306, 1.04458, 1.12026, 0.674838, 0.949787, 0.600813, 0.977128, 0.655482, 0.875242, 0.661623, 0.895464, 0.818823, 0.843678, 0.816466, 0.806607, 
164, 0, 0.960417, 1.2084, 1.2105, 0.947748, 1.21333, 0.870051, 1.18639, 0.896083, 0.892292, 0.54306, 1.04458, 1.12915, 0.674838, 0.949787, 0.600813, 0.986075, 0.655482, 0.875242, 0.663286, 0.904452, 0.818823, 0.851377, 0.825434, 0.815586, 
165, 0, 0.969365, 1.21699, 1.21948, 0.947748, 1.21333, 0.870051, 1.19195, 0.896083, 0.90057, 0.54306, 1.04458, 1.13796, 0.674838, 0.949787, 0.600813, 0.99501, 0.655482, 0.875242, 0.667567, 0.91344, 0.818823, 0.856981, 0.834398, 0.824564, 
166, 0, 0.969365, 1.2246, 1.21948, 0.947748, 1.21939, 0.870051, 1.19772, 0.896083, 0.90057, 0.54306, 1.04458, 1.1466, 0.674838, 0.949787, 0.600813, 1.00393, 0.655482, 0.875242, 0.667567, 0.92243, 0.818823, 0.856981, 0.843359, 0.833541, 
167, 0, 0.969365, 1.23154, 1.22604, 0.947748, 1.22787, 0.876758, 1.20357, 0.896083, 0.90057, 0.54306, 1.04458, 1.15484, 0.674838, 0.949787, 0.600813, 1.01284, 0.655482, 0.875242, 0.667567, 0.931416, 0.818823, 0.856981, 0.852315, 0.842516, 
168, 0, 0.969365, 1.23154, 1.23272, 0.952629, 1.23687, 0.876758, 1.20944, 0.896083, 0.901271, 0.54306, 1.04458, 1.16193, 0.674838, 0.949787, 0.608845, 1.02171, 0.655482, 0.875242, 0.668264, 0.940405, 0.818823, 0.856981, 0.861265, 0.851489, 
169, 0, 0.969365, 1.23596, 1.23929, 0.952629, 1.24586, 0.876758, 1.21825, 0.896083, 0.901271, 0.54306, 1.04458, 1.16193, 0.675694, 0.949787, 0.608845, 1.03059, 0.6577, 0.875246, 0.672048, 0.9494, 0.818823, 0.856981, 0.870208, 0.86046, 
170, 0, 0.97491, 1.24203, 1.24624, 0.952629, 1.24586, 0.876758, 1.22654, 0.896083, 0.901271, 0.54306, 1.05205, 1.16193, 0.679669, 0.949787, 0.611866, 1.03937, 0.662952, 0.876495, 0.672048, 0.9584, 0.818823, 0.856981, 0.879141, 0.869429, 
171, 0, 0.97491, 1.24882, 1.25216, 0.952629, 1.24586, 0.876758, 1.23158, 0.899669, 0.903408, 0.54306, 1.05682, 1.16193, 0.685657, 0.949787, 0.616639, 1.04805, 0.662952, 0.881438, 0.672048, 0.967399, 0.818823, 0.856981, 0.888059, 0.878395, 
172, 0, 0.97491, 1.2565, 1.25859, 0.952629, 1.25076, 0.877903, 1.23158, 0.904188, 0.909211, 0.54306, 1.06264, 1.16225, 0.688103, 0.949787, 0.621992, 1.05669, 0.665397, 0.887641, 0.67248, 0.976386, 0.818823, 0.856981, 0.896957, 0.887357, 
173, 0, 0.97491, 1.26421, 1.26621, 0.954158, 1.25557, 0.881857, 1.23231, 0.904188, 0.914539, 0.546684, 1.06264, 1.16225, 0.697088, 0.949787, 0.627743, 1.06451, 0.669893, 0.887641, 0.67248, 0.985334, 0.818823, 0.856981, 0.905819, 0.896314, 
174, 0, 0.975978, 1.27188, 1.27389, 0.957991, 1.25557, 0.886342, 1.23231, 0.906848, 0.918163, 0.546684, 1.06715, 1.16225, 0.706017, 0.949787, 0.627743, 1.06935, 0.669893, 0.89497, 0.67248, 0.994181, 0.818823, 0.856981, 0.91462, 0.905265, 
175, 0, 0.977339, 1.27997, 1.27971, 0.963826, 1.25678, 0.892217, 1.24057, 0.906848, 0.92413, 0.550747, 1.07259, 1.16225, 0.706017, 0.955487, 0.627743, 1.07395, 0.669893, 0.903029, 0.67248, 1.00284, 0.818823, 0.856981, 0.923287, 0.914209, 
176, 0, 0.983158, 1.28822, 1.28784, 0.96749, 1.26056, 0.892217, 1.24662, 0.915709, 0.929865, 0.550747, 1.07767, 1.16807, 0.706017, 0.960423, 0.627743, 1.07716, 0.669893, 0.903029, 0.67248, 1.01126, 0.818823, 0.856981, 0.931569, 0.923141, 
177, 0, 0.983158, 1.29717, 1.29529, 0.96749, 1.26056, 0.900125, 1.25095, 0.915709, 0.937331, 0.556269, 1.08518, 1.17394, 0.706017, 0.967834, 0.627743, 1.07925, 0.669893, 0.911108, 0.67248, 1.01958, 0.818823, 0.856981, 0.931569, 0.932057, 
178, 0, 0.988512, 1.3036, 1.30222, 0.97208, 1.26056, 0.907507, 1.25985, 0.919533, 0.945821, 0.561461, 1.09059, 1.1811, 0.706017, 0.976781, 0.636578, 1.08306, 0.678535, 0.911108, 0.67248, 1.02804, 0.818823, 0.856981, 0.931569, 0.940949, 
179, 0, 0.988512, 1.31258, 1.30945, 0.98023, 1.26362, 0.915101, 1.26885, 0.92279, 0.953276, 0.568337, 1.09078, 1.18984, 0.706017, 0.985193, 0.636578, 1.08695, 0.678535, 0.911108, 0.681022, 1.0368, 0.818823, 0.856981, 0.931569, 0.949801, 
180, 0, 0.996851, 1.3213, 1.3152, 0.98631, 1.26913, 0.919299, 1.27774, 0.929681, 0.955396, 0.577121, 1.09216, 1.19809, 0.706017, 0.994183, 0.636578, 1.09267, 0.681151, 0.911108, 0.681022, 1.0368, 0.818823, 0.856981, 0.931569, 0.958575, 
181, 0, 0.998455, 1.3213, 1.32335, 0.99455, 1.27641, 0.919305, 1.2852, 0.938617, 0.963113, 0.585494, 1.09419, 1.20699, 0.709746, 1.00289, 0.640524, 1.10022, 0.685044, 0.916253, 0.681022, 1.0458, 0.818823, 0.856981, 0.931569, 0.967167, 
182, 0, 1.0069, 1.32924, 1.33073, 1.00229, 1.28448, 0.926925, 1.29296, 0.947334, 0.963113, 0.594445, 1.09425, 1.21577, 0.713515, 1.00289, 0.645407, 1.10022, 0.688861, 0.920456, 0.681022, 1.0458, 0.818823, 0.856981, 0.931569, 0.975119, 
183, 0, 1.01571, 1.33798, 1.33857, 1.0087, 1.29264, 0.933988, 1.29296, 0.956333, 0.969395, 0.603386, 1.0947, 1.22403, 0.71856, 1.01184, 0.650418, 1.10022, 0.692262, 0.924015, 0.681022, 1.0458, 0.818823, 0.856981, 0.931569, 0.975119, 
184, 0, 1.0218, 1.34698, 1.34675, 1.0144, 1.3013, 0.942775, 1.30065, 0.965304, 0.977114, 0.612386, 1.09706, 1.22822, 0.724083, 1.02047, 0.65527, 1.10415, 0.692262, 0.928172, 0.681022, 1.0458, 0.818823, 0.856981, 0.931569, 0.975119, 
185, 0, 1.02636, 1.35598, 1.35443, 1.02318, 1.3013, 0.951621, 1.30717, 0.973694, 0.985354, 0.621019, 1.10266, 1.22822, 0.7299, 1.02943, 0.659912, 1.11096, 0.692262, 0.932828, 0.681022, 1.04895, 0.818823, 0.856981, 0.931569, 0.975119, 
186, 0, 1.03229, 1.36479, 1.35947, 1.03207, 1.30447, 0.960621, 1.31358, 0.981255, 0.993426, 0.621019, 1.10952, 1.23717, 0.736435, 1.03825, 0.663301, 1.11861, 0.692262, 0.93903, 0.681022, 1.04895, 0.818823, 0.856981, 0.931569, 0.975119, 
187, 0, 1.03954, 1.37313, 1.36537, 1.04103, 1.31331, 0.969232, 1.31948, 0.987941, 1.00072, 0.629998, 1.117, 1.24567, 0.742676, 1.0463, 0.663301, 1.12759, 0.692262, 0.944252, 0.681022, 1.04895, 0.818823, 0.856981, 0.931569, 0.975119, 
188, 0, 1.04831, 1.38149, 1.36537, 1.04955, 1.31331, 0.977273, 1.32518, 0.992916, 1.00887, 0.638924, 1.12479, 1.25229, 0.748317, 1.05425, 0.663301, 1.12759, 0.692262, 0.948578, 0.681022, 1.04895, 0.818823, 0.856981, 0.931569, 0.975119, 
189, 0, 1.05731, 1.38929, 1.37421, 1.05755, 1.3148, 0.984929, 1.33271, 0.995848, 1.01623, 0.646554, 1.13287, 1.25869, 0.748317, 1.05974, 0.663301, 1.12759, 0.692262, 0.951809, 0.681022, 1.04895, 0.818823, 0.856981, 0.931569, 0.975119, 
190, 0, 1.06611, 1.39764, 1.38301, 1.06516, 1.3148, 0.992096, 1.34103, 0.995848, 1.02432, 0.654734, 1.14114, 1.26459, 0.748317, 1.06416, 0.663301, 1.12759, 0.692262, 0.951809, 0.681022, 1.04895, 0.818823, 0.856981, 0.931569, 0.975119, 
191, 0, 1.07452, 1.40561, 1.38301, 1.07257, 1.3148, 0.998647, 1.35002, 0.998431, 1.03223, 0.663299, 1.1489, 1.27046, 0.748317, 1.06416, 0.663301, 1.12759, 0.692262, 0.951809, 0.681022, 1.04895, 0.818823, 0.856981, 0.931569, 0.975119, 
192, 0, 1.08265, 1.41074, 1.38355, 1.07995, 1.3157, 1.00374, 1.35873, 1.00579, 1.03223, 0.671519, 1.15518, 1.27603, 0.748317, 1.06697, 0.663301, 1.12759, 0.692262, 0.951809, 0.681022, 1.04895, 0.818823, 0.856981, 0.931569, 0.975119, 
193, 0, 1.09073, 1.41124, 1.38756, 1.08719, 1.31748, 1.01274, 1.36572, 1.01308, 1.03223, 0.679287, 1.15518, 1.28281, 0.748317, 1.06981, 0.663301, 1.12759, 0.692262, 0.951809, 0.681022, 1.04895, 0.818823, 0.856981, 0.931569, 0.975119, 
194, 0, 1.09866, 1.41258, 1.39353, 1.08719, 1.32026, 1.02168, 1.36572, 1.02045, 1.03223, 0.687359, 1.15518, 1.28913, 0.748317, 1.06981, 0.663301, 1.12759, 0.692262, 0.951809, 0.681022, 1.04895, 0.818823, 0.856981, 0.931569, 0.975119, 
195, 0, 1.10644, 1.42003, 1.40021, 1.09427, 1.32382, 1.03058, 1.37436, 1.02816, 1.03223, 0.694688, 1.15518, 1.29439, 0.748317, 1.06981, 0.663301, 1.12759, 0.692262, 0.951809, 0.681022, 1.04895, 0.818823, 0.856981, 0.931569, 0.975119, 
196, 0, 1.11309, 1.42829, 1.40706, 1.10272, 1.32943, 1.03946, 1.37436, 1.03564, 1.03223, 0.701098, 1.15518, 1.29881, 0.748317, 1.06981, 0.663301, 1.12759, 0.692262, 0.951809, 0.681022, 1.04895, 0.818823, 0.856981, 0.931569, 0.975119, 
197, 0, 1.12197, 1.43664, 1.41499, 1.11106, 1.33491, 1.0481, 1.37436, 1.04309, 1.03223, 0.706098, 1.15518, 1.30217, 0.748317, 1.06981, 0.663301, 1.12759, 0.692262, 0.951809, 0.681022, 1.04895, 0.818823, 0.856981, 0.931569, 0.975119, 
198, 0, 1.13079, 1.44535, 1.42258, 1.11838, 1.34096, 1.05654, 1.37436, 1.05037, 1.03223, 0.709536, 1.15518, 1.30217, 0.748317, 1.06981, 0.663301, 1.12759, 0.692262, 0.951809, 0.681022, 1.04895, 0.818823, 0.856981, 0.931569, 0.975119, 
199, 0, 1.13079, 1.45392, 1.43026, 1.12628, 1.34731, 1.06463, 1.37436, 1.05751, 1.03223, 0.709536, 1.15518, 1.30217, 0.748317, 1.06981, 0.663301, 1.12759, 0.692262, 0.951809, 0.681022, 1.04895, 0.818823, 0.856981, 0.931569, 0.975119, 
200, 0, 1.13896, 1.46246, 1.43792, 1.13374, 1.35376, 1.0724, 1.37436, 1.06456, 1.03223, 0.709536, 1.15518, 1.30217, 0.748317, 1.06981, 0.663301, 1.12759, 0.692262, 0.951809, 0.681022, 1.04895, 0.818823, 0.856981, 0.931569, 0.975119, 
201, 0, 1.14626, 1.47094, 1.44548, 1.14108, 1.36013, 1.08008, 1.37436, 1.07157, 1.03223, 0.709536, 1.15518, 1.30217, 0.748317, 1.06981, 0.663301, 1.12759, 0.692262, 0.951809, 0.681022, 1.04895, 0.818823, 0.856981, 0.931569, 0.975119, 
202, 0, 1.1533, 1.47931, 1.45284, 1.14905, 1.36619, 1.08748, 1.37436, 1.07839, 1.03223, 0.709536, 1.15518, 1.30217, 0.748317, 1.06981, 0.663301, 1.12759, 0.692262, 0.951809, 0.681022, 1.04895, 0.818823, 0.856981, 0.931569, 0.975119, 
203, 0, 1.16115, 1.48752, 1.45987, 1.15655, 1.37166, 1.09447, 1.37436, 1.08483, 1.03223, 0.709536, 1.15518, 1.30217, 0.748317, 1.06981, 0.663301, 1.12759, 0.692262, 0.951809, 0.681022, 1.04895, 0.818823, 0.856981, 0.931569, 0.975119, 
204, 0, 1.16842, 1.49555, 1.46641, 1.16343, 1.37618, 1.10083, 1.37436, 1.09057, 1.03223, 0.709536, 1.15518, 1.30217, 0.748317, 1.06981, 0.663301, 1.12759, 0.692262, 0.951809, 0.681022, 1.04895, 0.818823, 0.856981, 0.931569, 0.975119, 
205, 0, 1.17512, 1.50332, 1.47222, 1.16959, 1.37949, 1.10635, 1.37436, 1.09519, 1.03223, 0.709536, 1.15518, 1.30217, 0.748317, 1.06981, 0.663301, 1.12759, 0.692262, 0.951809, 0.681022, 1.04895, 0.818823, 0.856981, 0.931569, 0.975119, 
206, 0, 1.18138, 1.51081, 1.47712, 1.17507, 1.37949, 1.11079, 1.37436, 1.09519, 1.03223, 0.709536, 1.15518, 1.30217, 0.748317, 1.06981, 0.663301, 1.12759, 0.692262, 0.951809, 0.681022, 1.04895, 0.818823, 0.856981, 0.931569, 0.975119, 
207, 0, 1.1875, 1.51799, 1.48085, 1.18007, 1.37949, 1.11395, 1.37436, 1.09519, 1.03223, 0.709536, 1.15518, 1.30217, 0.748317, 1.06981, 0.663301, 1.12759, 0.692262, 0.951809, 0.681022, 1.04895, 0.818823, 0.856981, 0.931569, 0.975119, 
208, 0, 1.19385, 1.52514, 1.48392, 1.18615, 1.37949, 1.11672, 1.37436, 1.09519, 1.03223, 0.709536, 1.15518, 1.30217, 0.748317, 1.06981, 0.663301, 1.12759, 0.692262, 0.951809, 0.681022, 1.04895, 0.818823, 0.856981, 0.931569, 0.975119, 
209, 0, 1.20171, 1.5311, 1.48392, 1.19019, 1.37949, 1.11672, 1.37436, 1.09519, 1.03223, 0.709536, 1.15518, 1.30217, 0.748317, 1.06981, 0.663301, 1.12759, 0.692262, 0.951809, 0.681022, 1.04895, 0.818823, 0.856981, 0.931569, 0.975119, 
210, 0, 1.20874, 1.53505, 1.48392, 1.19019, 1.37949, 1.11672, 1.37436, 1.09519, 1.03223, 0.709536, 1.15518, 1.30217, 0.748317, 1.06981, 0.663301, 1.12759, 0.692262, 0.951809, 0.681022, 1.04895, 0.818823, 0.856981, 0.931569, 0.975119, 
211, 0, 1.21518, 1.53505, 1.48392, 1.19019, 1.37949, 1.11672, 1.37436, 1.09519, 1.03223, 0.709536, 1.15518, 1.30217, 0.748317, 1.06981, 0.663301, 1.12759, 0.692262, 0.951809, 0.681022, 1.04895, 0.818823, 0.856981, 0.931569, 0.975119, 
212, 0, 1.21992, 1.53505, 1.48392, 1.19019, 1.37949, 1.11672, 1.37436, 1.09519, 1.03223, 0.709536, 1.15518, 1.30217, 0.748317, 1.06981, 0.663301, 1.12759, 0.692262, 0.951809, 0.681022, 1.04895, 0.818823, 0.856981, 0.931569, 0.975119, 
213, 0, 1.21992, 1.53505, 1.48392, 1.19019, 1.37949, 1.11672, 1.37436, 1.09519, 1.03223, 0.709536, 1.15518, 1.30217, 0.748317, 1.06981, 0.663301, 1.12759, 0.692262, 0.951809, 0.681022, 1.04895, 0.818823, 0.856981, 0.931569, 0.975119, 
214, 0, 1.21992, 1.53505, 1.48392, 1.19019, 1.37949, 1.11672, 1.37436, 1.09519, 1.03223, 0.709536, 1.15518, 1.30217, 0.748317, 1.06981, 0.663301, 1.12759, 0.692262, 0.951809, 0.681022, 1.04895, 0.818823, 0.856981, 0.931569, 0.975119, 
215, 0, 1.21992, 1.53505, 1.48392, 1.19019, 1.37949, 1.11672, 1.37436, 1.09519, 1.03223, 0.709536, 1.15518, 1.30217, 0.748317, 1.06981, 0.663301, 1.12759, 0.692262, 0.951809, 0.681022, 1.04895, 0.818823, 0.856981, 0.931569, 0.975119, 
216, 0, 1.21992, 1.53505, 1.48392, 1.19019, 1.37949, 1.11672, 1.37436, 1.09519, 1.03223, 0.709536, 1.15518, 1.30217, 0.748317, 1.06981, 0.663301, 1.12759, 0.692262, 0.951809, 0.681022, 1.04895, 0.818823, 0.856981, 0.931569, 0.975119, 
