0, 0, 
1, 0, 
2, 0, 
3, 0, 0, 
4, 0, 0, 
5, 0, 0.00649398, 
6, 0, 0.0139006, 0, 
7, 0, 0.0217028, 0, 
8, 0, 0.0297026, 0.00645528, 
9, 0, 0.0377982, 0.0140911, 0, 
10, 0, 0.0459206, 0.0217268, 0, 
11, 0, 0.0540057, 0.0302504, 0.000957459, 
12, 0, 0.0619699, 0.0388751, 0.00507409, 0, 
13, 0, 0.0699341, 0.0475465, 0.0119216, 0, 
14, 0, 0.0768499, 0.0562178, 0.0197015, 0.00160079, 
15, 0, 0.0824683, 0.0649132, 0.0278948, 0.00669944, 0, 
16, 0, 0.0824683, 0.0736386, 0.036088, 0.0138705, 0, 
17, 0, 0.0824683, 0.0824818, 0.0428468, 0.0217854, 0.00107049, 
18, 0, 0.0824683, 0.0913478, 0.0508222, 0.0300496, 0.00372608, 0, 
19, 0, 0.0824683, 0.10032, 0.059106, 0.0383138, 0.00814955, 0, 
20, 0, 0.0880595, 0.109299, 0.067569, 0.0455638, 0.0140067, 0.0089815, 
21, 0, 0.0945312, 0.118282, 0.0761481, 0.0535079, 0.020825, 0.0179631, 0, 
22, 0, 0.101477, 0.127268, 0.0848068, 0.0617839, 0.0276432, 0.0269448, 0, 
23, 0, 0.108713, 0.136258, 0.0937009, 0.0702472, 0.0365875, 0.0359265, 0.000696235, 
24, 0, 0.116114, 0.145254, 0.100983, 0.0788277, 0.0455848, 0.0449082, 0.00280771, 0, 
25, 0, 0.123589, 0.153303, 0.108906, 0.0874871, 0.0545791, 0.05389, 0.00670748, 0, 
26, 0, 0.131055, 0.161836, 0.117182, 0.0962909, 0.0635705, 0.0628523, 0.0121977, 0.00393989, 
27, 0, 0.13782, 0.170476, 0.12565, 0.10351, 0.0725609, 0.0718162, 0.0188016, 0.0107528, 0, 
28, 0, 0.146642, 0.179187, 0.134234, 0.111436, 0.0815517, 0.0807784, 0.0254055, 0.0185425, 0, 
29, 0, 0.155464, 0.187948, 0.142891, 0.119701, 0.0901575, 0.0897387, 0.0339175, 0.0267576, 0.00873347, 
30, 0, 0.164287, 0.196749, 0.15183, 0.128156, 0.0990894, 0.0986976, 0.0428202, 0.0351992, 0.0175122, 0, 
31, 0, 0.173108, 0.205574, 0.159451, 0.136731, 0.107666, 0.107655, 0.0517283, 0.0436407, 0.0263247, 0, 
32, 0, 0.18192, 0.213259, 0.167424, 0.145385, 0.116324, 0.116453, 0.0606411, 0.0526257, 0.0351633, 0.00688927, 
33, 0, 0.190721, 0.221676, 0.175709, 0.154301, 0.125038, 0.125219, 0.0695581, 0.0616085, 0.0440225, 0.014714, 0, 
34, 0, 0.198751, 0.230249, 0.184171, 0.161691, 0.133793, 0.133944, 0.078479, 0.0705901, 0.0528817, 0.0229504, 0, 
35, 0, 0.207551, 0.238918, 0.192747, 0.169738, 0.14258, 0.142638, 0.0873701, 0.0795712, 0.0616747, 0.0314069, 0.00375051, 
36, 0, 0.216409, 0.247651, 0.2014, 0.178093, 0.151417, 0.1513, 0.0962941, 0.088552, 0.0705298, 0.0399965, 0.0091354, 0, 
37, 0, 0.225301, 0.256429, 0.210197, 0.186618, 0.159516, 0.159923, 0.105189, 0.0975329, 0.0794058, 0.048586, 0.0156821, 0, 
38, 0, 0.234214, 0.265306, 0.218302, 0.195249, 0.16782, 0.16849, 0.114095, 0.106512, 0.0882972, 0.0568768, 0.0229669, 0.00898922, 
39, 0, 0.243141, 0.273721, 0.226487, 0.203951, 0.17631, 0.174631, 0.123011, 0.115356, 0.0971998, 0.0653628, 0.0307158, 0.0179786, 0, 
40, 0, 0.252081, 0.282156, 0.234887, 0.212699, 0.184913, 0.180817, 0.131933, 0.124214, 0.106111, 0.0739693, 0.0384647, 0.0269682, 0, 
41, 0, 0.26108, 0.29071, 0.243421, 0.220242, 0.19359, 0.187966, 0.140861, 0.133085, 0.11507, 0.0826563, 0.0455606, 0.0359578, 0.00373762, 
42, 0, 0.269614, 0.299335, 0.252046, 0.228316, 0.202319, 0.195509, 0.149755, 0.141964, 0.123919, 0.0913996, 0.0534821, 0.0449477, 0.0104878, 0, 
43, 0, 0.278193, 0.308006, 0.260735, 0.236675, 0.211055, 0.203223, 0.158129, 0.150853, 0.132725, 0.100184, 0.061657, 0.0539375, 0.0182607, 0, 
44, 0, 0.286833, 0.316706, 0.269321, 0.245203, 0.219222, 0.210975, 0.16672, 0.159748, 0.141554, 0.108961, 0.0699968, 0.0629298, 0.0264728, 0.00366282, 
45, 0, 0.295529, 0.325326, 0.277636, 0.253842, 0.227665, 0.218648, 0.175398, 0.168614, 0.150402, 0.117235, 0.0784538, 0.0719221, 0.0349165, 0.00898035, 0, 
46, 0, 0.304275, 0.333756, 0.286186, 0.262558, 0.236241, 0.227055, 0.184133, 0.176956, 0.159265, 0.125707, 0.0869978, 0.0809147, 0.0433603, 0.0154849, 0, 
47, 0, 0.313066, 0.342265, 0.294824, 0.271282, 0.244901, 0.235406, 0.192909, 0.185421, 0.16814, 0.134303, 0.0954912, 0.0899077, 0.0509565, 0.0227453, 0.00476668, 
48, 0, 0.321924, 0.350812, 0.303524, 0.279622, 0.253619, 0.243825, 0.201717, 0.193973, 0.176909, 0.142981, 0.102157, 0.0989008, 0.059561, 0.0304803, 0.0118632, 0, 
49, 0, 0.330885, 0.359385, 0.312268, 0.288135, 0.262378, 0.252254, 0.210419, 0.202588, 0.184486, 0.151717, 0.110437, 0.107894, 0.0683037, 0.0382152, 0.0197737, 0, 
50, 0, 0.339851, 0.367977, 0.321048, 0.296752, 0.271063, 0.26066, 0.218282, 0.211254, 0.193337, 0.160495, 0.118964, 0.116894, 0.0771127, 0.045662, 0.0280552, 0.000428037, 
51, 0, 0.348816, 0.376582, 0.329792, 0.305438, 0.279377, 0.269028, 0.226921, 0.21996, 0.202238, 0.169223, 0.127609, 0.12589, 0.0859597, 0.053508, 0.0365394, 0.00208368, 0, 
52, 0, 0.357779, 0.385098, 0.338087, 0.314174, 0.288009, 0.277343, 0.235674, 0.228509, 0.211159, 0.177213, 0.136322, 0.134885, 0.0948313, 0.0616033, 0.0450235, 0.0054885, 0, 
53, 0, 0.366737, 0.393084, 0.346852, 0.322946, 0.296716, 0.284846, 0.244485, 0.236699, 0.22009, 0.185517, 0.145079, 0.143881, 0.103649, 0.0698609, 0.0530788, 0.0105991, 0.00834817, 
54, 0, 0.375692, 0.401702, 0.355704, 0.331666, 0.305471, 0.293285, 0.253329, 0.245051, 0.229025, 0.193987, 0.153764, 0.152878, 0.111973, 0.0782367, 0.0616213, 0.0169701, 0.0168731, 0, 
55, 0, 0.38467, 0.410417, 0.364596, 0.34022, 0.314259, 0.301783, 0.262195, 0.253509, 0.237799, 0.202554, 0.161169, 0.161875, 0.120648, 0.0867079, 0.0702691, 0.023341, 0.0255087, 0, 
56, 0, 0.393651, 0.419172, 0.37351, 0.348871, 0.323072, 0.310326, 0.27098, 0.262042, 0.244249, 0.211188, 0.16936, 0.170872, 0.12939, 0.0946018, 0.0789874, 0.0302306, 0.0342186, 0.00705881, 
57, 0, 0.402636, 0.427943, 0.382437, 0.357587, 0.331834, 0.318911, 0.279233, 0.270634, 0.252853, 0.219877, 0.177723, 0.179863, 0.138179, 0.102406, 0.0877556, 0.0377274, 0.0429811, 0.0149563, 0, 
58, 0, 0.411624, 0.436722, 0.391347, 0.366351, 0.340325, 0.327529, 0.287863, 0.279276, 0.261513, 0.227748, 0.186203, 0.18886, 0.147, 0.110476, 0.0965608, 0.0456164, 0.0517435, 0.0232328, 0, 
59, 0, 0.420618, 0.445443, 0.400165, 0.37515, 0.348995, 0.336168, 0.296565, 0.287831, 0.270207, 0.235537, 0.194767, 0.197858, 0.155846, 0.118738, 0.105393, 0.0537641, 0.0604517, 0.0317153, 0.00750475, 
60, 0, 0.429616, 0.454115, 0.409061, 0.383978, 0.357715, 0.345037, 0.305315, 0.296086, 0.278919, 0.243718, 0.203392, 0.206856, 0.164724, 0.127138, 0.113859, 0.0620893, 0.0690579, 0.0403235, 0.0155934, 0, 
61, 0, 0.438615, 0.462903, 0.417972, 0.39294, 0.366473, 0.353829, 0.314101, 0.304488, 0.287639, 0.252124, 0.212133, 0.215854, 0.173148, 0.135641, 0.122236, 0.0705409, 0.0777404, 0.0489316, 0.0239704, 0, 
62, 0, 0.447231, 0.471699, 0.426895, 0.40165, 0.375258, 0.362654, 0.322913, 0.312996, 0.296305, 0.260668, 0.219481, 0.224852, 0.181513, 0.144221, 0.130771, 0.0791202, 0.0864815, 0.0578663, 0.0325129, 0.00333735, 
63, 0, 0.456229, 0.480501, 0.435827, 0.41042, 0.384065, 0.37149, 0.331734, 0.321581, 0.297153, 0.269304, 0.226578, 0.233849, 0.190054, 0.152992, 0.139412, 0.0869443, 0.0952667, 0.0668081, 0.04116, 0.00839399, 0, 
64, 0, 0.465229, 0.489306, 0.444767, 0.419228, 0.392862, 0.38033, 0.34019, 0.330226, 0.298373, 0.278004, 0.234207, 0.242827, 0.198704, 0.16042, 0.148123, 0.0950427, 0.104086, 0.0757556, 0.0498071, 0.0147305, 0, 
65, 0, 0.474229, 0.498115, 0.45373, 0.428065, 0.401521, 0.389172, 0.348594, 0.338918, 0.303027, 0.286862, 0.242178, 0.251825, 0.207425, 0.168235, 0.156887, 0.103329, 0.112866, 0.0847076, 0.0583638, 0.0218908, 0.00690868, 
66, 0, 0.483229, 0.506946, 0.462633, 0.436922, 0.410182, 0.398011, 0.357117, 0.347832, 0.309953, 0.294138, 0.250373, 0.260824, 0.216197, 0.176311, 0.165664, 0.11175, 0.121553, 0.0936631, 0.0668904, 0.0295665, 0.0147483, 0, 
67, 0, 0.492228, 0.515749, 0.471511, 0.445797, 0.418874, 0.406681, 0.365715, 0.356155, 0.317639, 0.302061, 0.258722, 0.269824, 0.224999, 0.184571, 0.174003, 0.12027, 0.130177, 0.102621, 0.0755183, 0.0372422, 0.0229972, 0, 
68, 0, 0.501227, 0.524497, 0.480421, 0.454796, 0.427583, 0.415474, 0.374377, 0.364592, 0.325666, 0.310302, 0.267118, 0.278823, 0.233297, 0.192966, 0.1823, 0.128865, 0.138869, 0.111588, 0.0842217, 0.0460029, 0.0314648, 0.00222575, 
69, 0, 0.509882, 0.533288, 0.489358, 0.463577, 0.436319, 0.42426, 0.383092, 0.373111, 0.334065, 0.318731, 0.273685, 0.287823, 0.241581, 0.201461, 0.190784, 0.137707, 0.147619, 0.120587, 0.09298, 0.0547872, 0.0400644, 0.00804474, 0, 
70, 0, 0.518875, 0.542123, 0.498309, 0.472386, 0.445083, 0.433028, 0.391797, 0.381696, 0.338798, 0.327283, 0.280222, 0.296822, 0.250075, 0.210245, 0.19939, 0.145634, 0.156412, 0.129587, 0.101779, 0.0635921, 0.0486639, 0.0154919, 0, 
71, 0, 0.527866, 0.550978, 0.507269, 0.481213, 0.453836, 0.441784, 0.400351, 0.390335, 0.345193, 0.335919, 0.287481, 0.305783, 0.258697, 0.217274, 0.20808, 0.153812, 0.165238, 0.138586, 0.110526, 0.0724178, 0.0570631, 0.0235567, 0.00118583, 
72, 0, 0.536855, 0.559845, 0.51624, 0.490057, 0.462611, 0.450535, 0.408918, 0.399019, 0.352797, 0.344612, 0.29521, 0.314783, 0.267402, 0.224858, 0.216828, 0.162162, 0.17399, 0.147586, 0.119013, 0.0812609, 0.0656843, 0.0319222, 0.00570887, 0, 
73, 0, 0.54584, 0.56872, 0.525143, 0.498915, 0.471411, 0.459283, 0.417553, 0.407408, 0.360886, 0.352116, 0.303245, 0.323783, 0.276163, 0.232795, 0.225564, 0.170628, 0.182401, 0.156585, 0.127708, 0.0901186, 0.0743793, 0.0402876, 0.0127318, 0, 
74, 0, 0.554823, 0.577524, 0.534024, 0.507787, 0.480214, 0.464753, 0.426248, 0.415923, 0.369218, 0.360157, 0.311486, 0.332782, 0.284932, 0.240957, 0.233714, 0.179179, 0.191091, 0.165585, 0.136455, 0.0990814, 0.0831215, 0.0485834, 0.0206174, 0.00868788, 
75, 0, 0.563805, 0.586292, 0.542937, 0.516215, 0.489031, 0.473745, 0.434992, 0.424502, 0.37769, 0.368474, 0.31957, 0.341782, 0.293156, 0.249277, 0.242109, 0.187796, 0.199833, 0.174576, 0.145233, 0.10808, 0.091903, 0.0570789, 0.0288898, 0.0174357, 
76, 0, 0.571424, 0.595106, 0.551868, 0.525107, 0.497862, 0.48274, 0.443774, 0.433132, 0.386356, 0.376957, 0.325769, 0.350782, 0.301584, 0.257711, 0.250653, 0.196218, 0.208605, 0.1835, 0.154041, 0.117079, 0.100716, 0.0656966, 0.0373712, 0.0262269, 
77, 0, 0.580424, 0.603943, 0.560811, 0.534003, 0.506708, 0.491738, 0.452543, 0.441808, 0.394635, 0.385547, 0.333089, 0.359782, 0.310165, 0.265682, 0.259286, 0.204334, 0.217408, 0.192429, 0.162874, 0.126079, 0.109554, 0.0743951, 0.0459797, 0.0350507, 
78, 0, 0.589423, 0.612795, 0.569763, 0.542903, 0.515554, 0.500737, 0.461165, 0.45052, 0.402887, 0.394211, 0.340831, 0.368782, 0.318835, 0.27282, 0.267988, 0.212633, 0.226237, 0.201362, 0.171728, 0.135078, 0.118413, 0.0831501, 0.0546718, 0.0438996, 
79, 0, 0.598423, 0.621658, 0.578714, 0.551812, 0.524382, 0.509735, 0.469908, 0.459263, 0.411358, 0.402548, 0.348827, 0.377782, 0.327569, 0.280455, 0.27674, 0.221064, 0.235088, 0.210299, 0.180599, 0.144077, 0.127288, 0.0919462, 0.0634222, 0.0527682, 
80, 0, 0.607422, 0.630507, 0.587639, 0.560727, 0.533253, 0.518735, 0.478683, 0.46787, 0.419951, 0.410725, 0.357014, 0.386781, 0.336349, 0.288415, 0.285531, 0.229591, 0.243958, 0.219239, 0.189485, 0.153076, 0.136177, 0.100773, 0.0722149, 0.0616527, 
81, 0, 0.616421, 0.639364, 0.596565, 0.569649, 0.542125, 0.527694, 0.487484, 0.476508, 0.428624, 0.419125, 0.365345, 0.395781, 0.345165, 0.296593, 0.294352, 0.238191, 0.252843, 0.228182, 0.198383, 0.162075, 0.145077, 0.109625, 0.0810394, 0.0705503, 
82, 0, 0.625419, 0.648222, 0.605508, 0.57848, 0.551005, 0.536671, 0.496308, 0.485185, 0.437354, 0.42766, 0.373783, 0.404781, 0.354007, 0.304926, 0.303197, 0.246847, 0.261741, 0.237127, 0.20729, 0.171074, 0.153987, 0.118495, 0.0898886, 0.0794585, 
83, 0, 0.634309, 0.6571, 0.614459, 0.587415, 0.559889, 0.545652, 0.50515, 0.493896, 0.446124, 0.436286, 0.382304, 0.413781, 0.36287, 0.313371, 0.312061, 0.255548, 0.270651, 0.246076, 0.216207, 0.180073, 0.162905, 0.12738, 0.0987572, 0.0883759, 
84, 0, 0.643306, 0.665987, 0.623419, 0.596351, 0.568778, 0.554638, 0.514007, 0.502634, 0.454924, 0.444975, 0.390888, 0.42278, 0.37175, 0.321899, 0.320941, 0.264284, 0.279569, 0.255026, 0.225131, 0.189072, 0.17183, 0.136278, 0.107641, 0.0973008, 
85, 0, 0.652305, 0.674884, 0.632386, 0.605289, 0.57767, 0.563625, 0.522878, 0.511397, 0.463746, 0.453711, 0.399522, 0.43178, 0.380643, 0.330492, 0.329833, 0.27305, 0.288496, 0.263978, 0.234061, 0.198071, 0.180761, 0.145187, 0.116539, 0.106232, 
86, 0, 0.661304, 0.68379, 0.64136, 0.614228, 0.586566, 0.572615, 0.531759, 0.52018, 0.472584, 0.462482, 0.408196, 0.44078, 0.389546, 0.339136, 0.338737, 0.28184, 0.29743, 0.272933, 0.242996, 0.20707, 0.189697, 0.154104, 0.125446, 0.115169, 
87, 0, 0.670303, 0.692704, 0.650339, 0.623169, 0.595465, 0.581607, 0.540649, 0.52898, 0.481435, 0.47128, 0.416903, 0.44978, 0.398458, 0.347819, 0.347649, 0.29065, 0.306371, 0.281889, 0.251937, 0.216069, 0.198637, 0.163029, 0.134363, 0.124111, 
88, 0, 0.679302, 0.701627, 0.659323, 0.632112, 0.604366, 0.5906, 0.549547, 0.537796, 0.490293, 0.480099, 0.425636, 0.45878, 0.407378, 0.356536, 0.35657, 0.299478, 0.315317, 0.290847, 0.260882, 0.225068, 0.207582, 0.17196, 0.143287, 0.133058, 
89, 0, 0.688302, 0.710556, 0.668311, 0.641057, 0.613268, 0.599594, 0.558452, 0.546625, 0.499157, 0.488935, 0.43439, 0.46778, 0.416303, 0.36528, 0.365497, 0.30832, 0.324268, 0.299806, 0.269831, 0.234067, 0.21653, 0.180896, 0.152218, 0.142008, 
90, 0, 0.697302, 0.719492, 0.677302, 0.650004, 0.622172, 0.60859, 0.567362, 0.555466, 0.50802, 0.497785, 0.443162, 0.476779, 0.425233, 0.374045, 0.37443, 0.317174, 0.333223, 0.308767, 0.278783, 0.243066, 0.225482, 0.189837, 0.161154, 0.150961, 
91, 0, 0.706302, 0.728435, 0.686297, 0.658952, 0.631077, 0.617586, 0.576278, 0.564317, 0.516879, 0.506646, 0.451949, 0.485779, 0.434167, 0.38283, 0.383368, 0.326039, 0.342182, 0.317729, 0.287738, 0.252065, 0.234436, 0.198783, 0.170095, 0.159917, 
92, 0, 0.715302, 0.737383, 0.695293, 0.667903, 0.639983, 0.626583, 0.585197, 0.573177, 0.525725, 0.515516, 0.460747, 0.494779, 0.443104, 0.39163, 0.392311, 0.334914, 0.351145, 0.326692, 0.296696, 0.261064, 0.243393, 0.207732, 0.17904, 0.168876, 
93, 0, 0.724302, 0.746336, 0.704292, 0.676854, 0.64889, 0.635581, 0.594121, 0.582044, 0.534545, 0.524393, 0.469555, 0.503779, 0.452043, 0.400444, 0.401258, 0.343798, 0.360112, 0.335656, 0.305656, 0.270063, 0.252352, 0.216684, 0.187989, 0.177838, 
94, 0, 0.733302, 0.755295, 0.713291, 0.685807, 0.657797, 0.64458, 0.603049, 0.590919, 0.543314, 0.533276, 0.478369, 0.512779, 0.460983, 0.409269, 0.410208, 0.352688, 0.369081, 0.344622, 0.314619, 0.279061, 0.261313, 0.225639, 0.196942, 0.186801, 
95, 0, 0.742302, 0.764258, 0.722291, 0.694761, 0.666705, 0.653579, 0.61198, 0.5998, 0.551966, 0.542165, 0.487189, 0.521779, 0.469924, 0.418104, 0.419162, 0.361586, 0.378054, 0.353588, 0.323584, 0.28806, 0.270276, 0.234597, 0.205897, 0.195766, 
96, 0, 0.751302, 0.773226, 0.731291, 0.703716, 0.675615, 0.662578, 0.620915, 0.608686, 0.560303, 0.551057, 0.496011, 0.530779, 0.478865, 0.426947, 0.428119, 0.370489, 0.387029, 0.362555, 0.332551, 0.297059, 0.279241, 0.243558, 0.214855, 0.204734, 
97, 0, 0.760302, 0.782196, 0.740289, 0.712672, 0.684525, 0.671578, 0.629854, 0.617577, 0.567391, 0.559952, 0.504836, 0.539778, 0.487805, 0.435798, 0.437078, 0.379397, 0.396007, 0.371524, 0.341519, 0.306058, 0.288207, 0.25252, 0.223816, 0.213702, 
98, 0, 0.769301, 0.79117, 0.749285, 0.721629, 0.69344, 0.680578, 0.638801, 0.626473, 0.567391, 0.568849, 0.513659, 0.548778, 0.496742, 0.444654, 0.44604, 0.38831, 0.404988, 0.380493, 0.350489, 0.315057, 0.297175, 0.261484, 0.232778, 0.222673, 
99, 0, 0.778301, 0.800145, 0.758278, 0.730587, 0.702362, 0.689578, 0.647763, 0.635373, 0.567391, 0.577748, 0.522481, 0.557778, 0.505675, 0.453516, 0.455004, 0.397227, 0.413971, 0.389462, 0.35946, 0.324056, 0.306144, 0.27045, 0.241742, 0.231644, 
100, 0, 0.7873, 0.809121, 0.76727, 0.739545, 0.711307, 0.698577, 0.656725, 0.644276, 0.567391, 0.586647, 0.531299, 0.566778, 0.514603, 0.462382, 0.463969, 0.406148, 0.422956, 0.398433, 0.368433, 0.333055, 0.315114, 0.279417, 0.250709, 0.240617, 
101, 0, 0.796299, 0.818092, 0.776269, 0.748504, 0.72025, 0.707574, 0.665688, 0.653183, 0.567391, 0.595545, 0.540111, 0.575778, 0.523524, 0.471252, 0.472937, 0.415072, 0.431943, 0.407404, 0.377407, 0.342054, 0.324086, 0.288386, 0.259676, 0.249591, 
102, 0, 0.805298, 0.827039, 0.785266, 0.757463, 0.729192, 0.716568, 0.674653, 0.662093, 0.567391, 0.604442, 0.548918, 0.584778, 0.532434, 0.480124, 0.481906, 0.424, 0.440933, 0.416376, 0.386382, 0.351052, 0.333058, 0.297356, 0.268646, 0.258566, 
103, 0, 0.814296, 0.835991, 0.79426, 0.766422, 0.738135, 0.725555, 0.683621, 0.671005, 0.571594, 0.613336, 0.557718, 0.593778, 0.541331, 0.488999, 0.490876, 0.43293, 0.449924, 0.425348, 0.395358, 0.360051, 0.342031, 0.306328, 0.277616, 0.267542, 
104, 0, 0.823293, 0.844946, 0.803251, 0.775382, 0.747082, 0.734532, 0.69261, 0.67992, 0.574738, 0.622227, 0.566514, 0.602778, 0.55021, 0.497875, 0.499847, 0.441863, 0.458918, 0.434321, 0.404335, 0.36905, 0.351005, 0.3153, 0.286588, 0.276518, 
105, 0, 0.832289, 0.8539, 0.812242, 0.784342, 0.756066, 0.743491, 0.701598, 0.688837, 0.578318, 0.631113, 0.575307, 0.611778, 0.559065, 0.506752, 0.508819, 0.450798, 0.467913, 0.443295, 0.413314, 0.378049, 0.35998, 0.324274, 0.295561, 0.285496, 
106, 0, 0.841285, 0.862852, 0.821239, 0.793301, 0.765048, 0.752417, 0.71059, 0.697756, 0.582847, 0.639991, 0.584107, 0.620777, 0.56789, 0.515628, 0.51779, 0.459735, 0.476911, 0.452269, 0.422293, 0.387047, 0.368956, 0.333248, 0.304534, 0.294474, 
107, 0, 0.850279, 0.871713, 0.830238, 0.80226, 0.774038, 0.761277, 0.719588, 0.706677, 0.588598, 0.648859, 0.592923, 0.629777, 0.576673, 0.524505, 0.526762, 0.468674, 0.485909, 0.461243, 0.431273, 0.396046, 0.377932, 0.342223, 0.313509, 0.303453, 
108, 0, 0.859271, 0.880591, 0.839233, 0.811219, 0.783035, 0.769989, 0.728587, 0.715599, 0.595786, 0.657714, 0.601769, 0.638777, 0.585404, 0.533379, 0.535733, 0.477615, 0.494909, 0.470218, 0.440253, 0.405045, 0.386909, 0.351199, 0.322485, 0.312433, 
109, 0, 0.86826, 0.889442, 0.848217, 0.820177, 0.792035, 0.778274, 0.737584, 0.724522, 0.604398, 0.66655, 0.610662, 0.647777, 0.594068, 0.542252, 0.544703, 0.486558, 0.503909, 0.479193, 0.449235, 0.414043, 0.395887, 0.360176, 0.331461, 0.321413, 
110, 0, 0.877246, 0.898248, 0.857176, 0.829135, 0.801017, 0.778274, 0.746558, 0.733447, 0.613262, 0.675357, 0.619609, 0.656777, 0.602647, 0.551121, 0.55367, 0.495502, 0.512906, 0.488169, 0.458217, 0.423042, 0.404865, 0.369153, 0.340438, 0.330394, 
111, 0, 0.886226, 0.90699, 0.866084, 0.838099, 0.809931, 0.778274, 0.755472, 0.742373, 0.62074, 0.684122, 0.628601, 0.665777, 0.611126, 0.559985, 0.562633, 0.504448, 0.521892, 0.497145, 0.4672, 0.432041, 0.413843, 0.378131, 0.349416, 0.339375, 
112, 0, 0.89522, 0.91564, 0.874896, 0.84706, 0.818681, 0.778274, 0.764271, 0.7513, 0.627722, 0.692814, 0.637596, 0.674776, 0.619492, 0.568843, 0.57159, 0.513394, 0.530855, 0.506122, 0.476183, 0.441039, 0.422822, 0.38711, 0.358395, 0.348357, 
113, 0, 0.90421, 0.92415, 0.883544, 0.85602, 0.827149, 0.785969, 0.772856, 0.760228, 0.635189, 0.701367, 0.646537, 0.683776, 0.627745, 0.577693, 0.580539, 0.522342, 0.539766, 0.515098, 0.485168, 0.450038, 0.431802, 0.396089, 0.367374, 0.35734, 
114, 0, 0.913191, 0.93246, 0.891957, 0.864883, 0.835144, 0.785969, 0.781126, 0.769155, 0.643057, 0.709596, 0.65535, 0.692776, 0.635917, 0.586532, 0.589477, 0.531291, 0.548556, 0.524075, 0.494152, 0.459036, 0.440782, 0.405068, 0.376353, 0.366322, 
115, 0, 0.920896, 0.940511, 0.90001, 0.873845, 0.84254, 0.785969, 0.789041, 0.778083, 0.651148, 0.716721, 0.663981, 0.701776, 0.644073, 0.595356, 0.598399, 0.540241, 0.557041, 0.533053, 0.503138, 0.468035, 0.449762, 0.414048, 0.385334, 0.375305, 
116, 0, 0.929893, 0.948169, 0.907647, 0.882804, 0.849389, 0.785969, 0.796629, 0.787009, 0.65934, 0.716721, 0.672433, 0.710775, 0.652303, 0.60416, 0.607302, 0.549191, 0.564605, 0.54203, 0.512124, 0.477033, 0.458743, 0.423029, 0.394314, 0.384289, 
117, 0, 0.938879, 0.955362, 0.914967, 0.891758, 0.855849, 0.785969, 0.803989, 0.795939, 0.667566, 0.716721, 0.680775, 0.719775, 0.660675, 0.612937, 0.616177, 0.558142, 0.564605, 0.551008, 0.52111, 0.486032, 0.467724, 0.432009, 0.403295, 0.393273, 
118, 0, 0.947839, 0.962149, 0.922141, 0.900706, 0.862136, 0.785969, 0.811276, 0.804871, 0.675784, 0.716721, 0.689081, 0.728775, 0.669204, 0.621674, 0.624949, 0.567094, 0.564605, 0.559986, 0.530097, 0.49503, 0.476705, 0.44099, 0.412277, 0.402257, 
119, 0, 0.956696, 0.968651, 0.92935, 0.909656, 0.8685, 0.785969, 0.818671, 0.813805, 0.683951, 0.716721, 0.697382, 0.737774, 0.677749, 0.63035, 0.633717, 0.576047, 0.564605, 0.568964, 0.539085, 0.504029, 0.485686, 0.449972, 0.421259, 0.411241, 
120, 0, 0.965522, 0.975031, 0.936761, 0.918605, 0.875178, 0.785969, 0.826313, 0.822741, 0.691976, 0.716721, 0.70555, 0.746774, 0.686462, 0.638925, 0.642474, 0.585, 0.564605, 0.577943, 0.548073, 0.513027, 0.494668, 0.458954, 0.430241, 0.420226, 
121, 0, 0.974125, 0.981502, 0.944488, 0.927553, 0.882326, 0.785969, 0.834244, 0.831679, 0.699942, 0.716721, 0.713675, 0.755774, 0.69528, 0.647314, 0.65121, 0.593953, 0.564605, 0.586922, 0.557061, 0.522025, 0.50365, 0.467935, 0.439223, 0.429211, 
122, 0, 0.974125, 0.988287, 0.952565, 0.9365, 0.889954, 0.785969, 0.842212, 0.84062, 0.707303, 0.716721, 0.721598, 0.764773, 0.704163, 0.655289, 0.659911, 0.602907, 0.569019, 0.595901, 0.566051, 0.531024, 0.512632, 0.476918, 0.448206, 0.438196, 
123, 0, 0.974125, 0.995537, 0.960938, 0.945447, 0.897656, 0.785969, 0.850493, 0.849563, 0.713469, 0.716721, 0.72899, 0.773772, 0.713085, 0.662077, 0.668732, 0.61186, 0.569019, 0.60488, 0.57504, 0.540022, 0.521615, 0.4859, 0.457189, 0.447182, 
124, 0, 0.974125, 1.00327, 0.969328, 0.954393, 0.905822, 0.785969, 0.858983, 0.85851, 0.718067, 0.716721, 0.735117, 0.78277, 0.722082, 0.662077, 0.677168, 0.620814, 0.569019, 0.613859, 0.584031, 0.54902, 0.530597, 0.494883, 0.466172, 0.456168, 
125, 0, 0.974125, 1.01108, 0.977979, 0.96334, 0.914276, 0.785969, 0.867604, 0.867464, 0.721997, 0.716721, 0.735117, 0.791762, 0.731025, 0.662077, 0.68535, 0.629768, 0.569019, 0.622838, 0.593021, 0.558018, 0.53958, 0.503865, 0.475156, 0.465153, 
126, 0, 0.974125, 1.01935, 0.986771, 0.97229, 0.922899, 0.785969, 0.876277, 0.876431, 0.721998, 0.724636, 0.740929, 0.800753, 0.739967, 0.662077, 0.692911, 0.638722, 0.569019, 0.631818, 0.602013, 0.567017, 0.548563, 0.512848, 0.484139, 0.474139, 
127, 0, 0.974125, 1.02788, 0.995639, 0.98125, 0.931571, 0.785969, 0.885268, 0.885414, 0.723229, 0.724636, 0.74474, 0.809744, 0.748897, 0.662077, 0.698598, 0.647676, 0.569019, 0.640797, 0.611005, 0.576015, 0.557546, 0.521831, 0.493123, 0.483126, 
128, 0, 0.974125, 1.03658, 1.00452, 0.990236, 0.940571, 0.794964, 0.89403, 0.894414, 0.727256, 0.724636, 0.748473, 0.818735, 0.757804, 0.662077, 0.698598, 0.65663, 0.569019, 0.649777, 0.619998, 0.585013, 0.566529, 0.530814, 0.502107, 0.492112, 
129, 0, 0.974125, 1.04532, 1.01348, 0.998883, 0.949379, 0.794964, 0.902622, 0.903414, 0.732798, 0.724636, 0.750996, 0.827726, 0.766656, 0.662077, 0.698598, 0.665584, 0.569019, 0.658756, 0.628991, 0.594011, 0.575512, 0.539798, 0.511092, 0.501099, 
130, 0, 0.982969, 1.05431, 1.02243, 1.00735, 0.957855, 0.794964, 0.911121, 0.912414, 0.737235, 0.724636, 0.751943, 0.836717, 0.766656, 0.662077, 0.698598, 0.674537, 0.569019, 0.667736, 0.637986, 0.603009, 0.584495, 0.548781, 0.520076, 0.510085, 
131, 0, 0.99179, 1.06319, 1.03115, 1.01576, 0.966134, 0.794964, 0.919761, 0.921414, 0.73932, 0.724636, 0.757286, 0.845707, 0.766656, 0.662077, 0.698598, 0.683489, 0.569019, 0.676716, 0.646981, 0.612007, 0.593478, 0.557764, 0.52906, 0.519072, 
132, 0, 1.00049, 1.07181, 1.03971, 1.02407, 0.974627, 0.803359, 0.92874, 0.930414, 0.744294, 0.724636, 0.757286, 0.854697, 0.766656, 0.662077, 0.698598, 0.692441, 0.569019, 0.685696, 0.655978, 0.621004, 0.602462, 0.566747, 0.538045, 0.528059, 
133, 0, 1.00873, 1.08029, 1.0484, 1.03303, 0.983626, 0.803359, 0.937727, 0.939414, 0.750456, 0.724636, 0.757286, 0.863687, 0.766656, 0.662077, 0.698598, 0.701393, 0.569032, 0.694676, 0.664976, 0.630002, 0.611445, 0.575731, 0.54703, 0.537045, 
134, 0, 1.01693, 1.08891, 1.05739, 1.04074, 0.992624, 0.803359, 0.946666, 0.948414, 0.756163, 0.724636, 0.757286, 0.872677, 0.766656, 0.662077, 0.698598, 0.710343, 0.569842, 0.703656, 0.673976, 0.639, 0.620428, 0.584714, 0.556014, 0.546032, 
135, 0, 1.02516, 1.0979, 1.06634, 1.04809, 1.00159, 0.803359, 0.955586, 0.957414, 0.760649, 0.724636, 0.757286, 0.881666, 0.766656, 0.662077, 0.698598, 0.719292, 0.573303, 0.712636, 0.682974, 0.647998, 0.629411, 0.593697, 0.564999, 0.555019, 
136, 0, 1.02516, 1.10689, 1.07533, 1.05487, 1.01052, 0.803359, 0.964545, 0.966413, 0.760649, 0.724636, 0.757286, 0.890655, 0.766656, 0.662077, 0.698598, 0.72824, 0.573303, 0.721617, 0.691927, 0.656995, 0.638394, 0.60268, 0.573984, 0.564007, 
137, 0, 1.02516, 1.11585, 1.08429, 1.06067, 1.01951, 0.803359, 0.973536, 0.975413, 0.764065, 0.724636, 0.762801, 0.899644, 0.770493, 0.662077, 0.698598, 0.737187, 0.573303, 0.730597, 0.691927, 0.665993, 0.647377, 0.611663, 0.582968, 0.572994, 
138, 0, 1.02516, 1.12479, 1.09329, 1.06504, 1.02826, 0.803359, 0.982532, 0.984412, 0.770307, 0.724636, 0.769544, 0.908632, 0.770493, 0.662077, 0.698598, 0.746132, 0.573303, 0.739577, 0.691927, 0.67499, 0.65636, 0.620646, 0.591953, 0.581981, 
139, 0, 1.02516, 1.13376, 1.10062, 1.06802, 1.03721, 0.803359, 0.991527, 0.993411, 0.777724, 0.724636, 0.769544, 0.91762, 0.770493, 0.662077, 0.698598, 0.755075, 0.573303, 0.748557, 0.691927, 0.683988, 0.665343, 0.629628, 0.600938, 0.590968, 
140, 0, 1.02516, 1.14274, 1.10954, 1.06802, 1.04604, 0.803359, 1.00039, 1.00241, 0.777724, 0.724636, 0.772834, 0.926607, 0.778534, 0.662077, 0.698598, 0.764016, 0.573303, 0.757538, 0.691927, 0.692985, 0.674326, 0.63861, 0.609922, 0.599955, 
141, 0, 1.02516, 1.15174, 1.1176, 1.06802, 1.05487, 0.803359, 1.00798, 1.01141, 0.777724, 0.724636, 0.781833, 0.935593, 0.778534, 0.662077, 0.698598, 0.772954, 0.573303, 0.766518, 0.691927, 0.701982, 0.683308, 0.647592, 0.618907, 0.608942, 
142, 0, 1.02516, 1.16047, 1.12499, 1.06802, 1.05502, 0.803359, 1.01547, 1.0204, 0.783513, 0.724636, 0.790625, 0.944579, 0.778534, 0.662077, 0.698598, 0.781889, 0.573303, 0.775498, 0.691927, 0.710979, 0.692291, 0.656574, 0.627891, 0.617929, 
143, 0, 1.02516, 1.16899, 1.12637, 1.07702, 1.05749, 0.803359, 1.01992, 1.02939, 0.787649, 0.724636, 0.790625, 0.953565, 0.778534, 0.662077, 0.698598, 0.79082, 0.573303, 0.784479, 0.691927, 0.719976, 0.701273, 0.665556, 0.636875, 0.626916, 
144, 0, 1.02516, 1.1778, 1.12841, 1.07702, 1.06406, 0.803359, 1.02193, 1.03838, 0.791155, 0.724636, 0.790625, 0.962549, 0.778534, 0.662077, 0.698598, 0.799746, 0.573303, 0.793459, 0.691927, 0.728973, 0.710254, 0.674537, 0.64586, 0.635903, 
145, 0, 1.02516, 1.18674, 1.12854, 1.07702, 1.06529, 0.803359, 1.02562, 1.04737, 0.794897, 0.724636, 0.790625, 0.971533, 0.778534, 0.662077, 0.698598, 0.808666, 0.573303, 0.80244, 0.691927, 0.73797, 0.719236, 0.683517, 0.654844, 0.644889, 
146, 0, 1.02516, 1.19554, 1.13078, 1.07702, 1.06869, 0.803359, 1.03189, 1.05635, 0.798114, 0.724636, 0.790625, 0.980515, 0.778534, 0.662077, 0.698598, 0.817579, 0.573303, 0.81142, 0.691927, 0.746966, 0.728217, 0.692497, 0.663827, 0.653876, 
147, 0, 1.02516, 1.20428, 1.13595, 1.07702, 1.07514, 0.803359, 1.03864, 1.06531, 0.80014, 0.724636, 0.790625, 0.989497, 0.778534, 0.662077, 0.698598, 0.826482, 0.574603, 0.820401, 0.691927, 0.755963, 0.737197, 0.701477, 0.672811, 0.662863, 
148, 0, 1.03245, 1.21176, 1.14079, 1.07702, 1.08218, 0.803359, 1.04516, 1.07426, 0.80014, 0.724636, 0.790625, 0.998477, 0.778534, 0.662077, 0.698598, 0.835374, 0.578779, 0.829382, 0.691927, 0.764959, 0.746177, 0.710455, 0.681794, 0.671849, 
149, 0, 1.03245, 1.22039, 1.14612, 1.07702, 1.0892, 0.803359, 1.05043, 1.08318, 0.80014, 0.724636, 0.790625, 1.00746, 0.778534, 0.662077, 0.698598, 0.844249, 0.578779, 0.838363, 0.691927, 0.773955, 0.755156, 0.719433, 0.690777, 0.680835, 
150, 0, 1.03245, 1.22924, 1.15215, 1.07702, 1.09587, 0.803359, 1.05043, 1.09206, 0.80014, 0.724636, 0.790625, 1.01643, 0.778534, 0.662077, 0.698598, 0.8531, 0.578779, 0.847344, 0.691927, 0.782951, 0.764133, 0.72841, 0.699759, 0.689821, 
151, 0, 1.03245, 1.23811, 1.15906, 1.07702, 1.1011, 0.812329, 1.05043, 1.10086, 0.80014, 0.724636, 0.790625, 1.02541, 0.778534, 0.662077, 0.698598, 0.861918, 0.578779, 0.856326, 0.691927, 0.791947, 0.77311, 0.737386, 0.708742, 0.698807, 
152, 0, 1.03245, 1.2468, 1.1666, 1.07702, 1.10432, 0.812329, 1.05043, 1.10951, 0.80014, 0.733452, 0.799108, 1.03438, 0.784828, 0.662077, 0.698598, 0.870684, 0.578779, 0.865308, 0.691927, 0.800943, 0.782085, 0.746361, 0.717723, 0.707793, 
153, 0, 1.03245, 1.25485, 1.17192, 1.07702, 1.11123, 0.812329, 1.05792, 1.11831, 0.801748, 0.733452, 0.807382, 1.04335, 0.784828, 0.662077, 0.706693, 0.879361, 0.578779, 0.87429, 0.691927, 0.809938, 0.791058, 0.755334, 0.726704, 0.716778, 
154, 0, 1.03245, 1.26266, 1.17906, 1.07702, 1.12004, 0.821187, 1.06469, 1.12566, 0.80474, 0.733452, 0.807382, 1.05232, 0.784828, 0.662077, 0.706693, 0.887871, 0.578779, 0.883273, 0.691927, 0.818933, 0.800028, 0.764306, 0.735685, 0.725763, 
155, 0, 1.03245, 1.27014, 1.17906, 1.08599, 1.12004, 0.830185, 1.06469, 1.13138, 0.807548, 0.733452, 0.807382, 1.06128, 0.792062, 0.662077, 0.706693, 0.896003, 0.581969, 0.892257, 0.691927, 0.827928, 0.808994, 0.773276, 0.744665, 0.734748, 
156, 0, 1.04057, 1.27679, 1.18803, 1.09499, 1.12004, 0.830185, 1.0711, 1.13535, 0.807548, 0.733452, 0.815856, 1.07024, 0.792062, 0.662077, 0.706693, 0.903077, 0.581969, 0.901241, 0.691927, 0.836923, 0.817953, 0.782243, 0.753644, 0.743732, 
157, 0, 1.04655, 1.27896, 1.19655, 1.1035, 1.12904, 0.830185, 1.07583, 1.13919, 0.812881, 0.733452, 0.815856, 1.07919, 0.792062, 0.662077, 0.706693, 0.903077, 0.581969, 0.910226, 0.691927, 0.845917, 0.8269, 0.791208, 0.762622, 0.752716, 
158, 0, 1.05523, 1.28346, 1.20385, 1.1035, 1.12904, 0.830185, 1.07583, 1.13919, 0.819556, 0.733452, 0.815856, 1.08814, 0.792062, 0.662077, 0.706693, 0.903077, 0.581969, 0.919213, 0.691927, 0.85491, 0.835822, 0.800169, 0.7716, 0.761699, 
159, 0, 1.05523, 1.29229, 1.21225, 1.1035, 1.12904, 0.839053, 1.08407, 1.14047, 0.819556, 0.733452, 0.815856, 1.09713, 0.792062, 0.662077, 0.706693, 0.903077, 0.581969, 0.928201, 0.691927, 0.863904, 0.844675, 0.809125, 0.780576, 0.770682, 
160, 0, 1.05523, 1.30023, 1.22117, 1.11212, 1.13804, 0.839053, 1.0889, 1.14047, 0.828282, 0.733452, 0.815856, 1.10611, 0.792062, 0.662077, 0.706693, 0.903077, 0.581969, 0.93719, 0.691927, 0.872896, 0.844675, 0.818076, 0.789551, 0.779665, 
161, 0, 1.05523, 1.30508, 1.22858, 1.11212, 1.14664, 0.839053, 1.09778, 1.14946, 0.836512, 0.733452, 0.815856, 1.11509, 0.792062, 0.662077, 0.706693, 0.903077, 0.581969, 0.946181, 0.691927, 0.881888, 0.844675, 0.82702, 0.798525, 0.788646, 
162, 0, 1.06419, 1.30508, 1.23686, 1.11212, 1.15558, 0.848019, 1.10616, 1.14946, 0.836512, 0.733452, 0.815856, 1.12406, 0.792062, 0.662077, 0.706693, 0.903077, 0.586427, 0.955173, 0.691927, 0.890879, 0.844675, 0.835953, 0.807497, 0.797627, 
163, 0, 1.06419, 1.30508, 1.24468, 1.12111, 1.16347, 0.856961, 1.10616, 1.14946, 0.836512, 0.733452, 0.815856, 1.13302, 0.792062, 0.662077, 0.715132, 0.903077, 0.586427, 0.964167, 0.691927, 0.899869, 0.844675, 0.844873, 0.816466, 0.806607, 
164, 0, 1.06419, 1.30508, 1.25315, 1.12995, 1.16347, 0.856961, 1.10616, 1.14946, 0.836512, 0.733452, 0.815856, 1.14197, 0.799835, 0.662077, 0.715132, 0.903077, 0.586427, 0.97316, 0.691927, 0.908858, 0.844675, 0.853773, 0.825434, 0.815586, 
165, 0, 1.07318, 1.30508, 1.26214, 1.12995, 1.16347, 0.856961, 1.10616, 1.14946, 0.844582, 0.733452, 0.824346, 1.15092, 0.808523, 0.662077, 0.715132, 0.903077, 0.586427, 0.982153, 0.691927, 0.917845, 0.844675, 0.862642, 0.834398, 0.824564, 
166, 0, 1.08094, 1.31321, 1.27113, 1.12995, 1.16347, 0.856961, 1.11359, 1.14946, 0.844582, 0.733452, 0.832763, 1.15984, 0.808523, 0.662077, 0.715132, 0.903077, 0.586427, 0.991139, 0.691927, 0.92683, 0.844675, 0.871461, 0.843359, 0.833541, 
167, 0, 1.08094, 1.32111, 1.27113, 1.12995, 1.16347, 0.856961, 1.12089, 1.14946, 0.853532, 0.733452, 0.83971, 1.16876, 0.808523, 0.662077, 0.715132, 0.903077, 0.586427, 1.0001, 0.691927, 0.935813, 0.844675, 0.880194, 0.852315, 0.842516, 
168, 0, 1.08094, 1.32763, 1.27996, 1.12995, 1.17233, 0.856961, 1.12989, 1.14946, 0.86199, 0.733452, 0.84438, 1.17766, 0.808523, 0.662077, 0.715132, 0.903077, 0.586427, 1.00893, 0.691927, 0.944791, 0.844675, 0.888768, 0.861265, 0.851489, 
169, 0, 1.08094, 1.33621, 1.28896, 1.12995, 1.18131, 0.856961, 1.13887, 1.14946, 0.869754, 0.733452, 0.84438, 1.18656, 0.808523, 0.662077, 0.715132, 0.903077, 0.586427, 1.01715, 0.691927, 0.953751, 0.844675, 0.897026, 0.870208, 0.86046, 
170, 0, 1.08094, 1.34518, 1.28896, 1.12995, 1.19031, 0.856961, 1.14773, 1.14946, 0.875362, 0.733452, 0.84438, 1.1955, 0.808523, 0.662077, 0.715132, 0.903077, 0.586427, 1.02289, 0.691927, 0.962614, 0.844675, 0.904655, 0.879141, 0.869429, 
171, 0, 1.08094, 1.35333, 1.29795, 1.12995, 1.19927, 0.856961, 1.15624, 1.14946, 0.875362, 0.733452, 0.84438, 1.20448, 0.808523, 0.662077, 0.715132, 0.907588, 0.586427, 1.02508, 0.691927, 0.970922, 0.844675, 0.911105, 0.888059, 0.878395, 
172, 0, 1.08094, 1.35333, 1.30674, 1.12995, 1.20808, 0.856961, 1.16331, 1.14946, 0.875362, 0.733452, 0.84438, 1.21334, 0.808523, 0.662077, 0.715132, 0.915254, 0.586427, 1.02624, 0.691927, 0.977422, 0.844675, 0.911105, 0.896957, 0.887357, 
173, 0, 1.08094, 1.35893, 1.31528, 1.12995, 1.21648, 0.856961, 1.16331, 1.14946, 0.875362, 0.742451, 0.848911, 1.22183, 0.808523, 0.670587, 0.715132, 0.92419, 0.58799, 1.02734, 0.691927, 0.98256, 0.844675, 0.911105, 0.905819, 0.896314, 
174, 0, 1.08094, 1.36749, 1.32352, 1.12995, 1.2233, 0.856961, 1.16331, 1.15845, 0.875362, 0.742451, 0.848911, 1.22874, 0.808523, 0.679496, 0.715132, 0.932405, 0.58799, 1.02925, 0.698435, 0.987166, 0.844675, 0.911105, 0.91462, 0.905265, 
175, 0, 1.08094, 1.37612, 1.33134, 1.13759, 1.2233, 0.856961, 1.16331, 1.15845, 0.880875, 0.742451, 0.853747, 1.2308, 0.808523, 0.688417, 0.72354, 0.939811, 0.591722, 1.0316, 0.698435, 0.991995, 0.844675, 0.911105, 0.923287, 0.914209, 
176, 0, 1.08994, 1.38461, 1.33832, 1.14581, 1.22968, 0.856961, 1.16745, 1.16744, 0.880875, 0.749761, 0.853747, 1.23242, 0.815596, 0.697123, 0.72354, 0.946246, 0.591722, 1.03485, 0.698435, 0.997205, 0.844675, 0.911105, 0.931569, 0.923141, 
177, 0, 1.09857, 1.39259, 1.34653, 1.14581, 1.22968, 0.865777, 1.16745, 1.17302, 0.880875, 0.758679, 0.853747, 1.23515, 0.815596, 0.7052, 0.72354, 0.952794, 0.591722, 1.03957, 0.698435, 1.00136, 0.844675, 0.911105, 0.931569, 0.932057, 
178, 0, 1.09857, 1.40115, 1.35354, 1.15463, 1.22968, 0.865777, 1.16745, 1.18194, 0.888373, 0.767663, 0.861386, 1.23839, 0.823369, 0.713057, 0.72354, 0.959842, 0.591722, 1.04573, 0.698435, 1.00136, 0.844675, 0.911105, 0.931569, 0.940949, 
179, 0, 1.10584, 1.40943, 1.35782, 1.16361, 1.23623, 0.874674, 1.17629, 1.19092, 0.897155, 0.776537, 0.869255, 1.24267, 0.823369, 0.72111, 0.72354, 0.966396, 0.591722, 1.05225, 0.698435, 1.00136, 0.844675, 0.911105, 0.931569, 0.949801, 
180, 0, 1.11474, 1.41547, 1.35787, 1.17079, 1.24452, 0.883666, 1.18491, 1.19982, 0.905868, 0.785215, 0.876089, 1.24838, 0.823369, 0.728839, 0.72354, 0.966396, 0.597229, 1.05225, 0.698435, 1.00614, 0.844675, 0.911105, 0.931569, 0.958575, 
181, 0, 1.11482, 1.41627, 1.36687, 1.17892, 1.24452, 0.892542, 1.19378, 1.20854, 0.914146, 0.793985, 0.882448, 1.25506, 0.823369, 0.73014, 0.73211, 0.973298, 0.602163, 1.05225, 0.698435, 1.01095, 0.844675, 0.911105, 0.931569, 0.967167, 
182, 0, 1.12252, 1.42468, 1.37194, 1.18771, 1.24967, 0.901227, 1.20246, 1.21732, 0.922036, 0.802762, 0.882448, 1.26114, 0.830977, 0.735066, 0.740401, 0.980889, 0.602163, 1.05225, 0.698435, 1.01095, 0.844675, 0.911105, 0.931569, 0.975119, 
183, 0, 1.13152, 1.42871, 1.38008, 1.19663, 1.25815, 0.909954, 1.21071, 1.22599, 0.928355, 0.809822, 0.891131, 1.26737, 0.838619, 0.740937, 0.740401, 0.989277, 0.602163, 1.05225, 0.698435, 1.01095, 0.844675, 0.911105, 0.931569, 0.975119, 
184, 0, 1.14042, 1.43735, 1.38008, 1.20555, 1.26593, 0.91845, 1.21813, 1.23308, 0.928355, 0.815705, 0.898603, 1.2736, 0.847329, 0.748889, 0.740401, 0.998161, 0.602163, 1.06108, 0.698435, 1.01377, 0.844675, 0.911105, 0.931569, 0.975119, 
185, 0, 1.14931, 1.4463, 1.38378, 1.21451, 1.27399, 0.925487, 1.22594, 1.23977, 0.928355, 0.821105, 0.907568, 1.27918, 0.847329, 0.757818, 0.740401, 1.00716, 0.602163, 1.06108, 0.698435, 1.01844, 0.844675, 0.911105, 0.931569, 0.975119, 
186, 0, 1.1578, 1.45329, 1.39251, 1.22321, 1.28283, 0.932488, 1.23153, 1.24646, 0.936846, 0.822879, 0.916058, 1.27918, 0.847329, 0.766169, 0.740401, 1.00716, 0.602163, 1.07, 0.698435, 1.01844, 0.844675, 0.911105, 0.931569, 0.975119, 
187, 0, 1.16478, 1.4614, 1.4015, 1.23163, 1.29127, 0.939621, 1.23937, 1.25211, 0.945045, 0.827215, 0.916058, 1.27918, 0.847329, 0.773367, 0.740401, 1.01575, 0.602163, 1.07, 0.698435, 1.01844, 0.844675, 0.911105, 0.931569, 0.975119, 
188, 0, 1.17202, 1.46988, 1.41049, 1.23989, 1.29968, 0.946406, 1.24723, 1.25219, 0.952421, 0.82735, 0.916058, 1.28307, 0.847329, 0.773367, 0.740401, 1.01575, 0.602163, 1.07, 0.698435, 1.01844, 0.844675, 0.911105, 0.931569, 0.975119, 
189, 0, 1.17939, 1.47817, 1.41853, 1.24778, 1.30854, 0.951769, 1.25483, 1.26012, 0.959538, 0.831245, 0.916058, 1.2845, 0.847329, 0.780689, 0.740401, 1.01575, 0.602163, 1.07, 0.698435, 1.01844, 0.844675, 0.911105, 0.931569, 0.975119, 
190, 0, 1.1866, 1.48583, 1.42735, 1.25503, 1.31726, 0.959586, 1.26246, 1.26395, 0.966017, 0.831374, 0.916058, 1.28979, 0.847329, 0.787078, 0.740401, 1.01575, 0.602163, 1.07, 0.698435, 1.01844, 0.844675, 0.911105, 0.931569, 0.975119, 
191, 0, 1.19348, 1.49228, 1.43611, 1.26317, 1.32574, 0.959623, 1.26997, 1.26522, 0.971171, 0.840168, 0.916058, 1.29532, 0.847329, 0.791646, 0.740401, 1.01575, 0.602163, 1.07, 0.698435, 1.01844, 0.844675, 0.911105, 0.931569, 0.975119, 
192, 0, 1.20138, 1.49887, 1.44449, 1.26827, 1.33382, 0.967757, 1.27721, 1.27072, 0.971171, 0.848861, 0.916058, 1.30078, 0.847329, 0.791646, 0.740401, 1.01575, 0.602163, 1.07, 0.698435, 1.01844, 0.844675, 0.911105, 0.931569, 0.975119, 
193, 0, 1.20746, 1.50341, 1.45216, 1.27622, 1.34128, 0.9734, 1.28382, 1.2767, 0.971171, 0.857377, 0.916058, 1.30581, 0.847329, 0.791646, 0.740401, 1.01575, 0.602163, 1.07, 0.698435, 1.01844, 0.844675, 0.911105, 0.931569, 0.975119, 
194, 0, 1.21515, 1.50947, 1.4592, 1.28345, 1.34837, 0.979322, 1.2901, 1.28299, 0.971171, 0.865629, 0.916058, 1.3109, 0.847329, 0.791646, 0.740401, 1.01575, 0.602163, 1.07, 0.698435, 1.01844, 0.844675, 0.911105, 0.931569, 0.975119, 
195, 0, 1.21951, 1.51739, 1.46693, 1.28966, 1.35427, 0.985613, 1.29552, 1.28965, 0.971171, 0.873641, 0.916058, 1.31571, 0.847329, 0.791646, 0.740401, 1.01575, 0.602163, 1.07, 0.698435, 1.01844, 0.844675, 0.911105, 0.931569, 0.975119, 
196, 0, 1.2237, 1.52449, 1.47362, 1.29683, 1.35853, 0.992705, 1.29552, 1.29642, 0.971171, 0.881244, 0.916058, 1.31993, 0.847329, 0.791646, 0.740401, 1.01575, 0.602163, 1.07, 0.698435, 1.01844, 0.844675, 0.911105, 0.931569, 0.975119, 
197, 0, 1.2258, 1.53054, 1.47925, 1.30576, 1.35853, 0.999606, 1.29552, 1.30319, 0.971171, 0.888165, 0.916058, 1.32334, 0.847329, 0.791646, 0.740401, 1.01575, 0.602163, 1.07, 0.698435, 1.01844, 0.844675, 0.911105, 0.931569, 0.975119, 
198, 0, 1.22604, 1.53054, 1.48638, 1.31414, 1.35853, 1.00633, 1.29552, 1.30991, 0.971171, 0.894004, 0.916058, 1.32334, 0.847329, 0.791646, 0.740401, 1.01575, 0.602163, 1.07, 0.698435, 1.01844, 0.844675, 0.911105, 0.931569, 0.975119, 
199, 0, 1.22715, 1.5381, 1.48638, 1.32114, 1.35853, 1.01294, 1.29552, 1.31654, 0.971171, 0.89817, 0.916058, 1.32334, 0.847329, 0.791646, 0.740401, 1.01575, 0.602163, 1.07, 0.698435, 1.01844, 0.844675, 0.911105, 0.931569, 0.975119, 
200, 0, 1.22986, 1.54545, 1.48638, 1.32702, 1.35853, 1.01958, 1.29552, 1.32324, 0.971171, 0.89817, 0.916058, 1.32334, 0.847329, 0.791646, 0.740401, 1.01575, 0.602163, 1.07, 0.698435, 1.01844, 0.844675, 0.911105, 0.931569, 0.975119, 
201, 0, 1.23456, 1.54545, 1.48638, 1.3333, 1.35853, 1.02687, 1.29552, 1.32945, 0.971171, 0.89817, 0.916058, 1.32334, 0.847329, 0.791646, 0.740401, 1.01575, 0.602163, 1.07, 0.698435, 1.01844, 0.844675, 0.911105, 0.931569, 0.975119, 
202, 0, 1.24115, 1.54545, 1.48638, 1.34225, 1.35853, 1.03391, 1.29552, 1.33554, 0.971171, 0.89817, 0.916058, 1.32334, 0.847329, 0.791646, 0.740401, 1.01575, 0.602163, 1.07, 0.698435, 1.01844, 0.844675, 0.911105, 0.931569, 0.975119, 
203, 0, 1.24992, 1.54545, 1.48638, 1.35125, 1.35853, 1.04039, 1.29552, 1.34124, 0.971171, 0.89817, 0.916058, 1.32334, 0.847329, 0.791646, 0.740401, 1.01575, 0.602163, 1.07, 0.698435, 1.01844, 0.844675, 0.911105, 0.931569, 0.975119, 
204, 0, 1.2589, 1.54545, 1.48638, 1.35125, 1.35853, 1.04604, 1.29552, 1.34625, 0.971171, 0.89817, 0.916058, 1.32334, 0.847329, 0.791646, 0.740401, 1.01575, 0.602163, 1.07, 0.698435, 1.01844, 0.844675, 0.911105, 0.931569, 0.975119, 
205, 0, 1.26754, 1.54545, 1.48638, 1.35125, 1.35853, 1.05057, 1.29552, 1.35023, 0.971171, 0.89817, 0.916058, 1.32334, 0.847329, 0.791646, 0.740401, 1.01575, 0.602163, 1.07, 0.698435, 1.01844, 0.844675, 0.911105, 0.931569, 0.975119, 
206, 0, 1.27619, 1.54545, 1.48638, 1.35125, 1.35853, 1.05398, 1.29552, 1.35023, 0.971171, 0.89817, 0.916058, 1.32334, 0.847329, 0.791646, 0.740401, 1.01575, 0.602163, 1.07, 0.698435, 1.01844, 0.844675, 0.911105, 0.931569, 0.975119, 
207, 0, 1.28496, 1.54545, 1.48638, 1.35125, 1.35853, 1.05398, 1.29552, 1.35023, 0.971171, 0.89817, 0.916058, 1.32334, 0.847329, 0.791646, 0.740401, 1.01575, 0.602163, 1.07, 0.698435, 1.01844, 0.844675, 0.911105, 0.931569, 0.975119, 
208, 0, 1.29394, 1.54545, 1.48638, 1.35125, 1.35853, 1.05398, 1.29552, 1.35023, 0.971171, 0.89817, 0.916058, 1.32334, 0.847329, 0.791646, 0.740401, 1.01575, 0.602163, 1.07, 0.698435, 1.01844, 0.844675, 0.911105, 0.931569, 0.975119, 
209, 0, 1.30218, 1.54545, 1.48638, 1.35125, 1.35853, 1.05398, 1.29552, 1.35023, 0.971171, 0.89817, 0.916058, 1.32334, 0.847329, 0.791646, 0.740401, 1.01575, 0.602163, 1.07, 0.698435, 1.01844, 0.844675, 0.911105, 0.931569, 0.975119, 
210, 0, 1.30218, 1.54545, 1.48638, 1.35125, 1.35853, 1.05398, 1.29552, 1.35023, 0.971171, 0.89817, 0.916058, 1.32334, 0.847329, 0.791646, 0.740401, 1.01575, 0.602163, 1.07, 0.698435, 1.01844, 0.844675, 0.911105, 0.931569, 0.975119, 
211, 0, 1.30218, 1.54545, 1.48638, 1.35125, 1.35853, 1.05398, 1.29552, 1.35023, 0.971171, 0.89817, 0.916058, 1.32334, 0.847329, 0.791646, 0.740401, 1.01575, 0.602163, 1.07, 0.698435, 1.01844, 0.844675, 0.911105, 0.931569, 0.975119, 
212, 0, 1.30218, 1.54545, 1.48638, 1.35125, 1.35853, 1.05398, 1.29552, 1.35023, 0.971171, 0.89817, 0.916058, 1.32334, 0.847329, 0.791646, 0.740401, 1.01575, 0.602163, 1.07, 0.698435, 1.01844, 0.844675, 0.911105, 0.931569, 0.975119, 
