0
0
0.987934
0.00297618
-0.986562
0.00591332
-0.905339
-0.000552254
0.903158
0.00654463
-0.81806
-0.00114788
0.818628
-0.00107501
-0.728895
-1.90502e-05
0.728443
-0.000323485
-0.637653
0.000691026
0.63811
0.00328493
-0.544075
0.00479476
0.548018
0.000396863
-0.447656
0.00529818
0.455568
0.00358654
-0.358351
0.00263566
0.362684
0.00617175
-0.278155
0.00305528
0.271252
0.00147376
-0.185011
0.00585785
0.185927
0.00308224
-0.0922659
0.00609558
0.0830346
0.00558768
-0.00408612
0.00562792
0.00129315
0.00462176
