0, 0, 
1, 0, 
2, 0, 
3, 0, 0, 
4, 0, 0, 
5, 0, 0.00253222, 
6, 0, 0.00682718, 0, 
7, 0, 0.0125741, 0, 
8, 0, 0.0193032, 0.00892117, 
9, 0, 0.0266553, 0.0178482, 0, 
10, 0, 0.0344068, 0.0267751, 0, 
11, 0, 0.0424239, 0.0357138, 0.00839773, 
12, 0, 0.0506245, 0.0446552, 0.0169439, 0, 
13, 0, 0.0588251, 0.0535994, 0.0255862, 0, 
14, 0, 0.0673195, 0.0625461, 0.0342946, 0.00726025, 
15, 0, 0.0758761, 0.0714951, 0.0430508, 0.0152261, 0, 
16, 0, 0.084476, 0.0804462, 0.051807, 0.0235264, 0, 
17, 0, 0.0931101, 0.0893745, 0.0603596, 0.0320143, 0.00529697, 
18, 0, 0.101772, 0.0983424, 0.0688919, 0.0406191, 0.0125502, 0, 
19, 0, 0.110456, 0.107317, 0.0775002, 0.0492239, 0.0205143, 0, 
20, 0, 0.119265, 0.116291, 0.0861756, 0.0581312, 0.0288146, 0.00710627, 
21, 0, 0.127639, 0.125265, 0.0949023, 0.0670437, 0.0373032, 0.0150087, 0, 
22, 0, 0.136143, 0.13424, 0.103668, 0.0759734, 0.0457918, 0.0232772, 0, 
23, 0, 0.144749, 0.143215, 0.112298, 0.0849159, 0.0534786, 0.0317471, 0.00313245, 
24, 0, 0.153424, 0.152176, 0.119735, 0.0938677, 0.0617585, 0.0403409, 0.00799894, 0, 
25, 0, 0.162148, 0.161167, 0.128044, 0.102827, 0.0702295, 0.0489348, 0.0141866, 0, 
26, 0, 0.170909, 0.170159, 0.136498, 0.111749, 0.0788211, 0.0579241, 0.0212348, 0.00799691, 
27, 0, 0.179446, 0.179152, 0.145052, 0.120688, 0.0874941, 0.066916, 0.0288236, 0.016318, 0, 
28, 0, 0.187084, 0.188144, 0.153674, 0.129617, 0.0962247, 0.0759092, 0.0364124, 0.0248217, 0, 
29, 0, 0.195226, 0.197136, 0.162346, 0.138541, 0.105127, 0.0849031, 0.0451948, 0.0334393, 0.00134477, 
30, 0, 0.20362, 0.206128, 0.17129, 0.147462, 0.113037, 0.0938973, 0.0541243, 0.0421335, 0.00610581, 0, 
31, 0, 0.212159, 0.215111, 0.175188, 0.156382, 0.121078, 0.102892, 0.0630533, 0.0508277, 0.0131934, 0, 
32, 0, 0.220791, 0.224061, 0.180019, 0.165301, 0.129418, 0.111875, 0.0719861, 0.0597683, 0.0210945, 0.00260223, 
33, 0, 0.229486, 0.233059, 0.186917, 0.17427, 0.137921, 0.120758, 0.0809228, 0.0687156, 0.029367, 0.00699558, 0, 
34, 0, 0.237887, 0.242056, 0.194489, 0.182872, 0.146526, 0.129643, 0.0898628, 0.0776686, 0.0376394, 0.0128597, 0, 
35, 0, 0.246188, 0.251051, 0.202368, 0.191514, 0.155203, 0.138529, 0.0988613, 0.0866258, 0.0454078, 0.0197115, 0.00116164, 
36, 0, 0.254681, 0.260046, 0.21041, 0.200189, 0.163636, 0.147418, 0.107777, 0.0955859, 0.053709, 0.0271838, 0.0056428, 0, 
37, 0, 0.263296, 0.26904, 0.215586, 0.208894, 0.170803, 0.156313, 0.116728, 0.104548, 0.0621458, 0.0346561, 0.0126448, 0, 
38, 0, 0.271989, 0.27804, 0.218591, 0.217628, 0.178884, 0.165214, 0.125672, 0.113533, 0.0707195, 0.0435053, 0.0205161, 0.00171182, 
39, 0, 0.280733, 0.287038, 0.225239, 0.226387, 0.18711, 0.174052, 0.134618, 0.122533, 0.0793943, 0.0523419, 0.0287769, 0.00518023, 0, 
40, 0, 0.289512, 0.296038, 0.232489, 0.23497, 0.195539, 0.182634, 0.14357, 0.131533, 0.0881359, 0.0611633, 0.0370378, 0.0103407, 0, 
41, 0, 0.29847, 0.305037, 0.240323, 0.243491, 0.204118, 0.191262, 0.152526, 0.140533, 0.0967389, 0.0699809, 0.0448437, 0.0167411, 0.00812295, 
42, 0, 0.307013, 0.314037, 0.248513, 0.252061, 0.212791, 0.199925, 0.161414, 0.149533, 0.104682, 0.0788072, 0.0533152, 0.0239362, 0.0165175, 0, 
43, 0, 0.31571, 0.323036, 0.25689, 0.260665, 0.221122, 0.208621, 0.170033, 0.158532, 0.113259, 0.0876481, 0.0619174, 0.0311313, 0.0250699, 0, 
44, 0, 0.324518, 0.332035, 0.264837, 0.269304, 0.228219, 0.21735, 0.178848, 0.167532, 0.121933, 0.0961917, 0.0706047, 0.0399236, 0.0337228, 0.00454051, 
45, 0, 0.333382, 0.34102, 0.272916, 0.277982, 0.236626, 0.22611, 0.187689, 0.176518, 0.130671, 0.105174, 0.0793508, 0.0487483, 0.0424442, 0.0105192, 0, 
46, 0, 0.34227, 0.349998, 0.281559, 0.286699, 0.245186, 0.234782, 0.19655, 0.185462, 0.139454, 0.114154, 0.0881395, 0.0576, 0.0511657, 0.0174532, 0, 
47, 0, 0.351166, 0.358997, 0.290266, 0.295191, 0.25384, 0.24326, 0.205426, 0.19441, 0.14827, 0.123129, 0.0969696, 0.0664721, 0.059739, 0.0249852, 0.00117329, 
48, 0, 0.359891, 0.367997, 0.299013, 0.303766, 0.262558, 0.251832, 0.214315, 0.203364, 0.157133, 0.132102, 0.105363, 0.0753589, 0.0684424, 0.0328971, 0.00397857, 0, 
49, 0, 0.3686, 0.376997, 0.307787, 0.312422, 0.27132, 0.260476, 0.223189, 0.212321, 0.165414, 0.141072, 0.113871, 0.084257, 0.0771978, 0.0408089, 0.00856888, 0, 
50, 0, 0.377317, 0.385997, 0.316578, 0.321138, 0.280175, 0.269176, 0.231834, 0.221281, 0.173831, 0.150041, 0.122494, 0.0930521, 0.0859926, 0.0496398, 0.0145839, 0.0089378, 
51, 0, 0.386039, 0.394997, 0.325507, 0.329899, 0.288112, 0.277918, 0.240557, 0.230244, 0.182397, 0.159041, 0.131193, 0.102014, 0.0948182, 0.0584861, 0.0215418, 0.0178786, 0, 
52, 0, 0.394773, 0.403996, 0.334271, 0.338693, 0.296298, 0.286692, 0.249325, 0.239093, 0.191058, 0.167721, 0.139948, 0.110978, 0.103668, 0.0673456, 0.0284996, 0.0268221, 0, 
53, 0, 0.403524, 0.412994, 0.343051, 0.347511, 0.30472, 0.295236, 0.258127, 0.248013, 0.199784, 0.17646, 0.148742, 0.119943, 0.112648, 0.0762165, 0.0368015, 0.0357682, 0.00895299, 
54, 0, 0.412294, 0.421993, 0.351867, 0.356048, 0.313282, 0.303934, 0.266957, 0.256937, 0.208556, 0.185242, 0.157715, 0.128911, 0.121548, 0.0850973, 0.0455743, 0.0447166, 0.017909, 0, 
55, 0, 0.421291, 0.430992, 0.360706, 0.364872, 0.321933, 0.312669, 0.275807, 0.265864, 0.217524, 0.194056, 0.166321, 0.13788, 0.130172, 0.0939867, 0.0543715, 0.053665, 0.0268678, 0, 
56, 0, 0.429827, 0.439992, 0.36956, 0.373711, 0.330646, 0.321435, 0.284807, 0.274795, 0.225921, 0.202894, 0.174724, 0.14685, 0.13887, 0.1029, 0.0631893, 0.0626295, 0.035829, 0.00242057, 
57, 0, 0.438458, 0.448991, 0.378424, 0.382564, 0.339334, 0.330227, 0.293753, 0.283729, 0.234239, 0.211752, 0.18328, 0.155811, 0.147619, 0.1119, 0.0720244, 0.0715954, 0.0447924, 0.00664633, 0, 
58, 0, 0.447156, 0.457991, 0.383663, 0.391429, 0.346989, 0.339041, 0.302408, 0.292667, 0.242745, 0.220608, 0.191934, 0.164566, 0.156407, 0.1209, 0.0808741, 0.0805621, 0.0537558, 0.0124004, 0, 
59, 0, 0.455902, 0.466772, 0.392161, 0.400303, 0.355528, 0.347873, 0.311125, 0.301592, 0.251367, 0.229227, 0.200655, 0.173362, 0.165225, 0.1299, 0.0897041, 0.0895289, 0.0627095, 0.0191944, 0.00799938, 
60, 0, 0.464684, 0.475519, 0.400712, 0.409185, 0.364176, 0.356692, 0.319888, 0.310455, 0.260065, 0.237924, 0.209424, 0.182189, 0.174086, 0.1389, 0.0987026, 0.0984958, 0.071669, 0.0266413, 0.0163299, 0, 
61, 0, 0.473494, 0.484519, 0.409265, 0.418054, 0.372894, 0.365396, 0.328685, 0.319328, 0.268816, 0.246678, 0.218269, 0.19104, 0.182488, 0.1479, 0.107698, 0.107463, 0.0806304, 0.0340882, 0.0248453, 0, 
62, 0, 0.482344, 0.493519, 0.417831, 0.426861, 0.381659, 0.374136, 0.337509, 0.328207, 0.277653, 0.255474, 0.226624, 0.199912, 0.190979, 0.1569, 0.116694, 0.116395, 0.0895936, 0.0415411, 0.0334755, 0.00411047, 
63, 0, 0.49118, 0.502519, 0.426411, 0.435686, 0.39046, 0.382901, 0.346368, 0.337091, 0.285955, 0.264302, 0.235084, 0.208799, 0.199579, 0.165898, 0.125689, 0.125374, 0.0985584, 0.0493939, 0.0421822, 0.00977938, 0, 
64, 0, 0.500036, 0.511519, 0.435007, 0.444523, 0.399326, 0.391687, 0.355057, 0.345979, 0.294378, 0.273155, 0.243676, 0.217623, 0.208255, 0.174861, 0.134685, 0.134352, 0.107525, 0.0575074, 0.050889, 0.0165191, 0, 
65, 0, 0.508911, 0.520519, 0.443583, 0.453368, 0.407856, 0.400491, 0.363789, 0.354872, 0.30295, 0.281956, 0.252354, 0.226276, 0.216983, 0.183826, 0.14368, 0.14333, 0.116456, 0.0658008, 0.0597598, 0.0239325, 0.00280051, 
66, 0, 0.517803, 0.529518, 0.452272, 0.462221, 0.416447, 0.40931, 0.372562, 0.363735, 0.311616, 0.290635, 0.261092, 0.234996, 0.225751, 0.192793, 0.15267, 0.152307, 0.125344, 0.0742241, 0.0686842, 0.0317703, 0.00738847, 0, 
67, 0, 0.526709, 0.538518, 0.460995, 0.471082, 0.425133, 0.418115, 0.381365, 0.372561, 0.320345, 0.299376, 0.269874, 0.243764, 0.234406, 0.20176, 0.161471, 0.161286, 0.134311, 0.0827442, 0.0776172, 0.039608, 0.0134045, 0, 
68, 0, 0.535625, 0.547518, 0.469701, 0.479962, 0.433879, 0.426833, 0.390193, 0.381397, 0.329119, 0.30816, 0.278739, 0.252567, 0.241679, 0.21073, 0.170353, 0.170264, 0.143281, 0.0914052, 0.0865571, 0.0483632, 0.0203657, 0.00137706, 
69, 0, 0.544479, 0.556518, 0.478403, 0.48876, 0.442669, 0.435579, 0.399042, 0.390243, 0.338018, 0.316977, 0.287169, 0.261398, 0.249969, 0.2197, 0.179249, 0.179163, 0.152254, 0.099318, 0.0955022, 0.0571444, 0.0279179, 0.00619106, 0, 
70, 0, 0.553418, 0.565517, 0.487104, 0.497572, 0.451489, 0.44435, 0.407776, 0.399099, 0.346545, 0.325818, 0.295639, 0.270251, 0.258435, 0.2287, 0.188157, 0.188152, 0.161229, 0.107482, 0.104452, 0.0659463, 0.0354701, 0.0133092, 0, 
71, 0, 0.562362, 0.574515, 0.495809, 0.506399, 0.460472, 0.453142, 0.416366, 0.407965, 0.354996, 0.334679, 0.304227, 0.279223, 0.267011, 0.237577, 0.197073, 0.197139, 0.170204, 0.115821, 0.113422, 0.0747697, 0.0439586, 0.0212338, 0.00651745, 
72, 0, 0.571311, 0.583514, 0.503454, 0.51524, 0.46933, 0.461954, 0.42521, 0.416838, 0.363572, 0.343666, 0.312897, 0.287822, 0.275661, 0.24647, 0.205997, 0.206127, 0.179201, 0.124279, 0.122421, 0.0836114, 0.0527438, 0.0295261, 0.0137935, 0, 
73, 0, 0.580262, 0.592472, 0.511851, 0.524093, 0.47794, 0.470782, 0.434076, 0.425463, 0.372232, 0.352351, 0.321626, 0.296512, 0.284362, 0.255376, 0.214991, 0.215114, 0.188191, 0.132826, 0.131413, 0.0924682, 0.0615496, 0.0378184, 0.0215449, 0, 
74, 0, 0.589216, 0.601437, 0.520835, 0.532956, 0.486622, 0.479278, 0.442957, 0.434319, 0.380953, 0.361103, 0.3304, 0.305264, 0.29321, 0.264291, 0.223858, 0.224102, 0.197146, 0.141441, 0.140404, 0.101429, 0.0703732, 0.0460629, 0.0296032, 0.00182413, 
75, 0, 0.598172, 0.610437, 0.529819, 0.541459, 0.495356, 0.488089, 0.45185, 0.443179, 0.389718, 0.369903, 0.339194, 0.314057, 0.300731, 0.273214, 0.232572, 0.23309, 0.206104, 0.149811, 0.149396, 0.110426, 0.0792124, 0.0545256, 0.0378682, 0.0054243, 
76, 0, 0.607009, 0.619437, 0.538801, 0.550337, 0.504132, 0.496907, 0.460753, 0.452042, 0.39834, 0.378732, 0.347449, 0.32288, 0.307055, 0.282142, 0.241341, 0.242081, 0.215065, 0.157797, 0.158388, 0.119422, 0.0880652, 0.06312, 0.046278, 0.0106995, 
77, 0, 0.61595, 0.628437, 0.547781, 0.559213, 0.51294, 0.505733, 0.469749, 0.460915, 0.406508, 0.387583, 0.356019, 0.331727, 0.314584, 0.291041, 0.250148, 0.251075, 0.224028, 0.166, 0.167381, 0.128419, 0.09693, 0.0718016, 0.054793, 0.0171851, 
78, 0, 0.624903, 0.637436, 0.556757, 0.56809, 0.521081, 0.514574, 0.478739, 0.469796, 0.4152, 0.396453, 0.364688, 0.340524, 0.322609, 0.29988, 0.258985, 0.260068, 0.232992, 0.174357, 0.176373, 0.137416, 0.105805, 0.0805444, 0.0633864, 0.0244418, 
79, 0, 0.633865, 0.646436, 0.565024, 0.576973, 0.529327, 0.523428, 0.487565, 0.478684, 0.423954, 0.405315, 0.37342, 0.349196, 0.330892, 0.308742, 0.267844, 0.269061, 0.241958, 0.182826, 0.185366, 0.146413, 0.11469, 0.0893316, 0.0720402, 0.0321811, 
80, 0, 0.642829, 0.655244, 0.573705, 0.585864, 0.538254, 0.532294, 0.49641, 0.487486, 0.432748, 0.414074, 0.382194, 0.357932, 0.339325, 0.31762, 0.276721, 0.278054, 0.250925, 0.191382, 0.194358, 0.155411, 0.123582, 0.0981522, 0.0807412, 0.0402318, 
81, 0, 0.651795, 0.66406, 0.582587, 0.594761, 0.547194, 0.541027, 0.505275, 0.496349, 0.441568, 0.422876, 0.391001, 0.366713, 0.347856, 0.326512, 0.285612, 0.287047, 0.259894, 0.200004, 0.203351, 0.164408, 0.132482, 0.106999, 0.08948, 0.0484917, 
82, 0, 0.660763, 0.67306, 0.59145, 0.603524, 0.556138, 0.549861, 0.514155, 0.505217, 0.450409, 0.431709, 0.399832, 0.375529, 0.356451, 0.335416, 0.294515, 0.29604, 0.268863, 0.208678, 0.212344, 0.173405, 0.141388, 0.115865, 0.0982494, 0.0568981, 
83, 0, 0.669762, 0.682059, 0.600314, 0.612411, 0.565084, 0.558702, 0.523049, 0.51409, 0.459265, 0.440566, 0.408682, 0.384372, 0.36509, 0.344329, 0.303428, 0.305033, 0.277833, 0.217393, 0.221337, 0.182402, 0.1503, 0.124748, 0.107044, 0.0654107, 
84, 0, 0.67873, 0.691058, 0.609185, 0.6213, 0.574032, 0.567552, 0.531955, 0.522969, 0.468133, 0.449441, 0.417548, 0.393236, 0.37376, 0.353251, 0.312349, 0.314027, 0.286803, 0.226142, 0.23033, 0.191399, 0.159218, 0.133643, 0.11586, 0.0740025, 
85, 0, 0.687703, 0.700056, 0.618063, 0.630189, 0.582981, 0.57641, 0.54087, 0.531854, 0.477012, 0.458331, 0.426426, 0.402117, 0.38245, 0.36218, 0.321277, 0.32302, 0.295775, 0.234919, 0.239323, 0.200396, 0.16814, 0.14255, 0.124693, 0.0826551, 
86, 0, 0.696681, 0.709055, 0.62695, 0.639083, 0.591929, 0.585278, 0.549794, 0.540746, 0.485899, 0.467233, 0.435315, 0.411012, 0.391153, 0.371115, 0.330211, 0.332013, 0.304746, 0.243718, 0.248316, 0.209393, 0.177066, 0.151466, 0.133541, 0.0913553, 
87, 0, 0.705661, 0.718054, 0.635845, 0.64798, 0.600878, 0.594154, 0.558725, 0.549644, 0.494792, 0.476145, 0.444212, 0.419918, 0.399859, 0.380055, 0.33915, 0.341006, 0.313719, 0.252536, 0.257309, 0.21839, 0.185996, 0.16039, 0.142403, 0.100093, 
88, 0, 0.714643, 0.727053, 0.644748, 0.656882, 0.609826, 0.603039, 0.567663, 0.558548, 0.503691, 0.485064, 0.453116, 0.428834, 0.408562, 0.389, 0.348093, 0.349999, 0.322691, 0.26137, 0.266303, 0.227387, 0.194929, 0.16932, 0.151275, 0.108863, 
89, 0, 0.723626, 0.736052, 0.653658, 0.665789, 0.618774, 0.611931, 0.576606, 0.567456, 0.512594, 0.493991, 0.462026, 0.437757, 0.417253, 0.397949, 0.357041, 0.358992, 0.331664, 0.270218, 0.275296, 0.236384, 0.203866, 0.178256, 0.160158, 0.117657, 
90, 0, 0.732611, 0.745051, 0.662576, 0.674699, 0.62772, 0.62083, 0.585553, 0.57637, 0.521501, 0.502923, 0.470941, 0.446688, 0.42592, 0.406902, 0.365992, 0.367985, 0.340637, 0.279078, 0.284289, 0.245381, 0.212805, 0.187197, 0.169048, 0.126472, 
91, 0, 0.741596, 0.75405, 0.671502, 0.683614, 0.636666, 0.629735, 0.594506, 0.585288, 0.530411, 0.51186, 0.479861, 0.455624, 0.434545, 0.415857, 0.374946, 0.376979, 0.34961, 0.287949, 0.293283, 0.254378, 0.221748, 0.196142, 0.177947, 0.135306, 
92, 0, 0.750582, 0.76305, 0.680434, 0.692532, 0.64561, 0.638646, 0.603462, 0.594211, 0.539323, 0.520802, 0.488784, 0.464566, 0.4431, 0.424815, 0.383903, 0.385972, 0.358583, 0.296828, 0.302276, 0.263374, 0.230692, 0.205091, 0.186852, 0.144154, 
93, 0, 0.759569, 0.77205, 0.689374, 0.701453, 0.654552, 0.647563, 0.612422, 0.603137, 0.548236, 0.529747, 0.49771, 0.473513, 0.451527, 0.433776, 0.392862, 0.394965, 0.367557, 0.305716, 0.31127, 0.272371, 0.239639, 0.214043, 0.195762, 0.153016, 
94, 0, 0.768556, 0.781049, 0.69832, 0.710377, 0.663492, 0.656484, 0.621385, 0.612067, 0.55715, 0.538696, 0.506638, 0.482463, 0.459694, 0.44274, 0.401824, 0.403958, 0.37653, 0.314611, 0.320264, 0.281368, 0.248588, 0.222998, 0.204679, 0.161888, 
95, 0, 0.777544, 0.790049, 0.707274, 0.719304, 0.672429, 0.665409, 0.630352, 0.621, 0.566065, 0.547647, 0.515567, 0.491417, 0.467221, 0.451705, 0.410787, 0.412951, 0.385503, 0.323511, 0.329257, 0.290365, 0.257539, 0.231956, 0.2136, 0.17077, 
96, 0, 0.786532, 0.799049, 0.716235, 0.728234, 0.681363, 0.674338, 0.639321, 0.629936, 0.574978, 0.556601, 0.524496, 0.500374, 0.467221, 0.460672, 0.419753, 0.421944, 0.394476, 0.332418, 0.338251, 0.299362, 0.266492, 0.240916, 0.222525, 0.179661, 
97, 0, 0.795521, 0.808049, 0.725203, 0.737166, 0.690292, 0.683271, 0.648294, 0.638875, 0.583889, 0.565557, 0.533414, 0.509333, 0.467221, 0.469641, 0.42872, 0.430937, 0.403449, 0.341329, 0.347245, 0.308358, 0.275446, 0.249879, 0.231454, 0.18856, 
98, 0, 0.80451, 0.817049, 0.73418, 0.7461, 0.699216, 0.692208, 0.65727, 0.647816, 0.592779, 0.574515, 0.542337, 0.518296, 0.467221, 0.478611, 0.437689, 0.43993, 0.412421, 0.350245, 0.356239, 0.317355, 0.284402, 0.258843, 0.240387, 0.197465, 
99, 0, 0.8135, 0.826049, 0.743166, 0.755036, 0.708131, 0.701148, 0.666253, 0.65676, 0.601674, 0.583474, 0.551264, 0.527261, 0.467221, 0.487583, 0.446659, 0.448923, 0.421393, 0.359165, 0.365233, 0.326352, 0.29336, 0.267809, 0.249323, 0.206376, 
100, 0, 0.82249, 0.835049, 0.752162, 0.763973, 0.717004, 0.710091, 0.675237, 0.665707, 0.610575, 0.592435, 0.560195, 0.536227, 0.467221, 0.496557, 0.455631, 0.457916, 0.430365, 0.368089, 0.374227, 0.335349, 0.302318, 0.276777, 0.258261, 0.215293, 
101, 0, 0.83148, 0.844047, 0.761151, 0.772913, 0.725882, 0.719036, 0.684222, 0.674655, 0.619479, 0.601398, 0.56913, 0.545196, 0.467221, 0.505531, 0.464603, 0.466909, 0.439335, 0.377016, 0.38322, 0.344345, 0.311278, 0.285746, 0.267203, 0.224214, 
102, 0, 0.840471, 0.853039, 0.770138, 0.781854, 0.734764, 0.727984, 0.693208, 0.683606, 0.628386, 0.610361, 0.578067, 0.554167, 0.467221, 0.514507, 0.473577, 0.475902, 0.448305, 0.385946, 0.392214, 0.353342, 0.320239, 0.294716, 0.276147, 0.233139, 
103, 0, 0.849462, 0.86203, 0.779121, 0.790796, 0.743649, 0.736934, 0.702194, 0.692559, 0.637295, 0.619326, 0.587007, 0.563139, 0.467221, 0.523484, 0.482552, 0.484895, 0.457275, 0.394879, 0.401208, 0.362338, 0.329201, 0.303688, 0.285093, 0.242069, 
104, 0, 0.858453, 0.871021, 0.7881, 0.79974, 0.752536, 0.745887, 0.711181, 0.701513, 0.646206, 0.628291, 0.595948, 0.572112, 0.467221, 0.532461, 0.491528, 0.493888, 0.466243, 0.403815, 0.410202, 0.371335, 0.338164, 0.312661, 0.294041, 0.251002, 
105, 0, 0.867445, 0.880012, 0.797073, 0.808684, 0.761424, 0.754842, 0.720169, 0.71047, 0.655119, 0.637258, 0.604892, 0.581087, 0.467221, 0.54144, 0.500504, 0.502881, 0.47521, 0.412752, 0.419196, 0.380331, 0.347128, 0.321634, 0.302991, 0.259938, 
106, 0, 0.876437, 0.889002, 0.806037, 0.81763, 0.770312, 0.763799, 0.729157, 0.719427, 0.664033, 0.646225, 0.613837, 0.590064, 0.467221, 0.550419, 0.509482, 0.511873, 0.484175, 0.421692, 0.42819, 0.389328, 0.356093, 0.330609, 0.311943, 0.268877, 
107, 0, 0.885429, 0.897992, 0.81499, 0.826577, 0.779199, 0.772758, 0.738146, 0.728387, 0.672947, 0.655192, 0.622783, 0.599041, 0.467221, 0.5594, 0.51846, 0.520866, 0.493139, 0.430634, 0.437184, 0.398324, 0.365058, 0.339585, 0.320897, 0.277819, 
108, 0, 0.894421, 0.906981, 0.823925, 0.835525, 0.788085, 0.781718, 0.747135, 0.737348, 0.681862, 0.664161, 0.63173, 0.60802, 0.467221, 0.568381, 0.527439, 0.529859, 0.5021, 0.439578, 0.446178, 0.407321, 0.374025, 0.348561, 0.329852, 0.286763, 
109, 0, 0.903414, 0.915969, 0.832833, 0.844473, 0.796968, 0.79068, 0.756125, 0.74631, 0.690776, 0.673129, 0.640678, 0.616999, 0.467221, 0.577362, 0.536419, 0.538851, 0.511059, 0.448523, 0.455172, 0.416317, 0.382992, 0.357538, 0.338808, 0.29571, 
110, 0, 0.912406, 0.924957, 0.841695, 0.853422, 0.805846, 0.799644, 0.765116, 0.755274, 0.699689, 0.682098, 0.649627, 0.62598, 0.467221, 0.586345, 0.545399, 0.547844, 0.520015, 0.45747, 0.464166, 0.425313, 0.39196, 0.366516, 0.347766, 0.304658, 
111, 0, 0.921399, 0.933944, 0.850466, 0.862372, 0.814721, 0.808609, 0.774107, 0.764239, 0.708602, 0.691068, 0.658576, 0.634961, 0.467221, 0.595328, 0.554381, 0.556836, 0.528967, 0.466418, 0.47316, 0.434309, 0.400928, 0.375495, 0.356725, 0.313609, 
112, 0, 0.930392, 0.94293, 0.859072, 0.871322, 0.82359, 0.817576, 0.783098, 0.773205, 0.717513, 0.700037, 0.667525, 0.643944, 0.467221, 0.604312, 0.563362, 0.565829, 0.537914, 0.475367, 0.482154, 0.443306, 0.409897, 0.384474, 0.365685, 0.322561, 
113, 0, 0.939386, 0.951916, 0.867209, 0.880273, 0.83245, 0.826544, 0.79209, 0.782172, 0.726422, 0.709007, 0.676474, 0.652927, 0.467221, 0.613296, 0.572345, 0.574821, 0.546855, 0.484318, 0.491149, 0.452302, 0.418866, 0.393453, 0.374646, 0.331515, 
114, 0, 0.948379, 0.9609, 0.873555, 0.889224, 0.841301, 0.835514, 0.801083, 0.79114, 0.735328, 0.717977, 0.685423, 0.661911, 0.467221, 0.622281, 0.581327, 0.583813, 0.555787, 0.49327, 0.500143, 0.461298, 0.427836, 0.402433, 0.383608, 0.34047, 
115, 0, 0.957373, 0.969882, 0.873555, 0.898176, 0.850139, 0.844484, 0.810076, 0.80011, 0.744232, 0.726947, 0.694371, 0.670896, 0.467221, 0.631266, 0.590311, 0.592805, 0.564708, 0.502222, 0.509136, 0.470294, 0.436807, 0.411414, 0.392571, 0.349427, 
116, 0, 0.966367, 0.978866, 0.873555, 0.907128, 0.858962, 0.853456, 0.81907, 0.80908, 0.753132, 0.735917, 0.703318, 0.679882, 0.467221, 0.640252, 0.599295, 0.601797, 0.573611, 0.511176, 0.51813, 0.47929, 0.445778, 0.420395, 0.401535, 0.358385, 
117, 0, 0.975361, 0.987849, 0.873555, 0.91608, 0.867764, 0.862429, 0.828064, 0.818051, 0.762028, 0.744887, 0.712264, 0.688869, 0.467221, 0.649239, 0.608279, 0.610789, 0.582489, 0.52013, 0.527124, 0.488285, 0.454749, 0.429376, 0.410499, 0.367344, 
118, 0, 0.984355, 0.996832, 0.873555, 0.925032, 0.876538, 0.871403, 0.837059, 0.827023, 0.770917, 0.753857, 0.721209, 0.697856, 0.467221, 0.658226, 0.617264, 0.619781, 0.591323, 0.529085, 0.536118, 0.497281, 0.46372, 0.438358, 0.419465, 0.376305, 
119, 0, 0.99335, 1.00581, 0.873555, 0.933984, 0.885281, 0.880377, 0.846054, 0.835996, 0.7798, 0.762827, 0.730152, 0.706843, 0.467221, 0.667213, 0.62625, 0.628772, 0.600073, 0.538041, 0.545112, 0.506277, 0.472692, 0.44734, 0.428431, 0.385266, 
120, 0, 1.00234, 1.01479, 0.873555, 0.942936, 0.893966, 0.889353, 0.85505, 0.84497, 0.788675, 0.771797, 0.739093, 0.715832, 0.467221, 0.676201, 0.635236, 0.637764, 0.608618, 0.546997, 0.554106, 0.515273, 0.481664, 0.456323, 0.437397, 0.394229, 
121, 0, 1.01134, 1.02377, 0.873555, 0.951887, 0.902576, 0.89833, 0.864046, 0.853944, 0.797541, 0.780766, 0.748031, 0.724821, 0.467221, 0.685189, 0.644222, 0.646755, 0.616399, 0.555954, 0.5631, 0.524268, 0.490637, 0.465305, 0.446364, 0.403192, 
122, 0, 1.02034, 1.03275, 0.873555, 0.960839, 0.91107, 0.907307, 0.873043, 0.862919, 0.806395, 0.789736, 0.756966, 0.733811, 0.467221, 0.694178, 0.653206, 0.655746, 0.616399, 0.564912, 0.572094, 0.533264, 0.499609, 0.474288, 0.455332, 0.412157, 
123, 0, 1.02933, 1.04173, 0.873555, 0.96979, 0.919368, 0.916285, 0.882041, 0.871894, 0.815235, 0.798705, 0.765897, 0.742801, 0.467221, 0.703167, 0.662173, 0.664737, 0.616399, 0.573869, 0.581088, 0.542259, 0.508582, 0.483272, 0.4643, 0.421122, 
124, 0, 1.03833, 1.05071, 0.873555, 0.97874, 0.927313, 0.925264, 0.891039, 0.880871, 0.824062, 0.807674, 0.774829, 0.751793, 0.468107, 0.712157, 0.671141, 0.673728, 0.616399, 0.582828, 0.590082, 0.551255, 0.517555, 0.492255, 0.473269, 0.430087, 
125, 0, 1.04732, 1.05968, 0.882522, 0.98769, 0.934554, 0.934243, 0.900037, 0.889847, 0.832894, 0.816643, 0.783792, 0.760784, 0.470021, 0.721147, 0.68011, 0.682718, 0.616399, 0.591786, 0.599075, 0.56025, 0.526528, 0.501239, 0.482238, 0.439054, 
126, 0, 1.05632, 1.06859, 0.882522, 0.996639, 0.940426, 0.943223, 0.909034, 0.898824, 0.841885, 0.825612, 0.792743, 0.769777, 0.472519, 0.730137, 0.689079, 0.691709, 0.616399, 0.600744, 0.608069, 0.569245, 0.535502, 0.510223, 0.491207, 0.448021, 
127, 0, 1.06532, 1.07757, 0.882522, 1.00559, 0.940426, 0.952203, 0.917982, 0.907801, 0.850853, 0.83458, 0.801669, 0.77877, 0.475052, 0.739128, 0.69805, 0.700699, 0.616399, 0.609703, 0.617063, 0.57824, 0.544475, 0.519207, 0.500177, 0.456988, 
128, 0, 1.07432, 1.08655, 0.882522, 1.01453, 0.940494, 0.961183, 0.926943, 0.916778, 0.859737, 0.843549, 0.810573, 0.787763, 0.475052, 0.74812, 0.70702, 0.709689, 0.616399, 0.618662, 0.626056, 0.587235, 0.553448, 0.528191, 0.509147, 0.465957, 
129, 0, 1.08332, 1.09553, 0.88987, 1.02348, 0.940494, 0.970163, 0.935924, 0.925756, 0.868497, 0.852517, 0.819523, 0.796758, 0.475052, 0.757111, 0.715991, 0.718678, 0.616399, 0.62762, 0.63505, 0.59623, 0.562422, 0.537175, 0.518118, 0.474925, 
130, 0, 1.09232, 1.10449, 0.88987, 1.03242, 0.940494, 0.979144, 0.944915, 0.934733, 0.877483, 0.861485, 0.828466, 0.805753, 0.475052, 0.766104, 0.724963, 0.727668, 0.616399, 0.636579, 0.644043, 0.605224, 0.571395, 0.546159, 0.527088, 0.483895, 
131, 0, 1.10132, 1.11349, 0.88987, 1.04136, 0.942803, 0.988124, 0.953868, 0.94371, 0.886461, 0.870453, 0.8374, 0.814748, 0.475052, 0.775096, 0.733935, 0.736657, 0.616399, 0.645537, 0.653037, 0.614219, 0.580369, 0.555144, 0.536059, 0.492864, 
132, 0, 1.11031, 1.12249, 0.88987, 1.0503, 0.944543, 0.997103, 0.962825, 0.952687, 0.895423, 0.879422, 0.84632, 0.823744, 0.475052, 0.784089, 0.742907, 0.745645, 0.616399, 0.654495, 0.66203, 0.623213, 0.589342, 0.564128, 0.54503, 0.501834, 
133, 0, 1.11929, 1.13147, 0.895523, 1.05923, 0.944543, 1.00608, 0.971786, 0.961663, 0.904325, 0.88839, 0.855222, 0.832741, 0.475052, 0.793082, 0.75188, 0.754633, 0.616399, 0.663452, 0.671023, 0.632208, 0.598316, 0.573113, 0.554001, 0.510804, 
134, 0, 1.12822, 1.14044, 0.895523, 1.06817, 0.944543, 1.01506, 0.980752, 0.970638, 0.904325, 0.897358, 0.864096, 0.841739, 0.475052, 0.802076, 0.760853, 0.763621, 0.616399, 0.672409, 0.680016, 0.641202, 0.607289, 0.582098, 0.562972, 0.519775, 
135, 0, 1.13701, 1.14944, 0.895523, 1.07709, 0.944543, 1.02404, 0.989699, 0.979613, 0.904325, 0.906327, 0.872928, 0.850737, 0.475052, 0.81107, 0.769826, 0.772609, 0.616399, 0.681365, 0.689009, 0.650196, 0.616262, 0.591082, 0.571944, 0.528746, 
136, 0, 1.14527, 1.15843, 0.895523, 1.08601, 0.95352, 1.03301, 0.998636, 0.988586, 0.904325, 0.915296, 0.881685, 0.859735, 0.475052, 0.820065, 0.778799, 0.781596, 0.616399, 0.690321, 0.698002, 0.659189, 0.625235, 0.600067, 0.580915, 0.537717, 
137, 0, 1.14527, 1.16742, 0.903993, 1.09493, 0.962439, 1.04198, 1.00756, 0.997558, 0.904325, 0.924266, 0.890291, 0.868735, 0.475052, 0.82906, 0.787773, 0.790582, 0.616399, 0.699275, 0.706995, 0.668183, 0.634207, 0.609051, 0.589886, 0.546689, 
138, 0, 1.15302, 1.17571, 0.912452, 1.10383, 0.962439, 1.05095, 1.01647, 1.00653, 0.904325, 0.933237, 0.898513, 0.877734, 0.475052, 0.838056, 0.796746, 0.799568, 0.616399, 0.708228, 0.715988, 0.677176, 0.64318, 0.618036, 0.598858, 0.55566, 
139, 0, 1.15302, 1.18404, 0.921324, 1.11273, 0.962439, 1.05992, 1.02535, 1.01549, 0.904325, 0.942209, 0.905303, 0.886734, 0.475052, 0.847052, 0.80572, 0.808553, 0.616399, 0.717179, 0.72498, 0.68617, 0.652152, 0.62702, 0.607829, 0.564632, 
140, 0, 1.15302, 1.19208, 0.930038, 1.12162, 0.962439, 1.06888, 1.03422, 1.02446, 0.904325, 0.951182, 0.905303, 0.895734, 0.475052, 0.856048, 0.814693, 0.817538, 0.616399, 0.726128, 0.733972, 0.695163, 0.661124, 0.636005, 0.6168, 0.573604, 
141, 0, 1.15302, 1.20023, 0.930038, 1.13049, 0.962439, 1.07783, 1.04309, 1.03342, 0.904325, 0.960157, 0.905303, 0.904734, 0.475052, 0.865045, 0.823667, 0.826521, 0.616399, 0.735075, 0.742965, 0.704155, 0.670095, 0.644989, 0.625771, 0.582576, 
142, 0, 1.15302, 1.20892, 0.930038, 1.13935, 0.962439, 1.08677, 1.05203, 1.04237, 0.904325, 0.969134, 0.905303, 0.913732, 0.475052, 0.874043, 0.83264, 0.835504, 0.616399, 0.744019, 0.751957, 0.713148, 0.679066, 0.653973, 0.634742, 0.591548, 
143, 0, 1.16198, 1.21761, 0.930038, 1.14819, 0.962439, 1.0957, 1.06096, 1.05132, 0.904325, 0.978113, 0.905303, 0.922728, 0.475052, 0.883041, 0.841613, 0.844486, 0.616399, 0.752959, 0.760949, 0.72214, 0.688036, 0.662957, 0.643713, 0.60052, 
144, 0, 1.16198, 1.22636, 0.930038, 1.157, 0.962439, 1.10462, 1.06987, 1.06026, 0.904325, 0.987096, 0.905303, 0.931719, 0.475052, 0.892039, 0.850586, 0.853467, 0.616399, 0.761895, 0.76994, 0.731132, 0.697006, 0.671941, 0.652683, 0.609492, 
145, 0, 1.16198, 1.23534, 0.930038, 1.16578, 0.962439, 1.11351, 1.07874, 1.06919, 0.904325, 0.996082, 0.905303, 0.940704, 0.475052, 0.901038, 0.859559, 0.862447, 0.616399, 0.770824, 0.778932, 0.740123, 0.705975, 0.680924, 0.661653, 0.618464, 
146, 0, 1.16198, 1.24431, 0.930038, 1.17453, 0.962439, 1.12237, 1.08757, 1.07811, 0.904325, 1.00507, 0.905303, 0.949679, 0.475052, 0.910037, 0.868531, 0.871426, 0.616399, 0.779744, 0.787923, 0.749114, 0.714944, 0.689908, 0.670623, 0.627437, 
147, 0, 1.16198, 1.25328, 0.930038, 1.18323, 0.962439, 1.13118, 1.09631, 1.08701, 0.904325, 1.01406, 0.905303, 0.958639, 0.475052, 0.919037, 0.877503, 0.880404, 0.616399, 0.788654, 0.796914, 0.758105, 0.723911, 0.698891, 0.679593, 0.636409, 
148, 0, 1.17053, 1.26225, 0.930038, 1.19187, 0.962439, 1.13995, 1.1049, 1.09589, 0.904325, 1.02306, 0.905303, 0.967578, 0.475052, 0.928036, 0.886475, 0.88938, 0.616399, 0.797546, 0.805905, 0.767095, 0.732878, 0.707873, 0.688562, 0.64538, 
149, 0, 1.17053, 1.27122, 0.930038, 1.20044, 0.962439, 1.14863, 1.11318, 1.10475, 0.904325, 1.03206, 0.905303, 0.976488, 0.477471, 0.937036, 0.895446, 0.898354, 0.616399, 0.806414, 0.814896, 0.776085, 0.741843, 0.716856, 0.69753, 0.654352, 
150, 0, 1.1783, 1.28018, 0.930038, 1.20892, 0.962439, 1.15721, 1.12072, 1.11358, 0.904325, 1.04106, 0.905303, 0.985357, 0.477471, 0.946036, 0.904417, 0.907328, 0.616399, 0.81524, 0.823886, 0.785074, 0.750808, 0.725838, 0.706498, 0.663324, 
151, 0, 1.1783, 1.28914, 0.930038, 1.2173, 0.962439, 1.16566, 1.12613, 1.12237, 0.904325, 1.05005, 0.905303, 0.994171, 0.477471, 0.955036, 0.913388, 0.9163, 0.616399, 0.823987, 0.832876, 0.794063, 0.75977, 0.734819, 0.715465, 0.672295, 
152, 0, 1.18556, 1.2981, 0.930038, 1.22553, 0.962439, 1.17391, 1.12613, 1.13111, 0.904325, 1.059, 0.905303, 1.00291, 0.477471, 0.964035, 0.922357, 0.92527, 0.616399, 0.832553, 0.841865, 0.803051, 0.768732, 0.7438, 0.724432, 0.681266, 
153, 0, 1.18556, 1.30705, 0.930038, 1.23361, 0.962439, 1.18192, 1.12613, 1.1398, 0.904325, 1.06786, 0.905303, 1.01155, 0.477471, 0.973034, 0.931327, 0.934241, 0.616399, 0.840516, 0.850854, 0.812038, 0.777691, 0.75278, 0.733398, 0.690237, 
154, 0, 1.19317, 1.316, 0.938888, 1.24149, 0.962439, 1.18963, 1.12613, 1.14844, 0.904325, 1.07656, 0.905303, 1.02005, 0.477471, 0.982032, 0.940296, 0.943215, 0.616399, 0.840516, 0.859843, 0.821025, 0.786648, 0.761759, 0.742362, 0.699207, 
155, 0, 1.20045, 1.32381, 0.938888, 1.24916, 0.962439, 1.197, 1.12613, 1.15703, 0.904325, 1.08492, 0.905303, 1.0284, 0.477471, 0.99103, 0.949265, 0.952215, 0.616399, 0.840516, 0.868831, 0.83001, 0.795603, 0.770738, 0.751326, 0.708177, 
156, 0, 1.20771, 1.33268, 0.938888, 1.25661, 0.962439, 1.20406, 1.12613, 1.16562, 0.904325, 1.09274, 0.905303, 1.03665, 0.480062, 0.999993, 0.958233, 0.961214, 0.616399, 0.840516, 0.877819, 0.838995, 0.804555, 0.779716, 0.760289, 0.717147, 
157, 0, 1.20771, 1.34152, 0.938888, 1.26392, 0.962439, 1.21103, 1.12613, 1.17428, 0.904325, 1.1, 0.911218, 1.04385, 0.480062, 1.00896, 0.967203, 0.970214, 0.616399, 0.840516, 0.886806, 0.847978, 0.813503, 0.788693, 0.76925, 0.726116, 
158, 0, 1.21617, 1.35031, 0.938888, 1.27127, 0.962439, 1.21845, 1.12613, 1.18316, 0.904325, 1.10002, 0.911218, 1.05, 0.480062, 1.01792, 0.976174, 0.979213, 0.616399, 0.840516, 0.895793, 0.85696, 0.822447, 0.797668, 0.77821, 0.735084, 
159, 0, 1.21617, 1.35904, 0.938888, 1.27909, 0.962439, 1.22712, 1.12613, 1.1904, 0.904325, 1.10072, 0.911218, 1.05, 0.480062, 1.02688, 0.985148, 0.988213, 0.616399, 0.840516, 0.904779, 0.86594, 0.831386, 0.806642, 0.787168, 0.744052, 
160, 0, 1.21617, 1.36767, 0.938888, 1.28782, 0.971437, 1.22714, 1.12613, 1.19825, 0.904325, 1.10368, 0.911218, 1.05, 0.48498, 1.03585, 0.994129, 0.997212, 0.616399, 0.840516, 0.913765, 0.874918, 0.840319, 0.815615, 0.796124, 0.753019, 
161, 0, 1.22151, 1.37614, 0.947805, 1.2881, 0.9801, 1.22793, 1.12613, 1.20671, 0.904325, 1.10847, 0.911218, 1.05, 0.48498, 1.04481, 1.00312, 1.00621, 0.616399, 0.840516, 0.92275, 0.883894, 0.849244, 0.824585, 0.805078, 0.761985, 
162, 0, 1.22968, 1.3788, 0.956534, 1.29062, 0.9801, 1.23273, 1.12613, 1.21536, 0.904325, 1.1125, 0.911218, 1.05, 0.48498, 1.05377, 1.00312, 1.01521, 0.616399, 0.840516, 0.931735, 0.892867, 0.858158, 0.833553, 0.814029, 0.77095, 
163, 0, 1.23798, 1.3877, 0.956534, 1.29829, 0.9801, 1.24005, 1.12613, 1.22389, 0.904325, 1.1125, 0.911218, 1.05, 0.48498, 1.06274, 1.00939, 1.02421, 0.616399, 0.840516, 0.94072, 0.901836, 0.867058, 0.842518, 0.822978, 0.779914, 
164, 0, 1.24658, 1.3877, 0.956534, 1.30711, 0.988917, 1.24719, 1.12613, 1.23198, 0.904325, 1.1125, 0.919828, 1.05, 0.48498, 1.0717, 1.00939, 1.03321, 0.616399, 0.840516, 0.949705, 0.910801, 0.875938, 0.851479, 0.831923, 0.788877, 
165, 0, 1.25505, 1.3877, 0.965499, 1.31555, 0.99733, 1.25358, 1.12613, 1.24007, 0.913308, 1.1125, 0.919828, 1.05, 0.491957, 1.08066, 1.00939, 1.04221, 0.616399, 0.840516, 0.958692, 0.919761, 0.884789, 0.860436, 0.840863, 0.797838, 
166, 0, 1.26336, 1.39583, 0.974425, 1.3219, 0.99733, 1.26056, 1.13507, 1.24808, 0.922201, 1.1125, 0.928106, 1.05, 0.491957, 1.08962, 1.00947, 1.05121, 0.621568, 0.840516, 0.967681, 0.928713, 0.893593, 0.869387, 0.849799, 0.806798, 
167, 0, 1.27185, 1.39583, 0.974425, 1.32905, 0.99733, 1.26768, 1.14392, 1.2559, 0.922201, 1.1125, 0.928106, 1.05, 0.491957, 1.09859, 1.01015, 1.06021, 0.621568, 0.840516, 0.976676, 0.937656, 0.902312, 0.87833, 0.85873, 0.815756, 
168, 0, 1.28025, 1.40472, 0.983414, 1.33634, 1.00422, 1.27467, 1.14392, 1.2633, 0.930549, 1.1125, 0.928106, 1.05, 0.491957, 1.10755, 1.01253, 1.06921, 0.625224, 0.840516, 0.985675, 0.946586, 0.910857, 0.887261, 0.867652, 0.824712, 
169, 0, 1.28833, 1.41252, 0.992412, 1.3435, 1.00422, 1.28122, 1.15268, 1.26972, 0.93766, 1.1125, 0.928106, 1.05, 0.500938, 1.11651, 1.01579, 1.07821, 0.631742, 0.840516, 0.994633, 0.955498, 0.918924, 0.896175, 0.876566, 0.833666, 
170, 0, 1.29576, 1.41747, 0.992412, 1.35026, 1.01202, 1.28689, 1.16098, 1.26972, 0.945081, 1.1125, 0.937096, 1.05, 0.500938, 1.12548, 1.02026, 1.08721, 0.639786, 0.840516, 1.00278, 0.964384, 0.924747, 0.905062, 0.885469, 0.842618, 
171, 0, 1.30211, 1.41747, 1.00116, 1.35635, 1.01952, 1.29097, 1.16814, 1.26972, 0.952606, 1.1125, 0.937096, 1.05, 0.509591, 1.13445, 1.02639, 1.0962, 0.648707, 0.840516, 1.00304, 0.973236, 0.928811, 0.913901, 0.894356, 0.851566, 
172, 0, 1.3074, 1.42571, 1.0101, 1.36209, 1.02315, 1.29097, 1.16814, 1.26972, 0.956859, 1.1125, 0.945708, 1.05, 0.51787, 1.14344, 1.03425, 1.1052, 0.657693, 0.840516, 1.00479, 0.98204, 0.935278, 0.92264, 0.903223, 0.86051, 
173, 0, 1.3148, 1.43371, 1.01897, 1.36691, 1.02565, 1.29683, 1.17507, 1.26972, 0.956859, 1.1125, 0.954343, 1.05, 0.526238, 1.15244, 1.04324, 1.11418, 0.659281, 0.840516, 1.00802, 0.990787, 0.944092, 0.931108, 0.912062, 0.86945, 
174, 0, 1.32172, 1.44222, 1.02766, 1.37164, 1.03148, 1.29683, 1.17975, 1.26972, 0.965241, 1.1125, 0.963167, 1.05, 0.534433, 1.16134, 1.04409, 1.12312, 0.666313, 0.849513, 1.01439, 0.999488, 0.95261, 0.938406, 0.920857, 0.878385, 
175, 0, 1.32172, 1.45067, 1.03651, 1.37427, 1.03597, 1.29683, 1.18481, 1.26972, 0.974239, 1.1125, 0.971836, 1.05, 0.534555, 1.16942, 1.05061, 1.12913, 0.673098, 0.849513, 1.021, 1.00822, 0.961193, 0.938406, 0.929585, 0.887314, 
176, 0, 1.32311, 1.45749, 1.04503, 1.37427, 1.03597, 1.29683, 1.19373, 1.26972, 0.983239, 1.12069, 0.97196, 1.0585, 0.543555, 1.17327, 1.05935, 1.13654, 0.680242, 0.849513, 1.02838, 1.0172, 0.969837, 0.938406, 0.938191, 0.896235, 
177, 0, 1.32443, 1.46332, 1.05038, 1.37834, 1.04199, 1.30307, 1.2027, 1.26972, 0.983573, 1.12069, 0.980791, 1.06635, 0.552337, 1.18174, 1.06775, 1.14438, 0.687924, 0.858267, 1.03612, 1.02617, 0.978486, 0.938406, 0.946544, 0.905147, 
178, 0, 1.32443, 1.47019, 1.05894, 1.37971, 1.05019, 1.30307, 1.20283, 1.26972, 0.991343, 1.12948, 0.989778, 1.07529, 0.561017, 1.19062, 1.07624, 1.15249, 0.695844, 0.858267, 1.04401, 1.03513, 0.987009, 0.938406, 0.954226, 0.914046, 
179, 0, 1.32447, 1.47738, 1.06779, 1.37971, 1.0502, 1.30307, 1.21123, 1.27827, 1.0003, 1.13829, 0.998707, 1.07529, 0.569725, 1.19364, 1.08474, 1.16137, 0.70384, 0.858267, 1.05193, 1.03513, 0.987009, 0.938406, 0.954226, 0.922929, 
180, 0, 1.33341, 1.48637, 1.0678, 1.37971, 1.05597, 1.30895, 1.21816, 1.28726, 1.00929, 1.14706, 1.00763, 1.08424, 0.57841, 1.20041, 1.09319, 1.17012, 0.711827, 0.858267, 1.06019, 1.03513, 0.987009, 0.938406, 0.954226, 0.931789, 
181, 0, 1.34235, 1.48637, 1.07452, 1.38341, 1.06139, 1.30895, 1.22687, 1.28726, 1.01827, 1.15597, 1.01652, 1.09292, 0.587025, 1.20751, 1.1015, 1.1791, 0.72007, 0.858267, 1.06885, 1.03513, 0.987009, 0.938406, 0.954226, 0.940617, 
182, 0, 1.34877, 1.49355, 1.08345, 1.3855, 1.06322, 1.31694, 1.23558, 1.29622, 1.02723, 1.16403, 1.02533, 1.10162, 0.595531, 1.2122, 1.11017, 1.18798, 0.727053, 0.858267, 1.06885, 1.03513, 0.987009, 0.938406, 0.954226, 0.949396, 
183, 0, 1.35703, 1.50197, 1.08345, 1.38991, 1.06664, 1.32561, 1.24437, 1.30454, 1.0361, 1.17229, 1.03401, 1.1093, 0.60385, 1.21761, 1.11017, 1.19649, 0.727053, 0.858267, 1.06885, 1.03513, 0.987009, 0.938406, 0.954226, 0.958094, 
184, 0, 1.36592, 1.51025, 1.0835, 1.39593, 1.0717, 1.32561, 1.25334, 1.31305, 1.04474, 1.17962, 1.04218, 1.1093, 0.604064, 1.21761, 1.11017, 1.20334, 0.727053, 0.858267, 1.06885, 1.03513, 0.987009, 0.938406, 0.954226, 0.966642, 
185, 0, 1.37492, 1.51884, 1.09014, 1.40417, 1.07879, 1.32561, 1.26217, 1.31305, 1.04474, 1.18718, 1.0429, 1.11744, 0.612377, 1.22202, 1.11017, 1.20334, 0.727053, 0.858267, 1.06885, 1.03513, 0.987009, 0.938406, 0.954226, 0.974854, 
186, 0, 1.38312, 1.52613, 1.09837, 1.41204, 1.07879, 1.33409, 1.27116, 1.31305, 1.04931, 1.19574, 1.04726, 1.11744, 0.620183, 1.22202, 1.11017, 1.20353, 0.727053, 0.867187, 1.06885, 1.03513, 0.987009, 0.938406, 0.954226, 0.982073, 
187, 0, 1.39116, 1.53281, 1.09963, 1.42083, 1.08725, 1.33409, 1.27966, 1.32201, 1.05351, 1.19574, 1.05327, 1.11744, 0.626405, 1.22706, 1.11017, 1.20541, 0.727053, 0.867187, 1.06885, 1.03513, 0.987009, 0.938406, 0.954226, 0.982073, 
188, 0, 1.39902, 1.53899, 1.10755, 1.42083, 1.09476, 1.34208, 1.28596, 1.32201, 1.05984, 1.19574, 1.05954, 1.12445, 0.626405, 1.22706, 1.11017, 1.20851, 0.727053, 0.867187, 1.06885, 1.03513, 0.987009, 0.938406, 0.954226, 0.982073, 
189, 0, 1.4044, 1.54738, 1.11192, 1.42083, 1.10064, 1.35104, 1.29273, 1.33023, 1.0666, 1.19574, 1.06535, 1.1317, 0.626405, 1.23192, 1.11017, 1.21328, 0.727053, 0.867187, 1.06885, 1.03513, 0.987009, 0.938406, 0.954226, 0.982073, 
190, 0, 1.41095, 1.5516, 1.12091, 1.42908, 1.10676, 1.35999, 1.2995, 1.33023, 1.07369, 1.20427, 1.07121, 1.13914, 0.626405, 1.23192, 1.11017, 1.21328, 0.727053, 0.876025, 1.06885, 1.03513, 0.987009, 0.938406, 0.954226, 0.982073, 
191, 0, 1.41968, 1.55421, 1.12863, 1.43718, 1.11334, 1.35999, 1.3074, 1.33921, 1.08065, 1.21271, 1.07648, 1.14551, 0.626405, 1.23192, 1.11017, 1.21939, 0.727053, 0.876025, 1.06885, 1.03513, 0.987009, 0.938406, 0.954226, 0.982073, 
192, 0, 1.42867, 1.55506, 1.1369, 1.43718, 1.12168, 1.35999, 1.31455, 1.34821, 1.08716, 1.22123, 1.08061, 1.14551, 0.626405, 1.23947, 1.11017, 1.22525, 0.727053, 0.876025, 1.06885, 1.03513, 0.987009, 0.938406, 0.954226, 0.982073, 
193, 0, 1.43116, 1.56057, 1.14339, 1.44584, 1.12947, 1.35999, 1.32072, 1.34821, 1.0929, 1.22994, 1.08061, 1.15254, 0.626405, 1.24796, 1.11017, 1.22525, 0.727053, 0.876025, 1.06885, 1.03513, 0.987009, 0.938406, 0.954226, 0.982073, 
194, 0, 1.43923, 1.56722, 1.15038, 1.45374, 1.13679, 1.35999, 1.32611, 1.35691, 1.09748, 1.22994, 1.08061, 1.16148, 0.626405, 1.25631, 1.11017, 1.22525, 0.727053, 0.876025, 1.06885, 1.03513, 0.987009, 0.938406, 0.954226, 0.982073, 
195, 0, 1.44818, 1.57291, 1.15735, 1.45374, 1.1441, 1.36888, 1.32611, 1.36496, 1.09748, 1.23894, 1.08061, 1.17039, 0.626405, 1.25631, 1.11017, 1.22525, 0.727053, 0.876025, 1.06885, 1.03513, 0.987009, 0.938406, 0.954226, 0.982073, 
196, 0, 1.45162, 1.57713, 1.16417, 1.46274, 1.15198, 1.37777, 1.32611, 1.36496, 1.09748, 1.24755, 1.08061, 1.17784, 0.626405, 1.25631, 1.11017, 1.22525, 0.727053, 0.876025, 1.06885, 1.03513, 0.987009, 0.938406, 0.954226, 0.982073, 
197, 0, 1.45819, 1.58107, 1.17142, 1.47172, 1.16001, 1.38646, 1.32611, 1.37305, 1.09748, 1.255, 1.08061, 1.17784, 0.626405, 1.25631, 1.11017, 1.22525, 0.727053, 0.876025, 1.06885, 1.03513, 0.987009, 0.938406, 0.954226, 0.982073, 
198, 0, 1.46671, 1.58529, 1.17886, 1.48048, 1.16001, 1.38646, 1.32611, 1.38065, 1.09748, 1.26072, 1.08061, 1.17784, 0.626405, 1.25631, 1.11017, 1.22525, 0.727053, 0.876025, 1.06885, 1.03513, 0.987009, 0.938406, 0.954226, 0.982073, 
199, 0, 1.47463, 1.59059, 1.18659, 1.48852, 1.16001, 1.39542, 1.32611, 1.38744, 1.09748, 1.2656, 1.08061, 1.17784, 0.626405, 1.25631, 1.11017, 1.22525, 0.727053, 0.876025, 1.06885, 1.03513, 0.987009, 0.938406, 0.954226, 0.982073, 
200, 0, 1.48168, 1.59703, 1.19278, 1.48852, 1.16001, 1.40386, 1.32611, 1.39378, 1.09748, 1.26932, 1.08061, 1.17784, 0.626405, 1.25631, 1.11017, 1.22525, 0.727053, 0.876025, 1.06885, 1.03513, 0.987009, 0.938406, 0.954226, 0.982073, 
201, 0, 1.4872, 1.60403, 1.19278, 1.49656, 1.16001, 1.41177, 1.32611, 1.39949, 1.09748, 1.26932, 1.08061, 1.17784, 0.626405, 1.25631, 1.11017, 1.22525, 0.727053, 0.876025, 1.06885, 1.03513, 0.987009, 0.938406, 0.954226, 0.982073, 
202, 0, 1.48989, 1.61172, 1.19278, 1.5034, 1.16001, 1.41885, 1.32611, 1.40414, 1.09748, 1.26932, 1.08061, 1.17784, 0.626405, 1.25631, 1.11017, 1.22525, 0.727053, 0.876025, 1.06885, 1.03513, 0.987009, 0.938406, 0.954226, 0.982073, 
203, 0, 1.49465, 1.61935, 1.19278, 1.50917, 1.16001, 1.42511, 1.32611, 1.40822, 1.09748, 1.26932, 1.08061, 1.17784, 0.626405, 1.25631, 1.11017, 1.22525, 0.727053, 0.876025, 1.06885, 1.03513, 0.987009, 0.938406, 0.954226, 0.982073, 
204, 0, 1.50139, 1.62684, 1.19278, 1.5155, 1.16001, 1.43034, 1.32611, 1.41151, 1.09748, 1.26932, 1.08061, 1.17784, 0.626405, 1.25631, 1.11017, 1.22525, 0.727053, 0.876025, 1.06885, 1.03513, 0.987009, 0.938406, 0.954226, 0.982073, 
205, 0, 1.51037, 1.63408, 1.19278, 1.5209, 1.16001, 1.43432, 1.32611, 1.41151, 1.09748, 1.26932, 1.08061, 1.17784, 0.626405, 1.25631, 1.11017, 1.22525, 0.727053, 0.876025, 1.06885, 1.03513, 0.987009, 0.938406, 0.954226, 0.982073, 
206, 0, 1.51935, 1.64083, 1.19278, 1.52555, 1.16001, 1.43704, 1.32611, 1.41151, 1.09748, 1.26932, 1.08061, 1.17784, 0.626405, 1.25631, 1.11017, 1.22525, 0.727053, 0.876025, 1.06885, 1.03513, 0.987009, 0.938406, 0.954226, 0.982073, 
207, 0, 1.51935, 1.64673, 1.19278, 1.5307, 1.16001, 1.43704, 1.32611, 1.41151, 1.09748, 1.26932, 1.08061, 1.17784, 0.626405, 1.25631, 1.11017, 1.22525, 0.727053, 0.876025, 1.06885, 1.03513, 0.987009, 0.938406, 0.954226, 0.982073, 
208, 0, 1.52835, 1.65118, 1.19278, 1.53401, 1.16001, 1.43704, 1.32611, 1.41151, 1.09748, 1.26932, 1.08061, 1.17784, 0.626405, 1.25631, 1.11017, 1.22525, 0.727053, 0.876025, 1.06885, 1.03513, 0.987009, 0.938406, 0.954226, 0.982073, 
209, 0, 1.52835, 1.65118, 1.19278, 1.53401, 1.16001, 1.43704, 1.32611, 1.41151, 1.09748, 1.26932, 1.08061, 1.17784, 0.626405, 1.25631, 1.11017, 1.22525, 0.727053, 0.876025, 1.06885, 1.03513, 0.987009, 0.938406, 0.954226, 0.982073, 
210, 0, 1.52835, 1.65118, 1.19278, 1.53401, 1.16001, 1.43704, 1.32611, 1.41151, 1.09748, 1.26932, 1.08061, 1.17784, 0.626405, 1.25631, 1.11017, 1.22525, 0.727053, 0.876025, 1.06885, 1.03513, 0.987009, 0.938406, 0.954226, 0.982073, 
211, 0, 1.52835, 1.65118, 1.19278, 1.53401, 1.16001, 1.43704, 1.32611, 1.41151, 1.09748, 1.26932, 1.08061, 1.17784, 0.626405, 1.25631, 1.11017, 1.22525, 0.727053, 0.876025, 1.06885, 1.03513, 0.987009, 0.938406, 0.954226, 0.982073, 
212, 0, 1.52835, 1.65118, 1.19278, 1.53401, 1.16001, 1.43704, 1.32611, 1.41151, 1.09748, 1.26932, 1.08061, 1.17784, 0.626405, 1.25631, 1.11017, 1.22525, 0.727053, 0.876025, 1.06885, 1.03513, 0.987009, 0.938406, 0.954226, 0.982073, 
