0
0
0.991649
-0.00661592
-0.982831
0.00283693
-0.89549
0.00302618
0.907402
-0.000926706
-0.815338
0.00199216
0.817412
-0.0018037
-0.72874
0.00187737
0.72776
-0.00140915
-0.638619
-0.00156757
0.636553
-0.00427707
-0.546439
-0.00306543
0.5423
-0.00231055
-0.45567
0.00088197
0.445809
-0.00319043
-0.36232
6.54366e-05
0.35745
-0.00502344
-0.27497
0.00402867
0.270306
-0.00439339
-0.180222
0.00292726
0.178799
-0.00530563
-0.0858076
-0.00300593
0.0857648
0.000443817
-0.00226261
-0.00699418
0.003144
-0.00464397
