0, 0, 
1, 0, 
2, 0, 
3, 0, 0, 
4, 0, 0, 
5, 0, 0.00168151, 
6, 0, 0.00509714, 0, 
7, 0, 0.0101799, 0, 
8, 0, 0.0164873, 0.00862609, 
9, 0, 0.0235853, 0.0173246, 0, 
10, 0, 0.0311835, 0.0260231, 0, 
11, 0, 0.039107, 0.0348238, 0.00839773, 
12, 0, 0.0472506, 0.0436497, 0.0169439, 0, 
13, 0, 0.0553941, 0.0524958, 0.0255862, 0, 
14, 0, 0.0638763, 0.0613583, 0.0342946, 0.00726025, 
15, 0, 0.0724298, 0.0702345, 0.0430508, 0.0152261, 0, 
16, 0, 0.0810333, 0.0791219, 0.051807, 0.0235264, 0, 
17, 0, 0.0896762, 0.0879774, 0.0597609, 0.0320143, 0.00529697, 
18, 0, 0.0983512, 0.0965647, 0.0678768, 0.0406191, 0.0125502, 0, 
19, 0, 0.107053, 0.105289, 0.0762272, 0.0492239, 0.0205143, 0, 
20, 0, 0.115849, 0.114054, 0.0847349, 0.05822, 0.0288146, 0.00710627, 
21, 0, 0.124842, 0.122851, 0.0933471, 0.0672155, 0.0373032, 0.0150087, 0, 
22, 0, 0.133835, 0.131675, 0.102032, 0.0762132, 0.0457918, 0.0232772, 0, 
23, 0, 0.142828, 0.14052, 0.110594, 0.0852122, 0.0535548, 0.0317471, 0.00313245, 
24, 0, 0.15182, 0.149366, 0.117579, 0.0942119, 0.0618814, 0.0403409, 0.00799894, 0, 
25, 0, 0.160811, 0.158082, 0.125697, 0.103212, 0.0703837, 0.0489348, 0.0141866, 0, 
26, 0, 0.169803, 0.166834, 0.134063, 0.112203, 0.0789984, 0.0579099, 0.0212348, 0.00799691, 
27, 0, 0.178768, 0.175623, 0.142581, 0.120338, 0.0876896, 0.0668791, 0.0288236, 0.016318, 0, 
28, 0, 0.187585, 0.18444, 0.1512, 0.128605, 0.0964352, 0.0758449, 0.0364124, 0.0248217, 0, 
29, 0, 0.196425, 0.193279, 0.159888, 0.136979, 0.105317, 0.084809, 0.0453213, 0.0334393, 0.00134477, 
30, 0, 0.205283, 0.202135, 0.168824, 0.14544, 0.11359, 0.0937723, 0.054308, 0.0421335, 0.00610581, 0, 
31, 0, 0.214155, 0.211086, 0.176117, 0.153968, 0.121969, 0.102735, 0.0632931, 0.0508277, 0.0131934, 0, 
32, 0, 0.22304, 0.219959, 0.183794, 0.162549, 0.13051, 0.111724, 0.0722785, 0.0598273, 0.0210945, 0.00260223, 
33, 0, 0.231935, 0.228721, 0.191937, 0.171318, 0.139149, 0.119677, 0.0812646, 0.0688265, 0.029367, 0.00699558, 0, 
34, 0, 0.240723, 0.237516, 0.200316, 0.178508, 0.147855, 0.127836, 0.0902509, 0.0778251, 0.0376394, 0.0128597, 0, 
35, 0, 0.249514, 0.246335, 0.208836, 0.186182, 0.15661, 0.136142, 0.0992409, 0.0868232, 0.0456497, 0.0197115, 0.00116164, 
36, 0, 0.258327, 0.255173, 0.217448, 0.194158, 0.165165, 0.14456, 0.107799, 0.095821, 0.0540753, 0.0271838, 0.0056428, 0, 
37, 0, 0.267161, 0.264028, 0.225447, 0.202341, 0.173333, 0.153068, 0.11655, 0.104819, 0.0625938, 0.0346561, 0.0126448, 0, 
38, 0, 0.276014, 0.272973, 0.232461, 0.210671, 0.181881, 0.161646, 0.125306, 0.113794, 0.0712218, 0.0431324, 0.0205161, 0.00171182, 
39, 0, 0.284881, 0.281826, 0.240662, 0.219108, 0.19045, 0.170092, 0.134096, 0.122341, 0.0799345, 0.0516527, 0.0287769, 0.00518023, 0, 
40, 0, 0.293761, 0.29064, 0.248884, 0.227124, 0.199107, 0.177438, 0.142921, 0.130934, 0.0887043, 0.060202, 0.0370378, 0.0103407, 0, 
41, 0, 0.302736, 0.299514, 0.257305, 0.23465, 0.207842, 0.185167, 0.151771, 0.139562, 0.097338, 0.0687898, 0.0450428, 0.0167411, 0.00812295, 
42, 0, 0.311548, 0.308399, 0.265893, 0.242497, 0.216629, 0.193142, 0.160473, 0.148225, 0.10567, 0.0774255, 0.0536064, 0.0239362, 0.0165175, 0, 
43, 0, 0.320415, 0.317285, 0.27458, 0.250533, 0.225165, 0.201304, 0.168227, 0.156924, 0.114423, 0.086109, 0.0622695, 0.0311313, 0.0250699, 0, 
44, 0, 0.329331, 0.326175, 0.282531, 0.258721, 0.233349, 0.209616, 0.176689, 0.165657, 0.123221, 0.0944536, 0.0709997, 0.0396235, 0.0337228, 0.00454051, 
45, 0, 0.338273, 0.335152, 0.29001, 0.267046, 0.242133, 0.218048, 0.185276, 0.17424, 0.132052, 0.103379, 0.0797775, 0.0482156, 0.0424442, 0.0105192, 0, 
46, 0, 0.347224, 0.344086, 0.298805, 0.275484, 0.250955, 0.226147, 0.193944, 0.182241, 0.140908, 0.112318, 0.0885905, 0.0568838, 0.0511657, 0.0174532, 0, 
47, 0, 0.356177, 0.352874, 0.307637, 0.283151, 0.259804, 0.233602, 0.202671, 0.190475, 0.149782, 0.121269, 0.0974332, 0.0656074, 0.059479, 0.0249852, 0.00117329, 
48, 0, 0.364916, 0.361685, 0.316494, 0.291117, 0.268673, 0.241489, 0.211439, 0.198873, 0.158675, 0.13023, 0.106057, 0.0743714, 0.0680269, 0.0328971, 0.00397857, 0, 
49, 0, 0.373778, 0.370518, 0.325369, 0.299387, 0.277558, 0.249661, 0.220144, 0.207387, 0.167362, 0.139196, 0.114746, 0.0831659, 0.076675, 0.0408089, 0.00856888, 0, 
50, 0, 0.382613, 0.379368, 0.334258, 0.307852, 0.286453, 0.258022, 0.2279, 0.215983, 0.176099, 0.148167, 0.123494, 0.0918463, 0.0853928, 0.0493016, 0.0145839, 0.0089378, 
51, 0, 0.391428, 0.388234, 0.34315, 0.316437, 0.295113, 0.266511, 0.236191, 0.224641, 0.184883, 0.157042, 0.132285, 0.100831, 0.0941611, 0.0578779, 0.0215418, 0.0178786, 0, 
52, 0, 0.400235, 0.3971, 0.351673, 0.3251, 0.303838, 0.275091, 0.244662, 0.232995, 0.193702, 0.166039, 0.141109, 0.109816, 0.102967, 0.066518, 0.0284996, 0.0268221, 0, 
53, 0, 0.409046, 0.405949, 0.360308, 0.333815, 0.312611, 0.283159, 0.25325, 0.241266, 0.202549, 0.175036, 0.149957, 0.118802, 0.111922, 0.0752079, 0.0367451, 0.0357682, 0.00895299, 
54, 0, 0.417867, 0.414814, 0.369014, 0.341937, 0.32142, 0.291348, 0.261918, 0.249678, 0.211416, 0.184033, 0.158926, 0.127788, 0.120579, 0.0839375, 0.0454902, 0.0447166, 0.017909, 0, 
55, 0, 0.426866, 0.423691, 0.377771, 0.350532, 0.330258, 0.299704, 0.270641, 0.258191, 0.220388, 0.19303, 0.16774, 0.136774, 0.12901, 0.0926992, 0.0542642, 0.053665, 0.0268678, 0, 
56, 0, 0.435509, 0.43258, 0.386565, 0.359194, 0.339117, 0.30818, 0.279632, 0.266782, 0.229205, 0.202026, 0.176444, 0.145761, 0.137583, 0.101512, 0.063062, 0.0624111, 0.035829, 0.00242057, 
57, 0, 0.444206, 0.441478, 0.395389, 0.367904, 0.348068, 0.316743, 0.288108, 0.275431, 0.237934, 0.211023, 0.185204, 0.154755, 0.146247, 0.110338, 0.0718799, 0.0711871, 0.0447924, 0.00664633, 0, 
58, 0, 0.452947, 0.450384, 0.404293, 0.376649, 0.356814, 0.325373, 0.29619, 0.284127, 0.246714, 0.220014, 0.194003, 0.163753, 0.154975, 0.119182, 0.0807147, 0.0799862, 0.0537558, 0.0124004, 0, 
59, 0, 0.461722, 0.459358, 0.412851, 0.385421, 0.365539, 0.334056, 0.304538, 0.292852, 0.25553, 0.228994, 0.202834, 0.172751, 0.163749, 0.12804, 0.0895273, 0.0888037, 0.0625559, 0.0191944, 0.00799938, 
60, 0, 0.470527, 0.468322, 0.421543, 0.394213, 0.374312, 0.342775, 0.313044, 0.301089, 0.264373, 0.237973, 0.211687, 0.181749, 0.172577, 0.136908, 0.0985245, 0.0976366, 0.071389, 0.0266413, 0.0163299, 0, 
61, 0, 0.479357, 0.477214, 0.43029, 0.403029, 0.383122, 0.350935, 0.321651, 0.309478, 0.273237, 0.246953, 0.220584, 0.190747, 0.180859, 0.145785, 0.107517, 0.106483, 0.0802438, 0.0340882, 0.0248453, 0, 
62, 0, 0.488182, 0.486116, 0.439077, 0.411493, 0.391958, 0.359275, 0.330328, 0.317973, 0.282144, 0.255933, 0.229328, 0.199745, 0.189295, 0.154671, 0.116509, 0.115285, 0.0891161, 0.0415855, 0.0334755, 0.00411047, 
63, 0, 0.497053, 0.495027, 0.447893, 0.420063, 0.400816, 0.367735, 0.339033, 0.326543, 0.290914, 0.264914, 0.238084, 0.208743, 0.197868, 0.16362, 0.125502, 0.123914, 0.0980026, 0.0494687, 0.0421822, 0.00977938, 0, 
64, 0, 0.505927, 0.503946, 0.456732, 0.428701, 0.409721, 0.376279, 0.34716, 0.335171, 0.299688, 0.273896, 0.246881, 0.217711, 0.206531, 0.172529, 0.134494, 0.132594, 0.106901, 0.057604, 0.050889, 0.0165191, 0, 
65, 0, 0.514809, 0.512871, 0.465638, 0.437384, 0.418494, 0.384886, 0.355588, 0.343846, 0.308499, 0.282818, 0.255709, 0.22669, 0.215256, 0.181446, 0.143486, 0.141314, 0.115758, 0.0659138, 0.0595588, 0.0239325, 0.00280051, 
66, 0, 0.523701, 0.521786, 0.474424, 0.446101, 0.427261, 0.393544, 0.364143, 0.352605, 0.317339, 0.291783, 0.264561, 0.235668, 0.224026, 0.19037, 0.152473, 0.150067, 0.124262, 0.07435, 0.0683503, 0.0317703, 0.00738847, 0, 
67, 0, 0.532603, 0.530688, 0.483179, 0.454845, 0.436064, 0.402368, 0.372783, 0.360914, 0.326201, 0.300749, 0.273432, 0.244646, 0.232779, 0.1993, 0.161139, 0.158848, 0.133001, 0.0828804, 0.0771775, 0.039608, 0.0134045, 0, 
68, 0, 0.541514, 0.539618, 0.491971, 0.463777, 0.444896, 0.410629, 0.381483, 0.369355, 0.33508, 0.309714, 0.282342, 0.253624, 0.240876, 0.208235, 0.169935, 0.167651, 0.141787, 0.0915574, 0.086031, 0.0480337, 0.0203657, 0.00137706, 
69, 0, 0.550171, 0.548554, 0.500793, 0.472256, 0.45375, 0.41904, 0.390229, 0.377893, 0.344009, 0.318679, 0.291129, 0.262602, 0.249332, 0.217174, 0.178759, 0.176289, 0.150608, 0.0996559, 0.0949043, 0.0565579, 0.0279179, 0.00619106, 0, 
70, 0, 0.559128, 0.557495, 0.509636, 0.480839, 0.462621, 0.427562, 0.39874, 0.386506, 0.352834, 0.327644, 0.29991, 0.271581, 0.257915, 0.225977, 0.187606, 0.184931, 0.159453, 0.107949, 0.103793, 0.065155, 0.0354701, 0.0133092, 0, 
71, 0, 0.56808, 0.56644, 0.518496, 0.489499, 0.471568, 0.436166, 0.406942, 0.395175, 0.361627, 0.33661, 0.308721, 0.28058, 0.266583, 0.234941, 0.196471, 0.19362, 0.168319, 0.116381, 0.112714, 0.0738138, 0.0440338, 0.0212338, 0.00651745, 
72, 0, 0.577027, 0.57539, 0.527477, 0.498213, 0.480426, 0.444833, 0.415666, 0.403889, 0.370447, 0.34561, 0.317558, 0.28952, 0.275311, 0.243905, 0.205351, 0.202345, 0.177292, 0.124909, 0.121607, 0.0825212, 0.0528608, 0.0295261, 0.0137935, 0, 
73, 0, 0.585971, 0.584261, 0.536402, 0.506968, 0.489201, 0.453546, 0.424442, 0.412109, 0.37929, 0.354551, 0.326415, 0.298466, 0.284082, 0.252869, 0.214338, 0.211105, 0.186008, 0.13351, 0.130479, 0.0912666, 0.0617017, 0.0378184, 0.0215449, 0, 
74, 0, 0.594914, 0.593137, 0.545164, 0.515753, 0.498004, 0.461542, 0.433254, 0.420682, 0.388152, 0.363497, 0.335289, 0.307417, 0.293041, 0.261836, 0.222984, 0.219892, 0.194507, 0.142168, 0.139366, 0.100167, 0.0705551, 0.0462314, 0.0296032, 0.00182413, 
75, 0, 0.603858, 0.602108, 0.55395, 0.523821, 0.506831, 0.470171, 0.442091, 0.429312, 0.397031, 0.372448, 0.344194, 0.31637, 0.301474, 0.270805, 0.231399, 0.228703, 0.203125, 0.150682, 0.148266, 0.108989, 0.0794198, 0.0547941, 0.0378682, 0.0054243, 
76, 0, 0.612771, 0.611084, 0.562757, 0.532607, 0.515677, 0.478846, 0.450946, 0.437985, 0.405913, 0.381401, 0.352967, 0.325325, 0.309772, 0.279775, 0.239961, 0.23758, 0.211821, 0.158993, 0.157176, 0.11783, 0.0882945, 0.0634529, 0.046278, 0.0106995, 
77, 0, 0.621702, 0.620063, 0.571585, 0.54141, 0.524542, 0.487554, 0.459946, 0.446704, 0.414676, 0.390355, 0.361781, 0.334283, 0.31826, 0.28877, 0.248619, 0.246228, 0.220572, 0.167432, 0.166096, 0.126687, 0.0971781, 0.0721784, 0.054793, 0.0171851, 
78, 0, 0.63064, 0.629044, 0.58043, 0.550224, 0.533342, 0.496304, 0.468868, 0.455462, 0.423515, 0.399311, 0.370623, 0.343207, 0.326866, 0.297749, 0.257341, 0.254925, 0.229363, 0.175965, 0.175022, 0.135557, 0.10607, 0.0809523, 0.0633864, 0.0244418, 
79, 0, 0.639585, 0.638027, 0.589002, 0.55906, 0.542036, 0.505088, 0.477539, 0.464249, 0.432376, 0.408242, 0.379485, 0.352133, 0.335551, 0.306729, 0.26611, 0.263661, 0.238185, 0.184569, 0.183955, 0.144438, 0.114968, 0.0897625, 0.0720402, 0.0321811, 
80, 0, 0.648531, 0.647015, 0.597605, 0.567915, 0.550894, 0.513898, 0.486266, 0.473066, 0.441255, 0.417184, 0.388365, 0.361065, 0.344291, 0.315709, 0.274914, 0.272429, 0.24703, 0.193231, 0.192893, 0.153329, 0.123874, 0.0986005, 0.0807412, 0.0402318, 
81, 0, 0.657479, 0.656007, 0.606521, 0.576782, 0.559768, 0.52272, 0.495036, 0.481678, 0.450147, 0.426129, 0.397257, 0.370002, 0.353072, 0.324691, 0.283744, 0.281222, 0.255893, 0.201938, 0.201836, 0.162227, 0.132784, 0.10746, 0.08948, 0.0484917, 
82, 0, 0.666429, 0.664989, 0.615442, 0.585639, 0.568656, 0.53138, 0.503839, 0.490346, 0.45905, 0.435077, 0.406161, 0.378943, 0.361884, 0.333673, 0.292595, 0.290037, 0.264772, 0.210681, 0.210784, 0.171132, 0.1417, 0.116337, 0.0982494, 0.0568981, 
83, 0, 0.675392, 0.673973, 0.624368, 0.594419, 0.577554, 0.540087, 0.512667, 0.499058, 0.467962, 0.444028, 0.415074, 0.387889, 0.370719, 0.342656, 0.301463, 0.298869, 0.273663, 0.219454, 0.219735, 0.180043, 0.150621, 0.125228, 0.107044, 0.0654107, 
84, 0, 0.684352, 0.682958, 0.633298, 0.603225, 0.586461, 0.548832, 0.521516, 0.507806, 0.476882, 0.452982, 0.423994, 0.396839, 0.379573, 0.351639, 0.310344, 0.307717, 0.282564, 0.228252, 0.228689, 0.18896, 0.159546, 0.134131, 0.11586, 0.0740025, 
85, 0, 0.693313, 0.691944, 0.642229, 0.612051, 0.595375, 0.557606, 0.530381, 0.516583, 0.485808, 0.461939, 0.432922, 0.405792, 0.388443, 0.360622, 0.319237, 0.316578, 0.291474, 0.23707, 0.237646, 0.197882, 0.168475, 0.143043, 0.124693, 0.0826551, 
86, 0, 0.702276, 0.700931, 0.651163, 0.620893, 0.604295, 0.566406, 0.53926, 0.525384, 0.49474, 0.470897, 0.441855, 0.414748, 0.397326, 0.369606, 0.328139, 0.32545, 0.30039, 0.245905, 0.246606, 0.206808, 0.177407, 0.151963, 0.133541, 0.0913553, 
87, 0, 0.71124, 0.70992, 0.660099, 0.62975, 0.61322, 0.575227, 0.548151, 0.534206, 0.503676, 0.479858, 0.450792, 0.423707, 0.406218, 0.37859, 0.337049, 0.334332, 0.309314, 0.254755, 0.255568, 0.215739, 0.186342, 0.160891, 0.142403, 0.100093, 
88, 0, 0.720205, 0.71891, 0.669036, 0.638618, 0.62215, 0.584066, 0.557052, 0.543045, 0.512617, 0.488821, 0.459734, 0.432669, 0.41512, 0.387574, 0.345965, 0.343223, 0.318242, 0.263617, 0.264532, 0.224673, 0.19528, 0.169824, 0.151275, 0.108863, 
89, 0, 0.729173, 0.727901, 0.677974, 0.647495, 0.631084, 0.592919, 0.565961, 0.551898, 0.521561, 0.497785, 0.46868, 0.441633, 0.424029, 0.396559, 0.354888, 0.352121, 0.327176, 0.27249, 0.273498, 0.233611, 0.204221, 0.178762, 0.160158, 0.117657, 
90, 0, 0.738142, 0.736893, 0.686912, 0.656381, 0.64002, 0.601786, 0.574878, 0.560765, 0.530508, 0.506751, 0.477629, 0.450599, 0.432944, 0.405544, 0.363815, 0.361026, 0.336113, 0.281373, 0.282466, 0.242551, 0.213165, 0.187705, 0.169048, 0.126472, 
91, 0, 0.747113, 0.745885, 0.695851, 0.665273, 0.64896, 0.610663, 0.583801, 0.569642, 0.539458, 0.515718, 0.486581, 0.459566, 0.441865, 0.41453, 0.372747, 0.369938, 0.345054, 0.290265, 0.291435, 0.251495, 0.222111, 0.196652, 0.177947, 0.135306, 
92, 0, 0.756086, 0.754879, 0.70479, 0.674172, 0.657902, 0.619551, 0.59273, 0.578529, 0.54841, 0.524687, 0.495536, 0.468536, 0.450791, 0.423515, 0.381683, 0.378854, 0.353998, 0.299163, 0.300406, 0.260441, 0.231058, 0.205602, 0.186852, 0.144154, 
93, 0, 0.765061, 0.763874, 0.713729, 0.683075, 0.666847, 0.628447, 0.601663, 0.587425, 0.557364, 0.533657, 0.504493, 0.477507, 0.45972, 0.432501, 0.390622, 0.387775, 0.362945, 0.308069, 0.309378, 0.269389, 0.240008, 0.214556, 0.195762, 0.153016, 
94, 0, 0.774037, 0.772869, 0.722668, 0.691983, 0.675793, 0.63735, 0.610601, 0.596328, 0.56632, 0.542628, 0.513451, 0.48648, 0.468653, 0.441487, 0.399564, 0.396701, 0.371894, 0.31698, 0.318351, 0.278339, 0.248959, 0.223512, 0.204679, 0.161888, 
95, 0, 0.783015, 0.781865, 0.731606, 0.700895, 0.684741, 0.64626, 0.619544, 0.605238, 0.575278, 0.551599, 0.522412, 0.495454, 0.47759, 0.450474, 0.408509, 0.40563, 0.380846, 0.325896, 0.327325, 0.287292, 0.257913, 0.23247, 0.2136, 0.17077, 
96, 0, 0.791995, 0.790862, 0.740543, 0.70981, 0.69369, 0.655176, 0.62849, 0.614154, 0.584237, 0.560572, 0.531374, 0.504429, 0.486529, 0.45946, 0.417455, 0.414564, 0.389799, 0.334817, 0.336301, 0.296246, 0.266867, 0.241431, 0.222525, 0.179661, 
97, 0, 0.800977, 0.799859, 0.749479, 0.718728, 0.702641, 0.664097, 0.637439, 0.623075, 0.593197, 0.569546, 0.540338, 0.513405, 0.49547, 0.468447, 0.426404, 0.4235, 0.398755, 0.343742, 0.345277, 0.305202, 0.275823, 0.250394, 0.231454, 0.18856, 
98, 0, 0.809959, 0.808857, 0.758414, 0.727649, 0.711593, 0.673023, 0.646391, 0.632001, 0.602159, 0.57852, 0.549303, 0.522383, 0.504413, 0.477434, 0.435355, 0.432439, 0.407711, 0.352671, 0.354254, 0.31416, 0.284781, 0.259359, 0.240387, 0.197465, 
99, 0, 0.818944, 0.817855, 0.767347, 0.736572, 0.720546, 0.681953, 0.655346, 0.640932, 0.611121, 0.587496, 0.558269, 0.531361, 0.513359, 0.486421, 0.444307, 0.441381, 0.41667, 0.361604, 0.363232, 0.323119, 0.293739, 0.268325, 0.249323, 0.206376, 
100, 0, 0.827929, 0.826854, 0.776279, 0.745497, 0.729499, 0.690888, 0.664304, 0.649866, 0.620084, 0.596471, 0.567237, 0.54034, 0.522306, 0.495408, 0.453261, 0.450326, 0.425629, 0.37054, 0.372211, 0.33208, 0.302699, 0.277292, 0.258261, 0.215293, 
101, 0, 0.836916, 0.835853, 0.78521, 0.754423, 0.738453, 0.699826, 0.673264, 0.658805, 0.629048, 0.605448, 0.576205, 0.549321, 0.531254, 0.504396, 0.462216, 0.459272, 0.43459, 0.379478, 0.38119, 0.341041, 0.31166, 0.286262, 0.267203, 0.224214, 
102, 0, 0.845904, 0.844853, 0.794138, 0.763351, 0.747408, 0.708768, 0.682227, 0.667746, 0.638012, 0.614425, 0.585174, 0.558302, 0.540203, 0.513383, 0.471172, 0.468221, 0.443551, 0.38842, 0.39017, 0.350004, 0.320622, 0.295232, 0.276147, 0.233139, 
103, 0, 0.854893, 0.853852, 0.803063, 0.77228, 0.756363, 0.717712, 0.691191, 0.676691, 0.646977, 0.623402, 0.594143, 0.567283, 0.549153, 0.522371, 0.480129, 0.477172, 0.452514, 0.397363, 0.399151, 0.358969, 0.329584, 0.304203, 0.285093, 0.242069, 
104, 0, 0.863883, 0.862852, 0.811987, 0.781211, 0.765319, 0.72666, 0.700158, 0.685639, 0.655943, 0.632381, 0.603114, 0.576266, 0.558104, 0.531359, 0.489086, 0.486125, 0.461477, 0.406309, 0.408132, 0.367934, 0.338548, 0.313176, 0.294041, 0.251002, 
105, 0, 0.872875, 0.871852, 0.820907, 0.790142, 0.774275, 0.73561, 0.709127, 0.694589, 0.664909, 0.641359, 0.612085, 0.585249, 0.567056, 0.540347, 0.498044, 0.495079, 0.470441, 0.415257, 0.417114, 0.3769, 0.347512, 0.322149, 0.302991, 0.259938, 
106, 0, 0.881867, 0.880852, 0.829824, 0.799074, 0.783231, 0.744563, 0.718098, 0.703542, 0.673874, 0.650338, 0.621056, 0.594233, 0.576008, 0.549335, 0.507003, 0.504035, 0.479405, 0.424207, 0.426096, 0.385867, 0.356477, 0.331124, 0.311943, 0.268877, 
107, 0, 0.89086, 0.889852, 0.838738, 0.808006, 0.792187, 0.753518, 0.727071, 0.712498, 0.68284, 0.659318, 0.630028, 0.603218, 0.58496, 0.558323, 0.515962, 0.512992, 0.48837, 0.433159, 0.435079, 0.394835, 0.365443, 0.340099, 0.320897, 0.277819, 
108, 0, 0.899854, 0.898852, 0.847647, 0.81694, 0.801144, 0.762475, 0.736045, 0.721455, 0.691807, 0.668297, 0.639, 0.612203, 0.593912, 0.567311, 0.524921, 0.52195, 0.497335, 0.442113, 0.444062, 0.403804, 0.374409, 0.349075, 0.329852, 0.286763, 
109, 0, 0.908848, 0.907851, 0.856552, 0.825873, 0.810101, 0.771434, 0.745022, 0.730414, 0.700773, 0.677277, 0.647972, 0.621188, 0.602864, 0.5763, 0.533881, 0.53091, 0.5063, 0.451068, 0.453046, 0.412773, 0.383376, 0.358051, 0.338808, 0.29571, 
110, 0, 0.917844, 0.916849, 0.865453, 0.834807, 0.819057, 0.780396, 0.754, 0.739375, 0.709739, 0.686258, 0.656944, 0.630174, 0.611816, 0.585288, 0.54284, 0.539871, 0.515265, 0.460024, 0.46203, 0.421743, 0.392344, 0.367029, 0.347766, 0.304658, 
111, 0, 0.92684, 0.925847, 0.874348, 0.843741, 0.828014, 0.789359, 0.762981, 0.748338, 0.718704, 0.695239, 0.665917, 0.639161, 0.620768, 0.594277, 0.5518, 0.548833, 0.524231, 0.468982, 0.471014, 0.430714, 0.401312, 0.376006, 0.356725, 0.313609, 
112, 0, 0.935836, 0.934844, 0.883237, 0.852675, 0.836971, 0.798324, 0.771963, 0.757303, 0.72767, 0.70422, 0.67489, 0.648148, 0.629718, 0.603265, 0.560759, 0.557796, 0.533196, 0.477941, 0.479999, 0.439686, 0.410281, 0.384985, 0.365685, 0.322561, 
113, 0, 0.944833, 0.94384, 0.892119, 0.861609, 0.845928, 0.807291, 0.780948, 0.766269, 0.736635, 0.713201, 0.683862, 0.657136, 0.638668, 0.612254, 0.569717, 0.566759, 0.542161, 0.486901, 0.488984, 0.448658, 0.41925, 0.393964, 0.374646, 0.331515, 
114, 0, 0.953831, 0.952834, 0.900993, 0.870543, 0.854884, 0.816259, 0.789934, 0.775237, 0.7456, 0.722182, 0.692835, 0.666124, 0.647617, 0.621243, 0.578675, 0.575724, 0.551126, 0.495862, 0.497969, 0.45763, 0.428219, 0.402943, 0.383608, 0.34047, 
115, 0, 0.962829, 0.961827, 0.909858, 0.879477, 0.863841, 0.825229, 0.798923, 0.784206, 0.754564, 0.731164, 0.701808, 0.675112, 0.656564, 0.630232, 0.587633, 0.58469, 0.560091, 0.504824, 0.506954, 0.466604, 0.437189, 0.411923, 0.392571, 0.349427, 
116, 0, 0.971827, 0.970818, 0.918714, 0.888411, 0.872797, 0.834201, 0.807914, 0.793176, 0.763527, 0.740146, 0.71078, 0.684101, 0.665509, 0.63922, 0.596589, 0.593656, 0.569055, 0.513787, 0.51594, 0.475577, 0.446159, 0.420903, 0.401535, 0.358385, 
117, 0, 0.980826, 0.979807, 0.927556, 0.897344, 0.881754, 0.843174, 0.816908, 0.802148, 0.77249, 0.749128, 0.719752, 0.69309, 0.674452, 0.648209, 0.605544, 0.602623, 0.578019, 0.522751, 0.524926, 0.484551, 0.455129, 0.429883, 0.410499, 0.367344, 
118, 0, 0.989825, 0.988795, 0.936385, 0.906276, 0.89071, 0.852148, 0.825904, 0.811121, 0.781452, 0.75811, 0.728724, 0.702079, 0.683392, 0.657198, 0.614498, 0.61159, 0.586981, 0.531716, 0.533912, 0.493526, 0.4641, 0.438864, 0.419465, 0.376305, 
119, 0, 0.998825, 0.997781, 0.945197, 0.915208, 0.899666, 0.861124, 0.834902, 0.820095, 0.790414, 0.767092, 0.737695, 0.711069, 0.692328, 0.666187, 0.623449, 0.620559, 0.595943, 0.540682, 0.542899, 0.502501, 0.47307, 0.447845, 0.428431, 0.385266, 
120, 0, 1.00782, 1.00676, 0.953987, 0.92414, 0.908623, 0.870102, 0.843901, 0.82907, 0.799374, 0.776075, 0.746667, 0.720059, 0.70126, 0.675176, 0.632399, 0.629527, 0.604903, 0.549648, 0.551885, 0.511476, 0.482042, 0.456826, 0.437397, 0.394229, 
121, 0, 1.01682, 1.01575, 0.96275, 0.933071, 0.91758, 0.87908, 0.852901, 0.838046, 0.808334, 0.785057, 0.755637, 0.72905, 0.710187, 0.684165, 0.641346, 0.638497, 0.613861, 0.558615, 0.560872, 0.520451, 0.491013, 0.465808, 0.446364, 0.403192, 
122, 0, 1.02582, 1.02473, 0.971478, 0.942001, 0.926537, 0.888061, 0.861895, 0.847023, 0.817292, 0.79404, 0.764608, 0.738041, 0.719106, 0.693154, 0.650289, 0.647466, 0.622818, 0.567582, 0.569859, 0.529427, 0.499984, 0.474789, 0.455332, 0.412157, 
123, 0, 1.03482, 1.03371, 0.980155, 0.95093, 0.935494, 0.897042, 0.870867, 0.856001, 0.82625, 0.803023, 0.773578, 0.747032, 0.728014, 0.702143, 0.659228, 0.656437, 0.631772, 0.576551, 0.578846, 0.538404, 0.508956, 0.483771, 0.4643, 0.421122, 
124, 0, 1.04382, 1.04268, 0.988764, 0.959859, 0.944453, 0.906025, 0.879775, 0.86498, 0.835207, 0.812005, 0.782547, 0.756023, 0.736908, 0.711132, 0.668162, 0.665407, 0.640724, 0.585519, 0.587834, 0.54738, 0.517927, 0.492754, 0.473269, 0.430087, 
125, 0, 1.05282, 1.05166, 0.997259, 0.968786, 0.953414, 0.915009, 0.888466, 0.87396, 0.844164, 0.820988, 0.791516, 0.765014, 0.745778, 0.720121, 0.677088, 0.674378, 0.649672, 0.594489, 0.596821, 0.556357, 0.526899, 0.501736, 0.482238, 0.439054, 
126, 0, 1.06182, 1.06064, 1.00554, 0.977713, 0.962377, 0.923995, 0.888466, 0.88294, 0.85312, 0.829971, 0.800485, 0.774006, 0.754607, 0.72911, 0.686004, 0.68335, 0.658615, 0.603459, 0.605809, 0.565334, 0.53587, 0.510718, 0.491207, 0.448021, 
127, 0, 1.07082, 1.06961, 1.01331, 0.986639, 0.971376, 0.932982, 0.888466, 0.891922, 0.862076, 0.838954, 0.809453, 0.782998, 0.763355, 0.738099, 0.694906, 0.692321, 0.667552, 0.612429, 0.614797, 0.574311, 0.544842, 0.519701, 0.500177, 0.456988, 
128, 0, 1.07982, 1.07859, 1.01358, 0.995563, 0.980375, 0.941971, 0.888466, 0.900904, 0.871033, 0.847936, 0.818421, 0.791991, 0.77191, 0.747087, 0.703784, 0.701293, 0.676482, 0.6214, 0.623784, 0.583289, 0.553814, 0.528683, 0.509147, 0.465957, 
129, 0, 1.08882, 1.08758, 1.01478, 1.00449, 0.989374, 0.950961, 0.888466, 0.909887, 0.87999, 0.856919, 0.827386, 0.800983, 0.779902, 0.756076, 0.712624, 0.710265, 0.685401, 0.630371, 0.632772, 0.592266, 0.562785, 0.537666, 0.518118, 0.474925, 
130, 0, 1.09782, 1.09656, 1.01687, 1.01341, 0.998373, 0.959953, 0.888466, 0.918871, 0.888945, 0.865902, 0.836347, 0.809976, 0.785933, 0.765065, 0.721389, 0.719238, 0.694305, 0.639342, 0.641761, 0.601244, 0.571756, 0.546648, 0.527088, 0.483895, 
131, 0, 1.10682, 1.10553, 1.0194, 1.02233, 1.00737, 0.968946, 0.888466, 0.927855, 0.897894, 0.874884, 0.845296, 0.818969, 0.785933, 0.774054, 0.729976, 0.72821, 0.703187, 0.648314, 0.650749, 0.610222, 0.580728, 0.555631, 0.536059, 0.492864, 
132, 0, 1.11581, 1.11449, 1.0194, 1.03125, 1.01637, 0.977941, 0.888488, 0.93684, 0.906823, 0.883867, 0.854224, 0.827962, 0.790005, 0.783042, 0.738027, 0.737183, 0.712033, 0.657286, 0.659737, 0.6192, 0.589699, 0.564613, 0.54503, 0.501834, 
133, 0, 1.12481, 1.12346, 1.02504, 1.04017, 1.02537, 0.986937, 0.888613, 0.945826, 0.915706, 0.892849, 0.86314, 0.836955, 0.792517, 0.792031, 0.738027, 0.746156, 0.720815, 0.666258, 0.668725, 0.628179, 0.598669, 0.573596, 0.554001, 0.510804, 
134, 0, 1.13381, 1.13236, 1.02504, 1.04909, 1.03435, 0.995935, 0.88886, 0.954813, 0.924558, 0.901831, 0.872034, 0.845949, 0.795698, 0.801019, 0.738027, 0.755129, 0.729458, 0.675231, 0.677714, 0.637157, 0.60764, 0.582578, 0.562972, 0.519775, 
135, 0, 1.1428, 1.14133, 1.02504, 1.05801, 1.0432, 1.00493, 0.889677, 0.9638, 0.933353, 0.910814, 0.880847, 0.854942, 0.795698, 0.810008, 0.747026, 0.764102, 0.737698, 0.684204, 0.686702, 0.646135, 0.61661, 0.59156, 0.571944, 0.528746, 
136, 0, 1.1518, 1.15032, 1.02541, 1.06693, 1.05178, 1.01393, 0.891231, 0.972788, 0.941824, 0.919796, 0.889702, 0.863936, 0.795698, 0.818996, 0.747026, 0.773076, 0.737698, 0.693177, 0.695691, 0.655114, 0.62558, 0.600542, 0.580915, 0.537717, 
137, 0, 1.16079, 1.1593, 1.02844, 1.07585, 1.0597, 1.02293, 0.892921, 0.981776, 0.950459, 0.928777, 0.898609, 0.87293, 0.795698, 0.827984, 0.747026, 0.782049, 0.737698, 0.702151, 0.704679, 0.664092, 0.634549, 0.609524, 0.589886, 0.546689, 
138, 0, 1.16978, 1.16792, 1.03439, 1.08477, 1.06528, 1.03193, 0.896145, 0.990765, 0.959316, 0.937759, 0.907495, 0.881924, 0.795698, 0.836972, 0.747026, 0.791022, 0.737698, 0.711124, 0.713668, 0.673071, 0.643518, 0.618506, 0.598858, 0.55566, 
139, 0, 1.17878, 1.17528, 1.04244, 1.09369, 1.0729, 1.04093, 0.901563, 0.999755, 0.968058, 0.94674, 0.916473, 0.890919, 0.795698, 0.84596, 0.747026, 0.799996, 0.737698, 0.720098, 0.722656, 0.682049, 0.652487, 0.627487, 0.607829, 0.564632, 
140, 0, 1.18778, 1.18032, 1.05017, 1.10262, 1.08188, 1.04992, 0.906894, 1.00875, 0.977051, 0.955721, 0.92545, 0.899913, 0.795698, 0.854948, 0.747026, 0.808969, 0.737698, 0.729072, 0.731645, 0.691028, 0.661455, 0.636469, 0.6168, 0.573604, 
141, 0, 1.19677, 1.18724, 1.05084, 1.11155, 1.09069, 1.05889, 0.906894, 1.01774, 0.986043, 0.964701, 0.934425, 0.908908, 0.795698, 0.863935, 0.747026, 0.817942, 0.737698, 0.738046, 0.740634, 0.700006, 0.670422, 0.645449, 0.625771, 0.582576, 
142, 0, 1.20577, 1.19606, 1.05635, 1.12048, 1.09829, 1.06781, 0.906894, 1.02673, 0.995032, 0.973682, 0.943397, 0.917902, 0.795698, 0.872923, 0.747026, 0.826915, 0.737698, 0.74702, 0.749623, 0.708985, 0.679388, 0.65443, 0.634742, 0.591548, 
143, 0, 1.21477, 1.20506, 1.05675, 1.12942, 1.10605, 1.07655, 0.906894, 1.03572, 1.00402, 0.982661, 0.952368, 0.926897, 0.795698, 0.88191, 0.747026, 0.835889, 0.737698, 0.755994, 0.758612, 0.717963, 0.688354, 0.66341, 0.643713, 0.60052, 
144, 0, 1.22377, 1.21363, 1.05801, 1.13837, 1.11392, 1.07655, 0.907098, 1.04472, 1.013, 0.991641, 0.961335, 0.935892, 0.795698, 0.890897, 0.747026, 0.844861, 0.737698, 0.764969, 0.767601, 0.726942, 0.697318, 0.672389, 0.652683, 0.609492, 
145, 0, 1.23275, 1.22222, 1.06007, 1.14737, 1.12183, 1.07655, 0.9082, 1.05371, 1.02198, 1.00062, 0.970299, 0.944887, 0.795698, 0.899884, 0.747026, 0.853834, 0.737698, 0.773943, 0.77659, 0.73592, 0.706282, 0.681368, 0.661653, 0.618464, 
146, 0, 1.2398, 1.23076, 1.06254, 1.15637, 1.1297, 1.07655, 0.910256, 1.06271, 1.03095, 1.0096, 0.97926, 0.953882, 0.795698, 0.90887, 0.747026, 0.862807, 0.737698, 0.782917, 0.785579, 0.744898, 0.715244, 0.690346, 0.670623, 0.627437, 
147, 0, 1.24495, 1.23926, 1.06538, 1.16536, 1.13739, 1.07655, 0.912831, 1.0717, 1.03991, 1.01858, 0.988216, 0.962877, 0.795698, 0.917857, 0.747026, 0.871779, 0.737698, 0.791891, 0.794568, 0.753876, 0.724205, 0.699324, 0.679593, 0.636409, 
148, 0, 1.24495, 1.24757, 1.06857, 1.17429, 1.14478, 1.07655, 0.915589, 1.0807, 1.04885, 1.02755, 0.997166, 0.971872, 0.795698, 0.926843, 0.747026, 0.880752, 0.737698, 0.800865, 0.803557, 0.762854, 0.733165, 0.7083, 0.688562, 0.64538, 
149, 0, 1.24495, 1.25535, 1.07119, 1.17429, 1.1514, 1.07655, 0.915589, 1.0897, 1.05778, 1.03653, 1.00611, 0.980867, 0.795698, 0.935828, 0.747026, 0.889724, 0.737698, 0.809839, 0.812546, 0.771832, 0.742123, 0.717276, 0.69753, 0.654352, 
150, 0, 1.24495, 1.262, 1.07119, 1.17429, 1.1514, 1.07655, 0.915589, 1.0987, 1.06669, 1.0455, 1.01505, 0.989862, 0.795698, 0.944814, 0.747026, 0.898695, 0.737698, 0.818813, 0.821536, 0.78081, 0.751079, 0.72625, 0.706498, 0.663324, 
151, 0, 1.24557, 1.27062, 1.07119, 1.17429, 1.1514, 1.07655, 0.915931, 1.1077, 1.07557, 1.05448, 1.02397, 0.998857, 0.795698, 0.953799, 0.747026, 0.907667, 0.737698, 0.827787, 0.830526, 0.789787, 0.760032, 0.735223, 0.715465, 0.672295, 
152, 0, 1.24859, 1.27864, 1.0715, 1.17429, 1.1514, 1.07715, 0.917523, 1.11669, 1.0844, 1.06345, 1.03289, 1.00785, 0.795698, 0.962784, 0.747026, 0.916638, 0.737698, 0.83676, 0.839516, 0.798764, 0.768983, 0.744195, 0.724432, 0.681266, 
153, 0, 1.24859, 1.28656, 1.07259, 1.17429, 1.1514, 1.08031, 0.920257, 1.12564, 1.09316, 1.07242, 1.04179, 1.01685, 0.795698, 0.971768, 0.747026, 0.925609, 0.737698, 0.845733, 0.848506, 0.807741, 0.777931, 0.753165, 0.733398, 0.690237, 
154, 0, 1.24859, 1.29451, 1.07473, 1.17429, 1.1514, 1.08031, 0.923549, 1.12564, 1.10181, 1.08139, 1.05066, 1.02584, 0.795698, 0.980752, 0.747026, 0.93458, 0.737698, 0.854706, 0.857496, 0.816718, 0.786876, 0.762132, 0.742362, 0.699207, 
155, 0, 1.24859, 1.30272, 1.0775, 1.17429, 1.1514, 1.08031, 0.923549, 1.12564, 1.11029, 1.09036, 1.05952, 1.03484, 0.795698, 0.989736, 0.747026, 0.943551, 0.737698, 0.863677, 0.866488, 0.825695, 0.795817, 0.771097, 0.751326, 0.708177, 
156, 0, 1.24859, 1.3111, 1.08036, 1.17429, 1.1514, 1.08031, 0.92566, 1.12564, 1.11848, 1.09932, 1.06834, 1.04383, 0.799304, 0.99872, 0.747026, 0.952521, 0.737698, 0.872649, 0.875479, 0.834671, 0.804752, 0.780058, 0.760289, 0.717147, 
157, 0, 1.25232, 1.31933, 1.08352, 1.17429, 1.1514, 1.08031, 0.929047, 1.12564, 1.12614, 1.10828, 1.07732, 1.05282, 0.799304, 1.0077, 0.749136, 0.961492, 0.737698, 0.881619, 0.884472, 0.843648, 0.813682, 0.789016, 0.76925, 0.726116, 
158, 0, 1.25738, 1.32557, 1.0869, 1.17506, 1.1514, 1.08035, 0.929047, 1.12564, 1.13109, 1.11724, 1.08597, 1.06182, 0.800493, 1.01669, 0.751722, 0.970462, 0.737698, 0.890588, 0.893465, 0.852624, 0.822605, 0.797968, 0.77821, 0.735084, 
159, 0, 1.26211, 1.33259, 1.0903, 1.17857, 1.15397, 1.0815, 0.935885, 1.12564, 1.13471, 1.12619, 1.09476, 1.07081, 0.802897, 1.02567, 0.754666, 0.979433, 0.737698, 0.899555, 0.90246, 0.8616, 0.831519, 0.806914, 0.787168, 0.744052, 
160, 0, 1.26211, 1.3395, 1.09558, 1.17857, 1.16161, 1.08548, 0.9418, 1.12564, 1.14307, 1.13514, 1.10352, 1.0798, 0.806169, 1.03465, 0.757968, 0.988405, 0.737698, 0.90852, 0.911456, 0.870576, 0.840423, 0.815851, 0.796124, 0.753019, 
161, 0, 1.26211, 1.34428, 1.1041, 1.18019, 1.16784, 1.08548, 0.9418, 1.12564, 1.14307, 1.14408, 1.11213, 1.08879, 0.810101, 1.04364, 0.757968, 0.997378, 0.737698, 0.917483, 0.920454, 0.879552, 0.849312, 0.824776, 0.805078, 0.761985, 
162, 0, 1.26211, 1.34635, 1.11163, 1.18019, 1.16784, 1.08548, 0.948214, 1.12564, 1.14307, 1.153, 1.12044, 1.09778, 0.815087, 1.05262, 0.760508, 1.00635, 0.737698, 0.926441, 0.929453, 0.888528, 0.858182, 0.833683, 0.814029, 0.77095, 
163, 0, 1.26211, 1.3509, 1.11682, 1.18305, 1.17538, 1.08548, 0.948214, 1.12564, 1.14307, 1.16192, 1.12763, 1.10677, 0.815087, 1.0616, 0.764595, 1.01533, 0.739083, 0.935395, 0.938453, 0.897505, 0.867026, 0.842562, 0.822978, 0.779914, 
164, 0, 1.26211, 1.3509, 1.12252, 1.18305, 1.17538, 1.08557, 0.948214, 1.12564, 1.15159, 1.17081, 1.134, 1.11575, 0.81946, 1.07059, 0.769757, 1.02431, 0.741954, 0.94434, 0.947449, 0.906482, 0.875832, 0.851393, 0.831923, 0.788877, 
165, 0, 1.26234, 1.3532, 1.12923, 1.18625, 1.17538, 1.08735, 0.948884, 1.12564, 1.15897, 1.17967, 1.14074, 1.12473, 0.824652, 1.07958, 0.776263, 1.03329, 0.746117, 0.953275, 0.956425, 0.915461, 0.884581, 0.860128, 0.840863, 0.797838, 
166, 0, 1.26362, 1.35333, 1.12923, 1.18625, 1.17538, 1.09219, 0.951813, 1.12977, 1.15897, 1.18849, 1.14715, 1.13369, 0.831004, 1.08857, 0.776263, 1.04228, 0.751662, 0.962191, 0.965332, 0.924442, 0.893233, 0.868619, 0.849799, 0.806798, 
167, 0, 1.26704, 1.35454, 1.12923, 1.18954, 1.1781, 1.09219, 0.954336, 1.12977, 1.15897, 1.19723, 1.15325, 1.14264, 0.839844, 1.09756, 0.784427, 1.05128, 0.758875, 0.971076, 0.974014, 0.933426, 0.901705, 0.87614, 0.85873, 0.815756, 
168, 0, 1.26704, 1.35833, 1.13115, 1.18954, 1.18222, 1.09219, 0.957446, 1.13112, 1.16788, 1.20584, 1.15846, 1.15156, 0.848674, 1.10656, 0.793291, 1.06028, 0.767631, 0.979905, 0.981878, 0.942412, 0.909772, 0.87614, 0.867652, 0.824712, 
169, 0, 1.26802, 1.36094, 1.13328, 1.19469, 1.18552, 1.09483, 0.960672, 1.13552, 1.17387, 1.21423, 1.16491, 1.16042, 0.856406, 1.11556, 0.802257, 1.06928, 0.776437, 0.988655, 0.985531, 0.951338, 0.909772, 0.87614, 0.876566, 0.833666, 
170, 0, 1.27183, 1.36094, 1.13462, 1.19469, 1.18552, 1.10051, 0.969591, 1.14098, 1.17852, 1.22221, 1.17166, 1.16918, 0.86429, 1.12456, 0.810851, 1.07826, 0.783217, 0.997655, 0.994514, 0.960262, 0.909772, 0.87614, 0.885469, 0.842618, 
171, 0, 1.27643, 1.36094, 1.13952, 1.19469, 1.1877, 1.10718, 0.975912, 1.14724, 1.18563, 1.2295, 1.1791, 1.17774, 0.872359, 1.13355, 0.817878, 1.08715, 0.792096, 1.00666, 1.00316, 0.969182, 0.909772, 0.87614, 0.894356, 0.851566, 
172, 0, 1.27643, 1.36748, 1.14575, 1.19578, 1.1877, 1.10718, 0.984806, 1.15456, 1.1937, 1.23583, 1.18687, 1.186, 0.87931, 1.14249, 0.826801, 1.09605, 0.800928, 1.01566, 1.01215, 0.978098, 0.909772, 0.87614, 0.903223, 0.86051, 
173, 0, 1.27643, 1.36748, 1.14719, 1.2024, 1.18955, 1.11549, 0.993069, 1.15456, 1.20249, 1.24156, 1.19351, 1.195, 0.887929, 1.15144, 0.835513, 1.10497, 0.800928, 1.02465, 1.02048, 0.98701, 0.909772, 0.87614, 0.912062, 0.86945, 
174, 0, 1.27753, 1.37298, 1.14997, 1.20911, 1.1937, 1.12448, 1.0015, 1.16308, 1.2111, 1.25056, 1.20217, 1.20396, 0.896528, 1.16042, 0.84298, 1.11389, 0.809783, 1.03365, 1.02799, 0.995916, 0.909772, 0.87614, 0.920857, 0.878385, 
175, 0, 1.28087, 1.37298, 1.15851, 1.2181, 1.20009, 1.12448, 1.01046, 1.17176, 1.21971, 1.25056, 1.21077, 1.21263, 0.904174, 1.16941, 0.851975, 1.12281, 0.818366, 1.03365, 1.03517, 1.00481, 0.909772, 0.87614, 0.929585, 0.887314, 
176, 0, 1.28912, 1.37726, 1.16746, 1.22699, 1.20904, 1.13335, 1.01896, 1.17176, 1.22865, 1.25192, 1.2192, 1.22028, 0.912873, 1.1784, 0.860973, 1.13123, 0.826772, 1.03365, 1.04235, 1.01371, 0.909772, 0.87614, 0.938191, 0.896235, 
177, 0, 1.29685, 1.38236, 1.17543, 1.22699, 1.21602, 1.13335, 1.02775, 1.17916, 1.2376, 1.25516, 1.22693, 1.22607, 0.921851, 1.18715, 0.869951, 1.13932, 0.835072, 1.03365, 1.04958, 1.02259, 0.909772, 0.87614, 0.946544, 0.905147, 
178, 0, 1.30439, 1.39079, 1.18437, 1.22699, 1.22409, 1.14165, 1.03662, 1.18671, 1.2466, 1.26046, 1.23572, 1.23051, 0.930825, 1.19582, 0.878901, 1.14655, 0.843284, 1.03365, 1.05681, 1.03145, 0.909772, 0.87614, 0.954226, 0.914046, 
179, 0, 1.31103, 1.39723, 1.19331, 1.22699, 1.23237, 1.14934, 1.0456, 1.19449, 1.24697, 1.26046, 1.24472, 1.23346, 0.939775, 1.20435, 0.887812, 1.14655, 0.851386, 1.03365, 1.06394, 1.0403, 0.909772, 0.87614, 0.954226, 0.922929, 
180, 0, 1.31488, 1.40474, 1.20203, 1.23379, 1.24116, 1.15676, 1.05459, 1.20306, 1.2542, 1.26046, 1.25371, 1.2352, 0.948684, 1.2119, 0.896666, 1.14655, 0.859308, 1.03365, 1.07081, 1.04913, 0.909772, 0.87614, 0.954226, 0.931789, 
181, 0, 1.32386, 1.41286, 1.21045, 1.24006, 1.2501, 1.16555, 1.05801, 1.21147, 1.26267, 1.26436, 1.2627, 1.23609, 0.957525, 1.21964, 0.905432, 1.14655, 0.866909, 1.03365, 1.07705, 1.05792, 0.909772, 0.87614, 0.954226, 0.940617, 
182, 0, 1.33282, 1.42162, 1.21833, 1.24849, 1.25888, 1.17437, 1.05846, 1.21994, 1.27156, 1.26838, 1.2716, 1.23834, 0.966255, 1.22751, 0.914056, 1.14655, 0.874131, 1.03365, 1.08276, 1.06667, 0.909772, 0.87614, 0.954226, 0.949396, 
183, 0, 1.33282, 1.43061, 1.22611, 1.24849, 1.26726, 1.18331, 1.0638, 1.22887, 1.28056, 1.27321, 1.28009, 1.24192, 0.974817, 1.23547, 0.922484, 1.14655, 0.87988, 1.03365, 1.08735, 1.07533, 0.909772, 0.87614, 0.954226, 0.958094, 
184, 0, 1.33282, 1.43961, 1.23385, 1.25629, 1.2753, 1.1919, 1.07151, 1.23782, 1.28939, 1.27841, 1.28746, 1.24631, 0.983226, 1.24349, 0.930454, 1.14655, 0.87988, 1.03365, 1.08735, 1.08383, 0.909772, 0.87614, 0.954226, 0.966642, 
185, 0, 1.33282, 1.4486, 1.24138, 1.26199, 1.28261, 1.20041, 1.08013, 1.24679, 1.2976, 1.2837, 1.29481, 1.25095, 0.991221, 1.25155, 0.937304, 1.14655, 0.87988, 1.03365, 1.08735, 1.09191, 0.909772, 0.87614, 0.954226, 0.974854, 
186, 0, 1.33901, 1.45754, 1.24873, 1.26811, 1.28748, 1.20857, 1.08913, 1.25571, 1.3053, 1.28877, 1.30014, 1.25524, 0.998894, 1.25964, 0.944101, 1.14655, 0.87988, 1.03365, 1.08735, 1.09191, 0.909772, 0.87614, 0.954226, 0.982073, 
187, 0, 1.34583, 1.46641, 1.25574, 1.27397, 1.28759, 1.21534, 1.09765, 1.25571, 1.31209, 1.29312, 1.30879, 1.25847, 1.00682, 1.26774, 0.949524, 1.14655, 0.87988, 1.03365, 1.08735, 1.09191, 0.909772, 0.87614, 0.954226, 0.982073, 
188, 0, 1.35326, 1.47518, 1.26199, 1.27876, 1.28784, 1.21741, 1.10447, 1.25571, 1.32021, 1.29574, 1.31779, 1.26014, 1.01421, 1.27586, 0.949524, 1.14655, 0.87988, 1.03365, 1.08735, 1.09191, 0.909772, 0.87614, 0.954226, 0.982073, 
189, 0, 1.36143, 1.48381, 1.26715, 1.28337, 1.29105, 1.21741, 1.11236, 1.25571, 1.32861, 1.29574, 1.31779, 1.26014, 1.02042, 1.27586, 0.949524, 1.14655, 0.87988, 1.03365, 1.08735, 1.09191, 0.909772, 0.87614, 0.954226, 0.982073, 
190, 0, 1.37007, 1.49242, 1.26844, 1.28772, 1.29661, 1.21762, 1.12036, 1.25571, 1.3364, 1.29574, 1.32591, 1.26014, 1.0258, 1.27586, 0.949524, 1.14655, 0.87988, 1.03365, 1.08735, 1.09191, 0.909772, 0.87614, 0.954226, 0.982073, 
191, 0, 1.37881, 1.50074, 1.2694, 1.29309, 1.3035, 1.21969, 1.12773, 1.25571, 1.34498, 1.29574, 1.32591, 1.26014, 1.0258, 1.27586, 0.949524, 1.14655, 0.87988, 1.03365, 1.08735, 1.09191, 0.909772, 0.87614, 0.954226, 0.982073, 
192, 0, 1.38747, 1.50892, 1.27439, 1.30005, 1.31161, 1.21969, 1.13578, 1.25571, 1.35293, 1.29574, 1.32591, 1.26014, 1.0258, 1.27911, 0.949524, 1.14655, 0.87988, 1.03365, 1.08735, 1.09191, 0.909772, 0.87614, 0.954226, 0.982073, 
193, 0, 1.39593, 1.51792, 1.28163, 1.30588, 1.31981, 1.22557, 1.14337, 1.25571, 1.3611, 1.29574, 1.32591, 1.26055, 1.0258, 1.28258, 0.949524, 1.14655, 0.87988, 1.03365, 1.08735, 1.09191, 0.909772, 0.87614, 0.954226, 0.982073, 
194, 0, 1.39593, 1.52646, 1.28956, 1.31486, 1.32855, 1.22864, 1.15123, 1.25571, 1.3689, 1.29574, 1.32591, 1.2621, 1.0258, 1.28586, 0.949524, 1.14655, 0.87988, 1.03365, 1.08735, 1.09191, 0.909772, 0.87614, 0.954226, 0.982073, 
195, 0, 1.40199, 1.53474, 1.2979, 1.32372, 1.33743, 1.22864, 1.15889, 1.25818, 1.3758, 1.29611, 1.32591, 1.26478, 1.0258, 1.28868, 0.949524, 1.14655, 0.87988, 1.03365, 1.08735, 1.09191, 0.909772, 0.87614, 0.954226, 0.982073, 
196, 0, 1.40832, 1.54334, 1.3065, 1.32372, 1.34636, 1.23606, 1.16626, 1.26165, 1.3758, 1.29744, 1.32591, 1.26806, 1.0258, 1.28868, 0.949524, 1.14655, 0.87988, 1.03365, 1.08735, 1.09191, 0.909772, 0.87614, 0.954226, 0.982073, 
197, 0, 1.41512, 1.55203, 1.31498, 1.33271, 1.35533, 1.24107, 1.17282, 1.26528, 1.3758, 1.29998, 1.32591, 1.27123, 1.0258, 1.28868, 0.949524, 1.14655, 0.87988, 1.03365, 1.08735, 1.09191, 0.909772, 0.87614, 0.954226, 0.982073, 
198, 0, 1.421, 1.56089, 1.32332, 1.33271, 1.36433, 1.24107, 1.17925, 1.26852, 1.3758, 1.30414, 1.32591, 1.27435, 1.0258, 1.28868, 0.949524, 1.14655, 0.87988, 1.03365, 1.08735, 1.09191, 0.909772, 0.87614, 0.954226, 0.982073, 
199, 0, 1.421, 1.56985, 1.33158, 1.33271, 1.37332, 1.24107, 1.18534, 1.27386, 1.3758, 1.30829, 1.32591, 1.27712, 1.0258, 1.28868, 0.949524, 1.14655, 0.87988, 1.03365, 1.08735, 1.09191, 0.909772, 0.87614, 0.954226, 0.982073, 
200, 0, 1.421, 1.57885, 1.33977, 1.33271, 1.38229, 1.24107, 1.19078, 1.27744, 1.3758, 1.31204, 1.32591, 1.27712, 1.0258, 1.28868, 0.949524, 1.14655, 0.87988, 1.03365, 1.08735, 1.09191, 0.909772, 0.87614, 0.954226, 0.982073, 
201, 0, 1.42991, 1.58782, 1.34787, 1.33271, 1.39122, 1.24107, 1.1952, 1.27744, 1.3758, 1.31204, 1.32591, 1.27712, 1.0258, 1.28868, 0.949524, 1.14655, 0.87988, 1.03365, 1.08735, 1.09191, 0.909772, 0.87614, 0.954226, 0.982073, 
202, 0, 1.42991, 1.59673, 1.35588, 1.33271, 1.40007, 1.24142, 1.1952, 1.28, 1.3758, 1.31204, 1.32591, 1.27712, 1.0258, 1.28868, 0.949524, 1.14655, 0.87988, 1.03365, 1.08735, 1.09191, 0.909772, 0.87614, 0.954226, 0.982073, 
203, 0, 1.42991, 1.60552, 1.36379, 1.33271, 1.40867, 1.24151, 1.1952, 1.28, 1.3758, 1.31204, 1.32591, 1.27712, 1.0258, 1.28868, 0.949524, 1.14655, 0.87988, 1.03365, 1.08735, 1.09191, 0.909772, 0.87614, 0.954226, 0.982073, 
204, 0, 1.43107, 1.61413, 1.37163, 1.33459, 1.41698, 1.24251, 1.1952, 1.28, 1.3758, 1.31204, 1.32591, 1.27712, 1.0258, 1.28868, 0.949524, 1.14655, 0.87988, 1.03365, 1.08735, 1.09191, 0.909772, 0.87614, 0.954226, 0.982073, 
205, 0, 1.4335, 1.62257, 1.37938, 1.33762, 1.42434, 1.24471, 1.1952, 1.28, 1.3758, 1.31204, 1.32591, 1.27712, 1.0258, 1.28868, 0.949524, 1.14655, 0.87988, 1.03365, 1.08735, 1.09191, 0.909772, 0.87614, 0.954226, 0.982073, 
206, 0, 1.43733, 1.63077, 1.38693, 1.34149, 1.42434, 1.2478, 1.1952, 1.28, 1.3758, 1.31204, 1.32591, 1.27712, 1.0258, 1.28868, 0.949524, 1.14655, 0.87988, 1.03365, 1.08735, 1.09191, 0.909772, 0.87614, 0.954226, 0.982073, 
207, 0, 1.44193, 1.63864, 1.39369, 1.3457, 1.42434, 1.25121, 1.1952, 1.28, 1.3758, 1.31204, 1.32591, 1.27712, 1.0258, 1.28868, 0.949524, 1.14655, 0.87988, 1.03365, 1.08735, 1.09191, 0.909772, 0.87614, 0.954226, 0.982073, 
208, 0, 1.44698, 1.64613, 1.40042, 1.34975, 1.42434, 1.2545, 1.1952, 1.28, 1.3758, 1.31204, 1.32591, 1.27712, 1.0258, 1.28868, 0.949524, 1.14655, 0.87988, 1.03365, 1.08735, 1.09191, 0.909772, 0.87614, 0.954226, 0.982073, 
209, 0, 1.45228, 1.65339, 1.40695, 1.35324, 1.42434, 1.25737, 1.1952, 1.28, 1.3758, 1.31204, 1.32591, 1.27712, 1.0258, 1.28868, 0.949524, 1.14655, 0.87988, 1.03365, 1.08735, 1.09191, 0.909772, 0.87614, 0.954226, 0.982073, 
210, 0, 1.45762, 1.66018, 1.41305, 1.35604, 1.42434, 1.25737, 1.1952, 1.28, 1.3758, 1.31204, 1.32591, 1.27712, 1.0258, 1.28868, 0.949524, 1.14655, 0.87988, 1.03365, 1.08735, 1.09191, 0.909772, 0.87614, 0.954226, 0.982073, 
211, 0, 1.46269, 1.66618, 1.4184, 1.35604, 1.42434, 1.25737, 1.1952, 1.28, 1.3758, 1.31204, 1.32591, 1.27712, 1.0258, 1.28868, 0.949524, 1.14655, 0.87988, 1.03365, 1.08735, 1.09191, 0.909772, 0.87614, 0.954226, 0.982073, 
212, 0, 1.46844, 1.67104, 1.42258, 1.35604, 1.42434, 1.25737, 1.1952, 1.28, 1.3758, 1.31204, 1.32591, 1.27712, 1.0258, 1.28868, 0.949524, 1.14655, 0.87988, 1.03365, 1.08735, 1.09191, 0.909772, 0.87614, 0.954226, 0.982073, 
213, 0, 1.46844, 1.67479, 1.42258, 1.35604, 1.42434, 1.25737, 1.1952, 1.28, 1.3758, 1.31204, 1.32591, 1.27712, 1.0258, 1.28868, 0.949524, 1.14655, 0.87988, 1.03365, 1.08735, 1.09191, 0.909772, 0.87614, 0.954226, 0.982073, 
214, 0, 1.46844, 1.67479, 1.42258, 1.35604, 1.42434, 1.25737, 1.1952, 1.28, 1.3758, 1.31204, 1.32591, 1.27712, 1.0258, 1.28868, 0.949524, 1.14655, 0.87988, 1.03365, 1.08735, 1.09191, 0.909772, 0.87614, 0.954226, 0.982073, 
215, 0, 1.46844, 1.67479, 1.42258, 1.35604, 1.42434, 1.25737, 1.1952, 1.28, 1.3758, 1.31204, 1.32591, 1.27712, 1.0258, 1.28868, 0.949524, 1.14655, 0.87988, 1.03365, 1.08735, 1.09191, 0.909772, 0.87614, 0.954226, 0.982073, 
216, 0, 1.46844, 1.67479, 1.42258, 1.35604, 1.42434, 1.25737, 1.1952, 1.28, 1.3758, 1.31204, 1.32591, 1.27712, 1.0258, 1.28868, 0.949524, 1.14655, 0.87988, 1.03365, 1.08735, 1.09191, 0.909772, 0.87614, 0.954226, 0.982073, 
