0, 0, 
1, 0, 
2, 0, 
3, 0, 0, 
4, 0, 0, 
5, 0, 0.00757096, 
6, 0, 0.0156409, 0, 
7, 0, 0.02397, 0, 
8, 0, 0.0324529, 0.00809045, 
9, 0, 0.0410354, 0.0164512, 0, 
10, 0, 0.0496863, 0.024812, 0, 
11, 0, 0.0583863, 0.0334623, 0.00413902, 
12, 0, 0.0671225, 0.0421719, 0.00979046, 0, 
13, 0, 0.0758587, 0.0509271, 0.0164781, 0, 
14, 0, 0.0846481, 0.0597177, 0.0238221, 0.000941389, 
15, 0, 0.0934467, 0.0685356, 0.0315842, 0.00503177, 0, 
16, 0, 0.102241, 0.0773748, 0.0393464, 0.0118808, 0, 
17, 0, 0.111046, 0.0863007, 0.0460886, 0.0196708, 0.00847543, 
18, 0, 0.119865, 0.0952082, 0.0537323, 0.027876, 0.0170723, 0, 
19, 0, 0.128694, 0.104083, 0.0616743, 0.0360813, 0.0257501, 0, 
20, 0, 0.136679, 0.11297, 0.0698203, 0.0450678, 0.0344849, 0.00837126, 
21, 0, 0.145659, 0.121867, 0.0781108, 0.0540538, 0.0432614, 0.0169042, 0, 
22, 0, 0.15464, 0.130773, 0.0865071, 0.0630394, 0.0520379, 0.0255402, 0, 
23, 0, 0.16362, 0.139686, 0.094938, 0.0720247, 0.0608021, 0.0342464, 0.00769704, 
24, 0, 0.1726, 0.14857, 0.099597, 0.0810099, 0.0695366, 0.0430028, 0.0158692, 0, 
25, 0, 0.181579, 0.157501, 0.106643, 0.0899949, 0.0783174, 0.0517593, 0.024288, 0, 
26, 0, 0.190557, 0.166374, 0.114092, 0.0989643, 0.0871331, 0.0599936, 0.0328528, 0.00500853, 
27, 0, 0.199554, 0.175266, 0.121809, 0.107733, 0.0959753, 0.0684391, 0.0415121, 0.011303, 0, 
28, 0, 0.208382, 0.184173, 0.129709, 0.116526, 0.104838, 0.0770151, 0.0501714, 0.018428, 0, 
29, 0, 0.217222, 0.193092, 0.137737, 0.125339, 0.11364, 0.0856776, 0.0589296, 0.0260738, 0.00476407, 
30, 0, 0.226071, 0.20202, 0.145986, 0.134168, 0.122423, 0.0944006, 0.0677743, 0.0340545, 0.0108923, 0, 
31, 0, 0.234926, 0.210861, 0.14614, 0.143012, 0.131309, 0.103168, 0.0766388, 0.0420352, 0.0179137, 0, 
32, 0, 0.243785, 0.21972, 0.148238, 0.151867, 0.140207, 0.112098, 0.0855195, 0.0509828, 0.0254948, 0.00503092, 
33, 0, 0.252647, 0.228678, 0.15202, 0.160693, 0.149116, 0.119805, 0.0944135, 0.0599382, 0.0334336, 0.0122095, 0, 
34, 0, 0.260776, 0.237645, 0.157241, 0.168941, 0.158035, 0.127922, 0.103318, 0.0688974, 0.0413725, 0.0201512, 0, 
35, 0, 0.269651, 0.246621, 0.163455, 0.177344, 0.166962, 0.136277, 0.112278, 0.0778579, 0.0491711, 0.0284467, 0.00265615, 
36, 0, 0.27856, 0.255602, 0.170304, 0.185853, 0.175936, 0.144787, 0.121244, 0.0868193, 0.0574492, 0.0369375, 0.00710457, 0, 
37, 0, 0.287485, 0.264587, 0.178281, 0.19444, 0.184888, 0.153397, 0.130181, 0.0957815, 0.0658533, 0.0454283, 0.0130141, 0, 
38, 0, 0.296416, 0.273586, 0.18151, 0.203085, 0.193803, 0.162078, 0.139124, 0.104758, 0.0743489, 0.0543315, 0.0199006, 0.00761788, 
39, 0, 0.305351, 0.282581, 0.185486, 0.211776, 0.202728, 0.17079, 0.148072, 0.113699, 0.082915, 0.0632411, 0.0273997, 0.0157566, 0, 
40, 0, 0.314288, 0.291565, 0.190945, 0.220718, 0.211661, 0.177708, 0.157024, 0.122643, 0.0915375, 0.0721575, 0.0348988, 0.0241597, 0, 
41, 0, 0.323181, 0.300554, 0.197426, 0.228879, 0.2206, 0.185512, 0.16598, 0.131591, 0.10024, 0.0810801, 0.0435992, 0.032717, 0.00899918, 
42, 0, 0.332061, 0.309545, 0.204558, 0.23725, 0.229544, 0.19371, 0.17496, 0.140542, 0.108366, 0.0900085, 0.0525178, 0.0413731, 0.0179984, 0, 
43, 0, 0.340981, 0.318537, 0.212106, 0.245751, 0.238537, 0.20212, 0.183955, 0.149496, 0.116692, 0.0989421, 0.0614407, 0.0500293, 0.0269975, 0, 
44, 0, 0.349921, 0.32753, 0.221042, 0.254339, 0.247529, 0.210661, 0.192922, 0.158452, 0.125132, 0.107867, 0.0703675, 0.0583784, 0.0359966, 0.00224404, 
45, 0, 0.358871, 0.33649, 0.229392, 0.262991, 0.256451, 0.219288, 0.201891, 0.167378, 0.133657, 0.116866, 0.0792978, 0.0669068, 0.0449957, 0.00628954, 0, 
46, 0, 0.367828, 0.345426, 0.235599, 0.271692, 0.26538, 0.227852, 0.210861, 0.176079, 0.142248, 0.125864, 0.0882313, 0.0755478, 0.0539948, 0.0119046, 0, 
47, 0, 0.37679, 0.35441, 0.242595, 0.280447, 0.274315, 0.234396, 0.219833, 0.184836, 0.150889, 0.134862, 0.0971894, 0.0842633, 0.0629756, 0.0186044, 0.00111915, 
48, 0, 0.385776, 0.363394, 0.250093, 0.288788, 0.283256, 0.242055, 0.228805, 0.193635, 0.159466, 0.14386, 0.106111, 0.0930301, 0.0719591, 0.0259882, 0.00385091, 0, 
49, 0, 0.394698, 0.372379, 0.257919, 0.29728, 0.292201, 0.250188, 0.237785, 0.202464, 0.166748, 0.152858, 0.115067, 0.101834, 0.0809442, 0.0333719, 0.00837127, 0, 
50, 0, 0.403647, 0.381363, 0.265967, 0.305868, 0.301158, 0.258567, 0.24677, 0.211317, 0.174788, 0.161856, 0.124027, 0.110627, 0.0899311, 0.0408531, 0.0143339, 0.00896189, 
51, 0, 0.412607, 0.390347, 0.274311, 0.31452, 0.310101, 0.267087, 0.255753, 0.220187, 0.182984, 0.170841, 0.132991, 0.118975, 0.0989191, 0.0487279, 0.0212558, 0.0179258, 0, 
52, 0, 0.421572, 0.399337, 0.28247, 0.32322, 0.319048, 0.275699, 0.264738, 0.229059, 0.191293, 0.179804, 0.141958, 0.127496, 0.107908, 0.056862, 0.0281776, 0.0268916, 0, 
53, 0, 0.43054, 0.408325, 0.290796, 0.331955, 0.328003, 0.283813, 0.273725, 0.237639, 0.199693, 0.18877, 0.150927, 0.136125, 0.116907, 0.0651743, 0.0366038, 0.0358591, 0.00683391, 
54, 0, 0.439509, 0.417313, 0.299284, 0.340563, 0.336966, 0.291056, 0.282714, 0.246307, 0.208168, 0.197737, 0.159917, 0.144827, 0.125885, 0.0736136, 0.0454338, 0.0448282, 0.0146416, 0, 
55, 0, 0.448441, 0.426304, 0.307894, 0.349075, 0.345933, 0.298987, 0.291704, 0.255037, 0.217097, 0.206706, 0.168794, 0.153581, 0.134827, 0.0821466, 0.0542788, 0.0537973, 0.0228728, 0, 
56, 0, 0.457389, 0.435297, 0.316582, 0.357669, 0.354904, 0.307247, 0.300702, 0.263812, 0.224023, 0.215676, 0.177463, 0.162374, 0.143774, 0.0906839, 0.0631362, 0.0627021, 0.0313287, 0.00655583, 
57, 0, 0.466343, 0.444292, 0.325317, 0.366319, 0.363904, 0.315693, 0.309702, 0.27262, 0.22963, 0.224646, 0.186194, 0.171155, 0.152724, 0.098634, 0.0720044, 0.0716066, 0.0399198, 0.0142588, 0, 
58, 0, 0.475298, 0.453288, 0.33424, 0.375012, 0.372903, 0.324256, 0.318695, 0.281455, 0.236198, 0.233606, 0.194972, 0.179343, 0.161678, 0.106835, 0.080882, 0.0805177, 0.0485109, 0.0224393, 0, 
59, 0, 0.484253, 0.462231, 0.343227, 0.383737, 0.381866, 0.332897, 0.327688, 0.290291, 0.243388, 0.242481, 0.203784, 0.187754, 0.170634, 0.115196, 0.0897445, 0.0894366, 0.0573375, 0.0308669, 0.00429907, 
60, 0, 0.493207, 0.471156, 0.351855, 0.39249, 0.390832, 0.341489, 0.336683, 0.298857, 0.250978, 0.251384, 0.212622, 0.196307, 0.179545, 0.12367, 0.0987065, 0.0983624, 0.066232, 0.0394403, 0.0112453, 0, 
61, 0, 0.502159, 0.48015, 0.360547, 0.401234, 0.399803, 0.349506, 0.345677, 0.307482, 0.258835, 0.260299, 0.221439, 0.204956, 0.188387, 0.132227, 0.107679, 0.107294, 0.075132, 0.0480138, 0.0190981, 0, 
62, 0, 0.511099, 0.489144, 0.369288, 0.409886, 0.408776, 0.357917, 0.354672, 0.316172, 0.26755, 0.269221, 0.22975, 0.21367, 0.197311, 0.140847, 0.116655, 0.116179, 0.0840393, 0.0568891, 0.0273523, 0.000839975, 
63, 0, 0.520072, 0.49814, 0.378065, 0.418633, 0.417751, 0.366488, 0.363631, 0.324915, 0.268382, 0.278148, 0.238374, 0.222432, 0.206236, 0.149671, 0.125632, 0.125064, 0.092954, 0.0657781, 0.035822, 0.00317598, 0, 
64, 0, 0.529066, 0.507136, 0.386869, 0.427418, 0.426645, 0.37515, 0.3726, 0.333699, 0.271973, 0.28708, 0.24707, 0.231247, 0.215166, 0.157265, 0.13461, 0.133961, 0.101875, 0.0746783, 0.0442918, 0.00731692, 0, 
65, 0, 0.538063, 0.516133, 0.394677, 0.436225, 0.435545, 0.38387, 0.381598, 0.342513, 0.277047, 0.296074, 0.255819, 0.239292, 0.2241, 0.165206, 0.14359, 0.142869, 0.110818, 0.0835883, 0.052491, 0.0130072, 0.000943165, 
66, 0, 0.54706, 0.525046, 0.403014, 0.445049, 0.444524, 0.392631, 0.390594, 0.351218, 0.283182, 0.304886, 0.264609, 0.247637, 0.233038, 0.17338, 0.152514, 0.151784, 0.119793, 0.0925071, 0.0609851, 0.0197592, 0.00504651, 0, 
67, 0, 0.556057, 0.53398, 0.411958, 0.453885, 0.453502, 0.401631, 0.399591, 0.359872, 0.290007, 0.31372, 0.273428, 0.256153, 0.24197, 0.181714, 0.161095, 0.160708, 0.128775, 0.101434, 0.0695927, 0.0265112, 0.011929, 0, 
68, 0, 0.565054, 0.542978, 0.420893, 0.462881, 0.46248, 0.409973, 0.408587, 0.368589, 0.297277, 0.322574, 0.282182, 0.264777, 0.25083, 0.19016, 0.169844, 0.169639, 0.137758, 0.110427, 0.0782636, 0.0337055, 0.0197583, 0.00823878, 
69, 0, 0.57392, 0.551975, 0.429828, 0.471589, 0.47146, 0.418494, 0.417584, 0.377352, 0.303329, 0.331441, 0.290542, 0.273472, 0.259736, 0.198688, 0.178627, 0.17859, 0.146744, 0.119412, 0.0869887, 0.0413987, 0.0280021, 0.01663, 0, 
70, 0, 0.582901, 0.560971, 0.438766, 0.480334, 0.48044, 0.427128, 0.426584, 0.38615, 0.306108, 0.340319, 0.299168, 0.282219, 0.268651, 0.206394, 0.187422, 0.187477, 0.155732, 0.128398, 0.0957575, 0.0494138, 0.0362459, 0.0251312, 0, 
71, 0, 0.591883, 0.569968, 0.447705, 0.489109, 0.489434, 0.435832, 0.435577, 0.394976, 0.311279, 0.349206, 0.307865, 0.29057, 0.277576, 0.21355, 0.196237, 0.196376, 0.16472, 0.137385, 0.104668, 0.0576453, 0.0450838, 0.0337143, 0.00166079, 
72, 0, 0.600866, 0.578965, 0.456705, 0.497907, 0.498397, 0.444581, 0.444574, 0.403826, 0.317564, 0.35802, 0.316608, 0.298688, 0.286508, 0.221182, 0.205072, 0.205287, 0.173642, 0.146373, 0.113137, 0.0660281, 0.0539824, 0.0423601, 0.00685587, 0, 
73, 0, 0.609849, 0.587959, 0.465588, 0.506721, 0.507372, 0.453362, 0.453571, 0.412588, 0.324621, 0.366808, 0.32539, 0.307063, 0.295447, 0.229128, 0.214021, 0.214206, 0.182637, 0.155361, 0.12168, 0.0745206, 0.0628792, 0.051006, 0.0140981, 0, 
74, 0, 0.61883, 0.596951, 0.474511, 0.515548, 0.51635, 0.46214, 0.46257, 0.42131, 0.332151, 0.375618, 0.334203, 0.315591, 0.304303, 0.237287, 0.222258, 0.223132, 0.191636, 0.164349, 0.130353, 0.0830499, 0.0717711, 0.0598714, 0.0220746, 0.00701042, 
75, 0, 0.627809, 0.605946, 0.483458, 0.524423, 0.525335, 0.470762, 0.471569, 0.430079, 0.339984, 0.384447, 0.342999, 0.324219, 0.31315, 0.245597, 0.230748, 0.232065, 0.200636, 0.173346, 0.139118, 0.0910459, 0.0806667, 0.0687386, 0.0303939, 0.014595, 
76, 0, 0.636805, 0.614943, 0.492435, 0.533169, 0.534324, 0.479457, 0.480569, 0.438883, 0.343817, 0.393291, 0.351364, 0.332915, 0.32208, 0.254019, 0.239376, 0.241028, 0.209635, 0.182335, 0.147933, 0.099272, 0.0895689, 0.0776124, 0.0389031, 0.0225448, 
77, 0, 0.645776, 0.623942, 0.501423, 0.54194, 0.543313, 0.488201, 0.489493, 0.447714, 0.350478, 0.402148, 0.36003, 0.341661, 0.331007, 0.262467, 0.2481, 0.249982, 0.218634, 0.191323, 0.15678, 0.107654, 0.0984783, 0.0864944, 0.0475296, 0.0307362, 
78, 0, 0.654745, 0.632942, 0.510415, 0.550731, 0.552135, 0.496982, 0.498478, 0.456567, 0.359012, 0.411017, 0.368753, 0.350379, 0.33993, 0.269217, 0.256881, 0.258943, 0.227632, 0.20031, 0.165651, 0.116147, 0.107394, 0.0953848, 0.0562342, 0.0390943, 
79, 0, 0.663713, 0.641942, 0.517887, 0.55954, 0.561081, 0.505791, 0.507478, 0.465437, 0.367424, 0.419816, 0.377514, 0.358364, 0.348854, 0.276648, 0.265699, 0.267909, 0.236629, 0.209296, 0.17454, 0.124723, 0.116317, 0.104283, 0.0649936, 0.0475716, 
80, 0, 0.67268, 0.650749, 0.526764, 0.568364, 0.570078, 0.514622, 0.516478, 0.474373, 0.375637, 0.428449, 0.386309, 0.366653, 0.357781, 0.284485, 0.274544, 0.276877, 0.245626, 0.218281, 0.183442, 0.13336, 0.125245, 0.113189, 0.0737932, 0.056137, 
81, 0, 0.681645, 0.659722, 0.535751, 0.577201, 0.579069, 0.523254, 0.525475, 0.483275, 0.3838, 0.437112, 0.395131, 0.375121, 0.366712, 0.292579, 0.28341, 0.285848, 0.254622, 0.227267, 0.192355, 0.142046, 0.134179, 0.122101, 0.0826231, 0.0647693, 
82, 0, 0.69061, 0.668718, 0.54475, 0.5859, 0.588049, 0.531662, 0.53447, 0.492198, 0.391979, 0.44581, 0.403976, 0.383703, 0.375648, 0.300845, 0.292292, 0.29482, 0.263618, 0.236253, 0.201277, 0.150771, 0.143117, 0.13102, 0.0914765, 0.0734536, 
83, 0, 0.699403, 0.677718, 0.55374, 0.594399, 0.597024, 0.540157, 0.543463, 0.501132, 0.400195, 0.45454, 0.412838, 0.392365, 0.384587, 0.309234, 0.301186, 0.303793, 0.272614, 0.24524, 0.210206, 0.159527, 0.15206, 0.139944, 0.100349, 0.0821792, 
84, 0, 0.70802, 0.686714, 0.562709, 0.602928, 0.605995, 0.548734, 0.552455, 0.510074, 0.408452, 0.463299, 0.421716, 0.401083, 0.39353, 0.317711, 0.310091, 0.312768, 0.28161, 0.254226, 0.219142, 0.168309, 0.161006, 0.148873, 0.109236, 0.090938, 
85, 0, 0.716614, 0.695706, 0.571658, 0.611502, 0.614963, 0.557382, 0.561446, 0.51902, 0.416744, 0.472084, 0.430606, 0.409844, 0.402476, 0.326257, 0.319004, 0.321743, 0.290605, 0.263213, 0.228083, 0.177112, 0.169955, 0.157806, 0.118135, 0.099724, 
86, 0, 0.72522, 0.704695, 0.580592, 0.620122, 0.623931, 0.566084, 0.570436, 0.527971, 0.425064, 0.480889, 0.439506, 0.418636, 0.411425, 0.334854, 0.327925, 0.330719, 0.2996, 0.2722, 0.237028, 0.185934, 0.178908, 0.166743, 0.127045, 0.108533, 
87, 0, 0.733853, 0.71368, 0.589512, 0.628784, 0.632898, 0.57483, 0.579425, 0.536924, 0.433404, 0.489713, 0.448415, 0.427454, 0.420378, 0.343492, 0.336852, 0.339695, 0.308595, 0.281187, 0.245978, 0.194771, 0.187863, 0.175684, 0.135964, 0.11736, 
88, 0, 0.742516, 0.722664, 0.598422, 0.637484, 0.641865, 0.58361, 0.588414, 0.54588, 0.441756, 0.498553, 0.457332, 0.436292, 0.429332, 0.352164, 0.345784, 0.348672, 0.31759, 0.290175, 0.254931, 0.203621, 0.196821, 0.184629, 0.144889, 0.126204, 
89, 0, 0.75121, 0.731646, 0.607322, 0.646215, 0.650832, 0.592417, 0.597402, 0.554839, 0.450109, 0.507407, 0.466255, 0.445146, 0.438289, 0.360862, 0.354721, 0.35765, 0.326585, 0.299163, 0.263887, 0.212482, 0.205781, 0.193576, 0.153821, 0.135061, 
90, 0, 0.759932, 0.740626, 0.616214, 0.654975, 0.659799, 0.601245, 0.60639, 0.563799, 0.458452, 0.516272, 0.475184, 0.454013, 0.447248, 0.369583, 0.363662, 0.366629, 0.33558, 0.308151, 0.272846, 0.221353, 0.214744, 0.202526, 0.162759, 0.14393, 
91, 0, 0.768678, 0.749605, 0.625098, 0.663757, 0.668767, 0.610091, 0.615377, 0.572761, 0.466774, 0.525148, 0.484118, 0.462892, 0.456209, 0.378321, 0.372607, 0.375608, 0.344574, 0.317139, 0.281808, 0.230233, 0.223708, 0.211479, 0.171701, 0.15281, 
92, 0, 0.777445, 0.758583, 0.633976, 0.67256, 0.677735, 0.618951, 0.624364, 0.581725, 0.475058, 0.534032, 0.493056, 0.47178, 0.465172, 0.387074, 0.381554, 0.384587, 0.353569, 0.326127, 0.290771, 0.239121, 0.232674, 0.220434, 0.180648, 0.161698, 
93, 0, 0.786231, 0.76756, 0.642846, 0.68138, 0.686703, 0.627822, 0.633351, 0.59069, 0.483283, 0.542925, 0.501998, 0.480675, 0.474136, 0.395839, 0.390504, 0.393567, 0.362563, 0.335116, 0.299737, 0.248015, 0.241642, 0.229391, 0.189598, 0.170594, 
94, 0, 0.795033, 0.776536, 0.65171, 0.690215, 0.695671, 0.636703, 0.642338, 0.599657, 0.491417, 0.551824, 0.510943, 0.489578, 0.483102, 0.404614, 0.399457, 0.402547, 0.371557, 0.344105, 0.308704, 0.256915, 0.250611, 0.238351, 0.198551, 0.179497, 
95, 0, 0.803849, 0.785511, 0.660568, 0.699063, 0.704639, 0.645592, 0.651324, 0.608625, 0.499414, 0.56073, 0.519891, 0.498486, 0.492069, 0.413396, 0.408412, 0.411528, 0.380551, 0.353094, 0.317673, 0.265821, 0.259581, 0.247312, 0.207507, 0.188407, 
96, 0, 0.812678, 0.794486, 0.669418, 0.707922, 0.713608, 0.654487, 0.66031, 0.617594, 0.507192, 0.569641, 0.528842, 0.507399, 0.501038, 0.422185, 0.417368, 0.420509, 0.389545, 0.362083, 0.326643, 0.274731, 0.268553, 0.256275, 0.216466, 0.197322, 
97, 0, 0.821516, 0.80346, 0.67826, 0.71679, 0.722578, 0.663388, 0.669296, 0.626564, 0.514606, 0.578558, 0.537795, 0.516316, 0.510007, 0.430979, 0.426326, 0.42949, 0.398539, 0.371073, 0.335614, 0.283646, 0.277526, 0.26524, 0.225427, 0.206242, 
98, 0, 0.830364, 0.812433, 0.687093, 0.725668, 0.731547, 0.672293, 0.678281, 0.635535, 0.521379, 0.587478, 0.54675, 0.525236, 0.518978, 0.439775, 0.435286, 0.438471, 0.407533, 0.380062, 0.344587, 0.292564, 0.286501, 0.274207, 0.23439, 0.215166, 
99, 0, 0.83922, 0.821405, 0.695915, 0.734553, 0.740516, 0.681202, 0.687266, 0.644508, 0.526992, 0.596403, 0.555708, 0.53416, 0.52795, 0.448573, 0.444247, 0.447453, 0.416527, 0.389052, 0.35356, 0.301486, 0.295476, 0.283174, 0.243355, 0.224095, 
100, 0, 0.848083, 0.830376, 0.704726, 0.743445, 0.749485, 0.690113, 0.696251, 0.653481, 0.530807, 0.605331, 0.564667, 0.543087, 0.536922, 0.457371, 0.453208, 0.456435, 0.425521, 0.398042, 0.362535, 0.310412, 0.304453, 0.292144, 0.252322, 0.233027, 
101, 0, 0.856951, 0.839347, 0.713521, 0.752342, 0.758455, 0.699026, 0.705235, 0.662455, 0.530807, 0.614263, 0.573627, 0.552016, 0.545896, 0.466168, 0.462171, 0.465418, 0.434515, 0.407032, 0.37151, 0.319339, 0.31343, 0.301114, 0.26129, 0.241962, 
102, 0, 0.865825, 0.848316, 0.7223, 0.761245, 0.767424, 0.707941, 0.714221, 0.67143, 0.530807, 0.623197, 0.582589, 0.560946, 0.55487, 0.474961, 0.471135, 0.4744, 0.443508, 0.416023, 0.380486, 0.32827, 0.322409, 0.310086, 0.27026, 0.250901, 
103, 0, 0.874703, 0.857284, 0.731068, 0.770153, 0.776397, 0.716856, 0.723207, 0.680405, 0.530807, 0.632135, 0.591553, 0.569879, 0.563845, 0.483749, 0.480099, 0.483383, 0.452502, 0.425013, 0.389462, 0.337203, 0.331388, 0.319059, 0.279231, 0.259842, 
104, 0, 0.883585, 0.866251, 0.739869, 0.779065, 0.785371, 0.725772, 0.732193, 0.689381, 0.530807, 0.641075, 0.600517, 0.578812, 0.572821, 0.49253, 0.489064, 0.492366, 0.461496, 0.434004, 0.398439, 0.346138, 0.340368, 0.328033, 0.288203, 0.268786, 
105, 0, 0.89247, 0.875223, 0.748664, 0.78798, 0.794345, 0.734687, 0.741179, 0.698358, 0.530807, 0.650017, 0.609483, 0.587747, 0.581797, 0.501301, 0.498029, 0.501348, 0.470489, 0.442995, 0.407417, 0.355074, 0.34935, 0.337008, 0.297177, 0.277732, 
106, 0, 0.901357, 0.884195, 0.75745, 0.7969, 0.80332, 0.743601, 0.750166, 0.707335, 0.530807, 0.658961, 0.618449, 0.596683, 0.590774, 0.510058, 0.506994, 0.510332, 0.479483, 0.451986, 0.416395, 0.364013, 0.358331, 0.345985, 0.306151, 0.28668, 
107, 0, 0.910247, 0.893167, 0.766224, 0.805822, 0.812295, 0.752514, 0.759152, 0.716313, 0.530807, 0.667908, 0.627416, 0.605619, 0.599752, 0.518798, 0.51596, 0.519315, 0.488477, 0.460978, 0.425373, 0.372953, 0.367314, 0.354962, 0.315126, 0.295631, 
108, 0, 0.919139, 0.90214, 0.774984, 0.814747, 0.821271, 0.761424, 0.768139, 0.725291, 0.530807, 0.676857, 0.636384, 0.614556, 0.60873, 0.527515, 0.524925, 0.528298, 0.49747, 0.469969, 0.434352, 0.381894, 0.376298, 0.36394, 0.324102, 0.304583, 
109, 0, 0.928032, 0.911113, 0.783725, 0.823675, 0.830248, 0.770332, 0.777126, 0.73427, 0.530807, 0.685807, 0.645353, 0.623494, 0.617709, 0.536202, 0.533891, 0.537281, 0.506464, 0.478961, 0.44333, 0.390837, 0.385282, 0.372919, 0.333079, 0.313536, 
110, 0, 0.936927, 0.920086, 0.792442, 0.832606, 0.839225, 0.779236, 0.786113, 0.743248, 0.530807, 0.69476, 0.654322, 0.632432, 0.626688, 0.544847, 0.542856, 0.546264, 0.515458, 0.487953, 0.452309, 0.399781, 0.394267, 0.381899, 0.342057, 0.322492, 
111, 0, 0.945824, 0.92906, 0.801128, 0.841539, 0.848203, 0.788138, 0.7951, 0.752227, 0.530807, 0.703714, 0.663292, 0.64137, 0.635668, 0.553434, 0.55182, 0.555248, 0.524452, 0.496945, 0.461288, 0.408725, 0.403253, 0.39088, 0.351035, 0.331448, 
112, 0, 0.954722, 0.938034, 0.809769, 0.850476, 0.857181, 0.797036, 0.804087, 0.761206, 0.530807, 0.712671, 0.672262, 0.65031, 0.644648, 0.561938, 0.560784, 0.564231, 0.533446, 0.505937, 0.470267, 0.417671, 0.412239, 0.399862, 0.360014, 0.340407, 
113, 0, 0.963623, 0.947008, 0.818348, 0.859415, 0.86616, 0.805931, 0.813075, 0.770185, 0.530807, 0.72163, 0.681233, 0.659251, 0.653628, 0.570317, 0.569747, 0.573214, 0.54244, 0.51493, 0.479245, 0.426617, 0.421226, 0.408844, 0.368994, 0.349366, 
114, 0, 0.972528, 0.955983, 0.82683, 0.868358, 0.875139, 0.814827, 0.822063, 0.779162, 0.530807, 0.730592, 0.690204, 0.668195, 0.66261, 0.578492, 0.578708, 0.582197, 0.551434, 0.523923, 0.488224, 0.435564, 0.430214, 0.417827, 0.377974, 0.358326, 
115, 0, 0.981438, 0.964957, 0.835155, 0.877306, 0.884119, 0.823727, 0.831051, 0.788139, 0.530807, 0.739557, 0.699175, 0.677142, 0.671591, 0.586308, 0.587669, 0.59118, 0.560428, 0.532915, 0.497202, 0.444512, 0.439203, 0.426811, 0.386955, 0.367288, 
116, 0, 0.990358, 0.973932, 0.843184, 0.886259, 0.8931, 0.832641, 0.840039, 0.797113, 0.530807, 0.748525, 0.708147, 0.686094, 0.680573, 0.593428, 0.596627, 0.600163, 0.569422, 0.541909, 0.506179, 0.45346, 0.448193, 0.435796, 0.395936, 0.376251, 
117, 0, 0.999291, 0.982907, 0.850555, 0.89522, 0.902081, 0.841585, 0.849027, 0.806085, 0.530807, 0.757498, 0.717118, 0.695047, 0.689555, 0.599109, 0.605583, 0.609146, 0.578417, 0.550902, 0.515157, 0.462408, 0.457183, 0.444782, 0.404917, 0.385214, 
118, 0, 1.00824, 0.991883, 0.856121, 0.904191, 0.911062, 0.850572, 0.858016, 0.815052, 0.530807, 0.766474, 0.72609, 0.703988, 0.698538, 0.599109, 0.614537, 0.618128, 0.587412, 0.559896, 0.524133, 0.471357, 0.466173, 0.453768, 0.413899, 0.394179, 
119, 0, 1.01722, 1.00086, 0.856121, 0.913173, 0.920044, 0.859528, 0.867005, 0.824014, 0.530807, 0.775451, 0.735061, 0.712832, 0.707521, 0.599109, 0.623488, 0.627111, 0.596407, 0.568889, 0.533109, 0.480305, 0.475165, 0.462755, 0.422881, 0.403144, 
120, 0, 1.02622, 1.00984, 0.856121, 0.922166, 0.929027, 0.867649, 0.875995, 0.832976, 0.530807, 0.784411, 0.744033, 0.721646, 0.716505, 0.599109, 0.632434, 0.636093, 0.605402, 0.577883, 0.542084, 0.489254, 0.484157, 0.471743, 0.431864, 0.41211, 
121, 0, 1.03521, 1.01882, 0.856121, 0.931164, 0.93801, 0.873961, 0.884985, 0.841961, 0.530807, 0.793371, 0.753004, 0.730409, 0.725489, 0.599109, 0.641376, 0.645075, 0.614398, 0.586878, 0.551058, 0.498203, 0.49315, 0.480731, 0.440847, 0.421076, 
122, 0, 1.04417, 1.02781, 0.856121, 0.940164, 0.946994, 0.87553, 0.893975, 0.850945, 0.530807, 0.802332, 0.761975, 0.739081, 0.734473, 0.599109, 0.650312, 0.654057, 0.623394, 0.595872, 0.560031, 0.507151, 0.502144, 0.48972, 0.44983, 0.430044, 
123, 0, 1.05309, 1.03679, 0.856121, 0.94911, 0.955978, 0.87553, 0.902965, 0.859929, 0.530807, 0.811293, 0.770945, 0.747554, 0.743457, 0.605627, 0.659241, 0.663038, 0.63239, 0.604867, 0.569003, 0.516099, 0.511138, 0.49871, 0.458814, 0.439012, 
124, 0, 1.06193, 1.04577, 0.856121, 0.958056, 0.964963, 0.87653, 0.911956, 0.868913, 0.530807, 0.820254, 0.779915, 0.755198, 0.752442, 0.605627, 0.668161, 0.672019, 0.641386, 0.613862, 0.577974, 0.525047, 0.520133, 0.507701, 0.467797, 0.44798, 
125, 0, 1.07076, 1.05476, 0.856121, 0.966999, 0.973949, 0.879958, 0.920947, 0.877898, 0.530807, 0.829197, 0.788883, 0.755198, 0.761428, 0.605627, 0.677068, 0.681, 0.650383, 0.622857, 0.586942, 0.533994, 0.529129, 0.516692, 0.476781, 0.456949, 
126, 0, 1.07954, 1.06374, 0.856121, 0.975925, 0.982935, 0.879958, 0.929939, 0.886895, 0.530807, 0.838137, 0.797851, 0.755198, 0.770413, 0.605627, 0.68596, 0.68998, 0.65938, 0.631853, 0.595909, 0.54294, 0.538126, 0.525684, 0.485766, 0.465919, 
127, 0, 1.08811, 1.07273, 0.856121, 0.984864, 0.991922, 0.881069, 0.938931, 0.89589, 0.530807, 0.847082, 0.806817, 0.755198, 0.779399, 0.605627, 0.694832, 0.69896, 0.668378, 0.640849, 0.604874, 0.551886, 0.547123, 0.534676, 0.49475, 0.474889, 
128, 0, 1.09681, 1.08171, 0.856121, 0.993604, 1.00091, 0.885492, 0.947923, 0.904884, 0.530807, 0.856029, 0.815781, 0.755198, 0.788386, 0.605627, 0.703674, 0.707939, 0.677376, 0.649845, 0.613837, 0.56083, 0.55612, 0.543669, 0.503735, 0.483859, 
129, 0, 1.1029, 1.0907, 0.856121, 1.00239, 1.0099, 0.89031, 0.956916, 0.913877, 0.530807, 0.86498, 0.824742, 0.755198, 0.797372, 0.605627, 0.712474, 0.716918, 0.686374, 0.658842, 0.622797, 0.569774, 0.565118, 0.552663, 0.512719, 0.49283, 
130, 0, 1.10989, 1.09969, 0.856121, 1.01117, 1.01889, 0.89031, 0.965909, 0.922869, 0.530807, 0.873933, 0.833699, 0.755198, 0.806358, 0.605627, 0.721209, 0.725896, 0.695372, 0.667839, 0.631754, 0.578716, 0.574117, 0.561657, 0.521704, 0.501801, 
131, 0, 1.11667, 1.10868, 0.856121, 1.02007, 1.02788, 0.89031, 0.974903, 0.93186, 0.530807, 0.88289, 0.842651, 0.755198, 0.815345, 0.605627, 0.729836, 0.734873, 0.704371, 0.676836, 0.640709, 0.587657, 0.583116, 0.570652, 0.530689, 0.510773, 
132, 0, 1.12523, 1.11767, 0.856121, 1.02897, 1.03687, 0.89031, 0.983896, 0.940849, 0.530807, 0.891849, 0.851596, 0.755198, 0.824331, 0.605627, 0.738259, 0.74385, 0.71337, 0.685833, 0.649659, 0.596596, 0.592116, 0.579648, 0.539674, 0.519745, 
133, 0, 1.13368, 1.12665, 0.856121, 1.03788, 1.04585, 0.89031, 0.99289, 0.949837, 0.530807, 0.900811, 0.860528, 0.755198, 0.833317, 0.605627, 0.746231, 0.752826, 0.72237, 0.694831, 0.658606, 0.605533, 0.601116, 0.588644, 0.548659, 0.528717, 
134, 0, 1.14189, 1.13564, 0.856121, 1.04679, 1.05484, 0.89031, 1.00188, 0.958823, 0.530807, 0.909775, 0.86944, 0.755198, 0.842301, 0.605627, 0.752962, 0.761802, 0.73137, 0.703829, 0.667549, 0.614467, 0.610115, 0.597641, 0.557645, 0.537689, 
135, 0, 1.1493, 1.14463, 0.856121, 1.05571, 1.06383, 0.89031, 1.01088, 0.967807, 0.530807, 0.918741, 0.878308, 0.755198, 0.851282, 0.605627, 0.752962, 0.770776, 0.740369, 0.712828, 0.676487, 0.6234, 0.619115, 0.606638, 0.56663, 0.546661, 
136, 0, 1.1493, 1.15361, 0.856121, 1.06463, 1.07282, 0.89031, 1.01987, 0.976788, 0.530807, 0.92771, 0.88705, 0.760404, 0.860241, 0.605627, 0.752962, 0.77975, 0.749369, 0.721826, 0.685421, 0.632329, 0.628115, 0.615636, 0.575615, 0.555634, 
137, 0, 1.1493, 1.1626, 0.856121, 1.07356, 1.0818, 0.89031, 1.02886, 0.985766, 0.530807, 0.936702, 0.894897, 0.760404, 0.869204, 0.605627, 0.752962, 0.788723, 0.758369, 0.730825, 0.694349, 0.641254, 0.637115, 0.624634, 0.584601, 0.564607, 
138, 0, 1.1493, 1.17157, 0.856121, 1.0825, 1.09078, 0.89031, 1.03784, 0.994692, 0.539724, 0.945675, 0.902807, 0.760404, 0.878168, 0.605627, 0.752962, 0.797695, 0.767369, 0.739824, 0.703271, 0.650176, 0.646114, 0.633633, 0.593586, 0.57358, 
139, 0, 1.1493, 1.18053, 0.856121, 1.09144, 1.09974, 0.89031, 1.04673, 1.00367, 0.539724, 0.954649, 0.910679, 0.760404, 0.887134, 0.605627, 0.752962, 0.806665, 0.776369, 0.748824, 0.712187, 0.659094, 0.655111, 0.642632, 0.602572, 0.582553, 
140, 0, 1.1493, 1.18945, 0.863962, 1.10043, 1.10828, 0.89031, 1.05568, 1.01264, 0.539724, 0.963626, 0.918381, 0.760404, 0.896101, 0.605627, 0.755413, 0.815635, 0.785368, 0.757824, 0.721095, 0.668006, 0.664108, 0.651631, 0.611557, 0.591526, 
141, 0, 1.15537, 1.19717, 0.871883, 1.10938, 1.11715, 0.89031, 1.06464, 1.0216, 0.539724, 0.972605, 0.925657, 0.760404, 0.905058, 0.605627, 0.755413, 0.824603, 0.794367, 0.766823, 0.729997, 0.676911, 0.673102, 0.660631, 0.620542, 0.600499, 
142, 0, 1.15537, 1.20532, 0.880748, 1.11833, 1.12603, 0.89031, 1.0736, 1.03056, 0.539724, 0.981585, 0.929743, 0.760404, 0.914028, 0.605627, 0.755413, 0.83357, 0.803366, 0.775823, 0.73889, 0.68581, 0.682095, 0.669631, 0.629527, 0.609472, 
143, 0, 1.15537, 1.21411, 0.880748, 1.12729, 1.13493, 0.89031, 1.08256, 1.03951, 0.54768, 0.990568, 0.929743, 0.760404, 0.922998, 0.605627, 0.755447, 0.842536, 0.812364, 0.784823, 0.747775, 0.694699, 0.691085, 0.678631, 0.638513, 0.618445, 
144, 0, 1.15537, 1.22175, 0.880748, 1.13625, 1.14383, 0.89031, 1.09144, 1.04845, 0.54768, 0.999552, 0.938487, 0.76717, 0.931967, 0.612319, 0.75618, 0.851501, 0.821361, 0.793823, 0.75665, 0.703578, 0.700072, 0.687631, 0.647498, 0.627418, 
145, 0, 1.15537, 1.22976, 0.880748, 1.14522, 1.15238, 0.89031, 1.10042, 1.05739, 0.54768, 1.00855, 0.938487, 0.76717, 0.940931, 0.612319, 0.758054, 0.860464, 0.830358, 0.802823, 0.765515, 0.712444, 0.709057, 0.696631, 0.656483, 0.636391, 
146, 0, 1.15537, 1.23802, 0.888501, 1.15419, 1.16136, 0.89031, 1.1094, 1.06613, 0.54768, 1.0175, 0.938487, 0.76717, 0.949888, 0.612319, 0.758054, 0.869426, 0.839354, 0.811823, 0.774369, 0.721293, 0.718039, 0.705631, 0.665467, 0.645363, 
147, 0, 1.15537, 1.24519, 0.896611, 1.16317, 1.17036, 0.893216, 1.11838, 1.07513, 0.54768, 1.02649, 0.938487, 0.76717, 0.958851, 0.612319, 0.758054, 0.878386, 0.848351, 0.820823, 0.783209, 0.730121, 0.727017, 0.71463, 0.674452, 0.654336, 
148, 0, 1.15537, 1.25401, 0.903501, 1.17213, 1.17933, 0.902132, 1.12734, 1.08403, 0.54768, 1.03549, 0.938487, 0.76717, 0.96781, 0.612319, 0.758054, 0.887346, 0.857349, 0.829822, 0.792035, 0.73892, 0.735992, 0.72363, 0.683436, 0.663309, 
149, 0, 1.15537, 1.26227, 0.903501, 1.18081, 1.18825, 0.902132, 1.13629, 1.09291, 0.54768, 1.04448, 0.938487, 0.76717, 0.97676, 0.612319, 0.758054, 0.896304, 0.866347, 0.838821, 0.800844, 0.747681, 0.744965, 0.732628, 0.69242, 0.672281, 
150, 0, 1.16139, 1.27121, 0.903501, 1.18981, 1.19709, 0.909202, 1.14525, 1.10177, 0.54768, 1.05347, 0.938487, 0.76717, 0.9857, 0.612319, 0.758054, 0.905261, 0.875346, 0.84782, 0.809633, 0.756388, 0.753933, 0.741627, 0.701404, 0.681253, 
151, 0, 1.16139, 1.27928, 0.91249, 1.1985, 1.20599, 0.909202, 1.15419, 1.11061, 0.54768, 1.06246, 0.947248, 0.76717, 0.994623, 0.612319, 0.758054, 0.914216, 0.884345, 0.856818, 0.818396, 0.765011, 0.762899, 0.750625, 0.710388, 0.690224, 
152, 0, 1.16929, 1.28565, 0.91249, 1.20749, 1.2148, 0.909202, 1.16312, 1.1194, 0.555098, 1.07146, 0.947248, 0.76717, 1.00352, 0.612319, 0.758054, 0.923172, 0.893345, 0.865816, 0.827128, 0.773497, 0.771862, 0.759622, 0.719371, 0.699196, 
153, 0, 1.16929, 1.28565, 0.91249, 1.21646, 1.22347, 0.909202, 1.172, 1.12816, 0.555098, 1.08045, 0.947248, 0.76717, 1.01239, 0.612319, 0.758054, 0.932127, 0.902345, 0.874814, 0.835815, 0.781734, 0.780822, 0.768618, 0.728354, 0.708166, 
154, 0, 1.16929, 1.29232, 0.91249, 1.22537, 1.23205, 0.909202, 1.18086, 1.13686, 0.56374, 1.08944, 0.95446, 0.76717, 1.02122, 0.612319, 0.758054, 0.941082, 0.911344, 0.88381, 0.84444, 0.789441, 0.78978, 0.777613, 0.737336, 0.717137, 
155, 0, 1.16929, 1.29725, 0.91249, 1.22537, 1.24, 0.909202, 1.18945, 1.14548, 0.56374, 1.09844, 0.960131, 0.76717, 1.03, 0.612319, 0.764548, 0.950038, 0.920344, 0.892806, 0.852966, 0.795797, 0.798735, 0.786607, 0.746318, 0.726107, 
156, 0, 1.16929, 1.29725, 0.919645, 1.22537, 1.24564, 0.909202, 1.1983, 1.15401, 0.570052, 1.10742, 0.966124, 0.76717, 1.03819, 0.612319, 0.764548, 0.958993, 0.929343, 0.9018, 0.861316, 0.795797, 0.807689, 0.7956, 0.755299, 0.735076, 
157, 0, 1.16929, 1.30234, 0.926131, 1.22537, 1.25448, 0.909202, 1.20688, 1.16237, 0.575849, 1.11641, 0.975122, 0.76717, 1.04701, 0.612319, 0.764548, 0.967942, 0.93832, 0.910763, 0.869293, 0.795797, 0.816641, 0.804591, 0.76428, 0.744045, 
158, 0, 1.16929, 1.3098, 0.926131, 1.22537, 1.2612, 0.909202, 1.21533, 1.17043, 0.584494, 1.12538, 0.975122, 0.76717, 1.05586, 0.612319, 0.764548, 0.976796, 0.947155, 0.919721, 0.876228, 0.795797, 0.825592, 0.81358, 0.77326, 0.753012, 
159, 0, 1.16929, 1.31337, 0.930566, 1.22594, 1.26779, 0.909202, 1.22169, 1.17043, 0.587965, 1.13434, 0.975122, 0.76717, 1.06482, 0.620904, 0.767664, 0.985648, 0.955561, 0.928672, 0.876228, 0.795797, 0.834541, 0.822568, 0.782239, 0.761979, 
160, 0, 1.16929, 1.31775, 0.937363, 1.22996, 1.27271, 0.909202, 1.23048, 1.17043, 0.587965, 1.14331, 0.983255, 0.776164, 1.07271, 0.620904, 0.773697, 0.994498, 0.96335, 0.937617, 0.876228, 0.795797, 0.843491, 0.831554, 0.791218, 0.770946, 
161, 0, 1.16929, 1.32489, 0.945819, 1.22996, 1.28067, 0.909202, 1.23938, 1.17043, 0.594044, 1.15223, 0.991002, 0.776164, 1.07862, 0.620904, 0.781367, 1.00334, 0.971276, 0.946555, 0.876228, 0.795797, 0.85244, 0.840537, 0.800195, 0.779911, 
162, 0, 1.16929, 1.33359, 0.954, 1.22996, 1.28913, 0.909202, 1.24838, 1.17522, 0.602847, 1.1611, 0.999351, 0.776164, 1.08604, 0.620904, 0.789002, 1.01218, 0.979294, 0.955483, 0.876228, 0.795797, 0.861389, 0.849519, 0.809171, 0.788875, 
163, 0, 1.16929, 1.34194, 0.961876, 1.22996, 1.29813, 0.913461, 1.25055, 1.18108, 0.611729, 1.16997, 1.00557, 0.776164, 1.09428, 0.620904, 0.796527, 1.02101, 0.987371, 0.964402, 0.876228, 0.795797, 0.870339, 0.858498, 0.818145, 0.797837, 
164, 0, 1.16929, 1.34983, 0.961876, 1.23687, 1.3048, 0.918976, 1.25153, 1.18701, 0.619686, 1.17881, 1.01065, 0.776164, 1.10255, 0.620904, 0.803817, 1.02984, 0.99548, 0.973309, 0.876228, 0.795797, 0.87929, 0.867474, 0.827118, 0.806798, 
165, 0, 1.16929, 1.35405, 0.970542, 1.24389, 1.31299, 0.92408, 1.25674, 1.19248, 0.626708, 1.18764, 1.0164, 0.784912, 1.11068, 0.620904, 0.81063, 1.03864, 1.00359, 0.982202, 0.876228, 0.795797, 0.888242, 0.876447, 0.836089, 0.815758, 
166, 0, 1.17818, 1.36186, 0.979425, 1.25017, 1.32011, 0.92854, 1.26425, 1.19701, 0.633722, 1.19639, 1.02316, 0.784912, 1.11862, 0.620904, 0.816432, 1.04743, 1.01168, 0.991078, 0.876228, 0.795797, 0.897195, 0.885417, 0.845058, 0.824715, 
167, 0, 1.17818, 1.3698, 0.987961, 1.25017, 1.32722, 0.932214, 1.26914, 1.20049, 0.641227, 1.20511, 1.03074, 0.784912, 1.12635, 0.620904, 0.816432, 1.0562, 1.01972, 0.999935, 0.876228, 0.795797, 0.906151, 0.894384, 0.854024, 0.833671, 
168, 0, 1.17818, 1.37829, 0.996467, 1.25017, 1.3362, 0.939888, 1.27743, 1.20311, 0.649276, 1.2138, 1.03899, 0.784912, 1.13325, 0.628297, 0.816432, 1.06493, 1.02765, 1.00877, 0.876228, 0.795797, 0.915109, 0.903347, 0.862987, 0.842624, 
169, 0, 1.18273, 1.38684, 1.00547, 1.25454, 1.33629, 0.946031, 1.28585, 1.20721, 0.65783, 1.22243, 1.04796, 0.784912, 1.14037, 0.628297, 0.816432, 1.07361, 1.0354, 1.01757, 0.876228, 0.795797, 0.92407, 0.912306, 0.871945, 0.851573, 
170, 0, 1.19039, 1.39489, 1.0055, 1.26184, 1.34529, 0.950372, 1.29473, 1.20721, 0.66681, 1.23136, 1.05688, 0.784912, 1.1476, 0.628297, 0.816432, 1.08222, 1.04283, 1.02633, 0.876228, 0.795797, 0.933036, 0.921261, 0.880899, 0.86052, 
171, 0, 1.19881, 1.39538, 1.01431, 1.26184, 1.34906, 0.950372, 1.3037, 1.20823, 0.675744, 1.23962, 1.06568, 0.784912, 1.15486, 0.628297, 0.816432, 1.09073, 1.04971, 1.03503, 0.876228, 0.795797, 0.942007, 0.93021, 0.889845, 0.869462, 
172, 0, 1.19881, 1.40243, 1.02279, 1.26184, 1.35589, 0.956334, 1.31261, 1.20823, 0.684569, 1.24758, 1.07411, 0.784912, 1.16208, 0.628297, 0.816432, 1.09906, 1.05558, 1.04364, 0.876228, 0.795797, 0.950988, 0.939153, 0.898782, 0.8784, 
173, 0, 1.20258, 1.40754, 1.03102, 1.26592, 1.36355, 0.959677, 1.32128, 1.20823, 0.693144, 1.25491, 1.08126, 0.784912, 1.16919, 0.628297, 0.816432, 1.10709, 1.05986, 1.05213, 0.876228, 0.795797, 0.959982, 0.948089, 0.907707, 0.887332, 
174, 0, 1.21156, 1.41508, 1.03961, 1.27084, 1.37224, 0.959677, 1.32955, 1.20823, 0.701153, 1.26063, 1.08126, 0.784912, 1.17612, 0.628297, 0.816432, 1.11461, 1.06256, 1.0604, 0.876228, 0.795797, 0.959982, 0.957015, 0.916613, 0.896256, 
175, 0, 1.21857, 1.42225, 1.0486, 1.27084, 1.38123, 0.959677, 1.33726, 1.20823, 0.707624, 1.26063, 1.08126, 0.784912, 1.18278, 0.628297, 0.819302, 1.12119, 1.06256, 1.06825, 0.876228, 0.795797, 0.959982, 0.965927, 0.92549, 0.905172, 
176, 0, 1.22327, 1.43048, 1.05749, 1.27084, 1.38983, 0.959677, 1.34388, 1.20823, 0.713165, 1.26063, 1.09002, 0.784912, 1.18931, 0.628297, 0.819302, 1.12639, 1.06256, 1.0752, 0.876228, 0.795797, 0.959982, 0.974818, 0.934316, 0.914076, 
177, 0, 1.22327, 1.43924, 1.06604, 1.27084, 1.39734, 0.959677, 1.35053, 1.20823, 0.71865, 1.26063, 1.09002, 0.784912, 1.19488, 0.632334, 0.819302, 1.13054, 1.06256, 1.08031, 0.876228, 0.795797, 0.959982, 0.983671, 0.943041, 0.922965, 
178, 0, 1.22327, 1.44822, 1.07442, 1.27084, 1.4047, 0.959677, 1.35785, 1.20823, 0.71865, 1.26063, 1.09002, 0.784912, 1.19488, 0.632334, 0.819302, 1.13446, 1.06256, 1.08031, 0.876228, 0.795797, 0.959982, 0.992444, 0.951501, 0.931834, 
179, 0, 1.225, 1.45693, 1.08266, 1.27084, 1.41135, 0.959677, 1.36477, 1.20823, 0.726798, 1.26063, 1.09642, 0.784912, 1.19488, 0.635644, 0.819302, 1.13814, 1.06256, 1.08031, 0.876228, 0.795797, 0.959982, 1.00094, 0.958849, 0.940675, 
180, 0, 1.225, 1.46569, 1.08965, 1.27084, 1.41869, 0.959677, 1.37091, 1.21092, 0.732748, 1.26063, 1.10226, 0.784912, 1.19488, 0.639902, 0.819302, 1.13814, 1.06256, 1.08032, 0.876228, 0.795797, 0.959982, 1.00094, 0.958849, 0.949472, 
181, 0, 1.225, 1.4746, 1.09793, 1.27084, 1.42693, 0.968622, 1.37979, 1.21092, 0.73901, 1.26063, 1.10577, 0.7913, 1.19488, 0.643444, 0.819302, 1.14557, 1.06256, 1.08096, 0.876228, 0.795797, 0.959982, 1.00094, 0.958849, 0.958201, 
182, 0, 1.225, 1.48353, 1.10663, 1.27402, 1.4303, 0.968622, 1.38795, 1.21154, 0.74441, 1.26917, 1.10577, 0.796376, 1.19488, 0.648029, 0.819302, 1.14557, 1.06256, 1.08096, 0.876228, 0.795797, 0.959982, 1.00094, 0.958849, 0.966806, 
183, 0, 1.225, 1.49226, 1.11386, 1.27425, 1.43735, 0.968622, 1.39479, 1.21154, 0.747827, 1.27766, 1.10577, 0.79945, 1.19572, 0.648029, 0.819302, 1.14641, 1.06256, 1.08096, 0.876228, 0.795797, 0.959982, 1.00094, 0.958849, 0.975153, 
184, 0, 1.225, 1.50126, 1.12188, 1.28249, 1.44235, 0.968622, 1.39969, 1.21984, 0.749571, 1.27766, 1.10577, 0.804744, 1.19572, 0.653531, 0.827105, 1.14641, 1.06256, 1.08096, 0.876228, 0.795797, 0.959982, 1.00094, 0.958849, 0.982798, 
185, 0, 1.23348, 1.51024, 1.129, 1.2908, 1.44254, 0.971826, 1.40314, 1.21984, 0.751864, 1.28654, 1.10577, 0.809365, 1.20279, 0.653531, 0.834115, 1.14641, 1.06256, 1.08096, 0.876228, 0.795797, 0.959982, 1.00094, 0.958849, 0.982798, 
186, 0, 1.24109, 1.51923, 1.13082, 1.2908, 1.44254, 0.971826, 1.40314, 1.22749, 0.751864, 1.28654, 1.11014, 0.809365, 1.20853, 0.653531, 0.839112, 1.14641, 1.06256, 1.08409, 0.876228, 0.795797, 0.959982, 1.00094, 0.958849, 0.982798, 
187, 0, 1.249, 1.52766, 1.1355, 1.2908, 1.44254, 0.97635, 1.40314, 1.23254, 0.756361, 1.29422, 1.11586, 0.809365, 1.21244, 0.653531, 0.839112, 1.14641, 1.06256, 1.08409, 0.876228, 0.795797, 0.959982, 1.00094, 0.958849, 0.982798, 
188, 0, 1.249, 1.53565, 1.14265, 1.29979, 1.44325, 0.981341, 1.40314, 1.23254, 0.760932, 1.29422, 1.12193, 0.809365, 1.21244, 0.653531, 0.839112, 1.14641, 1.06256, 1.08409, 0.876228, 0.795797, 0.959982, 1.00094, 0.958849, 0.982798, 
189, 0, 1.25792, 1.54401, 1.14268, 1.30802, 1.44325, 0.984764, 1.40314, 1.23254, 0.765746, 1.29422, 1.12857, 0.809365, 1.21244, 0.653531, 0.839112, 1.14916, 1.06256, 1.08409, 0.876228, 0.795797, 0.959982, 1.00094, 0.958849, 0.982798, 
190, 0, 1.26382, 1.54401, 1.14268, 1.31557, 1.44325, 0.988292, 1.40325, 1.23254, 0.771323, 1.29422, 1.13472, 0.809908, 1.21244, 0.662372, 0.839112, 1.15445, 1.06256, 1.08409, 0.876228, 0.795797, 0.959982, 1.00094, 0.958849, 0.982798, 
191, 0, 1.26947, 1.5513, 1.14268, 1.322, 1.44388, 0.993797, 1.40395, 1.23254, 0.777129, 1.30303, 1.13981, 0.818609, 1.21244, 0.670871, 0.839112, 1.15996, 1.06256, 1.08409, 0.876228, 0.795797, 0.959982, 1.00094, 0.958849, 0.982798, 
192, 0, 1.27464, 1.55801, 1.14268, 1.32859, 1.45025, 0.998921, 1.40753, 1.23254, 0.782869, 1.30981, 1.13981, 0.826298, 1.21244, 0.670871, 0.839112, 1.16489, 1.06256, 1.08409, 0.876228, 0.795797, 0.959982, 1.00094, 0.958849, 0.982798, 
193, 0, 1.2805, 1.55801, 1.14981, 1.3335, 1.45731, 1.00175, 1.41374, 1.23818, 0.788319, 1.31681, 1.13981, 0.826298, 1.21244, 0.670871, 0.839112, 1.16489, 1.06256, 1.08409, 0.876228, 0.795797, 0.959982, 1.00094, 0.958849, 0.982798, 
194, 0, 1.28592, 1.56538, 1.15708, 1.3335, 1.4648, 1.01058, 1.42092, 1.23818, 0.788319, 1.32486, 1.13981, 0.826298, 1.21244, 0.670871, 0.839112, 1.16489, 1.06256, 1.08409, 0.876228, 0.795797, 0.959982, 1.00094, 0.958849, 0.982798, 
195, 0, 1.28635, 1.57256, 1.16437, 1.34025, 1.47282, 1.01955, 1.42857, 1.24619, 0.788319, 1.32486, 1.13981, 0.834826, 1.21244, 0.670871, 0.839112, 1.16489, 1.06256, 1.08409, 0.876228, 0.795797, 0.959982, 1.00094, 0.958849, 0.982798, 
196, 0, 1.2952, 1.5792, 1.17243, 1.34665, 1.48072, 1.02582, 1.43583, 1.25389, 0.788319, 1.33054, 1.13981, 0.834826, 1.21244, 0.670871, 0.839112, 1.16489, 1.06256, 1.08409, 0.876228, 0.795797, 0.959982, 1.00094, 0.958849, 0.982798, 
197, 0, 1.30411, 1.5869, 1.18046, 1.35208, 1.48832, 1.03156, 1.44221, 1.25389, 0.788319, 1.33663, 1.13981, 0.834826, 1.21244, 0.670871, 0.839112, 1.16489, 1.06256, 1.08409, 0.876228, 0.795797, 0.959982, 1.00094, 0.958849, 0.982798, 
198, 0, 1.31254, 1.5947, 1.1881, 1.36098, 1.49536, 1.03652, 1.44681, 1.25958, 0.788319, 1.33663, 1.13981, 0.834826, 1.21244, 0.670871, 0.839112, 1.16489, 1.06256, 1.08409, 0.876228, 0.795797, 0.959982, 1.00094, 0.958849, 0.982798, 
199, 0, 1.31891, 1.60217, 1.19521, 1.36564, 1.50138, 1.04342, 1.44681, 1.26537, 0.788319, 1.33663, 1.13981, 0.834826, 1.21244, 0.670871, 0.839112, 1.16489, 1.06256, 1.08409, 0.876228, 0.795797, 0.959982, 1.00094, 0.958849, 0.982798, 
200, 0, 1.31891, 1.60937, 1.20185, 1.37432, 1.50579, 1.05031, 1.44681, 1.26537, 0.788319, 1.33663, 1.13981, 0.834826, 1.21244, 0.670871, 0.839112, 1.16489, 1.06256, 1.08409, 0.876228, 0.795797, 0.959982, 1.00094, 0.958849, 0.982798, 
201, 0, 1.3279, 1.61666, 1.20875, 1.38263, 1.50579, 1.05641, 1.44681, 1.26537, 0.788319, 1.33663, 1.13981, 0.834826, 1.21244, 0.670871, 0.839112, 1.16489, 1.06256, 1.08409, 0.876228, 0.795797, 0.959982, 1.00094, 0.958849, 0.982798, 
202, 0, 1.3368, 1.62469, 1.21393, 1.3911, 1.50579, 1.06231, 1.44681, 1.26537, 0.788319, 1.33663, 1.13981, 0.834826, 1.21244, 0.670871, 0.839112, 1.16489, 1.06256, 1.08409, 0.876228, 0.795797, 0.959982, 1.00094, 0.958849, 0.982798, 
203, 0, 1.34574, 1.63255, 1.21393, 1.39922, 1.50579, 1.06773, 1.44681, 1.26537, 0.788319, 1.33663, 1.13981, 0.834826, 1.21244, 0.670871, 0.839112, 1.16489, 1.06256, 1.08409, 0.876228, 0.795797, 0.959982, 1.00094, 0.958849, 0.982798, 
204, 0, 1.35473, 1.63957, 1.21393, 1.39922, 1.50579, 1.07233, 1.44681, 1.26537, 0.788319, 1.33663, 1.13981, 0.834826, 1.21244, 0.670871, 0.839112, 1.16489, 1.06256, 1.08409, 0.876228, 0.795797, 0.959982, 1.00094, 0.958849, 0.982798, 
205, 0, 1.35473, 1.64577, 1.21393, 1.39922, 1.50579, 1.07584, 1.44681, 1.26537, 0.788319, 1.33663, 1.13981, 0.834826, 1.21244, 0.670871, 0.839112, 1.16489, 1.06256, 1.08409, 0.876228, 0.795797, 0.959982, 1.00094, 0.958849, 0.982798, 
206, 0, 1.36348, 1.65037, 1.21393, 1.39922, 1.50579, 1.07584, 1.44681, 1.26537, 0.788319, 1.33663, 1.13981, 0.834826, 1.21244, 0.670871, 0.839112, 1.16489, 1.06256, 1.08409, 0.876228, 0.795797, 0.959982, 1.00094, 0.958849, 0.982798, 
207, 0, 1.36348, 1.65037, 1.21393, 1.39922, 1.50579, 1.07584, 1.44681, 1.26537, 0.788319, 1.33663, 1.13981, 0.834826, 1.21244, 0.670871, 0.839112, 1.16489, 1.06256, 1.08409, 0.876228, 0.795797, 0.959982, 1.00094, 0.958849, 0.982798, 
208, 0, 1.36348, 1.65037, 1.21393, 1.39922, 1.50579, 1.07584, 1.44681, 1.26537, 0.788319, 1.33663, 1.13981, 0.834826, 1.21244, 0.670871, 0.839112, 1.16489, 1.06256, 1.08409, 0.876228, 0.795797, 0.959982, 1.00094, 0.958849, 0.982798, 
209, 0, 1.36348, 1.65037, 1.21393, 1.39922, 1.50579, 1.07584, 1.44681, 1.26537, 0.788319, 1.33663, 1.13981, 0.834826, 1.21244, 0.670871, 0.839112, 1.16489, 1.06256, 1.08409, 0.876228, 0.795797, 0.959982, 1.00094, 0.958849, 0.982798, 
