0, 0, 
1, 0, 
2, 0, 
3, 0, 0, 
4, 0, 0, 
5, 0, 0.00879257, 
6, 0, 0.017602, 0, 
7, 0, 0.0264245, 0, 
8, 0, 0.0352573, 0.00882235, 
9, 0, 0.0440978, 0.0176643, 0, 
10, 0, 0.0529442, 0.0265062, 0, 
11, 0, 0.0617944, 0.0353739, 0.00413902, 
12, 0, 0.0706468, 0.0442513, 0.00979046, 0, 
13, 0, 0.0794991, 0.0531384, 0.0164781, 0, 
14, 0, 0.0883502, 0.0620344, 0.0238221, 0.000941389, 
15, 0, 0.0971921, 0.0709379, 0.0315842, 0.00503177, 0, 
16, 0, 0.106012, 0.0798476, 0.0393464, 0.0118808, 0, 
17, 0, 0.114825, 0.0888245, 0.0451188, 0.0196708, 0.00847543, 
18, 0, 0.123632, 0.0972969, 0.0521963, 0.027876, 0.0170723, 0, 
19, 0, 0.132429, 0.10597, 0.059788, 0.0360813, 0.0257501, 0, 
20, 0, 0.139305, 0.114671, 0.0677129, 0.0450799, 0.0344849, 0.00837126, 
21, 0, 0.142846, 0.123396, 0.0758622, 0.0540783, 0.0432614, 0.0169042, 0, 
22, 0, 0.147899, 0.132142, 0.084169, 0.0630765, 0.0520379, 0.0255402, 0, 
23, 0, 0.154021, 0.140904, 0.0925102, 0.0720745, 0.0610201, 0.0342464, 0.00769704, 
24, 0, 0.160831, 0.149807, 0.0988352, 0.0810723, 0.0700171, 0.0430028, 0.0158692, 0, 
25, 0, 0.168079, 0.157636, 0.106321, 0.09007, 0.0790135, 0.0517593, 0.024288, 0, 
26, 0, 0.175608, 0.165809, 0.11417, 0.0990506, 0.0880089, 0.0607416, 0.0328528, 0.00500853, 
27, 0, 0.183519, 0.174107, 0.122262, 0.106565, 0.0970036, 0.0697241, 0.0415121, 0.011303, 0, 
28, 0, 0.190319, 0.182498, 0.130523, 0.114414, 0.105997, 0.0787068, 0.0501714, 0.018428, 0, 
29, 0, 0.197663, 0.190962, 0.138907, 0.122488, 0.114995, 0.0876898, 0.0591608, 0.0260738, 0.00476407, 
30, 0, 0.205354, 0.199484, 0.147353, 0.130719, 0.123672, 0.0966732, 0.0681591, 0.0340545, 0.0108923, 0, 
31, 0, 0.213276, 0.208355, 0.154187, 0.139064, 0.132206, 0.105657, 0.0771575, 0.0420352, 0.0179137, 0, 
32, 0, 0.221356, 0.216571, 0.161819, 0.147495, 0.140803, 0.114646, 0.0861558, 0.0504441, 0.0254948, 0.00503092, 
33, 0, 0.229548, 0.224451, 0.169768, 0.155855, 0.149448, 0.123364, 0.0951542, 0.0589735, 0.0334336, 0.0122095, 0, 
34, 0, 0.235923, 0.232554, 0.177931, 0.160377, 0.158132, 0.132135, 0.104153, 0.0675825, 0.0413725, 0.0201512, 0, 
35, 0, 0.244667, 0.240813, 0.186246, 0.166292, 0.166848, 0.140933, 0.113142, 0.076247, 0.0484358, 0.0284467, 0.00265615, 
36, 0, 0.253497, 0.249185, 0.194672, 0.173105, 0.17543, 0.149741, 0.121678, 0.0849543, 0.0562634, 0.0369375, 0.00710457, 0, 
37, 0, 0.262362, 0.257643, 0.202898, 0.180474, 0.183253, 0.158557, 0.130439, 0.093696, 0.0643562, 0.0454283, 0.0130141, 0, 
38, 0, 0.271237, 0.266146, 0.210357, 0.1882, 0.191556, 0.167378, 0.139221, 0.102492, 0.0726289, 0.0544142, 0.0199006, 0.00761788, 
39, 0, 0.280113, 0.27416, 0.218338, 0.196166, 0.199977, 0.176376, 0.148019, 0.111284, 0.0810311, 0.0633991, 0.0273997, 0.0157566, 0, 
40, 0, 0.288989, 0.282447, 0.226511, 0.205034, 0.208487, 0.181747, 0.156831, 0.120096, 0.0895303, 0.0723836, 0.0348988, 0.0241597, 0, 
41, 0, 0.297986, 0.290854, 0.23482, 0.209372, 0.217065, 0.188194, 0.165657, 0.128927, 0.0981975, 0.0813681, 0.0430867, 0.032717, 0.00899918, 
42, 0, 0.306831, 0.299353, 0.243231, 0.215153, 0.225695, 0.195305, 0.174355, 0.137772, 0.105952, 0.0903525, 0.051739, 0.0413731, 0.0179984, 0, 
43, 0, 0.315702, 0.307923, 0.251722, 0.221883, 0.233821, 0.202829, 0.182111, 0.14663, 0.113805, 0.099337, 0.0604381, 0.0500293, 0.0269975, 0, 
44, 0, 0.324589, 0.316546, 0.26071, 0.229208, 0.241335, 0.210622, 0.190578, 0.155499, 0.12192, 0.108308, 0.0691744, 0.0588832, 0.0359966, 0.00224404, 
45, 0, 0.333485, 0.323995, 0.269319, 0.236915, 0.249963, 0.218594, 0.199128, 0.164412, 0.130216, 0.117039, 0.077941, 0.0677573, 0.0449957, 0.00628954, 0, 
46, 0, 0.342384, 0.331663, 0.276968, 0.244876, 0.258638, 0.227397, 0.207743, 0.173301, 0.13864, 0.125798, 0.0867327, 0.0766479, 0.0539948, 0.0119046, 0, 
47, 0, 0.351285, 0.340592, 0.28493, 0.253419, 0.26735, 0.228159, 0.216408, 0.182195, 0.14716, 0.13458, 0.0955814, 0.0855514, 0.0628652, 0.0186044, 0.00111915, 
48, 0, 0.360222, 0.34952, 0.293107, 0.25941, 0.276093, 0.230342, 0.225114, 0.191095, 0.155673, 0.143382, 0.104539, 0.0944645, 0.0717309, 0.0259882, 0.00385091, 0, 
49, 0, 0.369109, 0.358449, 0.301435, 0.266257, 0.28486, 0.234203, 0.233846, 0.2, 0.163139, 0.152201, 0.11346, 0.103385, 0.0806016, 0.0333719, 0.00837127, 0, 
50, 0, 0.378006, 0.367378, 0.309874, 0.273617, 0.29367, 0.239478, 0.241989, 0.20891, 0.171198, 0.161034, 0.122383, 0.112293, 0.0894766, 0.0406823, 0.0143339, 0.00896189, 
51, 0, 0.386897, 0.376308, 0.31827, 0.2813, 0.302201, 0.245721, 0.250252, 0.217826, 0.179453, 0.169551, 0.131308, 0.12127, 0.0983571, 0.048451, 0.0212558, 0.0179258, 0, 
52, 0, 0.395771, 0.385266, 0.326199, 0.289206, 0.31069, 0.252581, 0.258634, 0.226805, 0.187847, 0.177372, 0.140234, 0.130248, 0.107244, 0.0565172, 0.0281776, 0.0268916, 0, 
53, 0, 0.404625, 0.394185, 0.334629, 0.297275, 0.319241, 0.255366, 0.267104, 0.23574, 0.196344, 0.185462, 0.149164, 0.139226, 0.116025, 0.0647847, 0.036224, 0.0358591, 0.00683391, 
54, 0, 0.413459, 0.402997, 0.343163, 0.305975, 0.327837, 0.260061, 0.275645, 0.24468, 0.204918, 0.193736, 0.157812, 0.148205, 0.124412, 0.0731938, 0.0448728, 0.0448282, 0.0146416, 0, 
55, 0, 0.422391, 0.411809, 0.351779, 0.313348, 0.336474, 0.265977, 0.284247, 0.253623, 0.213867, 0.202143, 0.166636, 0.157184, 0.133142, 0.081706, 0.0535694, 0.0537973, 0.0228728, 0, 
56, 0, 0.431285, 0.420617, 0.360453, 0.321032, 0.345151, 0.272705, 0.292489, 0.262569, 0.222276, 0.210646, 0.175634, 0.166163, 0.141903, 0.0902358, 0.0623036, 0.0627851, 0.0313287, 0.00655583, 
57, 0, 0.44015, 0.429429, 0.369169, 0.328939, 0.352962, 0.279954, 0.300007, 0.271519, 0.230077, 0.219223, 0.184631, 0.175126, 0.150691, 0.0982728, 0.0710681, 0.0717776, 0.0399198, 0.0142588, 0, 
58, 0, 0.448987, 0.438248, 0.378085, 0.337012, 0.360634, 0.287544, 0.30852, 0.280471, 0.238157, 0.227821, 0.193629, 0.184126, 0.1595, 0.106523, 0.0798578, 0.0807711, 0.0485109, 0.0224393, 0, 
59, 0, 0.457801, 0.445514, 0.387083, 0.345211, 0.369465, 0.295364, 0.317107, 0.289443, 0.246429, 0.235234, 0.202626, 0.193125, 0.168327, 0.114921, 0.0886498, 0.0897649, 0.0574678, 0.0308669, 0.00429907, 
60, 0, 0.466593, 0.453299, 0.395438, 0.353507, 0.37831, 0.302721, 0.32575, 0.298411, 0.254837, 0.243131, 0.211623, 0.202123, 0.177249, 0.123425, 0.0976273, 0.0987588, 0.0664496, 0.0394403, 0.0112453, 0, 
61, 0, 0.475365, 0.462298, 0.403903, 0.362085, 0.387165, 0.309934, 0.334437, 0.30739, 0.263346, 0.25129, 0.220623, 0.21112, 0.185966, 0.132008, 0.106596, 0.107753, 0.0754295, 0.0480138, 0.0190981, 0, 
62, 0, 0.48427, 0.471297, 0.412452, 0.370198, 0.396029, 0.317286, 0.343162, 0.316372, 0.271994, 0.259618, 0.229615, 0.220117, 0.194579, 0.140652, 0.115564, 0.116752, 0.0844086, 0.0569898, 0.0273523, 0.000839975, 
63, 0, 0.493135, 0.480295, 0.421068, 0.378588, 0.404901, 0.324903, 0.352074, 0.325355, 0.279803, 0.268064, 0.238614, 0.229113, 0.203257, 0.149419, 0.124532, 0.125582, 0.0933877, 0.0659664, 0.035822, 0.00317598, 0, 
64, 0, 0.502049, 0.489293, 0.429735, 0.387069, 0.413884, 0.332749, 0.360655, 0.334339, 0.287923, 0.276597, 0.247613, 0.238057, 0.211981, 0.157583, 0.133501, 0.134429, 0.102367, 0.0749434, 0.0442918, 0.00731692, 0, 
65, 0, 0.510956, 0.498291, 0.438205, 0.395596, 0.422768, 0.340769, 0.36904, 0.343324, 0.296231, 0.28545, 0.256611, 0.246865, 0.22074, 0.16592, 0.14247, 0.143289, 0.11135, 0.0839211, 0.0527882, 0.0130072, 0.000943165, 
66, 0, 0.519844, 0.507262, 0.446572, 0.404158, 0.431483, 0.348917, 0.377552, 0.352324, 0.304668, 0.292756, 0.26561, 0.255683, 0.229527, 0.17438, 0.151466, 0.152161, 0.120275, 0.0928997, 0.0614539, 0.0197592, 0.00504651, 0, 
67, 0, 0.528711, 0.516255, 0.455296, 0.412748, 0.440247, 0.355904, 0.386149, 0.361311, 0.313199, 0.300511, 0.274608, 0.264509, 0.2384, 0.182931, 0.160463, 0.161043, 0.129161, 0.101879, 0.0701773, 0.0265112, 0.011929, 0, 
68, 0, 0.537557, 0.525233, 0.464035, 0.421742, 0.449043, 0.36451, 0.394807, 0.3703, 0.321801, 0.308562, 0.283599, 0.273339, 0.247067, 0.191549, 0.169462, 0.169932, 0.138054, 0.110869, 0.0789319, 0.033853, 0.0197583, 0.00823878, 
69, 0, 0.546547, 0.534217, 0.472792, 0.429946, 0.457861, 0.373124, 0.403511, 0.37929, 0.330357, 0.31681, 0.292582, 0.282168, 0.255691, 0.200219, 0.178461, 0.178847, 0.146948, 0.119746, 0.0877182, 0.0416428, 0.0280021, 0.01663, 0, 
70, 0, 0.555299, 0.543205, 0.481569, 0.438304, 0.466697, 0.381746, 0.412297, 0.388281, 0.338446, 0.325195, 0.301571, 0.290993, 0.264371, 0.208307, 0.187459, 0.187482, 0.155847, 0.12863, 0.0965325, 0.049724, 0.0362459, 0.0251312, 0, 
71, 0, 0.564076, 0.552194, 0.490365, 0.446775, 0.475576, 0.390382, 0.420805, 0.397272, 0.346723, 0.333679, 0.310559, 0.297553, 0.2731, 0.216674, 0.196456, 0.196168, 0.164751, 0.137522, 0.105461, 0.058003, 0.0450887, 0.0337143, 0.00166079, 
72, 0, 0.572872, 0.561185, 0.499155, 0.455328, 0.484353, 0.399033, 0.429297, 0.406264, 0.355125, 0.34223, 0.319547, 0.298407, 0.281863, 0.225152, 0.205454, 0.204894, 0.173747, 0.146419, 0.11414, 0.0664214, 0.05399, 0.0423601, 0.00685587, 0, 
73, 0, 0.581683, 0.570174, 0.507879, 0.463944, 0.493104, 0.407699, 0.43787, 0.415221, 0.363608, 0.34967, 0.328533, 0.300598, 0.290655, 0.233712, 0.214451, 0.213652, 0.182227, 0.155322, 0.122852, 0.0749415, 0.0628889, 0.051006, 0.0140981, 0, 
74, 0, 0.590504, 0.579157, 0.516651, 0.472611, 0.501884, 0.413784, 0.446504, 0.424211, 0.372162, 0.357516, 0.33752, 0.304182, 0.299531, 0.242336, 0.223415, 0.222438, 0.190584, 0.16423, 0.131635, 0.0835055, 0.0717824, 0.0593446, 0.0220746, 0.00701042, 
75, 0, 0.599335, 0.588133, 0.525444, 0.481421, 0.510685, 0.422781, 0.455186, 0.433203, 0.380776, 0.365621, 0.346511, 0.308805, 0.308257, 0.251011, 0.232382, 0.231245, 0.199092, 0.17309, 0.140473, 0.0918363, 0.0806792, 0.0677894, 0.0303939, 0.014595, 
76, 0, 0.607813, 0.59711, 0.534256, 0.489737, 0.519503, 0.431773, 0.463906, 0.442196, 0.389586, 0.373899, 0.35547, 0.314046, 0.316906, 0.259726, 0.241353, 0.240009, 0.207715, 0.181202, 0.149342, 0.100301, 0.0895821, 0.0763224, 0.0389031, 0.0225448, 
77, 0, 0.616394, 0.606086, 0.543085, 0.498237, 0.528336, 0.440761, 0.472811, 0.451189, 0.397733, 0.382296, 0.364443, 0.319555, 0.325612, 0.26846, 0.25033, 0.248353, 0.216407, 0.189474, 0.158231, 0.10886, 0.0984919, 0.0849268, 0.0475296, 0.0307362, 
78, 0, 0.625093, 0.615061, 0.55193, 0.506852, 0.537289, 0.449748, 0.481475, 0.460182, 0.406077, 0.390783, 0.373418, 0.322316, 0.334362, 0.276982, 0.25931, 0.256794, 0.225145, 0.197874, 0.167133, 0.117488, 0.107408, 0.0935884, 0.0562342, 0.0390943, 
79, 0, 0.633861, 0.624036, 0.560656, 0.515543, 0.546159, 0.458735, 0.489989, 0.469175, 0.414552, 0.39913, 0.382395, 0.322822, 0.343145, 0.28559, 0.268291, 0.265321, 0.233917, 0.206371, 0.176047, 0.126169, 0.116331, 0.102296, 0.0649936, 0.0475716, 
80, 0, 0.642673, 0.633031, 0.56935, 0.524287, 0.554902, 0.467723, 0.498601, 0.478155, 0.42313, 0.40624, 0.391373, 0.324713, 0.351953, 0.294258, 0.277273, 0.273919, 0.242717, 0.214946, 0.184969, 0.134891, 0.125259, 0.111041, 0.0737932, 0.056137, 
81, 0, 0.651514, 0.642031, 0.57822, 0.533071, 0.563692, 0.476715, 0.507293, 0.487078, 0.431774, 0.41377, 0.400351, 0.328355, 0.360781, 0.30297, 0.286256, 0.282575, 0.251537, 0.223581, 0.193898, 0.143647, 0.134192, 0.119817, 0.0826231, 0.0647693, 
82, 0, 0.660377, 0.650978, 0.587086, 0.541709, 0.572521, 0.485548, 0.516034, 0.495994, 0.440467, 0.421597, 0.409331, 0.333509, 0.369626, 0.311716, 0.29524, 0.291278, 0.260375, 0.232264, 0.202833, 0.152431, 0.14313, 0.128618, 0.0914765, 0.0734536, 
83, 0, 0.669111, 0.659941, 0.595946, 0.549815, 0.581373, 0.49436, 0.524811, 0.504906, 0.449198, 0.429643, 0.41831, 0.339704, 0.378485, 0.320489, 0.304225, 0.30002, 0.269228, 0.240987, 0.211773, 0.161236, 0.152072, 0.13744, 0.100349, 0.0821792, 
84, 0, 0.677493, 0.668919, 0.604808, 0.558058, 0.590242, 0.503163, 0.533615, 0.513817, 0.457958, 0.437859, 0.427291, 0.346555, 0.387357, 0.329285, 0.31321, 0.308793, 0.278092, 0.249742, 0.220718, 0.170061, 0.161018, 0.14628, 0.109236, 0.090938, 
85, 0, 0.685953, 0.677902, 0.613675, 0.566406, 0.599123, 0.511963, 0.542441, 0.522729, 0.466743, 0.446207, 0.436272, 0.353818, 0.396239, 0.3381, 0.322195, 0.317592, 0.286968, 0.258523, 0.229665, 0.178901, 0.169967, 0.155136, 0.118135, 0.099724, 
86, 0, 0.694474, 0.686888, 0.622549, 0.574843, 0.608014, 0.52077, 0.551284, 0.531644, 0.475547, 0.454662, 0.445253, 0.361343, 0.40513, 0.34693, 0.331181, 0.326413, 0.295852, 0.267326, 0.238616, 0.187755, 0.178919, 0.164005, 0.127045, 0.108533, 
87, 0, 0.703049, 0.695877, 0.63143, 0.583364, 0.616912, 0.52959, 0.560142, 0.540564, 0.484369, 0.463199, 0.454235, 0.369036, 0.414029, 0.355774, 0.340167, 0.335252, 0.304744, 0.276148, 0.24757, 0.196621, 0.187873, 0.172885, 0.135964, 0.11736, 
88, 0, 0.711679, 0.704867, 0.640318, 0.59196, 0.625817, 0.538425, 0.569012, 0.549488, 0.493204, 0.471804, 0.463217, 0.376831, 0.422935, 0.36463, 0.349154, 0.344106, 0.313643, 0.284986, 0.256527, 0.205497, 0.196831, 0.181775, 0.144889, 0.126204, 
89, 0, 0.720362, 0.713858, 0.649213, 0.600623, 0.634728, 0.547275, 0.577893, 0.558417, 0.502051, 0.480463, 0.472199, 0.384679, 0.431847, 0.373497, 0.358141, 0.352975, 0.322548, 0.293838, 0.265485, 0.214382, 0.20579, 0.190673, 0.153821, 0.135061, 
90, 0, 0.729093, 0.72285, 0.658113, 0.609342, 0.643643, 0.556139, 0.586784, 0.567351, 0.510908, 0.489167, 0.481182, 0.39254, 0.440765, 0.382372, 0.367128, 0.361854, 0.331458, 0.302701, 0.274445, 0.223275, 0.214752, 0.19958, 0.162759, 0.14393, 
91, 0, 0.737867, 0.731843, 0.66702, 0.61811, 0.652563, 0.565015, 0.595683, 0.576289, 0.519775, 0.497908, 0.490165, 0.400372, 0.449688, 0.391255, 0.376116, 0.370744, 0.340374, 0.311575, 0.283408, 0.232175, 0.223715, 0.208493, 0.171701, 0.15281, 
92, 0, 0.746678, 0.740837, 0.675932, 0.62692, 0.661487, 0.573903, 0.604589, 0.585231, 0.528648, 0.506681, 0.499148, 0.408131, 0.458616, 0.400145, 0.385103, 0.379643, 0.349293, 0.320458, 0.292371, 0.241081, 0.23268, 0.217412, 0.180648, 0.161698, 
93, 0, 0.75552, 0.74983, 0.684849, 0.635766, 0.670414, 0.582801, 0.613501, 0.594178, 0.537529, 0.515481, 0.508132, 0.415755, 0.467547, 0.409041, 0.394091, 0.38855, 0.358216, 0.329349, 0.301336, 0.249992, 0.241647, 0.226337, 0.189598, 0.170594, 
94, 0, 0.764391, 0.758825, 0.69377, 0.644642, 0.679343, 0.59171, 0.622419, 0.603129, 0.546415, 0.524306, 0.517115, 0.423159, 0.476482, 0.417943, 0.403079, 0.397463, 0.367142, 0.338248, 0.310302, 0.258908, 0.250616, 0.235266, 0.198551, 0.179497, 
95, 0, 0.773286, 0.767819, 0.702696, 0.653545, 0.688276, 0.600628, 0.631342, 0.612083, 0.555307, 0.533153, 0.526099, 0.430206, 0.485421, 0.42685, 0.412067, 0.406383, 0.376072, 0.347152, 0.319269, 0.267829, 0.259586, 0.2442, 0.207507, 0.188407, 
96, 0, 0.782202, 0.776815, 0.711625, 0.662473, 0.697211, 0.609557, 0.640271, 0.621042, 0.564202, 0.542022, 0.535083, 0.436682, 0.494363, 0.435761, 0.421055, 0.415308, 0.385004, 0.356063, 0.328237, 0.276754, 0.268557, 0.253138, 0.216466, 0.197322, 
97, 0, 0.791138, 0.78581, 0.720559, 0.671421, 0.706148, 0.618495, 0.649203, 0.630005, 0.573102, 0.550911, 0.544067, 0.44226, 0.503308, 0.444676, 0.430044, 0.424239, 0.393939, 0.364978, 0.337206, 0.285682, 0.27753, 0.26208, 0.225427, 0.206242, 
98, 0, 0.800092, 0.794806, 0.729495, 0.680388, 0.715087, 0.627445, 0.65814, 0.638972, 0.582004, 0.559821, 0.553051, 0.446606, 0.512255, 0.453595, 0.439032, 0.433173, 0.402875, 0.373899, 0.346175, 0.294614, 0.286503, 0.271025, 0.23439, 0.215166, 
99, 0, 0.809061, 0.803802, 0.738435, 0.689371, 0.724027, 0.636408, 0.66708, 0.647945, 0.59091, 0.568752, 0.562035, 0.449729, 0.521205, 0.462517, 0.448021, 0.442113, 0.411814, 0.382823, 0.355145, 0.303549, 0.295478, 0.279973, 0.243355, 0.224095, 
100, 0, 0.818045, 0.812798, 0.747377, 0.698367, 0.73297, 0.645385, 0.676023, 0.656922, 0.599817, 0.577698, 0.57102, 0.449729, 0.530158, 0.471442, 0.457009, 0.451055, 0.420754, 0.391751, 0.364116, 0.312486, 0.304454, 0.288924, 0.252322, 0.233027, 
101, 0, 0.82704, 0.821795, 0.756322, 0.707367, 0.741914, 0.654375, 0.68497, 0.665904, 0.608727, 0.586662, 0.580004, 0.454325, 0.539112, 0.48037, 0.465998, 0.460002, 0.429697, 0.400683, 0.373087, 0.321426, 0.313431, 0.297877, 0.26129, 0.241962, 
102, 0, 0.83604, 0.830792, 0.765269, 0.716362, 0.750859, 0.663373, 0.69392, 0.67489, 0.617638, 0.595625, 0.588988, 0.454325, 0.548069, 0.4893, 0.474987, 0.468951, 0.43864, 0.409618, 0.382058, 0.330368, 0.322409, 0.306833, 0.27026, 0.250901, 
103, 0, 0.845036, 0.839789, 0.774218, 0.725345, 0.759806, 0.672371, 0.702872, 0.683876, 0.62655, 0.604594, 0.597972, 0.454325, 0.557027, 0.498232, 0.483975, 0.477903, 0.447585, 0.418556, 0.391029, 0.339312, 0.331387, 0.315791, 0.279231, 0.259842, 
104, 0, 0.85402, 0.848787, 0.783168, 0.7343, 0.768754, 0.681368, 0.711828, 0.692864, 0.635462, 0.613566, 0.606956, 0.454325, 0.565987, 0.507166, 0.492964, 0.486859, 0.45653, 0.427497, 0.400001, 0.348259, 0.340367, 0.324751, 0.288203, 0.268786, 
105, 0, 0.862974, 0.857784, 0.792121, 0.743245, 0.777704, 0.690358, 0.720786, 0.701852, 0.644376, 0.62254, 0.61594, 0.454325, 0.574949, 0.516102, 0.501952, 0.495816, 0.465477, 0.43644, 0.408972, 0.357207, 0.349347, 0.333714, 0.297177, 0.277732, 
106, 0, 0.871923, 0.866782, 0.801074, 0.752169, 0.786654, 0.699342, 0.729746, 0.710841, 0.653289, 0.631516, 0.624924, 0.454325, 0.583913, 0.52504, 0.510941, 0.504776, 0.474424, 0.445385, 0.417944, 0.366156, 0.358329, 0.342677, 0.306151, 0.28668, 
107, 0, 0.880852, 0.875781, 0.810029, 0.761076, 0.795606, 0.708317, 0.738709, 0.719831, 0.662201, 0.640495, 0.633908, 0.461147, 0.592878, 0.533979, 0.519929, 0.513738, 0.483372, 0.454333, 0.426915, 0.375107, 0.367311, 0.351643, 0.315126, 0.295631, 
108, 0, 0.889767, 0.884779, 0.818985, 0.769964, 0.804559, 0.717276, 0.747674, 0.728821, 0.671113, 0.649494, 0.642891, 0.461147, 0.601844, 0.54292, 0.528918, 0.522703, 0.492321, 0.463283, 0.435885, 0.38406, 0.376294, 0.36061, 0.324102, 0.304583, 
109, 0, 0.898667, 0.893778, 0.827941, 0.778831, 0.813514, 0.726214, 0.756641, 0.737821, 0.680024, 0.658477, 0.651874, 0.461147, 0.610813, 0.551861, 0.537906, 0.531669, 0.50127, 0.472234, 0.444856, 0.393013, 0.385278, 0.369579, 0.333079, 0.313536, 
110, 0, 0.907551, 0.902777, 0.836898, 0.787678, 0.822469, 0.733414, 0.765611, 0.746812, 0.688933, 0.667461, 0.660857, 0.461147, 0.619782, 0.560804, 0.546894, 0.540637, 0.510219, 0.481187, 0.453825, 0.401968, 0.394262, 0.378549, 0.342057, 0.322492, 
111, 0, 0.916417, 0.911776, 0.845854, 0.795945, 0.831426, 0.742394, 0.774583, 0.755804, 0.69784, 0.676448, 0.66984, 0.461147, 0.628753, 0.569747, 0.555882, 0.549607, 0.519169, 0.490142, 0.462794, 0.410924, 0.403248, 0.38752, 0.351035, 0.331448, 
112, 0, 0.924548, 0.920776, 0.85481, 0.804834, 0.840384, 0.75135, 0.783557, 0.764796, 0.706744, 0.685438, 0.678823, 0.461147, 0.637725, 0.578692, 0.564869, 0.558578, 0.528118, 0.499099, 0.471763, 0.419881, 0.412234, 0.396492, 0.360014, 0.340407, 
113, 0, 0.933481, 0.929776, 0.863766, 0.813695, 0.849344, 0.760249, 0.792534, 0.773789, 0.715645, 0.694429, 0.687804, 0.461147, 0.646699, 0.587637, 0.573857, 0.567551, 0.537068, 0.508056, 0.48073, 0.428839, 0.42122, 0.405466, 0.368994, 0.349366, 
114, 0, 0.942391, 0.938776, 0.87272, 0.822524, 0.858305, 0.769022, 0.801513, 0.782782, 0.724542, 0.703422, 0.696786, 0.461147, 0.655674, 0.596583, 0.582844, 0.576526, 0.546017, 0.517016, 0.489695, 0.437797, 0.430208, 0.414441, 0.377974, 0.358326, 
115, 0, 0.951274, 0.947776, 0.881673, 0.831316, 0.867268, 0.777455, 0.810494, 0.791776, 0.733434, 0.712418, 0.705767, 0.461147, 0.66465, 0.605529, 0.591831, 0.585502, 0.554966, 0.525976, 0.49866, 0.446757, 0.439196, 0.423417, 0.386955, 0.367288, 
116, 0, 0.960119, 0.956776, 0.890624, 0.840056, 0.876233, 0.784781, 0.819477, 0.800771, 0.74232, 0.721415, 0.714747, 0.461147, 0.673628, 0.614475, 0.600817, 0.594479, 0.563915, 0.534938, 0.507622, 0.455717, 0.448185, 0.432394, 0.395936, 0.376251, 
117, 0, 0.968907, 0.965776, 0.899571, 0.848694, 0.885199, 0.784781, 0.828463, 0.809766, 0.7512, 0.730413, 0.723727, 0.464442, 0.682607, 0.623422, 0.609803, 0.603458, 0.572863, 0.5439, 0.516582, 0.464678, 0.457175, 0.441372, 0.404917, 0.385214, 
118, 0, 0.977554, 0.974775, 0.908515, 0.856618, 0.894169, 0.784781, 0.837451, 0.818761, 0.760072, 0.739401, 0.732706, 0.464442, 0.691588, 0.632369, 0.618789, 0.612438, 0.58181, 0.552864, 0.52554, 0.473639, 0.466166, 0.45035, 0.413899, 0.394179, 
119, 0, 0.984844, 0.983774, 0.917454, 0.864768, 0.90314, 0.784781, 0.846441, 0.827761, 0.768934, 0.748401, 0.741684, 0.464442, 0.70057, 0.641316, 0.627774, 0.621419, 0.590757, 0.561829, 0.534495, 0.482601, 0.475157, 0.45933, 0.422881, 0.403144, 
120, 0, 0.992704, 0.992773, 0.926386, 0.873046, 0.912115, 0.789475, 0.855434, 0.836758, 0.777784, 0.7574, 0.750661, 0.466314, 0.709553, 0.650263, 0.636758, 0.630401, 0.599703, 0.570795, 0.543447, 0.491563, 0.484149, 0.468311, 0.431864, 0.41211, 
121, 0, 1.00084, 1.00177, 0.93531, 0.881008, 0.921092, 0.789475, 0.864429, 0.845755, 0.786621, 0.766387, 0.759636, 0.466314, 0.718538, 0.65921, 0.645742, 0.639385, 0.608648, 0.579762, 0.552394, 0.500526, 0.493142, 0.477292, 0.440847, 0.421076, 
122, 0, 1.00889, 1.01077, 0.944223, 0.889519, 0.930073, 0.789475, 0.873426, 0.854755, 0.795442, 0.775384, 0.768611, 0.467932, 0.727525, 0.668157, 0.654725, 0.648369, 0.617592, 0.58873, 0.561337, 0.509489, 0.502135, 0.486274, 0.44983, 0.430044, 
123, 0, 1.01733, 1.01976, 0.953122, 0.898022, 0.939057, 0.798469, 0.882425, 0.863753, 0.804243, 0.784365, 0.777584, 0.472131, 0.736513, 0.677104, 0.663707, 0.657355, 0.626535, 0.597698, 0.570273, 0.518453, 0.51113, 0.495257, 0.458814, 0.439012, 
124, 0, 1.02577, 1.02875, 0.962003, 0.906387, 0.948046, 0.798469, 0.891424, 0.872752, 0.813019, 0.793352, 0.786555, 0.472131, 0.745503, 0.68605, 0.672689, 0.666342, 0.635476, 0.606667, 0.579203, 0.527417, 0.520125, 0.504241, 0.467797, 0.44798, 
125, 0, 1.03436, 1.03773, 0.97086, 0.914861, 0.957038, 0.798469, 0.900424, 0.881751, 0.821766, 0.802331, 0.795525, 0.472131, 0.754494, 0.694996, 0.681669, 0.675329, 0.644416, 0.615638, 0.588124, 0.536381, 0.52912, 0.513225, 0.476781, 0.456949, 
126, 0, 1.04272, 1.04671, 0.979686, 0.922771, 0.966034, 0.798469, 0.909424, 0.89075, 0.830476, 0.811295, 0.804492, 0.472131, 0.763488, 0.703941, 0.690648, 0.684318, 0.653353, 0.624609, 0.597034, 0.545345, 0.538117, 0.52221, 0.485766, 0.465919, 
127, 0, 1.05043, 1.05567, 0.988471, 0.931176, 0.975032, 0.798469, 0.918421, 0.89975, 0.83914, 0.820237, 0.813456, 0.472131, 0.772483, 0.712886, 0.699625, 0.693307, 0.662286, 0.63358, 0.605931, 0.554309, 0.547114, 0.531196, 0.49475, 0.474889, 
128, 0, 1.05881, 1.06462, 0.9972, 0.939531, 0.984032, 0.798469, 0.927415, 0.908749, 0.847747, 0.829143, 0.822418, 0.472131, 0.781479, 0.721829, 0.708601, 0.702298, 0.671215, 0.642553, 0.614811, 0.563274, 0.556111, 0.540182, 0.503735, 0.483859, 
129, 0, 1.06715, 1.07354, 1.00586, 0.947676, 0.993031, 0.798469, 0.936403, 0.917749, 0.856281, 0.837993, 0.831376, 0.472288, 0.790477, 0.730772, 0.717576, 0.711289, 0.680136, 0.651526, 0.623668, 0.572238, 0.56511, 0.549169, 0.512719, 0.49283, 
130, 0, 1.07529, 1.08243, 1.01441, 0.955498, 1.00203, 0.798469, 0.945383, 0.926749, 0.864726, 0.846753, 0.84033, 0.47414, 0.799476, 0.739714, 0.726548, 0.720281, 0.689045, 0.6605, 0.632494, 0.581203, 0.574108, 0.558157, 0.521704, 0.501801, 
131, 0, 1.08316, 1.09126, 1.02284, 0.962815, 1.01101, 0.798469, 0.954349, 0.935749, 0.873059, 0.855412, 0.849281, 0.478537, 0.808475, 0.748655, 0.735519, 0.729273, 0.697934, 0.669474, 0.641278, 0.590168, 0.583107, 0.567145, 0.530689, 0.510773, 
132, 0, 1.09066, 1.10002, 1.03109, 0.969369, 1.01999, 0.798469, 0.963299, 0.944749, 0.881261, 0.863919, 0.858228, 0.478537, 0.817475, 0.757595, 0.744489, 0.738267, 0.70679, 0.678449, 0.65, 0.599132, 0.592107, 0.576133, 0.539674, 0.519745, 
133, 0, 1.09766, 1.10868, 1.03913, 0.974964, 1.02894, 0.798469, 0.972228, 0.953748, 0.889317, 0.871476, 0.867172, 0.478537, 0.826475, 0.766534, 0.753457, 0.747261, 0.715591, 0.687425, 0.658623, 0.608097, 0.601107, 0.585123, 0.548659, 0.528717, 
134, 0, 1.10408, 1.1172, 1.04692, 0.974964, 1.03786, 0.798469, 0.981134, 0.962748, 0.897235, 0.877803, 0.876116, 0.478537, 0.835475, 0.775471, 0.762427, 0.756256, 0.724305, 0.696401, 0.667076, 0.617061, 0.610107, 0.594113, 0.557645, 0.537689, 
135, 0, 1.10877, 1.12556, 1.05443, 0.974964, 1.04675, 0.798469, 0.99002, 0.971747, 0.905066, 0.88237, 0.885061, 0.478537, 0.844473, 0.784407, 0.771398, 0.765251, 0.732894, 0.705379, 0.675195, 0.626025, 0.619107, 0.603103, 0.56663, 0.546661, 
136, 0, 1.10877, 1.13372, 1.0617, 0.975222, 1.0556, 0.798469, 0.998899, 0.980747, 0.91293, 0.88237, 0.894012, 0.478537, 0.853466, 0.793342, 0.780372, 0.774246, 0.741321, 0.714356, 0.682538, 0.63499, 0.628106, 0.612094, 0.575615, 0.555634, 
137, 0, 1.11238, 1.14171, 1.06884, 0.976989, 1.06444, 0.798469, 1.00779, 0.989747, 0.921013, 0.883373, 0.902975, 0.478537, 0.862444, 0.802276, 0.789352, 0.783242, 0.749558, 0.723335, 0.687862, 0.643953, 0.637106, 0.621085, 0.584601, 0.564607, 
138, 0, 1.11768, 1.14961, 1.07606, 0.98116, 1.0733, 0.798469, 1.01672, 0.998747, 0.929508, 0.886945, 0.91195, 0.478834, 0.871393, 0.811208, 0.798336, 0.792238, 0.757601, 0.732314, 0.687862, 0.652917, 0.646104, 0.630077, 0.593586, 0.57358, 
139, 0, 1.12263, 1.15759, 1.08372, 0.98116, 1.08223, 0.798469, 1.0257, 1.00774, 0.938431, 0.891223, 0.920939, 0.481144, 0.880293, 0.82014, 0.807325, 0.801234, 0.765597, 0.741294, 0.687862, 0.66188, 0.655101, 0.63907, 0.602572, 0.582553, 
140, 0, 1.12264, 1.16591, 1.09225, 0.981597, 1.09123, 0.805792, 1.0347, 1.01674, 0.947358, 0.891223, 0.929936, 0.481144, 0.889128, 0.829071, 0.816316, 0.81023, 0.773559, 0.750275, 0.687862, 0.670843, 0.664096, 0.648063, 0.611557, 0.591526, 
141, 0, 1.12616, 1.17482, 1.10108, 0.987963, 1.10005, 0.805792, 1.0435, 1.02574, 0.955577, 0.891223, 0.938936, 0.481144, 0.897951, 0.838001, 0.825305, 0.819225, 0.781455, 0.759256, 0.687862, 0.679805, 0.67309, 0.657056, 0.620542, 0.600499, 
142, 0, 1.12616, 1.17953, 1.10524, 0.993631, 1.10802, 0.805792, 1.05178, 1.03474, 0.96263, 0.891223, 0.947935, 0.481367, 0.906776, 0.846931, 0.834295, 0.82822, 0.789237, 0.768238, 0.687862, 0.688767, 0.68208, 0.66605, 0.629527, 0.609472, 
143, 0, 1.13073, 1.17971, 1.1073, 0.994694, 1.11477, 0.805792, 1.05936, 1.04374, 0.9698, 0.891223, 0.956933, 0.483061, 0.9156, 0.855863, 0.843285, 0.837214, 0.796847, 0.777221, 0.695541, 0.697729, 0.691068, 0.675045, 0.638513, 0.618445, 
144, 0, 1.13073, 1.18007, 1.11112, 0.994694, 1.12071, 0.805792, 1.06702, 1.05274, 0.977177, 0.891223, 0.965931, 0.483061, 0.924421, 0.864796, 0.852276, 0.846206, 0.803357, 0.786205, 0.695541, 0.706689, 0.700052, 0.68404, 0.647498, 0.627418, 
145, 0, 1.13073, 1.18119, 1.11689, 0.994694, 1.12728, 0.805792, 1.07502, 1.06174, 0.984521, 0.891223, 0.974928, 0.483061, 0.933235, 0.873731, 0.861274, 0.855196, 0.810665, 0.79519, 0.695541, 0.71565, 0.709033, 0.693035, 0.656483, 0.636391, 
146, 0, 1.13073, 1.18375, 1.12393, 0.996603, 1.1348, 0.805792, 1.08333, 1.07073, 0.991588, 0.891223, 0.983924, 0.483061, 0.941553, 0.88267, 0.870267, 0.864183, 0.817292, 0.804176, 0.695541, 0.724609, 0.71801, 0.702031, 0.665467, 0.645363, 
147, 0, 1.13073, 1.18824, 1.1316, 0.996603, 1.1432, 0.805792, 1.09192, 1.07973, 0.998041, 0.891223, 0.99268, 0.483061, 0.950397, 0.891614, 0.879264, 0.873164, 0.822838, 0.813164, 0.695541, 0.733568, 0.726982, 0.711027, 0.674452, 0.654336, 
148, 0, 1.13073, 1.1943, 1.13956, 0.996603, 1.1522, 0.805792, 1.10063, 1.08873, 1.00432, 0.891223, 1.00167, 0.483061, 0.9592, 0.900564, 0.888263, 0.882139, 0.826933, 0.822155, 0.695541, 0.742525, 0.73595, 0.720024, 0.683436, 0.663309, 
149, 0, 1.13073, 1.20149, 1.13956, 0.996603, 1.16094, 0.805792, 1.10284, 1.09773, 1.00812, 0.891223, 1.01066, 0.483061, 0.967932, 0.909521, 0.897261, 0.891105, 0.829729, 0.822155, 0.695541, 0.751482, 0.744913, 0.729021, 0.69242, 0.672281, 
150, 0, 1.13073, 1.20149, 1.14405, 0.996603, 1.16339, 0.805792, 1.11184, 1.10673, 1.01401, 0.891223, 1.01962, 0.483061, 0.976548, 0.918485, 0.906247, 0.899959, 0.831832, 0.822155, 0.695541, 0.760438, 0.753872, 0.738019, 0.701404, 0.681253, 
151, 0, 1.13073, 1.20899, 1.15179, 0.996603, 1.17137, 0.805792, 1.12067, 1.11573, 1.02122, 0.891223, 1.02852, 0.483061, 0.985023, 0.927485, 0.915212, 0.908821, 0.833693, 0.822155, 0.695541, 0.769393, 0.762825, 0.747017, 0.710388, 0.690224, 
152, 0, 1.13073, 1.21793, 1.15867, 0.996603, 1.17931, 0.805792, 1.12762, 1.12473, 1.02969, 0.891223, 1.03733, 0.491851, 0.993381, 0.936484, 0.92415, 0.91769, 0.835555, 0.822155, 0.695541, 0.778346, 0.771773, 0.756015, 0.719371, 0.699196, 
153, 0, 1.13073, 1.22565, 1.16438, 0.996603, 1.18684, 0.805792, 1.13147, 1.13372, 1.03866, 0.894034, 1.04606, 0.500069, 1.00164, 0.945484, 0.933053, 0.926565, 0.837552, 0.822155, 0.695541, 0.787299, 0.780715, 0.765014, 0.728354, 0.708166, 
154, 0, 1.13073, 1.23326, 1.16438, 0.996603, 1.18797, 0.805792, 1.13444, 1.14259, 1.03866, 0.897503, 1.05471, 0.500069, 1.0098, 0.954484, 0.94191, 0.935445, 0.839758, 0.822155, 0.695541, 0.79625, 0.789652, 0.774013, 0.737336, 0.717137, 
155, 0, 1.13073, 1.23326, 1.17252, 0.996606, 1.1898, 0.810678, 1.13712, 1.15145, 1.04754, 0.900578, 1.06329, 0.500069, 1.01784, 0.963484, 0.95071, 0.94433, 0.842191, 0.822155, 0.695541, 0.805199, 0.798581, 0.783012, 0.746318, 0.726107, 
156, 0, 1.13073, 1.23922, 1.17942, 1.00188, 1.1923, 0.815037, 1.14167, 1.16022, 1.05629, 0.903956, 1.07179, 0.500069, 1.02574, 0.972484, 0.959442, 0.953218, 0.844803, 0.822155, 0.695541, 0.814146, 0.807504, 0.792012, 0.755299, 0.735076, 
157, 0, 1.13568, 1.24693, 1.18627, 1.00688, 1.19721, 0.819003, 1.14667, 1.169, 1.05629, 0.907252, 1.08021, 0.500069, 1.03348, 0.981483, 0.968102, 0.962109, 0.847476, 0.822155, 0.695541, 0.823092, 0.816417, 0.801011, 0.76428, 0.744045, 
158, 0, 1.13974, 1.25562, 1.19422, 1.01324, 1.2029, 0.823535, 1.15135, 1.1778, 1.06351, 0.91025, 1.08853, 0.500069, 1.04108, 0.990483, 0.976701, 0.971003, 0.847476, 0.822155, 0.695541, 0.832036, 0.825319, 0.810011, 0.77326, 0.753012, 
159, 0, 1.14521, 1.26335, 1.20234, 1.01958, 1.20858, 0.828261, 1.15756, 1.18661, 1.07032, 0.912915, 1.09679, 0.500069, 1.04859, 0.999482, 0.985356, 0.979898, 0.847476, 0.822155, 0.695541, 0.840978, 0.834202, 0.819011, 0.782239, 0.761979, 
160, 0, 1.15091, 1.2716, 1.21046, 1.02561, 1.21571, 0.832771, 1.16399, 1.19544, 1.0773, 0.915337, 1.105, 0.500069, 1.05648, 1.00848, 0.994007, 0.988793, 0.847476, 0.822155, 0.695541, 0.849917, 0.843053, 0.828011, 0.791218, 0.770946, 
161, 0, 1.1565, 1.28055, 1.21897, 1.0309, 1.22306, 0.836667, 1.17068, 1.20428, 1.0844, 0.915337, 1.11347, 0.500069, 1.06445, 1.01748, 1.00267, 0.997687, 0.847476, 0.822155, 0.695541, 0.858853, 0.851824, 0.837011, 0.800195, 0.779911, 
162, 0, 1.16164, 1.28922, 1.22753, 1.03507, 1.23062, 0.839783, 1.17759, 1.21319, 1.0844, 0.915337, 1.122, 0.500069, 1.07254, 1.02648, 1.01135, 1.00658, 0.847476, 0.822155, 0.695541, 0.867787, 0.851824, 0.846011, 0.809171, 0.788875, 
163, 0, 1.16621, 1.2981, 1.23614, 1.0382, 1.23829, 0.840003, 1.18413, 1.22209, 1.0844, 0.915394, 1.1306, 0.500069, 1.08078, 1.03547, 1.02007, 1.01546, 0.847476, 0.822155, 0.695541, 0.876717, 0.851824, 0.85501, 0.818145, 0.797837, 
164, 0, 1.17033, 1.30708, 1.24472, 1.03826, 1.24536, 0.84116, 1.1908, 1.23099, 1.0844, 0.916219, 1.13928, 0.500069, 1.08917, 1.04446, 1.02881, 1.02433, 0.847476, 0.822155, 0.695541, 0.885643, 0.851824, 0.864009, 0.827118, 0.806798, 
165, 0, 1.17134, 1.31608, 1.25259, 1.03914, 1.2523, 0.843434, 1.19717, 1.23985, 1.09332, 0.918143, 1.14804, 0.500069, 1.09771, 1.05345, 1.03779, 1.03318, 0.847476, 0.822155, 0.695541, 0.894565, 0.851824, 0.873008, 0.836089, 0.815758, 
166, 0, 1.17318, 1.32472, 1.25958, 1.04138, 1.25852, 0.843434, 1.20159, 1.24867, 1.09332, 0.918143, 1.15686, 0.500069, 1.10503, 1.06243, 1.04678, 1.04197, 0.847476, 0.822155, 0.695541, 0.903482, 0.851824, 0.882006, 0.845058, 0.824715, 
167, 0, 1.17589, 1.33254, 1.26361, 1.04682, 1.26394, 0.849468, 1.20444, 1.25755, 1.09736, 0.918143, 1.16577, 0.500069, 1.11294, 1.06243, 1.05578, 1.05062, 0.847476, 0.822155, 0.695541, 0.912392, 0.851824, 0.891002, 0.854024, 0.833671, 
168, 0, 1.18327, 1.33714, 1.27117, 1.04682, 1.26499, 0.849468, 1.20469, 1.26643, 1.10333, 0.918242, 1.17472, 0.500069, 1.1213, 1.06243, 1.06472, 1.05062, 0.847476, 0.822155, 0.695541, 0.921296, 0.851824, 0.899998, 0.862987, 0.842624, 
169, 0, 1.18327, 1.34424, 1.2717, 1.04682, 1.26552, 0.849468, 1.20636, 1.2753, 1.1094, 0.922363, 1.1837, 0.500069, 1.13018, 1.06243, 1.0734, 1.05062, 0.847477, 0.822155, 0.695541, 0.93019, 0.851824, 0.908991, 0.871945, 0.851573, 
170, 0, 1.18327, 1.34621, 1.27512, 1.04682, 1.26635, 0.849468, 1.20945, 1.28316, 1.11509, 0.922363, 1.1927, 0.500069, 1.13018, 1.06243, 1.08148, 1.05062, 0.848633, 0.822155, 0.695541, 0.939071, 0.851824, 0.917982, 0.880899, 0.86052, 
171, 0, 1.18327, 1.34783, 1.28391, 1.04682, 1.26866, 0.856978, 1.21358, 1.29181, 1.11948, 0.922665, 1.20073, 0.500069, 1.13018, 1.06243, 1.08874, 1.05062, 0.85329, 0.822155, 0.69971, 0.947936, 0.851824, 0.926969, 0.889845, 0.869462, 
172, 0, 1.18327, 1.35563, 1.29274, 1.0558, 1.27245, 0.856978, 1.21825, 1.30079, 1.12847, 0.923924, 1.20834, 0.500069, 1.13115, 1.06243, 1.09541, 1.05062, 0.85925, 0.822155, 0.69971, 0.956776, 0.851824, 0.935952, 0.898782, 0.8784, 
173, 0, 1.19142, 1.36345, 1.30157, 1.0558, 1.27737, 0.865743, 1.22266, 1.30978, 1.13747, 0.926033, 1.21588, 0.500069, 1.13245, 1.06243, 1.10175, 1.05062, 0.864101, 0.822155, 0.69971, 0.965578, 0.851824, 0.944928, 0.907707, 0.887332, 
174, 0, 1.19463, 1.37126, 1.31038, 1.06464, 1.28105, 0.874474, 1.22896, 1.31869, 1.14647, 0.928443, 1.22408, 0.500069, 1.13385, 1.06243, 1.10643, 1.05062, 0.864101, 0.822155, 0.69971, 0.974315, 0.851824, 0.953895, 0.916613, 0.896256, 
175, 0, 1.19691, 1.37905, 1.31735, 1.07327, 1.28752, 0.874474, 1.23575, 1.32736, 1.14647, 0.928443, 1.2327, 0.500069, 1.14074, 1.06243, 1.11063, 1.05062, 0.864101, 0.822155, 0.69971, 0.982926, 0.851824, 0.962849, 0.92549, 0.905172, 
176, 0, 1.20311, 1.38765, 1.32553, 1.07891, 1.29439, 0.877645, 1.23842, 1.33631, 1.14647, 0.928443, 1.24018, 0.500069, 1.14881, 1.06243, 1.11501, 1.05062, 0.864101, 0.822155, 0.69971, 0.991257, 0.851824, 0.971782, 0.934316, 0.914076, 
177, 0, 1.20311, 1.39638, 1.33358, 1.08676, 1.29693, 0.877645, 1.2386, 1.34525, 1.14647, 0.928443, 1.2465, 0.500069, 1.14881, 1.06243, 1.11848, 1.05062, 0.864101, 0.822155, 0.69971, 0.998801, 0.851824, 0.980681, 0.943041, 0.922965, 
178, 0, 1.20523, 1.40445, 1.33864, 1.09265, 1.29698, 0.877645, 1.24476, 1.35414, 1.15141, 0.93243, 1.25244, 0.500069, 1.14881, 1.06243, 1.11848, 1.05062, 0.873065, 0.822155, 0.69971, 0.998801, 0.851824, 0.989518, 0.951501, 0.931834, 
179, 0, 1.20962, 1.40988, 1.33879, 1.09265, 1.30082, 0.877645, 1.25285, 1.36262, 1.15504, 0.93243, 1.25933, 0.500069, 1.14881, 1.06243, 1.11848, 1.05062, 0.873065, 0.822155, 0.69971, 0.998801, 0.851824, 0.998222, 0.958849, 0.940675, 
180, 0, 1.21215, 1.41233, 1.3389, 1.09265, 1.30893, 0.877678, 1.26032, 1.37124, 1.16014, 0.93243, 1.26663, 0.500069, 1.14881, 1.06243, 1.11848, 1.05062, 0.873065, 0.822155, 0.69971, 0.998801, 0.851824, 1.00656, 0.958849, 0.949472, 
181, 0, 1.21215, 1.41601, 1.34316, 1.09335, 1.31504, 0.877678, 1.26806, 1.37915, 1.16516, 0.93243, 1.2728, 0.500923, 1.15038, 1.06458, 1.11932, 1.05062, 0.873065, 0.822155, 0.69971, 0.998801, 0.851824, 1.00656, 0.958849, 0.958201, 
182, 0, 1.21311, 1.42047, 1.35154, 1.09335, 1.32267, 0.877678, 1.27511, 1.38453, 1.17331, 0.93264, 1.28179, 0.500931, 1.15364, 1.06711, 1.12206, 1.05062, 0.878431, 0.822155, 0.69971, 0.998801, 0.851824, 1.00656, 0.958849, 0.966806, 
183, 0, 1.21391, 1.42783, 1.35834, 1.09335, 1.33, 0.877678, 1.28176, 1.38621, 1.17846, 0.932642, 1.28179, 0.501571, 1.15797, 1.06985, 1.12664, 1.05062, 0.882855, 0.830875, 0.69971, 0.998801, 0.851824, 1.00656, 0.958849, 0.975153, 
184, 0, 1.21515, 1.43282, 1.36531, 1.09335, 1.33634, 0.87826, 1.29074, 1.3881, 1.18552, 0.933155, 1.28179, 0.503618, 1.1623, 1.07278, 1.13385, 1.05062, 0.886662, 0.830875, 0.69971, 0.998801, 0.851824, 1.00656, 0.958849, 0.982798, 
185, 0, 1.21613, 1.43817, 1.3743, 1.09335, 1.33634, 0.882829, 1.29074, 1.39125, 1.19161, 0.935037, 1.28179, 0.507032, 1.17002, 1.07278, 1.14009, 1.05062, 0.889687, 0.830875, 0.69971, 0.998801, 0.851824, 1.00656, 0.958849, 0.982798, 
186, 0, 1.21632, 1.44681, 1.38209, 1.09537, 1.3407, 0.887542, 1.29074, 1.39534, 1.19259, 0.938435, 1.29073, 0.510197, 1.17785, 1.07278, 1.14472, 1.05062, 0.889687, 0.830875, 0.69971, 0.998801, 0.851824, 1.00656, 0.958849, 0.982798, 
187, 0, 1.21645, 1.45499, 1.39097, 1.09814, 1.34528, 0.891288, 1.29274, 1.39983, 1.20139, 0.943046, 1.29972, 0.510661, 1.1857, 1.07278, 1.14472, 1.05062, 0.889687, 0.830875, 0.69971, 0.998801, 0.851824, 1.00656, 0.958849, 0.982798, 
188, 0, 1.21772, 1.46341, 1.39992, 1.09945, 1.35313, 0.891288, 1.29274, 1.40568, 1.20917, 0.943512, 1.30744, 0.511824, 1.19401, 1.07278, 1.14472, 1.05062, 0.889687, 0.830875, 0.69971, 0.998801, 0.851824, 1.00656, 0.958849, 0.982798, 
189, 0, 1.2226, 1.47176, 1.40828, 1.09945, 1.36182, 0.89688, 1.29274, 1.40885, 1.21636, 0.944561, 1.31362, 0.513544, 1.19401, 1.07278, 1.14472, 1.05062, 0.889687, 0.830875, 0.69971, 0.998801, 0.851824, 1.00656, 0.958849, 0.982798, 
190, 0, 1.2226, 1.47996, 1.41567, 1.10444, 1.36182, 0.899383, 1.29556, 1.40885, 1.22536, 0.946078, 1.31662, 0.515972, 1.19401, 1.07988, 1.14472, 1.05062, 0.889687, 0.830875, 0.69971, 0.998801, 0.851824, 1.00656, 0.958849, 0.982798, 
191, 0, 1.22288, 1.48886, 1.42416, 1.10445, 1.37081, 0.900249, 1.29878, 1.40885, 1.23436, 0.94841, 1.31662, 0.524877, 1.19401, 1.07988, 1.14472, 1.05062, 0.889687, 0.830875, 0.69971, 0.998801, 0.851824, 1.00656, 0.958849, 0.982798, 
192, 0, 1.22538, 1.49739, 1.43314, 1.10572, 1.37978, 0.90098, 1.30286, 1.40885, 1.24331, 0.94841, 1.31662, 0.524877, 1.19401, 1.07988, 1.14472, 1.05062, 0.889687, 0.830875, 0.69971, 0.998801, 0.851824, 1.00656, 0.958849, 0.982798, 
193, 0, 1.22883, 1.50403, 1.44201, 1.10987, 1.38856, 0.902288, 1.30789, 1.40885, 1.24331, 0.957374, 1.31662, 0.524877, 1.19401, 1.07988, 1.14472, 1.05062, 0.889687, 0.830875, 0.69971, 0.998801, 0.851824, 1.00656, 0.958849, 0.982798, 
194, 0, 1.23285, 1.51017, 1.45071, 1.11433, 1.39723, 0.903229, 1.31306, 1.41739, 1.24331, 0.957374, 1.31662, 0.524877, 1.19401, 1.07988, 1.14472, 1.05062, 0.889687, 0.830875, 0.69971, 0.998801, 0.851824, 1.00656, 0.958849, 0.982798, 
195, 0, 1.23759, 1.51914, 1.45933, 1.12325, 1.40542, 0.906476, 1.31896, 1.42568, 1.24331, 0.957374, 1.31662, 0.524877, 1.19401, 1.07988, 1.14472, 1.05062, 0.889687, 0.830875, 0.69971, 0.998801, 0.851824, 1.00656, 0.958849, 0.982798, 
196, 0, 1.24366, 1.52808, 1.46767, 1.12677, 1.41356, 0.910918, 1.32529, 1.42568, 1.24331, 0.957374, 1.31662, 0.524877, 1.19401, 1.07988, 1.14472, 1.05062, 0.889687, 0.830875, 0.69971, 0.998801, 0.851824, 1.00656, 0.958849, 0.982798, 
197, 0, 1.24552, 1.53685, 1.47602, 1.13128, 1.42156, 0.916748, 1.33183, 1.42568, 1.24331, 0.957374, 1.31662, 0.524877, 1.19401, 1.07988, 1.14472, 1.05062, 0.889687, 0.830875, 0.69971, 0.998801, 0.851824, 1.00656, 0.958849, 0.982798, 
198, 0, 1.24791, 1.54547, 1.48433, 1.13636, 1.4293, 0.921254, 1.3384, 1.42568, 1.24331, 0.957374, 1.31662, 0.524877, 1.19401, 1.07988, 1.14472, 1.05062, 0.889687, 0.830875, 0.69971, 0.998801, 0.851824, 1.00656, 0.958849, 0.982798, 
199, 0, 1.25446, 1.55383, 1.49254, 1.14149, 1.43659, 0.921254, 1.34483, 1.42568, 1.24331, 0.957374, 1.31662, 0.524877, 1.19401, 1.07988, 1.14472, 1.05062, 0.889687, 0.830875, 0.69971, 0.998801, 0.851824, 1.00656, 0.958849, 0.982798, 
200, 0, 1.2605, 1.56182, 1.5006, 1.1461, 1.44317, 0.921254, 1.3509, 1.42568, 1.24331, 0.957374, 1.31662, 0.524877, 1.19401, 1.07988, 1.14472, 1.05062, 0.889687, 0.830875, 0.69971, 0.998801, 0.851824, 1.00656, 0.958849, 0.982798, 
201, 0, 1.26752, 1.56931, 1.50847, 1.15052, 1.44868, 0.921254, 1.35628, 1.42568, 1.24331, 0.957374, 1.31662, 0.524877, 1.19401, 1.07988, 1.14472, 1.05062, 0.889687, 0.830875, 0.69971, 0.998801, 0.851824, 1.00656, 0.958849, 0.982798, 
202, 0, 1.26752, 1.57628, 1.5161, 1.15443, 1.45284, 0.921254, 1.36062, 1.42568, 1.24331, 0.957374, 1.31662, 0.524877, 1.19401, 1.07988, 1.14472, 1.05062, 0.889687, 0.830875, 0.69971, 0.998801, 0.851824, 1.00656, 0.958849, 0.982798, 
203, 0, 1.26752, 1.58284, 1.52345, 1.15761, 1.45582, 0.921254, 1.36062, 1.42568, 1.24331, 0.957374, 1.31662, 0.524877, 1.19401, 1.07988, 1.14472, 1.05062, 0.889687, 0.830875, 0.69971, 0.998801, 0.851824, 1.00656, 0.958849, 0.982798, 
204, 0, 1.26752, 1.58927, 1.53057, 1.15761, 1.45582, 0.921254, 1.36062, 1.42568, 1.24331, 0.957374, 1.31662, 0.524877, 1.19401, 1.07988, 1.14472, 1.05062, 0.889687, 0.830875, 0.69971, 0.998801, 0.851824, 1.00656, 0.958849, 0.982798, 
205, 0, 1.26752, 1.59584, 1.53796, 1.15761, 1.45582, 0.921254, 1.36062, 1.42568, 1.24331, 0.957374, 1.31662, 0.524877, 1.19401, 1.07988, 1.14472, 1.05062, 0.889687, 0.830875, 0.69971, 0.998801, 0.851824, 1.00656, 0.958849, 0.982798, 
206, 0, 1.26752, 1.60389, 1.54452, 1.15761, 1.45582, 0.921254, 1.36062, 1.42568, 1.24331, 0.957374, 1.31662, 0.524877, 1.19401, 1.07988, 1.14472, 1.05062, 0.889687, 0.830875, 0.69971, 0.998801, 0.851824, 1.00656, 0.958849, 0.982798, 
207, 0, 1.26752, 1.61116, 1.54931, 1.15761, 1.45582, 0.921254, 1.36062, 1.42568, 1.24331, 0.957374, 1.31662, 0.524877, 1.19401, 1.07988, 1.14472, 1.05062, 0.889687, 0.830875, 0.69971, 0.998801, 0.851824, 1.00656, 0.958849, 0.982798, 
208, 0, 1.26752, 1.61698, 1.54931, 1.15761, 1.45582, 0.921254, 1.36062, 1.42568, 1.24331, 0.957374, 1.31662, 0.524877, 1.19401, 1.07988, 1.14472, 1.05062, 0.889687, 0.830875, 0.69971, 0.998801, 0.851824, 1.00656, 0.958849, 0.982798, 
209, 0, 1.26752, 1.6207, 1.54931, 1.15761, 1.45582, 0.921254, 1.36062, 1.42568, 1.24331, 0.957374, 1.31662, 0.524877, 1.19401, 1.07988, 1.14472, 1.05062, 0.889687, 0.830875, 0.69971, 0.998801, 0.851824, 1.00656, 0.958849, 0.982798, 
210, 0, 1.26752, 1.6207, 1.54931, 1.15761, 1.45582, 0.921254, 1.36062, 1.42568, 1.24331, 0.957374, 1.31662, 0.524877, 1.19401, 1.07988, 1.14472, 1.05062, 0.889687, 0.830875, 0.69971, 0.998801, 0.851824, 1.00656, 0.958849, 0.982798, 
211, 0, 1.26752, 1.6207, 1.54931, 1.15761, 1.45582, 0.921254, 1.36062, 1.42568, 1.24331, 0.957374, 1.31662, 0.524877, 1.19401, 1.07988, 1.14472, 1.05062, 0.889687, 0.830875, 0.69971, 0.998801, 0.851824, 1.00656, 0.958849, 0.982798, 
212, 0, 1.26752, 1.6207, 1.54931, 1.15761, 1.45582, 0.921254, 1.36062, 1.42568, 1.24331, 0.957374, 1.31662, 0.524877, 1.19401, 1.07988, 1.14472, 1.05062, 0.889687, 0.830875, 0.69971, 0.998801, 0.851824, 1.00656, 0.958849, 0.982798, 
213, 0, 1.26752, 1.6207, 1.54931, 1.15761, 1.45582, 0.921254, 1.36062, 1.42568, 1.24331, 0.957374, 1.31662, 0.524877, 1.19401, 1.07988, 1.14472, 1.05062, 0.889687, 0.830875, 0.69971, 0.998801, 0.851824, 1.00656, 0.958849, 0.982798, 
