0, 0, 
1, 0, 
2, 0, 
3, 0, 0, 
4, 0, 0, 
5, 0, 0.00275232, 
6, 0, 0.00724239, 0, 
7, 0, 0.0131153, 0, 
8, 0, 0.0199108, 0.00876067, 
9, 0, 0.0272919, 0.0175575, 0, 
10, 0, 0.0350507, 0.0263544, 0, 
11, 0, 0.0430623, 0.0352077, 0.00839773, 
12, 0, 0.0512496, 0.044076, 0.0169439, 0, 
13, 0, 0.0594369, 0.052957, 0.0255862, 0, 
14, 0, 0.0679093, 0.0618486, 0.0342946, 0.00726025, 
15, 0, 0.0764411, 0.0707492, 0.0430508, 0.0152261, 0, 
16, 0, 0.0850137, 0.0796575, 0.051807, 0.0235264, 0, 
17, 0, 0.093618, 0.0885375, 0.0599332, 0.0320143, 0.00529697, 
18, 0, 0.102247, 0.0973228, 0.068153, 0.0406191, 0.0125502, 0, 
19, 0, 0.110897, 0.106168, 0.0765619, 0.0492239, 0.0205143, 0, 
20, 0, 0.119679, 0.115027, 0.0851045, 0.0579539, 0.0288146, 0.00710627, 
21, 0, 0.126591, 0.1239, 0.0937386, 0.0667235, 0.0373032, 0.0150087, 0, 
22, 0, 0.134279, 0.132786, 0.102437, 0.0755429, 0.0457918, 0.0232772, 0, 
23, 0, 0.142396, 0.141681, 0.111006, 0.0843975, 0.0534399, 0.0317471, 0.00313245, 
24, 0, 0.150743, 0.150568, 0.117795, 0.0932769, 0.0617094, 0.0403409, 0.00799894, 0, 
25, 0, 0.159229, 0.159427, 0.125849, 0.102175, 0.0701762, 0.0489348, 0.0141866, 0, 
26, 0, 0.167802, 0.168299, 0.134169, 0.111029, 0.0787669, 0.0578403, 0.0212348, 0.00799691, 
27, 0, 0.175668, 0.177183, 0.142651, 0.120017, 0.0874407, 0.0667617, 0.0288236, 0.016318, 0, 
28, 0, 0.181986, 0.186077, 0.151238, 0.129009, 0.096173, 0.075693, 0.0364124, 0.0248217, 0, 
29, 0, 0.189609, 0.19498, 0.159899, 0.138003, 0.105057, 0.0846313, 0.0453078, 0.0334393, 0.00134477, 
30, 0, 0.197732, 0.203889, 0.168874, 0.146998, 0.11313, 0.0935747, 0.0542898, 0.0421335, 0.00610581, 0, 
31, 0, 0.206104, 0.212871, 0.175187, 0.155994, 0.12136, 0.102522, 0.0632701, 0.0508277, 0.0131934, 0, 
32, 0, 0.21462, 0.221837, 0.182231, 0.16499, 0.129809, 0.111448, 0.072251, 0.0596329, 0.0210945, 0.00260223, 
33, 0, 0.223227, 0.230713, 0.190065, 0.173975, 0.138385, 0.120442, 0.0812326, 0.0684701, 0.029367, 0.00699558, 0, 
34, 0, 0.231306, 0.239598, 0.19825, 0.182972, 0.147046, 0.129437, 0.0902148, 0.0773323, 0.0376394, 0.0128597, 0, 
35, 0, 0.239387, 0.24849, 0.20663, 0.191966, 0.155766, 0.138433, 0.09921, 0.0862129, 0.0455016, 0.0197115, 0.00116164, 
36, 0, 0.247762, 0.257389, 0.215132, 0.200958, 0.164274, 0.14743, 0.107913, 0.0951072, 0.053852, 0.0271838, 0.0056428, 0, 
37, 0, 0.25631, 0.266294, 0.222667, 0.209948, 0.172121, 0.156426, 0.116735, 0.104012, 0.062321, 0.0346561, 0.0126448, 0, 
38, 0, 0.264959, 0.275254, 0.228453, 0.218937, 0.180509, 0.165423, 0.125557, 0.112955, 0.0709162, 0.0435696, 0.0205161, 0.00171182, 
39, 0, 0.273669, 0.284183, 0.236262, 0.227925, 0.188958, 0.174423, 0.1344, 0.12188, 0.0796062, 0.0524685, 0.0287769, 0.00518023, 0, 
40, 0, 0.282418, 0.293083, 0.244155, 0.236869, 0.197531, 0.183418, 0.143266, 0.130813, 0.0883593, 0.06135, 0.0370378, 0.0103407, 0, 
41, 0, 0.291349, 0.302013, 0.252369, 0.245824, 0.206209, 0.192412, 0.152148, 0.139755, 0.0969758, 0.0702231, 0.044919, 0.0167411, 0.00812295, 
42, 0, 0.29983, 0.310947, 0.260827, 0.254774, 0.214953, 0.201405, 0.160921, 0.148702, 0.105134, 0.0790987, 0.0534264, 0.0239362, 0.0165175, 0, 
43, 0, 0.308478, 0.31988, 0.269423, 0.263718, 0.22342, 0.210397, 0.169085, 0.157652, 0.113808, 0.0879824, 0.0620522, 0.0311313, 0.0250699, 0, 
44, 0, 0.317243, 0.328814, 0.277082, 0.272659, 0.231298, 0.21939, 0.177691, 0.166606, 0.12255, 0.0965871, 0.0707562, 0.0399621, 0.0337228, 0.00454051, 
45, 0, 0.326072, 0.337798, 0.284334, 0.281599, 0.239977, 0.228382, 0.186376, 0.175577, 0.131338, 0.105508, 0.0795148, 0.0488182, 0.0424442, 0.0105192, 0, 
46, 0, 0.334927, 0.346769, 0.293053, 0.290541, 0.248721, 0.237367, 0.195117, 0.184542, 0.14016, 0.114428, 0.0883132, 0.057696, 0.0511657, 0.0174532, 0, 
47, 0, 0.343793, 0.35566, 0.301828, 0.299416, 0.25751, 0.246317, 0.203898, 0.193508, 0.149007, 0.123346, 0.0971471, 0.0665898, 0.0595507, 0.0249852, 0.00117329, 
48, 0, 0.352619, 0.364558, 0.310638, 0.30832, 0.266332, 0.255271, 0.21271, 0.202475, 0.157883, 0.132263, 0.10566, 0.0754954, 0.0681388, 0.0328971, 0.00397857, 0, 
49, 0, 0.361339, 0.373464, 0.319474, 0.317232, 0.275178, 0.264229, 0.221488, 0.211442, 0.166423, 0.141183, 0.114264, 0.0844096, 0.0768136, 0.0408089, 0.00856888, 0, 
50, 0, 0.370075, 0.382377, 0.328328, 0.326153, 0.284055, 0.273189, 0.229724, 0.22041, 0.175042, 0.150104, 0.122952, 0.0932252, 0.0855498, 0.0497222, 0.0145839, 0.0089378, 
51, 0, 0.378823, 0.391296, 0.337232, 0.335081, 0.292527, 0.282153, 0.238223, 0.22938, 0.183743, 0.159092, 0.131699, 0.102141, 0.0943314, 0.0586406, 0.0215418, 0.0178786, 0, 
52, 0, 0.387585, 0.400209, 0.345701, 0.344014, 0.301103, 0.291118, 0.246833, 0.238376, 0.1925, 0.167425, 0.14049, 0.111065, 0.103147, 0.0675636, 0.0284996, 0.0268221, 0, 
53, 0, 0.396361, 0.409128, 0.354263, 0.352952, 0.309772, 0.299992, 0.255517, 0.247339, 0.201298, 0.175935, 0.149312, 0.119995, 0.112112, 0.0764907, 0.0368224, 0.0357682, 0.00895299, 
54, 0, 0.405153, 0.418054, 0.362919, 0.361744, 0.318504, 0.308944, 0.264257, 0.256304, 0.210127, 0.184556, 0.158278, 0.12893, 0.120835, 0.0854216, 0.0456051, 0.0447166, 0.017909, 0, 
55, 0, 0.414132, 0.426984, 0.371638, 0.370698, 0.327282, 0.317898, 0.273037, 0.265271, 0.219092, 0.193252, 0.167001, 0.137871, 0.129277, 0.0943559, 0.0544105, 0.053665, 0.0268678, 0, 
56, 0, 0.422763, 0.435919, 0.3804, 0.379652, 0.336094, 0.326853, 0.282034, 0.27424, 0.227777, 0.202, 0.17559, 0.146815, 0.137855, 0.103306, 0.0632349, 0.062665, 0.035829, 0.00242057, 
57, 0, 0.431466, 0.444857, 0.389196, 0.388607, 0.345009, 0.33581, 0.290806, 0.283211, 0.236372, 0.210787, 0.184269, 0.155747, 0.146522, 0.112284, 0.0720754, 0.0716649, 0.0447924, 0.00664633, 0, 
58, 0, 0.440218, 0.4538, 0.397688, 0.397562, 0.353529, 0.344769, 0.299182, 0.292182, 0.245057, 0.219583, 0.19301, 0.164299, 0.155251, 0.121264, 0.0809296, 0.0806649, 0.0537558, 0.0124004, 0, 
59, 0, 0.449005, 0.462799, 0.4059, 0.406518, 0.362146, 0.35373, 0.30771, 0.301164, 0.253804, 0.227868, 0.201795, 0.17295, 0.164024, 0.130244, 0.0897624, 0.0896649, 0.0626201, 0.0191944, 0.00799938, 
60, 0, 0.457818, 0.471799, 0.41473, 0.415476, 0.370845, 0.362671, 0.316338, 0.310139, 0.262593, 0.236354, 0.210614, 0.18167, 0.172853, 0.139225, 0.0987554, 0.0986648, 0.0715041, 0.0266413, 0.0163299, 0, 
61, 0, 0.466651, 0.480742, 0.423586, 0.424413, 0.3796, 0.371605, 0.325034, 0.319117, 0.271416, 0.244963, 0.219487, 0.19044, 0.181059, 0.148207, 0.107742, 0.107665, 0.0804, 0.0340882, 0.0248453, 0, 
62, 0, 0.475553, 0.489687, 0.432461, 0.433359, 0.388395, 0.38054, 0.333779, 0.328096, 0.280295, 0.253657, 0.228101, 0.199247, 0.189437, 0.157191, 0.116729, 0.116655, 0.0893062, 0.0417736, 0.0334755, 0.00411047, 
63, 0, 0.484417, 0.498634, 0.441349, 0.442304, 0.397219, 0.389475, 0.342562, 0.337077, 0.288928, 0.262408, 0.236753, 0.208083, 0.19797, 0.166167, 0.125716, 0.125637, 0.0982209, 0.0497772, 0.0421822, 0.00977938, 0, 
64, 0, 0.493302, 0.507585, 0.450247, 0.451247, 0.406105, 0.398411, 0.350988, 0.34606, 0.29759, 0.271201, 0.245475, 0.216874, 0.206604, 0.174981, 0.134704, 0.134619, 0.107143, 0.0579925, 0.050889, 0.0165191, 0, 
65, 0, 0.502204, 0.516537, 0.459191, 0.460189, 0.414779, 0.407348, 0.359564, 0.355044, 0.306322, 0.279993, 0.254247, 0.225242, 0.215307, 0.183821, 0.143691, 0.143603, 0.116023, 0.0663573, 0.0596528, 0.0239325, 0.00280051, 
66, 0, 0.51112, 0.525484, 0.468062, 0.46913, 0.423464, 0.416286, 0.368221, 0.364041, 0.315102, 0.288379, 0.263055, 0.233775, 0.224059, 0.192682, 0.15267, 0.152587, 0.124655, 0.0748321, 0.0685055, 0.0317703, 0.00738847, 0, 
67, 0, 0.520048, 0.534429, 0.476903, 0.47807, 0.432211, 0.42518, 0.376936, 0.373028, 0.323916, 0.296932, 0.271891, 0.242412, 0.232773, 0.201559, 0.161338, 0.161573, 0.133478, 0.0833904, 0.07738, 0.039608, 0.0134045, 0, 
68, 0, 0.528985, 0.543387, 0.485768, 0.48699, 0.441001, 0.434094, 0.385696, 0.382018, 0.332757, 0.305586, 0.280782, 0.251119, 0.240532, 0.21045, 0.170138, 0.170558, 0.142328, 0.0920674, 0.0862711, 0.0484477, 0.0203657, 0.00137706, 
69, 0, 0.537932, 0.552346, 0.49465, 0.495921, 0.449823, 0.443006, 0.394489, 0.391008, 0.341672, 0.314308, 0.289458, 0.259878, 0.248858, 0.219353, 0.178967, 0.179558, 0.151199, 0.10018, 0.0951748, 0.0573001, 0.0279179, 0.00619106, 0, 
70, 0, 0.546885, 0.561306, 0.503544, 0.504847, 0.458669, 0.451919, 0.403111, 0.4, 0.350405, 0.323079, 0.298138, 0.268674, 0.257355, 0.228334, 0.187819, 0.188499, 0.160085, 0.108479, 0.104089, 0.0661627, 0.0354701, 0.0133092, 0, 
71, 0, 0.555848, 0.570268, 0.512448, 0.513772, 0.467623, 0.460834, 0.411486, 0.408992, 0.359094, 0.331885, 0.306874, 0.277636, 0.265962, 0.23699, 0.196689, 0.197446, 0.168983, 0.116912, 0.113031, 0.0750377, 0.0440408, 0.0212338, 0.00651745, 
72, 0, 0.564816, 0.579231, 0.521446, 0.522698, 0.476456, 0.469752, 0.420263, 0.417985, 0.367835, 0.340867, 0.315652, 0.285912, 0.274643, 0.245717, 0.205574, 0.206397, 0.177971, 0.125439, 0.121988, 0.0839236, 0.0528714, 0.0295261, 0.0137935, 0, 
73, 0, 0.573789, 0.588118, 0.530437, 0.531625, 0.485155, 0.478673, 0.429077, 0.426976, 0.376617, 0.349297, 0.324462, 0.294397, 0.283377, 0.254495, 0.21456, 0.215352, 0.186827, 0.134037, 0.130922, 0.0928186, 0.0617156, 0.0378184, 0.0215449, 0, 
74, 0, 0.582765, 0.597017, 0.539265, 0.540553, 0.4939, 0.487414, 0.437918, 0.435969, 0.385431, 0.357885, 0.333299, 0.303011, 0.292362, 0.263307, 0.223286, 0.224309, 0.195432, 0.142691, 0.139861, 0.1018, 0.0705719, 0.0461009, 0.0296032, 0.00182413, 
75, 0, 0.591742, 0.606, 0.548102, 0.549271, 0.502681, 0.496335, 0.446779, 0.444965, 0.39427, 0.366572, 0.342167, 0.311703, 0.300506, 0.272145, 0.231812, 0.233268, 0.204121, 0.15103, 0.148805, 0.110795, 0.0794392, 0.0545861, 0.0378682, 0.0054243, 
76, 0, 0.600509, 0.614984, 0.556951, 0.558216, 0.511492, 0.505253, 0.455655, 0.453961, 0.403086, 0.375319, 0.350796, 0.320449, 0.308421, 0.281004, 0.240448, 0.242232, 0.212866, 0.159128, 0.157753, 0.119789, 0.0883164, 0.0631953, 0.046278, 0.0106995, 
77, 0, 0.609475, 0.623971, 0.565812, 0.567154, 0.520328, 0.514167, 0.464654, 0.462958, 0.411687, 0.384107, 0.35953, 0.329236, 0.316688, 0.289827, 0.249159, 0.251142, 0.221652, 0.167404, 0.166705, 0.128782, 0.0972022, 0.0718872, 0.054793, 0.0171851, 
78, 0, 0.618453, 0.632958, 0.574684, 0.576087, 0.52898, 0.523085, 0.473616, 0.471955, 0.420466, 0.392926, 0.368311, 0.337959, 0.325151, 0.29848, 0.257922, 0.260061, 0.230469, 0.175808, 0.175661, 0.137776, 0.106096, 0.0806375, 0.0633864, 0.0244418, 
79, 0, 0.627437, 0.641946, 0.582884, 0.58502, 0.537506, 0.532006, 0.48235, 0.480952, 0.429281, 0.401774, 0.377126, 0.346357, 0.333735, 0.307202, 0.266722, 0.268988, 0.23931, 0.184309, 0.184619, 0.14677, 0.114996, 0.0894306, 0.0720402, 0.0321811, 
80, 0, 0.636425, 0.650904, 0.591402, 0.593954, 0.546362, 0.540931, 0.491125, 0.489936, 0.438123, 0.410345, 0.385967, 0.354911, 0.3424, 0.315973, 0.275552, 0.277921, 0.24817, 0.192886, 0.193579, 0.155763, 0.123903, 0.0982558, 0.0807412, 0.0402318, 
81, 0, 0.645413, 0.659863, 0.600384, 0.60289, 0.555237, 0.549666, 0.499933, 0.498934, 0.446984, 0.41902, 0.394828, 0.363564, 0.351121, 0.324781, 0.284404, 0.28686, 0.257045, 0.201523, 0.202542, 0.164757, 0.132816, 0.107106, 0.08948, 0.0484917, 
82, 0, 0.654402, 0.668853, 0.609367, 0.611632, 0.564124, 0.558594, 0.508768, 0.507932, 0.455861, 0.427763, 0.403705, 0.372286, 0.359884, 0.333617, 0.293274, 0.295804, 0.265932, 0.210207, 0.211507, 0.173751, 0.141733, 0.115975, 0.0982494, 0.0568981, 
83, 0, 0.663233, 0.677842, 0.618349, 0.620581, 0.573021, 0.567517, 0.517623, 0.516932, 0.46475, 0.436552, 0.412595, 0.381056, 0.368678, 0.342475, 0.302158, 0.304752, 0.27483, 0.21893, 0.220474, 0.182745, 0.150655, 0.124861, 0.107044, 0.0654107, 
84, 0, 0.672217, 0.686832, 0.627331, 0.629525, 0.581926, 0.576438, 0.526496, 0.525931, 0.473649, 0.445375, 0.421495, 0.389862, 0.377496, 0.35135, 0.311054, 0.313703, 0.283736, 0.227683, 0.229443, 0.191739, 0.159582, 0.133759, 0.11586, 0.0740025, 
85, 0, 0.681208, 0.695822, 0.636311, 0.638463, 0.590839, 0.585359, 0.535383, 0.534931, 0.482557, 0.454223, 0.430405, 0.398697, 0.386334, 0.360241, 0.31996, 0.322658, 0.29265, 0.236462, 0.238413, 0.200733, 0.168512, 0.142668, 0.124693, 0.0826551, 
86, 0, 0.690203, 0.704813, 0.645291, 0.6474, 0.599756, 0.594283, 0.544281, 0.54393, 0.491472, 0.463091, 0.439322, 0.407553, 0.395187, 0.369143, 0.328875, 0.331616, 0.301569, 0.245262, 0.247384, 0.209727, 0.177445, 0.151585, 0.133541, 0.0913553, 
87, 0, 0.699199, 0.713804, 0.654268, 0.656336, 0.608678, 0.603209, 0.55319, 0.55293, 0.500393, 0.471973, 0.448246, 0.416427, 0.404052, 0.378054, 0.337796, 0.340576, 0.310494, 0.254079, 0.256357, 0.218721, 0.186382, 0.160511, 0.142403, 0.100093, 
88, 0, 0.708197, 0.722797, 0.663244, 0.665274, 0.617604, 0.612138, 0.562107, 0.56193, 0.509319, 0.480868, 0.457175, 0.425315, 0.412928, 0.386974, 0.346724, 0.349538, 0.319424, 0.262912, 0.265331, 0.227715, 0.195321, 0.169442, 0.151275, 0.108863, 
89, 0, 0.717195, 0.73179, 0.672218, 0.674212, 0.626533, 0.621071, 0.571032, 0.57093, 0.51825, 0.489773, 0.466109, 0.434215, 0.421813, 0.395902, 0.355657, 0.358503, 0.328358, 0.271758, 0.274306, 0.23671, 0.204263, 0.17838, 0.160158, 0.117657, 
90, 0, 0.726193, 0.740783, 0.681189, 0.683152, 0.635465, 0.630007, 0.579963, 0.57993, 0.527184, 0.498686, 0.475047, 0.443125, 0.430705, 0.404835, 0.364594, 0.367469, 0.337295, 0.280615, 0.283282, 0.245704, 0.213208, 0.187322, 0.169048, 0.126472, 
91, 0, 0.735192, 0.749777, 0.690158, 0.692094, 0.644399, 0.638946, 0.588901, 0.588929, 0.536121, 0.507606, 0.483988, 0.452043, 0.439602, 0.413774, 0.373536, 0.376437, 0.346235, 0.289482, 0.292259, 0.254698, 0.222154, 0.196268, 0.177947, 0.135306, 
92, 0, 0.744191, 0.758772, 0.699124, 0.701037, 0.653335, 0.647888, 0.597843, 0.597929, 0.545061, 0.516532, 0.492933, 0.460968, 0.448505, 0.422717, 0.382481, 0.385407, 0.355178, 0.298358, 0.301237, 0.263693, 0.231103, 0.205218, 0.186852, 0.144154, 
93, 0, 0.75319, 0.767767, 0.708087, 0.709983, 0.662273, 0.656833, 0.60679, 0.606929, 0.554003, 0.525462, 0.50188, 0.469899, 0.457412, 0.431665, 0.391429, 0.394378, 0.364124, 0.307241, 0.310216, 0.272687, 0.240054, 0.214171, 0.195762, 0.153016, 
94, 0, 0.762189, 0.776763, 0.717046, 0.718929, 0.671212, 0.665781, 0.615741, 0.615929, 0.562948, 0.534397, 0.51083, 0.478836, 0.466322, 0.440616, 0.40038, 0.403351, 0.373071, 0.316131, 0.319195, 0.281681, 0.249006, 0.223127, 0.204679, 0.161888, 
95, 0, 0.771188, 0.78576, 0.726002, 0.727878, 0.680151, 0.674732, 0.624697, 0.624929, 0.571894, 0.543335, 0.519782, 0.487777, 0.475235, 0.44957, 0.409334, 0.412324, 0.38202, 0.325026, 0.328175, 0.290676, 0.25796, 0.232086, 0.2136, 0.17077, 
96, 0, 0.780187, 0.794757, 0.734953, 0.736828, 0.689092, 0.683685, 0.633655, 0.633928, 0.580841, 0.552275, 0.528736, 0.496722, 0.48415, 0.458527, 0.41829, 0.421299, 0.390971, 0.333927, 0.337156, 0.29967, 0.266916, 0.241047, 0.222525, 0.179661, 
97, 0, 0.789186, 0.803754, 0.743899, 0.74578, 0.698032, 0.692641, 0.642617, 0.642928, 0.58979, 0.561219, 0.537692, 0.505671, 0.493067, 0.467487, 0.427247, 0.430275, 0.399924, 0.342833, 0.346137, 0.308665, 0.275873, 0.250011, 0.231454, 0.18856, 
98, 0, 0.798186, 0.812752, 0.752841, 0.754734, 0.706974, 0.701599, 0.651582, 0.651928, 0.59874, 0.570164, 0.546649, 0.514624, 0.501985, 0.476449, 0.436207, 0.439252, 0.408877, 0.351743, 0.355119, 0.317659, 0.284831, 0.258976, 0.240387, 0.197465, 
99, 0, 0.807185, 0.82175, 0.761776, 0.76369, 0.715915, 0.71056, 0.66055, 0.660928, 0.607691, 0.579111, 0.555607, 0.523579, 0.510904, 0.485413, 0.445169, 0.448229, 0.417832, 0.360656, 0.364102, 0.326654, 0.293791, 0.267943, 0.249323, 0.206376, 
100, 0, 0.816184, 0.830749, 0.770705, 0.772647, 0.724856, 0.719524, 0.66952, 0.669927, 0.616642, 0.588059, 0.564567, 0.532537, 0.519822, 0.494379, 0.454131, 0.457208, 0.426787, 0.369574, 0.373084, 0.335648, 0.302751, 0.276911, 0.258261, 0.215293, 
101, 0, 0.825183, 0.839748, 0.779628, 0.781606, 0.733797, 0.728489, 0.678493, 0.678927, 0.625594, 0.597008, 0.573527, 0.541497, 0.52874, 0.503347, 0.463096, 0.466187, 0.435743, 0.378494, 0.382068, 0.344643, 0.311713, 0.285881, 0.267203, 0.224214, 
102, 0, 0.834182, 0.848748, 0.788542, 0.790566, 0.742738, 0.737457, 0.687468, 0.687926, 0.634547, 0.605957, 0.582488, 0.550459, 0.537657, 0.512317, 0.472061, 0.475167, 0.4447, 0.387417, 0.391052, 0.353637, 0.320676, 0.294852, 0.276147, 0.233139, 
103, 0, 0.84318, 0.857747, 0.797447, 0.799529, 0.751678, 0.746427, 0.696446, 0.696925, 0.643499, 0.614907, 0.59145, 0.559424, 0.546571, 0.521288, 0.481028, 0.484148, 0.453657, 0.396342, 0.400036, 0.362632, 0.329639, 0.303825, 0.285093, 0.242069, 
104, 0, 0.852178, 0.866747, 0.806343, 0.808493, 0.760617, 0.7554, 0.705426, 0.705925, 0.652452, 0.623857, 0.600413, 0.56839, 0.555483, 0.530261, 0.489995, 0.493129, 0.462614, 0.40527, 0.40902, 0.371626, 0.338604, 0.312798, 0.294041, 0.251002, 
105, 0, 0.861176, 0.875747, 0.815227, 0.817459, 0.769556, 0.764374, 0.714407, 0.714924, 0.661405, 0.632807, 0.609376, 0.577358, 0.564391, 0.539234, 0.498964, 0.502111, 0.471572, 0.4142, 0.418005, 0.380621, 0.347569, 0.321773, 0.302991, 0.259938, 
106, 0, 0.870173, 0.884747, 0.824099, 0.826427, 0.778493, 0.773351, 0.723391, 0.723922, 0.670357, 0.641757, 0.618339, 0.586327, 0.573294, 0.548209, 0.507933, 0.511093, 0.480529, 0.423131, 0.426991, 0.389615, 0.356535, 0.330748, 0.311943, 0.268877, 
107, 0, 0.879168, 0.893747, 0.832956, 0.835396, 0.787429, 0.782331, 0.732376, 0.732921, 0.67931, 0.650706, 0.627303, 0.595298, 0.58219, 0.557185, 0.516904, 0.520076, 0.489487, 0.432064, 0.435976, 0.39861, 0.365502, 0.339725, 0.320897, 0.277819, 
108, 0, 0.888163, 0.902747, 0.841797, 0.844368, 0.796364, 0.791312, 0.741364, 0.741919, 0.688262, 0.659654, 0.636267, 0.604271, 0.591076, 0.566162, 0.525875, 0.529059, 0.498444, 0.440999, 0.444962, 0.407604, 0.374469, 0.348702, 0.329852, 0.286763, 
109, 0, 0.897155, 0.911746, 0.850618, 0.853342, 0.805298, 0.800296, 0.750353, 0.750917, 0.697213, 0.668601, 0.645231, 0.613244, 0.59995, 0.57514, 0.534846, 0.538043, 0.5074, 0.449935, 0.453948, 0.416599, 0.383437, 0.35768, 0.338808, 0.29571, 
110, 0, 0.906144, 0.920745, 0.859417, 0.862318, 0.81423, 0.809281, 0.759343, 0.759914, 0.706164, 0.677546, 0.654194, 0.622219, 0.608806, 0.584119, 0.543819, 0.547027, 0.516356, 0.458872, 0.462935, 0.425593, 0.392405, 0.366658, 0.347766, 0.304658, 
111, 0, 0.91513, 0.929743, 0.868187, 0.871296, 0.82316, 0.818269, 0.768336, 0.768911, 0.715114, 0.68649, 0.663158, 0.631195, 0.617635, 0.593099, 0.552792, 0.556012, 0.52531, 0.46781, 0.471921, 0.434588, 0.401374, 0.375638, 0.356725, 0.313609, 
112, 0, 0.92411, 0.938739, 0.876925, 0.880276, 0.832088, 0.827259, 0.77733, 0.777906, 0.724063, 0.695432, 0.672121, 0.640171, 0.626423, 0.60208, 0.561765, 0.564997, 0.534264, 0.476749, 0.480908, 0.443582, 0.410344, 0.384617, 0.365685, 0.322561, 
113, 0, 0.933083, 0.947735, 0.88562, 0.889259, 0.841014, 0.836251, 0.786325, 0.786902, 0.73301, 0.704371, 0.681085, 0.649149, 0.635142, 0.611061, 0.570739, 0.573982, 0.543216, 0.485689, 0.489895, 0.452577, 0.419314, 0.393598, 0.374646, 0.331515, 
114, 0, 0.942046, 0.956729, 0.894261, 0.898243, 0.849937, 0.845245, 0.795322, 0.795896, 0.741957, 0.713307, 0.690047, 0.658128, 0.643728, 0.620043, 0.579714, 0.582968, 0.552165, 0.494629, 0.498883, 0.461571, 0.428284, 0.402578, 0.383608, 0.34047, 
115, 0, 0.950996, 0.965721, 0.90283, 0.907231, 0.858857, 0.854241, 0.80432, 0.804889, 0.750902, 0.722241, 0.699009, 0.667108, 0.651999, 0.629026, 0.588689, 0.591954, 0.561113, 0.503569, 0.50787, 0.470566, 0.437255, 0.41156, 0.392571, 0.349427, 
116, 0, 0.959927, 0.974711, 0.911286, 0.91622, 0.867775, 0.863238, 0.813319, 0.813881, 0.759844, 0.731171, 0.707969, 0.676089, 0.659234, 0.63801, 0.597664, 0.60094, 0.570057, 0.51251, 0.516858, 0.47956, 0.446226, 0.420541, 0.401535, 0.358385, 
117, 0, 0.968835, 0.983698, 0.919608, 0.925212, 0.876688, 0.872237, 0.822319, 0.822871, 0.768784, 0.740098, 0.716925, 0.685071, 0.659234, 0.646994, 0.60664, 0.609927, 0.578998, 0.521451, 0.525846, 0.488555, 0.455197, 0.429524, 0.410499, 0.367344, 
118, 0, 0.97771, 0.992683, 0.927691, 0.934206, 0.885597, 0.881236, 0.831318, 0.83186, 0.777716, 0.749021, 0.72587, 0.694053, 0.659234, 0.655979, 0.615616, 0.618914, 0.587933, 0.530392, 0.534834, 0.497549, 0.464168, 0.438506, 0.419465, 0.376305, 
119, 0, 0.986543, 1.00166, 0.935356, 0.943202, 0.894496, 0.890236, 0.840316, 0.840847, 0.786625, 0.75794, 0.734816, 0.703037, 0.659234, 0.664964, 0.624593, 0.627901, 0.596863, 0.539333, 0.543822, 0.506543, 0.47314, 0.447489, 0.428431, 0.385266, 
120, 0, 0.99532, 1.01064, 0.94225, 0.9522, 0.903377, 0.899236, 0.849286, 0.849832, 0.795536, 0.766855, 0.743764, 0.712021, 0.659234, 0.67395, 0.63357, 0.636889, 0.605784, 0.548273, 0.55281, 0.515538, 0.482112, 0.456472, 0.437397, 0.394229, 
121, 0, 1.00402, 1.01961, 0.947927, 0.961199, 0.91218, 0.908236, 0.858247, 0.858815, 0.804448, 0.775765, 0.752712, 0.721007, 0.659234, 0.682936, 0.642548, 0.645877, 0.614694, 0.557213, 0.561798, 0.524532, 0.491085, 0.465456, 0.446364, 0.403192, 
122, 0, 1.01264, 1.02857, 0.953224, 0.970199, 0.920993, 0.917235, 0.867196, 0.867795, 0.813362, 0.784671, 0.761661, 0.729993, 0.659234, 0.691924, 0.651526, 0.654865, 0.623587, 0.566151, 0.570787, 0.533526, 0.500057, 0.47444, 0.455332, 0.412157, 
123, 0, 1.02113, 1.03749, 0.95835, 0.979199, 0.929811, 0.926232, 0.87613, 0.876773, 0.822276, 0.793572, 0.770611, 0.738981, 0.659234, 0.700911, 0.660505, 0.663853, 0.632457, 0.575089, 0.579776, 0.54252, 0.50903, 0.483424, 0.4643, 0.421122, 
124, 0, 1.02947, 1.0464, 0.962704, 0.988198, 0.938633, 0.935227, 0.885045, 0.885748, 0.83119, 0.80247, 0.77956, 0.747969, 0.659234, 0.7099, 0.669484, 0.672842, 0.641289, 0.584026, 0.588764, 0.551515, 0.518002, 0.492408, 0.473269, 0.430087, 
125, 0, 1.03762, 1.05532, 0.962704, 0.997197, 0.947452, 0.94422, 0.893934, 0.894721, 0.840103, 0.811363, 0.788509, 0.756958, 0.659234, 0.718888, 0.678465, 0.68183, 0.650053, 0.592961, 0.597753, 0.560509, 0.526975, 0.501393, 0.482238, 0.439054, 
126, 0, 1.04556, 1.06427, 0.962704, 1.00619, 0.956267, 0.95321, 0.902789, 0.903691, 0.849013, 0.820253, 0.797458, 0.765949, 0.659234, 0.727878, 0.687446, 0.690819, 0.65867, 0.601893, 0.606742, 0.569503, 0.535948, 0.510377, 0.491207, 0.448021, 
127, 0, 1.05323, 1.07323, 0.962704, 1.01519, 0.965069, 0.962196, 0.911599, 0.912658, 0.85792, 0.82914, 0.806406, 0.774941, 0.659234, 0.736868, 0.696427, 0.699809, 0.666865, 0.610823, 0.615731, 0.578497, 0.544921, 0.519362, 0.500177, 0.456988, 
128, 0, 1.06061, 1.08218, 0.971056, 1.02418, 0.973853, 0.971178, 0.920349, 0.921622, 0.866823, 0.838025, 0.815352, 0.783934, 0.659234, 0.745858, 0.705408, 0.708798, 0.666865, 0.61975, 0.62472, 0.587491, 0.553894, 0.528347, 0.509147, 0.465957, 
129, 0, 1.0677, 1.09105, 0.971056, 1.03317, 0.982607, 0.980156, 0.929015, 0.930585, 0.875721, 0.846911, 0.824296, 0.792928, 0.659234, 0.754849, 0.714342, 0.717788, 0.666865, 0.628672, 0.633709, 0.596484, 0.562866, 0.537333, 0.518118, 0.474925, 
130, 0, 1.07452, 1.1, 0.971056, 1.04216, 0.991317, 0.989129, 0.93757, 0.939545, 0.884611, 0.855797, 0.83324, 0.801924, 0.659234, 0.76384, 0.723274, 0.726778, 0.666865, 0.63759, 0.642698, 0.605478, 0.571839, 0.546318, 0.527088, 0.483895, 
131, 0, 1.0811, 1.10895, 0.971056, 1.05114, 0.999963, 0.998098, 0.945985, 0.948504, 0.893498, 0.864686, 0.842212, 0.810922, 0.659234, 0.772833, 0.732205, 0.735768, 0.666865, 0.646501, 0.651687, 0.614472, 0.580812, 0.555303, 0.536059, 0.492864, 
132, 0, 1.08749, 1.11789, 0.971056, 1.06012, 1.00852, 1.00706, 0.954278, 0.957461, 0.902478, 0.873581, 0.851183, 0.81992, 0.659234, 0.781825, 0.741134, 0.744758, 0.666865, 0.655403, 0.660677, 0.623465, 0.589784, 0.564289, 0.54503, 0.501834, 
133, 0, 1.09372, 1.12683, 0.971056, 1.06909, 1.017, 1.01602, 0.963144, 0.966419, 0.911458, 0.882483, 0.860154, 0.82892, 0.659234, 0.790818, 0.750061, 0.753749, 0.666865, 0.664294, 0.669666, 0.632459, 0.598756, 0.573275, 0.554001, 0.510804, 
134, 0, 1.09978, 1.13576, 0.971056, 1.07806, 1.02559, 1.02498, 0.971963, 0.975376, 0.920436, 0.891395, 0.869125, 0.83792, 0.659234, 0.799812, 0.758984, 0.76274, 0.666865, 0.673169, 0.678655, 0.641452, 0.607729, 0.58226, 0.562972, 0.519775, 
135, 0, 1.10557, 1.14469, 0.979411, 1.08702, 1.03411, 1.03393, 0.980692, 0.984334, 0.929413, 0.90032, 0.878095, 0.846916, 0.659234, 0.808806, 0.767903, 0.771731, 0.666865, 0.682021, 0.687644, 0.650445, 0.6167, 0.591246, 0.571944, 0.528746, 
136, 0, 1.11093, 1.15359, 0.986839, 1.09599, 1.04248, 1.04288, 0.989213, 0.993294, 0.93839, 0.909262, 0.887064, 0.855897, 0.659234, 0.817801, 0.776817, 0.780722, 0.666865, 0.690838, 0.696634, 0.659439, 0.625672, 0.600232, 0.580915, 0.537717, 
137, 0, 1.1156, 1.16249, 0.986839, 1.10495, 1.05058, 1.05184, 0.997095, 1.00226, 0.947366, 0.918223, 0.896033, 0.864835, 0.659234, 0.826797, 0.785724, 0.789713, 0.666865, 0.699597, 0.705623, 0.668432, 0.634643, 0.609218, 0.589886, 0.546689, 
138, 0, 1.1156, 1.17147, 0.986839, 1.11391, 1.05807, 1.06079, 0.997095, 1.01122, 0.956343, 0.927206, 0.905001, 0.873651, 0.659234, 0.835793, 0.794621, 0.798705, 0.666865, 0.708246, 0.714612, 0.677424, 0.643614, 0.618204, 0.598858, 0.55566, 
139, 0, 1.1156, 1.18045, 0.986839, 1.12288, 1.06414, 1.06974, 0.997095, 1.02019, 0.965319, 0.936205, 0.913968, 0.882053, 0.659234, 0.844789, 0.803505, 0.807696, 0.666865, 0.716639, 0.723601, 0.686417, 0.652584, 0.62719, 0.607829, 0.564632, 
140, 0, 1.1156, 1.18943, 0.986839, 1.13184, 1.06414, 1.0787, 0.997095, 1.02916, 0.974296, 0.94515, 0.922935, 0.882053, 0.659234, 0.853786, 0.812371, 0.816688, 0.666865, 0.724185, 0.732591, 0.69541, 0.661554, 0.636176, 0.6168, 0.573604, 
141, 0, 1.1156, 1.19843, 0.986839, 1.14081, 1.06414, 1.08766, 0.997095, 1.03814, 0.983275, 0.952982, 0.931902, 0.882053, 0.659234, 0.862783, 0.82121, 0.825678, 0.666865, 0.724185, 0.74158, 0.704402, 0.670524, 0.645161, 0.625771, 0.582576, 
142, 0, 1.12377, 1.20742, 0.986839, 1.14979, 1.06414, 1.09663, 0.997095, 1.04713, 0.992257, 0.952982, 0.940867, 0.882053, 0.659234, 0.871778, 0.830006, 0.834643, 0.666865, 0.724185, 0.750569, 0.713395, 0.679492, 0.654147, 0.634742, 0.591548, 
143, 0, 1.12377, 1.21641, 0.986839, 1.15877, 1.06414, 1.10563, 1.00306, 1.05611, 1.00124, 0.952982, 0.949832, 0.882053, 0.659234, 0.880719, 0.838726, 0.843609, 0.666865, 0.724185, 0.759558, 0.722387, 0.68846, 0.663133, 0.643713, 0.60052, 
144, 0, 1.12377, 1.2254, 0.986839, 1.16772, 1.066, 1.11462, 1.00306, 1.06509, 1.01023, 0.952982, 0.958797, 0.882053, 0.659589, 0.88966, 0.847284, 0.852575, 0.666865, 0.724185, 0.768547, 0.731378, 0.697428, 0.672118, 0.652683, 0.609492, 
145, 0, 1.12947, 1.23438, 0.986839, 1.17671, 1.06946, 1.12362, 1.00306, 1.07407, 1.01922, 0.957899, 0.967756, 0.882053, 0.660742, 0.898602, 0.85538, 0.861542, 0.666865, 0.724185, 0.777537, 0.74037, 0.706394, 0.681104, 0.661653, 0.618464, 
146, 0, 1.13615, 1.24337, 0.990376, 1.18571, 1.06946, 1.1326, 1.00306, 1.0828, 1.02822, 0.962392, 0.976687, 0.882053, 0.660742, 0.907543, 0.85538, 0.870509, 0.666865, 0.724185, 0.786526, 0.749361, 0.715359, 0.690089, 0.670623, 0.627437, 
147, 0, 1.14145, 1.25224, 0.990376, 1.19471, 1.07653, 1.14117, 1.00306, 1.09158, 1.03708, 0.962392, 0.985639, 0.882053, 0.660886, 0.916484, 0.85538, 0.879477, 0.666865, 0.724185, 0.795515, 0.758353, 0.724323, 0.699074, 0.679593, 0.636409, 
148, 0, 1.14145, 1.26116, 0.993395, 1.20335, 1.07653, 1.14982, 1.00306, 1.10046, 1.04608, 0.962392, 0.994379, 0.882053, 0.661693, 0.925425, 0.85538, 0.888445, 0.666865, 0.724185, 0.804504, 0.767343, 0.733286, 0.708059, 0.688562, 0.64538, 
149, 0, 1.14898, 1.27001, 0.996897, 1.21208, 1.07653, 1.15869, 1.00306, 1.10934, 1.04898, 0.962392, 1.00304, 0.882053, 0.663217, 0.934363, 0.85538, 0.897413, 0.666865, 0.724185, 0.813493, 0.776334, 0.742248, 0.717044, 0.69753, 0.654352, 
150, 0, 1.1565, 1.27858, 0.996897, 1.22102, 1.07653, 1.16756, 1.00736, 1.11823, 1.05328, 0.962392, 1.01163, 0.882053, 0.663217, 0.9433, 0.85538, 0.906381, 0.666865, 0.724185, 0.822482, 0.785324, 0.751207, 0.726029, 0.706498, 0.663324, 
151, 0, 1.1565, 1.28758, 0.996897, 1.22996, 1.08013, 1.17643, 1.01231, 1.12712, 1.05837, 0.962392, 1.0203, 0.882053, 0.663599, 0.952233, 0.85538, 0.915348, 0.666865, 0.724185, 0.83147, 0.794314, 0.760165, 0.735013, 0.715465, 0.672295, 
152, 0, 1.1565, 1.29647, 1.00575, 1.2389, 1.08473, 1.18529, 1.01758, 1.13601, 1.0643, 0.962392, 1.02885, 0.882053, 0.66479, 0.961163, 0.85538, 0.924316, 0.666865, 0.724185, 0.840459, 0.803303, 0.769121, 0.743997, 0.724432, 0.681266, 
153, 0, 1.1565, 1.29811, 1.01415, 1.24783, 1.08998, 1.19415, 1.01934, 1.1449, 1.06833, 0.962392, 1.03727, 0.882053, 0.666629, 0.970086, 0.85538, 0.933284, 0.666865, 0.724185, 0.849448, 0.812292, 0.778074, 0.75298, 0.733398, 0.690237, 
154, 0, 1.1565, 1.29821, 1.02203, 1.25676, 1.09357, 1.203, 1.02334, 1.15378, 1.06833, 0.962392, 1.0455, 0.882053, 0.668779, 0.979002, 0.85538, 0.942251, 0.666865, 0.724185, 0.858437, 0.82128, 0.787025, 0.761964, 0.742362, 0.699207, 
155, 0, 1.1565, 1.30499, 1.02203, 1.26568, 1.09836, 1.21184, 1.02334, 1.16267, 1.06833, 0.962392, 1.05336, 0.882053, 0.671064, 0.987908, 0.85538, 0.951218, 0.666865, 0.724185, 0.867426, 0.830268, 0.795972, 0.770947, 0.751326, 0.708177, 
156, 0, 1.1565, 1.31393, 1.02203, 1.2746, 1.10555, 1.22066, 1.02334, 1.17154, 1.06833, 0.962392, 1.06038, 0.882053, 0.671064, 0.996799, 0.85607, 0.960184, 0.666865, 0.724185, 0.876415, 0.839255, 0.804914, 0.779929, 0.760289, 0.717147, 
157, 0, 1.1565, 1.32287, 1.02763, 1.2835, 1.10555, 1.22947, 1.02334, 1.18041, 1.06833, 0.962392, 1.06555, 0.882053, 0.6719, 1.00567, 0.858083, 0.969149, 0.666865, 0.724185, 0.885404, 0.848241, 0.813852, 0.788911, 0.76925, 0.726116, 
158, 0, 1.1565, 1.33082, 1.02763, 1.29239, 1.10555, 1.23824, 1.02334, 1.18926, 1.07679, 0.962392, 1.06973, 0.882053, 0.673919, 1.0145, 0.858083, 0.978114, 0.666865, 0.724185, 0.894394, 0.857227, 0.822784, 0.797892, 0.77821, 0.735084, 
159, 0, 1.1565, 1.33746, 1.02763, 1.30125, 1.10555, 1.24696, 1.0235, 1.1981, 1.07679, 0.962392, 1.06973, 0.882053, 0.676464, 1.02328, 0.859465, 0.987077, 0.666865, 0.724185, 0.903384, 0.866211, 0.831709, 0.806872, 0.787168, 0.744052, 
160, 0, 1.16437, 1.34492, 1.02763, 1.31008, 1.10555, 1.25564, 1.0235, 1.20692, 1.07679, 0.962392, 1.07564, 0.882053, 0.679617, 1.03194, 0.86221, 0.996039, 0.666865, 0.724185, 0.912374, 0.875194, 0.840624, 0.815852, 0.796124, 0.753019, 
161, 0, 1.16437, 1.35291, 1.02763, 1.31886, 1.10555, 1.26422, 1.0235, 1.2157, 1.07679, 0.962392, 1.07564, 0.882053, 0.683093, 1.04035, 0.86221, 1.005, 0.666865, 0.724185, 0.921365, 0.884175, 0.849527, 0.824831, 0.805078, 0.761985, 
162, 0, 1.16437, 1.36159, 1.02763, 1.32756, 1.10555, 1.27269, 1.0235, 1.22445, 1.07679, 0.962392, 1.08229, 0.890345, 0.683093, 1.04795, 0.864304, 1.01396, 0.666865, 0.724185, 0.930358, 0.893155, 0.858414, 0.833809, 0.814029, 0.77095, 
163, 0, 1.16437, 1.36829, 1.02763, 1.33616, 1.10555, 1.281, 1.0235, 1.23315, 1.07679, 0.970867, 1.08229, 0.890345, 0.685421, 1.04795, 0.867845, 1.02291, 0.666865, 0.724185, 0.939351, 0.902131, 0.867278, 0.842786, 0.822978, 0.779914, 
164, 0, 1.16437, 1.37704, 1.02763, 1.34461, 1.10555, 1.28906, 1.0235, 1.24178, 1.08267, 0.970867, 1.08229, 0.890345, 0.689286, 1.04795, 0.867845, 1.03187, 0.666865, 0.724185, 0.948347, 0.911105, 0.876107, 0.851761, 0.831923, 0.788877, 
165, 0, 1.16683, 1.38499, 1.02763, 1.35284, 1.11449, 1.28939, 1.02611, 1.2502, 1.08267, 0.970867, 1.09128, 0.890345, 0.693552, 1.04795, 0.871469, 1.04082, 0.666865, 0.724185, 0.957344, 0.920073, 0.884883, 0.860735, 0.840863, 0.797838, 
166, 0, 1.16982, 1.38499, 1.03602, 1.353, 1.1202, 1.29468, 1.02846, 1.25903, 1.08267, 0.970867, 1.09128, 0.890345, 0.693552, 1.04795, 0.871469, 1.04976, 0.67549, 0.724185, 0.966344, 0.929033, 0.893564, 0.869707, 0.849799, 0.806798, 
167, 0, 1.1788, 1.38577, 1.04292, 1.35823, 1.12545, 1.30299, 1.02846, 1.26774, 1.08813, 0.970867, 1.09128, 0.890345, 0.698521, 1.04795, 0.875286, 1.0587, 0.67549, 0.724185, 0.975342, 0.937979, 0.902051, 0.878677, 0.85873, 0.815756, 
168, 0, 1.18573, 1.3858, 1.04968, 1.36704, 1.13244, 1.31028, 1.03149, 1.27625, 1.09358, 0.970867, 1.0982, 0.890345, 0.698521, 1.04795, 0.88243, 1.06764, 0.680609, 0.724185, 0.984309, 0.946898, 0.910043, 0.887644, 0.867652, 0.824712, 
169, 0, 1.18573, 1.38622, 1.05863, 1.37536, 1.13888, 1.31548, 1.0365, 1.28435, 1.09893, 0.970867, 1.0982, 0.890345, 0.704264, 1.04795, 0.890795, 1.07657, 0.686002, 0.724185, 0.993047, 0.955754, 0.916424, 0.896607, 0.876566, 0.833666, 
170, 0, 1.18573, 1.38622, 1.06589, 1.38219, 1.14579, 1.31934, 1.04086, 1.29168, 1.10411, 0.970867, 1.10428, 0.890345, 0.71029, 1.04795, 0.899616, 1.0855, 0.693555, 0.724185, 0.999873, 0.964397, 0.920409, 0.905567, 0.885469, 0.842618, 
171, 0, 1.18573, 1.38622, 1.07271, 1.38667, 1.14923, 1.32361, 1.04205, 1.29771, 1.11008, 0.970867, 1.11039, 0.890345, 0.718004, 1.04795, 0.907439, 1.09441, 0.70252, 0.724185, 1.00182, 0.964397, 0.929404, 0.914521, 0.894356, 0.851566, 
172, 0, 1.18573, 1.38623, 1.07271, 1.39076, 1.14923, 1.32814, 1.04523, 1.30244, 1.11605, 0.970867, 1.1178, 0.890345, 0.726547, 1.04795, 0.915093, 1.10332, 0.71128, 0.724185, 1.01044, 0.964397, 0.934511, 0.923468, 0.903223, 0.86051, 
173, 0, 1.18573, 1.38623, 1.07271, 1.3952, 1.14923, 1.32814, 1.04756, 1.3068, 1.12437, 0.970867, 1.12625, 0.890345, 0.735292, 1.04795, 0.922361, 1.11232, 0.718306, 0.724185, 1.01508, 0.964397, 0.939736, 0.932404, 0.912062, 0.86945, 
174, 0, 1.18573, 1.39054, 1.08092, 1.39941, 1.14923, 1.32814, 1.0563, 1.31121, 1.13334, 0.970867, 1.13522, 0.890345, 0.743392, 1.05064, 0.929646, 1.12132, 0.726418, 0.724185, 1.02179, 0.964397, 0.939736, 0.941323, 0.920857, 0.878385, 
175, 0, 1.18767, 1.39875, 1.08584, 1.39941, 1.15437, 1.33687, 1.06517, 1.31121, 1.14228, 0.970867, 1.14403, 0.898463, 0.745557, 1.05506, 0.938645, 1.13032, 0.734683, 0.724185, 1.02996, 0.964397, 0.939736, 0.950213, 0.929585, 0.887314, 
176, 0, 1.19016, 1.40398, 1.08584, 1.40763, 1.16247, 1.33687, 1.07366, 1.31121, 1.15069, 0.977595, 1.15302, 0.898463, 0.752794, 1.05506, 0.947644, 1.13932, 0.743507, 0.724185, 1.03846, 0.964397, 0.939736, 0.959046, 0.938191, 0.896235, 
177, 0, 1.19016, 1.40895, 1.09451, 1.40763, 1.1713, 1.33687, 1.08136, 1.31603, 1.15948, 0.984414, 1.16174, 0.898463, 0.760377, 1.05506, 0.956526, 1.14832, 0.752413, 0.724185, 1.04706, 0.964397, 0.939736, 0.967736, 0.946544, 0.905147, 
178, 0, 1.19385, 1.41791, 1.10272, 1.40763, 1.18022, 1.33757, 1.08971, 1.32153, 1.16674, 0.991359, 1.17047, 0.898463, 0.768627, 1.05506, 0.965313, 1.15731, 0.761341, 0.724185, 1.05569, 0.964397, 0.939736, 0.975905, 0.954226, 0.914046, 
179, 0, 1.1979, 1.42659, 1.1117, 1.40763, 1.18922, 1.34011, 1.09502, 1.32875, 1.17437, 0.991359, 1.17851, 0.898463, 0.776855, 1.05506, 0.974032, 1.16621, 0.770251, 0.724185, 1.06428, 0.964397, 0.939736, 0.975905, 0.954226, 0.922929, 
180, 0, 1.20405, 1.43559, 1.12057, 1.40766, 1.19355, 1.34584, 1.10131, 1.33492, 1.18105, 0.991359, 1.18643, 0.898463, 0.784893, 1.05506, 0.982694, 1.17399, 0.770251, 0.724185, 1.07272, 0.964397, 0.939736, 0.975905, 0.954226, 0.931789, 
181, 0, 1.20544, 1.44459, 1.12346, 1.40968, 1.19892, 1.3521, 1.10608, 1.34046, 1.18772, 0.991359, 1.19441, 0.898463, 0.792593, 1.05506, 0.991647, 1.17399, 0.770251, 0.724185, 1.08121, 0.964397, 0.939736, 0.975905, 0.954226, 0.940617, 
182, 0, 1.21413, 1.44473, 1.1271, 1.41469, 1.1999, 1.35873, 1.10977, 1.34419, 1.19453, 0.991359, 1.20254, 0.898463, 0.7997, 1.05506, 1.00042, 1.17484, 0.770251, 0.732074, 1.08121, 0.964397, 0.939736, 0.975905, 0.954226, 0.949396, 
183, 0, 1.22312, 1.4449, 1.12918, 1.42109, 1.19999, 1.36513, 1.11166, 1.34419, 1.2016, 0.991359, 1.21151, 0.898463, 0.806617, 1.06385, 1.00042, 1.17781, 0.770251, 0.732074, 1.08121, 0.964397, 0.939736, 0.975905, 0.954226, 0.958094, 
184, 0, 1.23212, 1.44922, 1.1367, 1.42777, 1.20408, 1.37049, 1.11209, 1.3454, 1.21059, 0.991359, 1.22049, 0.906527, 0.811409, 1.07281, 1.00042, 1.18442, 0.770251, 0.732074, 1.08121, 0.964397, 0.939736, 0.975905, 0.954226, 0.966642, 
185, 0, 1.24101, 1.45603, 1.14514, 1.4343, 1.21135, 1.37396, 1.11954, 1.34818, 1.21957, 0.999646, 1.22941, 0.915181, 0.817475, 1.08081, 1.00042, 1.19129, 0.770251, 0.732074, 1.08121, 0.964397, 0.939736, 0.975905, 0.954226, 0.974854, 
186, 0, 1.24896, 1.4636, 1.15385, 1.43972, 1.21268, 1.37858, 1.12588, 1.34827, 1.22773, 0.999646, 1.23809, 0.921543, 0.823331, 1.08737, 1.00042, 1.19814, 0.770251, 0.732074, 1.08121, 0.964397, 0.939736, 0.975905, 0.954226, 0.982073, 
187, 0, 1.24896, 1.47157, 1.16042, 1.44596, 1.21551, 1.37858, 1.1309, 1.34827, 1.23557, 1.00426, 1.2462, 0.927006, 0.828698, 1.09227, 1.00042, 1.20455, 0.770251, 0.732074, 1.08121, 0.964397, 0.939736, 0.975905, 0.954226, 0.982073, 
188, 0, 1.24896, 1.47975, 1.16873, 1.45495, 1.22434, 1.38059, 1.13785, 1.35333, 1.24256, 1.0087, 1.2462, 0.932119, 0.833238, 1.09602, 1.00042, 1.20455, 0.770251, 0.732074, 1.08121, 0.964397, 0.939736, 0.975905, 0.954226, 0.982073, 
189, 0, 1.25641, 1.48833, 1.17378, 1.46323, 1.23334, 1.38059, 1.14472, 1.35982, 1.24793, 1.0135, 1.2462, 0.937095, 0.836698, 1.09602, 1.00042, 1.20455, 0.770251, 0.732074, 1.08121, 0.964397, 0.939736, 0.975905, 0.954226, 0.982073, 
190, 0, 1.26474, 1.49683, 1.18033, 1.46323, 1.24217, 1.38071, 1.15202, 1.36706, 1.2536, 1.01875, 1.2462, 0.94281, 0.836698, 1.09602, 1.00042, 1.20455, 0.770251, 0.739734, 1.08121, 0.964397, 0.939736, 0.975905, 0.954226, 0.982073, 
191, 0, 1.27321, 1.50105, 1.18826, 1.47114, 1.2504, 1.38254, 1.15954, 1.37475, 1.25911, 1.02491, 1.2462, 0.946193, 0.836698, 1.09602, 1.00042, 1.21015, 0.770251, 0.739734, 1.08121, 0.964397, 0.939736, 0.975905, 0.954226, 0.982073, 
192, 0, 1.27321, 1.50105, 1.19712, 1.47978, 1.25835, 1.38777, 1.16716, 1.38309, 1.25911, 1.03083, 1.2462, 0.946193, 0.836698, 1.10316, 1.00042, 1.21706, 0.770251, 0.739734, 1.08121, 0.964397, 0.939736, 0.975905, 0.954226, 0.982073, 
193, 0, 1.28205, 1.50928, 1.20608, 1.48865, 1.26606, 1.39523, 1.17497, 1.39157, 1.25911, 1.03532, 1.2462, 0.954545, 0.836698, 1.11058, 1.00042, 1.22351, 0.770251, 0.739734, 1.08121, 0.964397, 0.939736, 0.975905, 0.954226, 0.982073, 
194, 0, 1.289, 1.51791, 1.21508, 1.49747, 1.27383, 1.40276, 1.18237, 1.39998, 1.25911, 1.03532, 1.2462, 0.962791, 0.836698, 1.11794, 1.00042, 1.22893, 0.770251, 0.739734, 1.08121, 0.964397, 0.939736, 0.975905, 0.954226, 0.982073, 
195, 0, 1.29691, 1.52682, 1.22402, 1.50643, 1.28136, 1.41006, 1.18883, 1.40787, 1.25911, 1.04398, 1.2462, 0.970348, 0.836698, 1.12497, 1.00042, 1.22893, 0.770251, 0.739734, 1.08121, 0.964397, 0.939736, 0.975905, 0.954226, 0.982073, 
196, 0, 1.30415, 1.53582, 1.23285, 1.5154, 1.28851, 1.41812, 1.18883, 1.41054, 1.25911, 1.05063, 1.2462, 0.976746, 0.836698, 1.13121, 1.00042, 1.22893, 0.770251, 0.739734, 1.08121, 0.964397, 0.939736, 0.975905, 0.954226, 0.982073, 
197, 0, 1.31057, 1.54478, 1.24146, 1.52438, 1.29472, 1.42521, 1.18883, 1.41674, 1.25911, 1.05063, 1.2462, 0.983132, 0.836698, 1.13121, 1.00042, 1.22893, 0.770251, 0.739734, 1.08121, 0.964397, 0.939736, 0.975905, 0.954226, 0.982073, 
198, 0, 1.31839, 1.55361, 1.24968, 1.53302, 1.30053, 1.43171, 1.18883, 1.41674, 1.25911, 1.05952, 1.2462, 0.987383, 0.836698, 1.13121, 1.00042, 1.22893, 0.770251, 0.739734, 1.08121, 0.964397, 0.939736, 0.975905, 0.954226, 0.982073, 
199, 0, 1.32552, 1.56223, 1.2575, 1.54118, 1.30536, 1.43542, 1.18883, 1.42532, 1.25911, 1.06836, 1.2462, 0.990561, 0.836698, 1.13121, 1.00042, 1.22893, 0.770251, 0.739734, 1.08121, 0.964397, 0.939736, 0.975905, 0.954226, 0.982073, 
200, 0, 1.33252, 1.57064, 1.26462, 1.54299, 1.30536, 1.43542, 1.18883, 1.43428, 1.25911, 1.06836, 1.2462, 0.990561, 0.836698, 1.13121, 1.00042, 1.22893, 0.770251, 0.739734, 1.08121, 0.964397, 0.939736, 0.975905, 0.954226, 0.982073, 
201, 0, 1.33824, 1.57878, 1.27031, 1.5431, 1.30536, 1.4358, 1.18883, 1.44321, 1.25911, 1.06836, 1.2462, 0.990561, 0.836698, 1.13121, 1.00042, 1.22893, 0.770251, 0.739734, 1.08121, 0.964397, 0.939736, 0.975905, 0.954226, 0.982073, 
202, 0, 1.34462, 1.58664, 1.27479, 1.54694, 1.30536, 1.43907, 1.18883, 1.45183, 1.25911, 1.06836, 1.2462, 0.990561, 0.836698, 1.13121, 1.00042, 1.22893, 0.770251, 0.739734, 1.08121, 0.964397, 0.939736, 0.975905, 0.954226, 0.982073, 
203, 0, 1.34689, 1.59417, 1.27479, 1.55404, 1.30536, 1.44558, 1.18883, 1.45183, 1.25911, 1.06836, 1.2462, 0.990561, 0.836698, 1.13121, 1.00042, 1.22893, 0.770251, 0.739734, 1.08121, 0.964397, 0.939736, 0.975905, 0.954226, 0.982073, 
204, 0, 1.34826, 1.60105, 1.27479, 1.56203, 1.30536, 1.45206, 1.18883, 1.45183, 1.25911, 1.06836, 1.2462, 0.990561, 0.836698, 1.13121, 1.00042, 1.22893, 0.770251, 0.739734, 1.08121, 0.964397, 0.939736, 0.975905, 0.954226, 0.982073, 
205, 0, 1.35422, 1.60747, 1.27479, 1.56977, 1.30536, 1.45909, 1.18883, 1.45183, 1.25911, 1.06836, 1.2462, 0.990561, 0.836698, 1.13121, 1.00042, 1.22893, 0.770251, 0.739734, 1.08121, 0.964397, 0.939736, 0.975905, 0.954226, 0.982073, 
206, 0, 1.36137, 1.61284, 1.27479, 1.57755, 1.30536, 1.46627, 1.18883, 1.45183, 1.25911, 1.06836, 1.2462, 0.990561, 0.836698, 1.13121, 1.00042, 1.22893, 0.770251, 0.739734, 1.08121, 0.964397, 0.939736, 0.975905, 0.954226, 0.982073, 
207, 0, 1.368, 1.61284, 1.27479, 1.58521, 1.30536, 1.47332, 1.18883, 1.45183, 1.25911, 1.06836, 1.2462, 0.990561, 0.836698, 1.13121, 1.00042, 1.22893, 0.770251, 0.739734, 1.08121, 0.964397, 0.939736, 0.975905, 0.954226, 0.982073, 
208, 0, 1.37396, 1.61284, 1.27479, 1.59263, 1.30536, 1.4799, 1.18883, 1.45183, 1.25911, 1.06836, 1.2462, 0.990561, 0.836698, 1.13121, 1.00042, 1.22893, 0.770251, 0.739734, 1.08121, 0.964397, 0.939736, 0.975905, 0.954226, 0.982073, 
209, 0, 1.37922, 1.61284, 1.27479, 1.59959, 1.30536, 1.48546, 1.18883, 1.45183, 1.25911, 1.06836, 1.2462, 0.990561, 0.836698, 1.13121, 1.00042, 1.22893, 0.770251, 0.739734, 1.08121, 0.964397, 0.939736, 0.975905, 0.954226, 0.982073, 
210, 0, 1.38396, 1.61284, 1.27479, 1.60581, 1.30536, 1.48546, 1.18883, 1.45183, 1.25911, 1.06836, 1.2462, 0.990561, 0.836698, 1.13121, 1.00042, 1.22893, 0.770251, 0.739734, 1.08121, 0.964397, 0.939736, 0.975905, 0.954226, 0.982073, 
211, 0, 1.38844, 1.61284, 1.27479, 1.61071, 1.30536, 1.48546, 1.18883, 1.45183, 1.25911, 1.06836, 1.2462, 0.990561, 0.836698, 1.13121, 1.00042, 1.22893, 0.770251, 0.739734, 1.08121, 0.964397, 0.939736, 0.975905, 0.954226, 0.982073, 
212, 0, 1.39438, 1.61284, 1.27479, 1.61494, 1.30536, 1.48546, 1.18883, 1.45183, 1.25911, 1.06836, 1.2462, 0.990561, 0.836698, 1.13121, 1.00042, 1.22893, 0.770251, 0.739734, 1.08121, 0.964397, 0.939736, 0.975905, 0.954226, 0.982073, 
213, 0, 1.39438, 1.61284, 1.27479, 1.61494, 1.30536, 1.48546, 1.18883, 1.45183, 1.25911, 1.06836, 1.2462, 0.990561, 0.836698, 1.13121, 1.00042, 1.22893, 0.770251, 0.739734, 1.08121, 0.964397, 0.939736, 0.975905, 0.954226, 0.982073, 
214, 0, 1.39438, 1.61284, 1.27479, 1.61494, 1.30536, 1.48546, 1.18883, 1.45183, 1.25911, 1.06836, 1.2462, 0.990561, 0.836698, 1.13121, 1.00042, 1.22893, 0.770251, 0.739734, 1.08121, 0.964397, 0.939736, 0.975905, 0.954226, 0.982073, 
215, 0, 1.39438, 1.61284, 1.27479, 1.61494, 1.30536, 1.48546, 1.18883, 1.45183, 1.25911, 1.06836, 1.2462, 0.990561, 0.836698, 1.13121, 1.00042, 1.22893, 0.770251, 0.739734, 1.08121, 0.964397, 0.939736, 0.975905, 0.954226, 0.982073, 
