0, 0, 0
1, 0, 0
2, 0, 0
3, 0.350865, 90
4, 0.350729, 73.6597
5, 0.349788, 59.6824
6, 0.83509, 139.017
7, 0.822497, 129.7
8, 0.80834, 123.129
9, 0.793134, 118.345
10, 0.777246, 114.713
11, 0.760903, 111.848
12, 0.744245, 109.517
13, 0.727361, 107.567
14, 0.710311, 105.901
15, 0.693133, 104.453
16, 0.675856, 103.176
17, 0.658502, 102.034
18, 0.641084, 101.002
19, 0.623614, 100.059
20, 0.606103, 99.191
21, 0.588556, 98.3847
22, 0.570979, 97.6305
23, 0.553378, 96.9202
24, 0.535756, 96.2468
25, 0.518117, 95.6047
26, 0.500464, 94.9886
27, 0.482799, 94.3942
28, 0.465124, 93.8175
29, 0.447442, 93.2548
30, 0.429755, 92.7028
31, 0.412065, 92.1579
32, 0.394373, 91.6169
33, 0.376683, 91.0764
34, 0.358995, 90.5326
35, 0.341313, 89.9814
36, 0.323641, 89.4182
37, 0.30598, 88.8372
38, 0.288337, 88.2315
39, 0.270717, 87.5919
40, 0.253129, 86.9061
41, 0.235584, 86.1564
42, 0.218101, 85.3167
43, 0.20071, 84.3447
44, 0.183464, 83.1677
45, 0.166464, 81.6454
46, 0.149947, 79.4701
47, 0.134537, 75.8451
48, 0.12177, 79.2862
49, 0.607506, 169.054
50, 0.594602, 183.106
51, 0.57923, 189.566
52, 0.562876, 193.258
53, 0.546051, 195.622
54, 0.52897, 197.218
55, 0.511741, 198.302
56, 0.494433, 198.998
57, 0.477102, 199.347
58, 0.459811, 199.318
59, 0.442672, 198.755
60, 0.425994, 197.14
61, 0.411135, 192.327
62, 0.923731, 265.641
63, 0.911781, 258.461
64, 0.898089, 248.25
65, 0.883116, 251.905
66, 0.867307, 255.432
67, 0.850958, 258.104
68, 0.834251, 260.21
69, 0.817297, 261.927
70, 0.800166, 263.365
71, 0.782904, 264.595
72, 0.765543, 265.669
73, 0.748104, 266.619
74, 0.730604, 267.472
75, 0.713054, 268.245
76, 0.695464, 268.954
77, 0.67784, 269.609
78, 0.660187, 270.219
79, 0.642512, 270.791
80, 0.624816, 271.331
81, 0.607103, 271.845
82, 0.589375, 272.335
83, 0.571636, 272.805
84, 0.553885, 273.26
85, 0.536126, 273.701
86, 0.518359, 274.131
87, 0.500587, 274.552
88, 0.482809, 274.968
89, 0.465027, 275.379
90, 0.447244, 275.788
91, 0.429459, 276.198
92, 0.411674, 276.611
93, 0.39389, 277.029
94, 0.376109, 277.458
95, 0.358333, 277.899
96, 0.340564, 278.358
97, 0.322805, 278.842
98, 0.30506, 279.36
99, 0.287334, 279.923
100, 0.269635, 280.55
101, 0.251977, 281.27
102, 0.234383, 282.133
103, 0.216899, 283.237
104, 0.199635, 284.799
105, 0.182933, 287.435
106, 0.168365, 293.697
107, 0.770459, 186.699
108, 0.662341, 385.724
109, 0.648782, 380.803
110, 0.633179, 369.812
111, 0.616734, 356.505
112, 0.599869, 342.07
113, 0.582767, 327.001
114, 0.565523, 311.541
115, 0.548191, 295.833
116, 0.530811, 292.061
117, 0.513413, 293.293
118, 0.496026, 294.493
119, 0.47869, 295.725
120, 0.461463, 297.079
121, 0.444463, 298.718
122, 0.427978, 301.015
123, 0.412903, 305.061
124, 0.404048, 288.241
125, 0.916873, 181.393
126, 0.77627, 344.987
127, 0.766669, 313.564
128, 0.755591, 285.336
129, 0.7427, 260.391
130, 0.728297, 237.958
131, 0.712863, 217.171
132, 0.696765, 197.414
133, 0.680233, 195.51
134, 0.663407, 194.048
135, 0.646376, 192.895
136, 0.629194, 191.963
137, 0.611899, 191.196
138, 0.594519, 190.553
139, 0.577072, 190.01
140, 0.559571, 189.541
141, 0.542026, 189.137
142, 0.524446, 188.784
143, 0.506838, 188.474
144, 0.489205, 188.2
145, 0.471553, 187.957
146, 0.453885, 187.74
147, 0.436203, 187.548
148, 0.41851, 187.376
149, 0.400809, 187.223
150, 0.383102, 187.087
151, 0.36539, 186.968
152, 0.347676, 186.865
153, 0.329961, 186.778
154, 0.312248, 186.706
155, 0.294539, 186.652
156, 0.276836, 186.616
157, 0.259143, 186.601
158, 0.241463, 186.612
159, 0.223802, 186.656
160, 0.206167, 186.742
161, 0.188568, 186.887
162, 0.171022, 187.121
163, 0.153558, 187.496
164, 0.136234, 188.121
165, 0.119195, 189.261
166, 0.102928, 191.744
167, 0.08974, 199.496
168, 0.75166, 91.7535
169, 0.661491, 290.223
170, 0.647818, 282.659
171, 0.632582, 269.814
172, 0.616921, 254.506
173, 0.601557, 237.267
174, 0.587703, 224.578
175, 1.00969, 298.748
176, 1.01739, 299.833
177, 1.00855, 299.633
178, 0.99871, 307.464
179, 0.987161, 318.265
180, 0.973813, 325.874
181, 0.959091, 331.196
182, 0.943462, 335.047
183, 0.927245, 337.956
184, 0.910638, 340.245
185, 0.893764, 342.105
186, 0.876697, 343.658
187, 0.859489, 344.985
188, 0.842172, 346.137
189, 0.824772, 347.154
190, 0.807305, 348.063
191, 0.789785, 348.884
192, 0.77222, 349.632
193, 0.754619, 350.321
194, 0.736987, 350.959
195, 0.719328, 351.554
196, 0.701648, 352.112
197, 0.683949, 352.638
198, 0.666234, 353.138
199, 0.648505, 353.614
200, 0.630763, 354.07
201, 0.613011, 354.508
202, 0.595251, 354.932
203, 0.577482, 355.342
204, 0.559707, 355.741
205, 0.541927, 356.131
206, 0.524142, 356.513
207, 0.506353, 356.889
208, 0.488562, 357.26
209, 0.470769, 357.629
210, 0.452975, 357.996
211, 0.435181, 358.362
212, 0.417388, 358.73
213, 0.399597, 359.101
214, 0.381809, 359.026
215, 0.364024, 358.928
216, 0.346245, 358.826
217, 0.328473, 358.719
218, 0.31071, 358.605
219, 0.292958, 358.482
220, 0.27522, 358.349
221, 0.257499, 358.2
222, 0.239801, 358.032
223, 0.222133, 357.837
224, 0.204503, 357.605
225, 0.186925, 357.322
226, 0.169423, 356.96
227, 0.152033, 356.476
228, 0.134828, 355.782
229, 0.11796, 354.693
230, 0.101825, 352.73
231, 0.0876152, 348.427
232, 0.607783, 305.439
233, 0.443599, 411.717
234, 0.432004, 386.07
235, 0.419126, 364.215
236, 0.406569, 347.054
237, 0.39968, 309.411
238, 0.969714, 182.6
239, 0.877072, 338.295
240, 0.860132, 302.221
241, 0.843016, 266.423
242, 0.82577, 243.847
243, 0.808424, 225.596
244, 0.791001, 207.466
245, 0.773517, 189.433
246, 0.755984, 171.477
247, 0.73841, 170.773
248, 0.720804, 170.121
249, 0.70317, 169.513
250, 0.685513, 168.942
251, 0.667837, 168.402
252, 0.650144, 167.888
253, 0.632438, 167.396
254, 0.61472, 166.923
255, 0.596993, 166.465
256, 0.579258, 166.019
257, 0.561516, 165.584
258, 0.54377, 165.157
259, 0.526021, 164.735
260, 0.50827, 164.317
261, 0.490519, 163.9
262, 0.472768, 163.481
263, 0.455021, 163.059
264, 0.437278, 162.63
265, 0.419541, 162.192
266, 0.401813, 161.74
267, 0.384098, 161.272
268, 0.366399, 160.778
269, 0.34872, 160.254
270, 0.33107, 159.689
271, 0.313457, 159.068
272, 0.295897, 158.369
273, 0.278414, 157.561
274, 0.261049, 156.584
275, 0.243878, 155.334
276, 0.22707, 153.588
277, 0.211054, 150.797
278, 0.197044, 145.378
279, 0.560949, 209.555
280, 0.559627, 203.511
281, 0.548389, 192.257
282, 0.535353, 184.256
283, 0.520848, 178.705
284, 0.505355, 174.74
285, 0.489229, 171.766
286, 0.472696, 169.418
287, 0.455895, 167.471
288, 0.438917, 165.781
289, 0.421827, 164.239
290, 0.404679, 162.75
291, 0.480235, 199.351
292, 0.530849, 206.195
293, 0.525815, 266.697
294, 0.491953, 277.283
295, 0.463276, 183.179
296, 0.43353, 162.094
297, 0.940808, 217.453
298, 0.954538, 225.991
299, 0.923741, 253.141
300, 0.900279, 297.255
301, 0.878682, 310.735
302, 0.858643, 287.179
303, 0.838614, 281.344
304, 0.819023, 292.59
305, 0.800025, 305.193
306, 0.782698, 288.568
307, 0.765296, 271.803
308, 0.747837, 254.935
309, 0.730333, 237.983
310, 0.712794, 220.967
311, 0.965647, 284.403
312, 0.945525, 321.332
313, 0.931579, 382.086
314, 0.917901, 449.499
315, 0.906328, 519.284
316, 0.904069, 587.78
317, 0.905745, 655.059
318, 0.884432, 705.266
319, 0.872488, 741.095
320, 0.845275, 767.021
321, 0.810531, 772.056
322, 0.766425, 765.957
323, 0.717941, 763.644
324, 0.635182, 776.521
325, 0.684904, 692.137
326, 0.685648, 674.066
327, 0.674648, 682.746
328, 0.659128, 688.337
329, 0.665603, 729.451
330, 0.630955, 740.557
331, 0.591107, 733.037
332, 0.543795, 713.769
333, 0.494424, 712.879
334, 0.450507, 686.133
335, 0.398184, 692.926
336, 0.398167, 679.873
337, 0.429185, 620.06
338, 0.45413, 583.106
339, 0.475968, 563.035
340, 0.451232, 532.31
341, 0.456392, 470.986
342, 0.426487, 425.035
343, 0.391897, 409.087
344, 0.354768, 405.488
345, 0.298237, 454.704
346, 0.314563, 441.144
347, 0.336298, 411.188
348, 0.344688, 375.777
349, 0.344319, 365.12
350, 0.342656, 343.038
351, 0.45779, 306.142
352, 0.448961, 240.787
353, 0.449956, 236.888
354, 0.416886, 276.58
355, 0.382733, 315.627
356, 0.202902, 327.084
357, 0.236479, 347.825
358, 0.268618, 338.254
359, 0.715032, 288.76
360, 0.738576, 333.094
361, 0.709877, 383.402
362, 0.67677, 434.849
363, 0.637986, 487.057
364, 0.602574, 528.04
365, 0.560428, 541.218
366, 0.517671, 545.59
367, 0.540774, 581.705
368, 0.511668, 566.107
369, 0.515317, 541.294
370, 0.52746, 537.745
371, 0.638833, 547.442
372, 0.600939, 508.463
373, 0.57167, 503.229
374, 0.523312, 489.876
375, 0.474295, 501.07
376, 0.385944, 540.866
377, 0.454261, 510.766
378, 0.481083, 549.729
379, 0.500449, 585.359
380, 0.511506, 616.733
381, 0.590977, 640.087
382, 0.554758, 668.234
383, 0.515657, 718.555
384, 0.472408, 762.186
385, 0.426299, 796.271
386, 0.31395, 813.651
387, 0.318396, 826.717
388, 0.338673, 821.372
389, 0.339432, 809.205
390, 0.380354, 793.187
391, 0.453281, 761.413
392, 0.428453, 740.414
393, 0.390061, 712.59
394, 0.348984, 692.064
395, 0.30635, 676.362
396, 0.27197, 663.254
397, 0.54082, 588.174
398, 0.606609, 711.031
399, 0.577201, 691.572
400, 0.554888, 678.957
401, 0.52873, 659.964
402, 0.498817, 642.515
403, 0.478575, 607.741
404, 0.593007, 570.055
405, 0.719754, 672.956
406, 0.731537, 766.494
407, 0.710968, 834.57
408, 0.702405, 886.333
409, 0.707009, 924.75
410, 0.724471, 943.496
411, 0.748466, 948.602
412, 0.771883, 943.674
413, 0.791985, 943.279
414, 0.81005, 940.142
415, 0.826956, 935.566
416, 0.842124, 931.145
417, 0.855215, 928.251
418, 0.8669, 927
419, 0.878263, 935.761
420, 0.890019, 942.465
421, 0.90218, 941.821
422, 0.914316, 935.886
423, 0.92609, 935.662
424, 0.937124, 943.418
425, 0.947191, 950.065
426, 0.956214, 951.318
427, 0.964139, 950.453
428, 0.970949, 949.465
429, 0.976669, 948.398
430, 0.981346, 947.248
431, 0.985033, 946.008
432, 0.987809, 944.681
433, 0.989789, 943.273
434, 0.991131, 941.812
435, 0.992017, 940.34
436, 0.992618, 938.89
437, 0.993089, 937.507
438, 0.993549, 936.223
439, 0.994078, 935.055
440, 0.994721, 933.995
441, 0.995493, 933.02
442, 0.996394, 932.101
443, 0.997353, 931.205
444, 0.998291, 930.327
445, 0.999174, 929.492
446, 0.999962, 928.713
447, 1.00062, 927.999
448, 1.0011, 927.345
449, 1.00137, 926.735
450, 1.00142, 926.142
451, 1.00127, 925.536
452, 1.00094, 924.891
453, 1.00048, 924.186
454, 0.99994, 923.405
455, 0.99937, 922.544
456, 0.998805, 921.607
457, 0.998274, 920.602
458, 0.997788, 919.541
459, 0.997354, 918.439
460, 0.996968, 917.308
461, 0.996627, 916.163
462, 0.996319, 915.019
463, 0.996053, 913.89
464, 0.995849, 912.789
465, 0.995717, 911.717
466, 0.995662, 910.678
467, 1.32128, 905.092
468, 1.28814, 895.051
469, 1.22073, 905.118
470, 1.16955, 920.705
471, 1.18145, 950.801
472, 1.11918, 949.573
473, 1.04998, 925.338
474, 0.982279, 930.72
475, 0.91986, 943.108
476, 0.858165, 925.055
477, 0.797788, 906.867
478, 0.739817, 905.677
479, 0.686361, 904.181
480, 0.641713, 904.691
481, 0.619388, 866.971
482, 1.43895, 916.869
483, 1.40379, 890.627
484, 1.36257, 858.487
485, 1.32528, 828.644
486, 1.29281, 802.116
487, 1.27702, 777.897
488, 1.24356, 708.238
489, 1.21008, 638.87
490, 1.17668, 586.993
491, 1.14351, 552.662
492, 1.11076, 518.81
493, 1.07874, 485.682
494, 1.04808, 481.822
495, 1.01986, 486.426
496, 0.995494, 494.432
497, 0.976854, 504.295
498, 0.959237, 469.554
499, 0.941604, 434.828
500, 0.923956, 400.114
501, 0.906297, 365.408
502, 0.888631, 330.707
503, 0.870959, 296.006
504, 0.853284, 295.286
505, 0.835609, 294.955
506, 0.817938, 294.614
507, 0.800272, 294.26
508, 0.782617, 293.886
509, 0.764977, 293.485
510, 0.747357, 293.05
511, 0.729768, 292.569
512, 0.712219, 292.023
513, 0.694731, 291.39
514, 0.67733, 290.627
515, 0.660067, 289.666
516, 0.643038, 288.379
517, 0.626451, 286.488
518, 0.610836, 283.312
519, 0.597513, 276.998
520, 0.964411, 169.877
521, 0.875222, 363.599
522, 0.859544, 350.03
523, 0.843286, 335.549
524, 0.826647, 320.473
525, 0.809745, 304.991
526, 0.792658, 289.221
527, 0.775435, 273.243
528, 0.75811, 269.718
529, 0.740706, 270.65
530, 0.72324, 271.487
531, 0.705725, 272.249
532, 0.688172, 272.951
533, 0.670586, 273.605
534, 0.652975, 274.219
535, 0.635343, 274.801
536, 0.617695, 275.358
537, 0.600033, 275.894
538, 0.582362, 276.415
539, 0.564683, 276.925
540, 0.547, 277.428
541, 0.529314, 277.928
542, 0.51163, 278.429
543, 1.0964, 327.508
544, 2.79555, 605.404
545, 4.36906, 880.05
546, 5.06185, 1005.93
547, 4.91015, 1028.5
548, 4.7605, 1046.5
549, 4.61307, 1061.6
550, 4.46842, 1074.94
551, 4.32838, 1087.7
552, 4.20067, 1102.3
553, 4.1647, 1136.17
554, 4.06383, 1132.96
555, 4.06593, 1145.09
556, 3.94562, 1112.87
557, 3.8258, 1080.26
558, 3.70677, 1061.54
559, 3.58939, 1045.77
560, 3.47725, 1030.62
561, 3.56871, 1068.56
562, 3.47011, 1031.31
563, 3.37166, 993.899
564, 3.27348, 956.26
565, 3.17575, 918.316
566, 3.07869, 914.361
567, 2.98276, 909.923
568, 2.88903, 904.896
569, 2.80144, 899.34
570, 2.80224, 905.761
571, 2.72234, 878.838
572, 2.65634, 852.199
573, 2.57712, 810.124
574, 2.4978, 776.581
575, 2.41861, 762.772
576, 2.33991, 755.172
577, 2.26233, 747.155
578, 2.18725, 738.347
579, 2.11824, 728.051
580, 2.07598, 716.613
581, 2.00725, 688.871
582, 1.94361, 659.448
583, 1.87826, 636.118
584, 1.81275, 615.111
585, 1.74722, 609.203
586, 1.68185, 603.167
587, 1.61688, 596.802
588, 1.55277, 589.816
589, 1.49052, 581.715
590, 1.4328, 571.502
591, 1.39313, 557.948
592, 1.34015, 529.029
593, 1.29049, 489.931
594, 1.24072, 472.462
595, 1.22367, 502.453
596, 1.84773, 537.197
597, 3.20639, 495.618
598, 4.8748, 554.484
599, 6.50699, 620.74
600, 8.04047, 733.269
601, 9.42871, 836.978
602, 10.6294, 940.824
603, 11.6053, 1045.51
604, 12.3246, 1150.55
605, 12.5481, 1137.86
606, 12.4824, 1051.79
607, 12.3985, 998.698
608, 12.3008, 962.019
609, 12.1933, 934.718
610, 12.0788, 913.302
611, 11.9591, 895.843
612, 11.8356, 881.181
613, 11.7091, 868.57
614, 11.5803, 857.505
615, 11.4496, 847.628
616, 11.3175, 838.673
617, 11.1842, 830.436
618, 11.05, 822.744
619, 10.915, 815.457
620, 10.7796, 808.435
621, 10.6439, 801.507
622, 10.5084, 794.468
623, 10.3736, 786.888
624, 10.2403, 777.508
625, 10.1043, 770.293
626, 9.97646, 764.704
627, 9.84992, 757.807
628, 9.72444, 746.888
629, 9.60215, 744.047
630, 9.47966, 741.316
631, 9.357, 738.68
632, 9.23418, 736.118
633, 9.11124, 733.618
634, 8.98818, 731.168
635, 8.86504, 728.747
636, 8.74184, 726.343
637, 8.6186, 723.935
638, 8.49536, 721.503
639, 8.37216, 719.017
640, 8.24907, 716.437
641, 8.12619, 713.699
642, 8.00374, 710.696
643, 7.88215, 707.203
644, 7.7625, 702.574
645, 7.64462, 692.385
646, 7.53172, 688.582
647, 7.42028, 683.927
648, 7.31043, 674.592
649, 7.20444, 673.329
650, 7.09842, 672.127
651, 6.99238, 670.928
652, 6.88634, 669.721
653, 6.78028, 668.516
654, 6.67423, 667.295
655, 6.56819, 666.055
656, 6.46216, 664.787
657, 6.35617, 663.486
658, 6.25023, 662.135
659, 6.14436, 660.715
660, 6.0386, 659.206
661, 5.93301, 657.569
662, 5.82769, 655.74
663, 5.72287, 653.604
664, 5.61908, 650.906
665, 5.51995, 647.66
666, 5.42412, 628.486
667, 5.32929, 625.795
668, 5.23712, 621.255
669, 5.14908, 603.187
670, 5.06104, 602.303
671, 4.97299, 601.413
672, 4.88494, 600.513
673, 4.79689, 599.6
674, 4.70886, 598.669
675, 4.62084, 597.715
676, 4.53284, 596.73
677, 4.44489, 595.708
678, 4.35697, 594.637
679, 4.26913, 593.503
680, 4.13099, 617.278
681, 4.29871, 703.684
682, 4.6074, 813.083
683, 4.99097, 901.195
684, 5.45473, 999.375
685, 6.04205, 1102.78
686, 6.76535, 1157.69
687, 7.56128, 1195.33
688, 8.32773, 1232.22
689, 8.65847, 1219.69
690, 8.60753, 1220.89
691, 8.52557, 1256.71
692, 8.42054, 1284.52
693, 8.30168, 1303.54
694, 8.17574, 1315.3
695, 8.04607, 1322.27
696, 7.9141, 1326.34
697, 7.7805, 1328.6
698, 7.64569, 1329.68
699, 7.50999, 1329.88
700, 7.37368, 1329.36
701, 7.23704, 1328.14
702, 7.10044, 1326.12
703, 6.96445, 1322.99
704, 6.83012, 1318.03
705, 6.69925, 1309.44
706, 6.5683, 1293.1
707, 6.44104, 1271.42
708, 6.31469, 1246.7
709, 6.19091, 1213.42
710, 6.06694, 1180.04
711, 5.94282, 1163.76
712, 5.81856, 1147.4
713, 5.69421, 1148.14
714, 5.56977, 1148.79
715, 5.44527, 1149.36
716, 5.32075, 1149.83
717, 5.19623, 1150.18
718, 5.07175, 1150.4
719, 4.94737, 1150.45
720, 4.82316, 1150.27
721, 4.69927, 1149.75
722, 4.57592, 1148.73
723, 4.45364, 1146.83
724, 4.33375, 1143.15
725, 4.223, 1134.27
726, 4.11048, 1115.22
727, 4.00253, 1092.61
728, 3.89597, 1059.77
729, 3.78942, 1026.89
730, 3.69883, 981.888
731, 3.61985, 994.602
732, 3.50073, 1019.61
733, 3.38275, 1044.02
734, 3.29199, 1080.29
735, 3.16612, 1108.51
736, 3.04825, 1132.14
737, 2.93806, 1144.48
738, 2.83284, 1152.36
739, 2.73935, 1154.16
740, 2.66647, 1128.75
741, 2.55962, 1113.74
742, 2.45549, 1096.76
743, 2.35193, 1079.07
744, 2.24927, 1060.14
745, 2.14697, 1038.87
746, 2.02924, 1015.21
747, 1.934, 983.295
748, 1.86755, 933.937
749, 1.78209, 890.522
750, 1.6967, 866.043
751, 1.61146, 854.282
752, 1.52644, 842.449
753, 1.44168, 830.631
754, 1.35725, 818.898
755, 1.27323, 807.318
756, 1.18968, 813.143
757, 1.10671, 819.257
758, 1.02447, 825.745
759, 0.943143, 832.713
760, 0.827457, 856.965
761, 0.793119, 854.038
762, 0.764474, 861.498
763, 0.8028, 887.83
764, 1.028, 818.911
765, 1.12352, 900.397
766, 1.02624, 896.704
767, 0.921531, 927.819
768, 0.821898, 968.757
769, 0.734793, 1006.83
770, 0.71302, 994.043
771, 0.604321, 932.03
772, 0.685942, 920.064
773, 0.708412, 984.453
774, 0.921231, 1039.08
775, 0.863147, 1081.98
776, 0.866606, 1134.48
777, 0.809192, 1185.48
778, 0.745725, 1195.35
779, 0.566478, 1238.77
780, 0.672498, 1244.82
781, 0.71628, 1271.92
782, 0.74518, 1196.14
783, 0.99517, 1256.55
784, 0.93247, 1256.17
785, 0.905267, 1281.04
786, 0.844249, 1324.8
787, 0.767997, 1332.94
788, 0.494298, 1356.62
789, 0.58177, 1300.96
790, 0.686241, 1243.34
791, 0.7192, 1240.63
792, 0.854839, 1200.58
793, 0.847694, 1280.69
794, 0.806026, 1360.01
795, 0.740909, 1391.07
796, 0.729573, 1353.93
797, 0.658479, 1320.63
798, 0.383249, 1332.4
799, 0.449052, 1315.27
800, 0.494105, 1261.41
801, 0.539014, 1183.67
802, 0.852348, 1070.99
803, 0.86428, 1144.99
804, 0.829267, 1206.06
805, 0.781535, 1232.39
806, 0.711216, 1212
807, 0.403964, 1231.48
808, 0.470512, 1208.08
809, 0.539544, 1063.2
810, 0.915242, 984.895
811, 0.854951, 1023.75
812, 0.82363, 1097.28
813, 0.773713, 1170.36
814, 0.702962, 1195.64
815, 0.659989, 1226.57
816, 0.475407, 1277.35
817, 0.573703, 1270.56
818, 0.616441, 1223.05
819, 0.647471, 1163.2
820, 1.7031, 1126.14
821, 1.88655, 1152.72
822, 1.80567, 1184.18
823, 1.76167, 1219.92
824, 1.71147, 1237.49
825, 1.62513, 1243.43
826, 1.54544, 1271.33
827, 1.4743, 1295.79
828, 1.41269, 1327.93
829, 1.39311, 1346.39
830, 1.34557, 1320.27
831, 1.30014, 1252.24
832, 1.26989, 1172.4
833, 1.22338, 1089.44
834, 1.19407, 1014.42
835, 1.15547, 936.622
836, 1.12025, 862.299
837, 1.09546, 759.533
838, 1.07475, 646.024
839, 1.05888, 529.834
840, 1.04524, 440.729
841, 1.21528, 305.047
842, 1.12772, 382.652
843, 1.1188, 355.107
844, 1.10872, 342.562
845, 1.09532, 320.801
846, 1.08008, 293.519
847, 1.06405, 264.071
848, 1.04761, 237.417
849, 1.64668, 250.615
850, 3.97428, 279.642
851, 6.33572, 314.152
852, 8.70937, 440.051
853, 9.72164, 398.664
854, 9.52337, 264.895
855, 9.37725, 241.379
856, 9.24775, 252.448
857, 9.12433, 276.471
858, 9.00316, 303.999
859, 8.88305, 327.184
860, 8.7641, 347.616
861, 8.64742, 366.26
862, 8.53566, 383.704
863, 8.4349, 400.284
864, 8.35794, 416.314
865, 8.34828, 430.493
866, 8.23433, 430.277
867, 8.12558, 429.969
868, 8.03477, 428.615
869, 7.91202, 424.9
870, 7.78874, 420.169
871, 7.66539, 424.127
872, 7.54263, 435.342
873, 7.42155, 446.23
874, 7.30447, 456.931
875, 7.19719, 467.463
876, 7.11488, 477.681
877, 7.07969, 489.889
878, 6.96339, 484.127
879, 6.85147, 478.212
880, 6.76681, 468.45
881, 6.65097, 461.5
882, 6.53481, 453.976
883, 6.41879, 463.268
884, 6.30357, 472.373
885, 6.19045, 481.484
886, 6.08237, 490.833
887, 5.98686, 500.865
888, 5.92109, 513.454
889, 5.81037, 504.94
890, 5.70108, 496.531
891, 5.5949, 488.682
892, 5.5021, 497.341
893, 5.39647, 487.401
894, 5.29068, 477.179
895, 5.18491, 474.652
896, 5.07943, 481.382
897, 4.97467, 488.158
898, 4.87147, 495.112
899, 4.77187, 502.395
900, 4.68206, 510.123
901, 4.64242, 515.065
902, 4.54529, 505.836
903, 4.44973, 497.135
904, 4.36299, 487.748
905, 4.27184, 476.794
906, 4.18059, 465.647
907, 4.08944, 460.689
908, 3.99868, 466.713
909, 3.90883, 472.964
910, 3.82103, 479.705
911, 3.73834, 487.442
912, 3.67983, 495.687
913, 3.59592, 484.48
914, 3.51251, 473.758
915, 3.43026, 464.145
916, 3.35099, 473.63
917, 3.27447, 460.538
918, 3.19791, 447.391
919, 3.12142, 434.26
920, 3.04512, 438.416
921, 2.96924, 442.785
922, 2.89423, 447.545
923, 2.82121, 453.021
924, 2.7535, 459.986
925, 2.69901, 471.53
926, 2.63079, 458.835
927, 2.56285, 446.652
928, 2.49558, 435.546
929, 2.42915, 437.795
930, 2.36916, 423.599
931, 2.30919, 409.416
932, 2.24931, 395.321
933, 2.18962, 398.593
934, 2.13032, 402.186
935, 2.07184, 406.357
936, 2.01527, 411.66
937, 1.96963, 418.383
938, 1.91827, 404.248
939, 1.86715, 390.458
940, 1.81653, 377.348
941, 1.76696, 382.818
942, 1.71946, 390.979
943, 1.67585, 375.212
944, 1.63227, 359.508
945, 1.58876, 343.909
946, 1.54537, 345.668
947, 1.50219, 347.702
948, 1.45944, 350.22
949, 1.41764, 353.687
950, 1.38205, 358.578
951, 1.34704, 342.334
952, 1.31199, 326.057
953, 1.27692, 309.762
954, 1.24184, 310.655
955, 1.20675, 311.563
956, 1.17166, 312.507
957, 1.1366, 313.512
958, 1.10158, 314.612
959, 1.06662, 315.859
960, 1.03179, 317.34
961, 0.997169, 319.215
962, 0.962981, 321.833
963, 0.929849, 326.122
964, 0.899948, 335.281
965, 0.873589, 318.397
966, 0.847213, 301.511
967, 0.820827, 284.632
968, 0.794438, 278.207
969, 0.768052, 278.558
970, 0.741678, 278.951
971, 0.715326, 279.404
972, 0.68901, 279.945
973, 0.662751, 280.619
974, 0.636584, 281.501
975, 0.610575, 282.731
976, 0.584866, 284.619
977, 0.559846, 287.974
978, 0.536817, 295.808
979, 0.519246, 277.971
980, 0.50167, 260.142
981, 0.484092, 242.316
982, 0.466519, 240.555
983, 0.448955, 239.899
984, 0.431407, 239.22
985, 0.413883, 238.507
986, 0.396393, 237.745
987, 0.378953, 236.911
988, 0.361584, 235.974
989, 0.344323, 234.884
990, 0.327231, 233.555
991, 0.310429, 231.825
992, 0.294178, 229.345
993, 0.279129, 225.266
994, 0.266599, 217.515
995, 0.551488, 116.591
996, 0.536771, 322.54
997, 0.52383, 290.995
998, 0.508479, 266.838
999, 0.492159, 245.37
1000, 0.475367, 225.175
1001, 0.458313, 205.686
1002, 0.441102, 186.625
1003, 0.423798, 185.02
1004, 0.406447, 183.579
1005, 0.389088, 182.218
1006, 0.371774, 180.85
1007, 0.354591, 179.344
1008, 0.337754, 177.421
1009, 0.322043, 174.192
1010, 0.313286, 173.58
1011, 1.16231, 281.497
1012, 1.14625, 288.025
1013, 1.13246, 281.169
1014, 1.11742, 276.359
1015, 1.10158, 272.836
1016, 1.08521, 270.123
1017, 1.06851, 267.937
1018, 1.05158, 266.104
1019, 1.03449, 264.514
1020, 1.01729, 263.091
1021, 1.00001, 261.782
1022, 0.982672, 260.542
1023, 0.965304, 259.333
1024, 0.947925, 258.115
1025, 0.93056, 256.837
1026, 0.913242, 255.43
1027, 0.896031, 253.781
1028, 0.879052, 251.61
1029, 0.862644, 248.303
1030, 0.848041, 241.606
1031, 1.40076, 260.654
1032, 1.36257, 341.366
1033, 1.34736, 316.841
1034, 1.33108, 295.313
1035, 1.31427, 290.413
1036, 1.29716, 288.235
1037, 1.27987, 286.535
1038, 1.26245, 285.155
1039, 1.24494, 284.002
1040, 1.22736, 283.017
1041, 1.20974, 282.159
1042, 1.19207, 281.401
1043, 1.17437, 280.724
1044, 1.15664, 280.111
1045, 1.13889, 279.552
1046, 1.12112, 279.039
1047, 1.10333, 278.564
1048, 1.08554, 278.121
1049, 1.06772, 277.706
1050, 1.0499, 277.316
1051, 1.03207, 276.948
1052, 1.01424, 276.597
1053, 0.99639, 276.264
1054, 0.978539, 275.944
1055, 0.960682, 275.638
1056, 0.94282, 275.343
1057, 0.924954, 275.058
1058, 0.907084, 274.781
1059, 0.88921, 274.513
1060, 0.871334, 274.252
1061, 0.853454, 273.996
1062, 0.835573, 273.746
1063, 0.817689, 273.5
1064, 0.799804, 273.258
1065, 0.781917, 273.02
1066, 0.764029, 272.783
1067, 0.746141, 272.549
1068, 0.728252, 272.316
1069, 0.710362, 272.083
1070, 0.692473, 271.85
1071, 0.674584, 271.616
1072, 0.656695, 271.381
1073, 0.638808, 271.143
1074, 0.620922, 270.902
1075, 0.603038, 270.657
1076, 0.585156, 270.406
1077, 0.567277, 270.149
1078, 0.549402, 269.883
1079, 0.531531, 269.608
1080, 0.513665, 269.32
1081, 0.495806, 269.017
1082, 0.477956, 268.695
1083, 0.460115, 268.35
1084, 0.442287, 267.975
1085, 0.424476, 267.562
1086, 0.406688, 267.096
1087, 0.388931, 266.558
1088, 0.371222, 265.914
1089, 0.353587, 265.105
1090, 0.336086, 264.009
1091, 0.318872, 262.329
1092, 0.302503, 259.119
1093, 0.293574, 241.823
1094, 1.71788, 263.119
1095, 1.7815, 370.01
1096, 1.76787, 364.717
1097, 1.75217, 353.239
1098, 1.73562, 356.594
1099, 1.71865, 358.794
1100, 1.70144, 360.327
1101, 1.6841, 361.427
1102, 1.66668, 362.22
1103, 1.64921, 362.772
1104, 1.63174, 363.113
1105, 1.6143, 363.241
1106, 1.59695, 363.111
1107, 1.57982, 362.585
1108, 1.56325, 361.265
1109, 1.54852, 357.684
1110, 2.73492, 351.663
1111, 2.6949, 459.906
1112, 2.68026, 437.861
1113, 2.66462, 417.391
1114, 2.64833, 397.899
1115, 2.63163, 396.216
1116, 2.61465, 394.943
1117, 2.59747, 393.953
1118, 2.58015, 393.164
1119, 2.56273, 392.522
1120, 2.54522, 391.991
1121, 2.52764, 391.546
1122, 2.51002, 391.17
1123, 2.49235, 390.844
1124, 2.47465, 390.357
1125, 2.45692, 389.903
1126, 2.43916, 389.491
1127, 2.42138, 389.113
1128, 2.40359, 388.765
1129, 2.38578, 388.443
1130, 2.36795, 388.144
1131, 2.35012, 387.864
1132, 2.33227, 387.602
1133, 2.31441, 387.356
1134, 2.29654, 387.125
1135, 2.27867, 386.905
1136, 2.26079, 386.698
1137, 3.1338, 397.705
1138, 3.1938, 646.394
1139, 3.05945, 936.95
1140, 3.02411, 1166.04
1141, 3.01615, 1369.25
1142, 3.03275, 1569.08
1143, 3.05827, 1785.5
1144, 3.11028, 1958.55
1145, 3.19382, 2072.92
1146, 3.27382, 2150.32
1147, 3.14953, 2161.88
1148, 3.23876, 2360.16
1149, 3.22025, 2544.27
1150, 3.13933, 2641.52
1151, 3.11464, 2656.12
1152, 3.02942, 2631.04
1153, 2.9231, 2595.83
1154, 2.76275, 2580.99
1155, 2.67189, 2546.67
1156, 2.52744, 2500.06
1157, 2.42048, 2422.18
1158, 2.50172, 2288.77
1159, 2.40261, 2190.16
1160, 2.41155, 2081.68
1161, 2.4198, 1964.83
1162, 2.32496, 1848.01
1163, 2.27898, 1737.39
1164, 2.19683, 1609.18
1165, 2.12379, 1480.77
1166, 2.04402, 1350.18
1167, 1.96787, 1255.49
1168, 1.89897, 1168.54
1169, 1.84615, 1094.09
1170, 1.78266, 1017.37
1171, 1.72173, 973.3
1172, 1.6651, 937.397
1173, 1.61339, 864.605
1174, 1.56363, 788.195
1175, 1.52305, 730.059
1176, 1.9795, 721.127
1177, 2.29039, 882.581
1178, 2.49702, 1032.6
1179, 2.42974, 1176.83
1180, 2.38196, 1340.44
1181, 2.363, 1511.26
1182, 2.3633, 1682.57
1183, 2.38604, 1828.61
1184, 2.40805, 1798.99
1185, 2.32839, 1729.22
1186, 2.26735, 1678.38
1187, 2.21019, 1667.46
1188, 2.12719, 1667.81
1189, 2.02193, 1668.96
1190, 1.91349, 1669.78
1191, 1.82925, 1672.7
1192, 1.70574, 1675.84
1193, 1.53383, 1652.67
1194, 1.4656, 1629.85
1195, 1.53531, 1587.88
1196, 1.60209, 1490.21
1197, 1.54795, 1413.05
1198, 1.55681, 1331.76
1199, 1.49455, 1258.53
1200, 1.44699, 1220.66
1201, 1.37824, 1129.54
1202, 1.30736, 1061.6
1203, 1.23594, 1035.14
1204, 1.16982, 996.374
1205, 1.11767, 984.547
1206, 1.05363, 943.549
1207, 0.994048, 923.961
1208, 0.948309, 913.89
1209, 0.906432, 926.018
1210, 0.860324, 908.254
1211, 0.82697, 840.558
1212, 0.79544, 774.902
1213, 0.766271, 695.352
1214, 0.748704, 608.516
1215, 0.731105, 556.129
1216, 0.713479, 515.533
1217, 0.695831, 480.443
1218, 0.678164, 445.395
1219, 0.660481, 410.381
1220, 0.642785, 375.397
1221, 0.625078, 367.585
1222, 0.607362, 367.023
1223, 0.589638, 366.479
1224, 0.571909, 365.948
1225, 0.554174, 365.428
1226, 0.536437, 364.916
1227, 0.518698, 364.409
1228, 0.500959, 363.906
1229, 0.483221, 363.399
1230, 0.465485, 362.891
1231, 0.447754, 362.377
1232, 0.430029, 361.852
1233, 0.412313, 361.314
1234, 0.394608, 360.757
1235, 0.376918, 360.176
1236, 0.359246, 359.563
1237, 0.341598, 358.909
1238, 0.323982, 358.203
1239, 0.306407, 357.426
1240, 0.288888, 356.556
1241, 0.27145, 355.555
1242, 0.254128, 354.365
1243, 0.236994, 352.881
1244, 0.220189, 350.899
1245, 0.204058, 347.95
1246, 0.189612, 342.724
1247, 0.181451, 323.686
1248, 0.174182, 302.988
1249, 0.174182, 268.611
1250, 0.174182, 251.422
1251, 0.174182, 234.233
1252, 0.174182, 217.045
