0
0
0.0882125
0.00643578
-0.0835652
0.00392781
-0.174452
-0.00693049
0.180187
0.00676356
-0.273273
0.00582229
0.269751
0.00800395
0.357072
0.00745269
-0.362916
0.00562853
0.455255
-0.00313993
-0.444976
-0.00221359
0.535192
0.00493939
-0.541224
-0.00779434
0.634373
0.00705966
-0.634234
-0.00430873
0.722528
-0.00524864
-0.716238
-0.0068492
-0.813699
0.00211653
0.812503
-0.0040013
-0.90018
0.00702848
0.899422
-0.00742476
-0.991806
0.00459816
0.989075
-0.00737051
-1.08038
0.00582295
1.08105
0.00447314
