0, 0, 
1, 0, 
2, 0, 
3, 0, 0, 
4, 0, 0, 
5, 0, 0.00899993, 
6, 0, 0.0179996, 0, 
7, 0, 0.0179996, 0, 
8, 0, 0.0179996, 0.00487804, 
9, 0, 0.0179996, 0.0119865, 0, 
10, 0, 0.0179996, 0.019095, 0, 
11, 0, 0.0179996, 0.0275963, 0.000957459, 
12, 0, 0.0179996, 0.0362082, 0.00507409, 0, 
13, 0, 0.0179996, 0.0448723, 0.0119216, 0, 
14, 0, 0.0179996, 0.0535419, 0.0197015, 0.00160079, 
15, 0, 0.0179996, 0.0622401, 0.0278948, 0.00669944, 0, 
16, 0, 0.0179996, 0.0709712, 0.036088, 0.0138705, 0, 
17, 0, 0.0179996, 0.079835, 0.0435385, 0.0217854, 0.00107049, 
18, 0, 0.0179996, 0.0888174, 0.0518059, 0.0300496, 0.00372608, 0, 
19, 0, 0.0179996, 0.097739, 0.0602624, 0.0383138, 0.00814955, 0, 
20, 0, 0.0195467, 0.106662, 0.0688386, 0.0460343, 0.0140067, 0.0089815, 
21, 0, 0.0215299, 0.115588, 0.0774975, 0.0541845, 0.020825, 0.0179631, 0, 
22, 0, 0.0269265, 0.124514, 0.0862161, 0.0625649, 0.0276432, 0.0269448, 0, 
23, 0, 0.0339497, 0.133442, 0.0951017, 0.0710849, 0.0365904, 0.0359265, 0.000696235, 
24, 0, 0.0415833, 0.142353, 0.103381, 0.0796963, 0.0455873, 0.0449082, 0.00280771, 0, 
25, 0, 0.0495086, 0.151352, 0.111838, 0.0883713, 0.054581, 0.05389, 0.00670748, 0, 
26, 0, 0.057586, 0.160343, 0.120427, 0.0972039, 0.0635717, 0.0623049, 0.0121977, 0.00393989, 
27, 0, 0.0661828, 0.169332, 0.129102, 0.103442, 0.0725611, 0.0707912, 0.0188016, 0.0107528, 0, 
28, 0, 0.0749169, 0.178319, 0.137833, 0.11091, 0.081551, 0.0793471, 0.0254055, 0.0185425, 0, 
29, 0, 0.0836567, 0.187305, 0.146603, 0.118904, 0.0900791, 0.0879577, 0.0337808, 0.0267576, 0.00873347, 
30, 0, 0.0924041, 0.196291, 0.155545, 0.127169, 0.0987358, 0.0966093, 0.0426269, 0.0351992, 0.0175122, 0, 
31, 0, 0.10116, 0.20525, 0.164156, 0.135592, 0.106688, 0.105293, 0.051484, 0.0436407, 0.0263247, 0, 
32, 0, 0.109925, 0.21425, 0.172706, 0.144114, 0.114943, 0.114257, 0.0603505, 0.052635, 0.0351633, 0.00688927, 
33, 0, 0.118697, 0.223249, 0.181345, 0.153058, 0.12337, 0.119083, 0.0692254, 0.0616277, 0.0440225, 0.014714, 0, 
34, 0, 0.126612, 0.232249, 0.190046, 0.156363, 0.131908, 0.125231, 0.0781075, 0.0706193, 0.0528817, 0.0229504, 0, 
35, 0, 0.135612, 0.241249, 0.198792, 0.162923, 0.140519, 0.132204, 0.0869531, 0.0796103, 0.0613395, 0.0314069, 0.00375051, 
36, 0, 0.144612, 0.250249, 0.207574, 0.170528, 0.149192, 0.139679, 0.0958439, 0.0886009, 0.0699712, 0.0399965, 0.0091354, 0, 
37, 0, 0.153609, 0.259249, 0.216428, 0.178571, 0.154665, 0.147474, 0.104706, 0.0975912, 0.0786824, 0.048586, 0.0156821, 0, 
38, 0, 0.162606, 0.268247, 0.225126, 0.186841, 0.162112, 0.155482, 0.113586, 0.106577, 0.0874472, 0.0573001, 0.0229669, 0.00898922, 
39, 0, 0.171603, 0.277243, 0.23378, 0.195247, 0.170129, 0.16403, 0.122479, 0.1151, 0.0962498, 0.066063, 0.0307158, 0.0179786, 0, 
40, 0, 0.180601, 0.286214, 0.242491, 0.204093, 0.178423, 0.166504, 0.131382, 0.123693, 0.10508, 0.0748623, 0.0384647, 0.0269682, 0, 
41, 0, 0.189539, 0.295184, 0.251246, 0.209372, 0.186871, 0.170688, 0.140291, 0.132339, 0.113983, 0.0836895, 0.0463656, 0.0359578, 0.00373762, 
42, 0, 0.198494, 0.304153, 0.260034, 0.216517, 0.195416, 0.176268, 0.149181, 0.141027, 0.122326, 0.0925386, 0.0547608, 0.0449477, 0.0104878, 0, 
43, 0, 0.207463, 0.313121, 0.268849, 0.224338, 0.204233, 0.182796, 0.156955, 0.14975, 0.130747, 0.101405, 0.063268, 0.0539375, 0.0182607, 0, 
44, 0, 0.216432, 0.322088, 0.277612, 0.232486, 0.210944, 0.18993, 0.165052, 0.1585, 0.139309, 0.110254, 0.0718508, 0.0628761, 0.0264728, 0.00366282, 
45, 0, 0.225397, 0.331017, 0.286342, 0.240822, 0.218269, 0.197453, 0.173404, 0.167207, 0.147963, 0.119105, 0.080491, 0.0718176, 0.0349165, 0.00898035, 0, 
46, 0, 0.234354, 0.339953, 0.295127, 0.249277, 0.226205, 0.204587, 0.181907, 0.174423, 0.15668, 0.127971, 0.0891763, 0.0807608, 0.0433603, 0.0154849, 0, 
47, 0, 0.243303, 0.348884, 0.303933, 0.257941, 0.234447, 0.209184, 0.190506, 0.182108, 0.165444, 0.136852, 0.0977919, 0.0897052, 0.0510515, 0.0227453, 0.00476668, 
48, 0, 0.252301, 0.357807, 0.312761, 0.265808, 0.242863, 0.21508, 0.199172, 0.190094, 0.174075, 0.145744, 0.105351, 0.098651, 0.0596894, 0.0304803, 0.0118632, 0, 
49, 0, 0.261205, 0.366727, 0.321606, 0.273999, 0.251388, 0.221851, 0.207471, 0.198282, 0.180807, 0.154647, 0.114165, 0.107598, 0.0684536, 0.0382152, 0.0197737, 0, 
50, 0, 0.270106, 0.375646, 0.330468, 0.282368, 0.260021, 0.229185, 0.213088, 0.206614, 0.189497, 0.163558, 0.123067, 0.116485, 0.0772785, 0.0455761, 0.0280552, 0.000428037, 
51, 0, 0.278996, 0.384565, 0.339202, 0.290851, 0.268419, 0.236886, 0.221297, 0.215052, 0.198312, 0.172418, 0.132002, 0.125172, 0.0861379, 0.0533695, 0.0365394, 0.00208368, 0, 
52, 0, 0.287877, 0.393314, 0.347488, 0.299416, 0.276275, 0.244832, 0.229829, 0.223096, 0.20718, 0.181255, 0.140952, 0.133895, 0.0950198, 0.0614316, 0.0450235, 0.0054885, 0, 
53, 0, 0.296751, 0.401503, 0.356427, 0.308044, 0.284244, 0.251783, 0.238501, 0.229902, 0.216075, 0.190106, 0.149909, 0.142647, 0.103847, 0.0696677, 0.0530974, 0.0105991, 0.00834817, 
54, 0, 0.305625, 0.410483, 0.365407, 0.316928, 0.292368, 0.259116, 0.247243, 0.237308, 0.224985, 0.198957, 0.158816, 0.151422, 0.112361, 0.0780294, 0.0616531, 0.0169701, 0.0168731, 0, 
55, 0, 0.314619, 0.419483, 0.374399, 0.325458, 0.300631, 0.266817, 0.256026, 0.245084, 0.233761, 0.207798, 0.16752, 0.160216, 0.121143, 0.0864915, 0.0703104, 0.023341, 0.0255087, 0, 
56, 0, 0.323487, 0.428482, 0.383396, 0.334082, 0.309004, 0.274717, 0.264448, 0.253098, 0.241403, 0.21663, 0.17647, 0.169029, 0.129964, 0.0943841, 0.0790363, 0.0305982, 0.0342186, 0.00705881, 
57, 0, 0.33237, 0.437479, 0.392395, 0.342794, 0.317696, 0.28272, 0.270391, 0.261283, 0.250034, 0.225459, 0.185429, 0.177944, 0.138814, 0.102333, 0.0878108, 0.0383289, 0.0429811, 0.0149563, 0, 
58, 0, 0.341286, 0.446475, 0.401365, 0.351583, 0.326143, 0.290802, 0.278149, 0.2696, 0.258746, 0.231587, 0.194394, 0.186474, 0.147684, 0.110509, 0.0966212, 0.046372, 0.0517435, 0.0232328, 0, 
59, 0, 0.350239, 0.455465, 0.410305, 0.360428, 0.334308, 0.298972, 0.286274, 0.27797, 0.267512, 0.240155, 0.203361, 0.195077, 0.15657, 0.11885, 0.105455, 0.0546258, 0.0602163, 0.0317153, 0.00750475, 
60, 0, 0.359216, 0.464448, 0.419304, 0.369306, 0.342663, 0.303777, 0.294601, 0.284908, 0.276315, 0.248703, 0.212331, 0.203736, 0.165471, 0.127311, 0.114034, 0.0630271, 0.068622, 0.0403235, 0.0155934, 0, 
61, 0, 0.368206, 0.473439, 0.428304, 0.377371, 0.351139, 0.312445, 0.303053, 0.292417, 0.285145, 0.257272, 0.221328, 0.212439, 0.174186, 0.135863, 0.122516, 0.0715353, 0.0771737, 0.0489316, 0.0239704, 0, 
62, 0, 0.376148, 0.482429, 0.437304, 0.386167, 0.359696, 0.321114, 0.311587, 0.300292, 0.293962, 0.265858, 0.2303, 0.221178, 0.182793, 0.144482, 0.131119, 0.0801496, 0.0858251, 0.0579125, 0.0325129, 0.00333735, 
63, 0, 0.384986, 0.491419, 0.446304, 0.395012, 0.368311, 0.329802, 0.319924, 0.30841, 0.302014, 0.27445, 0.238498, 0.229945, 0.191488, 0.153235, 0.139807, 0.0884111, 0.0945463, 0.0668952, 0.04116, 0.00839399, 0, 
64, 0, 0.393871, 0.500409, 0.455304, 0.403882, 0.376898, 0.338512, 0.326705, 0.3167, 0.309714, 0.283031, 0.246862, 0.238843, 0.200245, 0.161214, 0.148555, 0.0968149, 0.103318, 0.0758791, 0.0498071, 0.0147305, 0, 
65, 0, 0.40278, 0.509399, 0.464302, 0.412771, 0.385488, 0.34724, 0.334628, 0.325111, 0.317887, 0.291531, 0.25534, 0.24736, 0.209045, 0.169414, 0.157346, 0.105323, 0.112058, 0.084864, 0.0581756, 0.0218908, 0.00690868, 
66, 0, 0.411707, 0.518388, 0.473301, 0.421674, 0.394437, 0.355984, 0.342826, 0.333975, 0.326312, 0.295114, 0.263892, 0.255947, 0.217878, 0.177769, 0.166139, 0.113909, 0.120469, 0.0938494, 0.0665651, 0.0295665, 0.0147483, 0, 
67, 0, 0.420647, 0.527372, 0.482252, 0.430589, 0.40338, 0.364175, 0.351194, 0.340837, 0.334886, 0.301646, 0.272488, 0.264588, 0.226711, 0.186238, 0.17473, 0.122556, 0.128872, 0.102835, 0.075106, 0.0372422, 0.0229972, 0, 
68, 0, 0.429598, 0.536353, 0.491208, 0.439574, 0.412317, 0.373127, 0.359678, 0.348195, 0.343555, 0.309107, 0.280875, 0.273274, 0.235402, 0.194793, 0.183253, 0.131252, 0.13742, 0.111824, 0.0837513, 0.0456781, 0.0314648, 0.00222575, 
69, 0, 0.43854, 0.545334, 0.500171, 0.448289, 0.421249, 0.382099, 0.368241, 0.355947, 0.352166, 0.316939, 0.282286, 0.281998, 0.244012, 0.203415, 0.191883, 0.140139, 0.146071, 0.120701, 0.0924689, 0.0542079, 0.0400644, 0.00804474, 0, 
70, 0, 0.447149, 0.554317, 0.50914, 0.457011, 0.430174, 0.391073, 0.376812, 0.363982, 0.36011, 0.324923, 0.285726, 0.290753, 0.252708, 0.212254, 0.200591, 0.148595, 0.154794, 0.129587, 0.101238, 0.0628096, 0.0486639, 0.0154919, 0, 
71, 0, 0.455749, 0.563301, 0.518113, 0.465777, 0.439122, 0.400044, 0.385073, 0.372219, 0.367843, 0.332937, 0.290625, 0.299214, 0.261467, 0.22029, 0.209354, 0.157148, 0.163569, 0.138481, 0.10996, 0.0714716, 0.0569582, 0.0235567, 0.00118583, 
72, 0, 0.464413, 0.572285, 0.527073, 0.474583, 0.448069, 0.409012, 0.39381, 0.380603, 0.376006, 0.333252, 0.29634, 0.307845, 0.27027, 0.228543, 0.218159, 0.165775, 0.17228, 0.147382, 0.118294, 0.0801809, 0.0655201, 0.0319222, 0.00570887, 0, 
73, 0, 0.473139, 0.581249, 0.536015, 0.483422, 0.457058, 0.417976, 0.402578, 0.388055, 0.384419, 0.342094, 0.302421, 0.316519, 0.279107, 0.236947, 0.226936, 0.174452, 0.180486, 0.15629, 0.126896, 0.0889274, 0.0741754, 0.0402876, 0.0127318, 0, 
74, 0, 0.481918, 0.590208, 0.544833, 0.492287, 0.466048, 0.426715, 0.411366, 0.396017, 0.392986, 0.350964, 0.30855, 0.325231, 0.287918, 0.245451, 0.235507, 0.183169, 0.189042, 0.165203, 0.135579, 0.0978266, 0.0828895, 0.0487753, 0.0206174, 0.00868788, 
75, 0, 0.49074, 0.598988, 0.553677, 0.500271, 0.475041, 0.435636, 0.420169, 0.404184, 0.401655, 0.359851, 0.317403, 0.33398, 0.296592, 0.254033, 0.244204, 0.191919, 0.197694, 0.1741, 0.144311, 0.106669, 0.0916505, 0.0573876, 0.0288898, 0.0174357, 
76, 0, 0.498097, 0.607788, 0.562547, 0.50925, 0.484038, 0.444566, 0.428982, 0.4125, 0.41016, 0.368724, 0.324443, 0.342757, 0.305356, 0.262674, 0.252957, 0.200561, 0.206403, 0.18249, 0.153086, 0.115526, 0.100448, 0.066082, 0.0373712, 0.0262269, 
77, 0, 0.507077, 0.616616, 0.571441, 0.518228, 0.493037, 0.453501, 0.43788, 0.420944, 0.418318, 0.377579, 0.332473, 0.351559, 0.314161, 0.271187, 0.261744, 0.209176, 0.215161, 0.190988, 0.161894, 0.124395, 0.109275, 0.0748338, 0.0459797, 0.0350507, 
78, 0, 0.516054, 0.625467, 0.580353, 0.527204, 0.501982, 0.462433, 0.446573, 0.429482, 0.426811, 0.386415, 0.340624, 0.360422, 0.322991, 0.279426, 0.270562, 0.217846, 0.223957, 0.199567, 0.170729, 0.133274, 0.118125, 0.0836272, 0.0546718, 0.0438996, 
79, 0, 0.52503, 0.634339, 0.589202, 0.536184, 0.510981, 0.47136, 0.455328, 0.438092, 0.435424, 0.394843, 0.348917, 0.369076, 0.331843, 0.287813, 0.279406, 0.226559, 0.232785, 0.208208, 0.179586, 0.142163, 0.126994, 0.0924521, 0.0634222, 0.0527682, 
80, 0, 0.534011, 0.643092, 0.598096, 0.545166, 0.519981, 0.480284, 0.464106, 0.446785, 0.4441, 0.403814, 0.357257, 0.377776, 0.340715, 0.296308, 0.28827, 0.235306, 0.241637, 0.216897, 0.188461, 0.15106, 0.135877, 0.101301, 0.0722149, 0.0616527, 
81, 0, 0.542995, 0.651959, 0.607021, 0.55415, 0.52898, 0.489165, 0.472917, 0.455016, 0.452834, 0.412782, 0.365589, 0.386514, 0.349602, 0.304883, 0.297152, 0.244082, 0.250509, 0.225625, 0.19735, 0.159964, 0.144773, 0.11017, 0.0810394, 0.0705503, 
82, 0, 0.551983, 0.660861, 0.615957, 0.563138, 0.53798, 0.498068, 0.481745, 0.463394, 0.461614, 0.421748, 0.373872, 0.395282, 0.358503, 0.31352, 0.306049, 0.252882, 0.259396, 0.234384, 0.206251, 0.168874, 0.15368, 0.119053, 0.0898886, 0.0794585, 
83, 0, 0.560963, 0.669774, 0.624899, 0.572133, 0.54698, 0.506972, 0.490584, 0.471879, 0.470432, 0.430711, 0.382049, 0.404075, 0.367415, 0.322206, 0.314957, 0.261701, 0.268298, 0.243169, 0.215162, 0.17779, 0.162595, 0.12795, 0.0987572, 0.0883759, 
84, 0, 0.569962, 0.678687, 0.633848, 0.581128, 0.555978, 0.515877, 0.49943, 0.480445, 0.47928, 0.439668, 0.390025, 0.412889, 0.376335, 0.330932, 0.323874, 0.270537, 0.27721, 0.251975, 0.224082, 0.186712, 0.171518, 0.136857, 0.107641, 0.0973008, 
85, 0, 0.578961, 0.687606, 0.642806, 0.590124, 0.564973, 0.524783, 0.50828, 0.489072, 0.488152, 0.44862, 0.397601, 0.42172, 0.385264, 0.339688, 0.332801, 0.279388, 0.286132, 0.260799, 0.233009, 0.195638, 0.180447, 0.145773, 0.116539, 0.106232, 
86, 0, 0.58796, 0.696534, 0.651771, 0.59912, 0.573965, 0.533691, 0.517133, 0.497747, 0.497046, 0.457564, 0.404297, 0.430567, 0.394198, 0.348471, 0.341734, 0.288251, 0.295061, 0.269639, 0.241942, 0.204568, 0.189382, 0.154696, 0.125446, 0.115169, 
87, 0, 0.59696, 0.705469, 0.660743, 0.608116, 0.582952, 0.542601, 0.525984, 0.506462, 0.505961, 0.466497, 0.409058, 0.439426, 0.403138, 0.357276, 0.350674, 0.297124, 0.303998, 0.278492, 0.250881, 0.213501, 0.198321, 0.163626, 0.134363, 0.124111, 
88, 0, 0.605959, 0.714413, 0.669722, 0.617112, 0.591931, 0.551513, 0.534826, 0.515207, 0.514897, 0.475415, 0.409058, 0.448296, 0.412082, 0.366099, 0.359619, 0.306007, 0.31294, 0.287356, 0.259824, 0.222438, 0.207265, 0.172561, 0.143287, 0.133058, 
89, 0, 0.614959, 0.723364, 0.678707, 0.626108, 0.600896, 0.560427, 0.543646, 0.523978, 0.523854, 0.484313, 0.409058, 0.457176, 0.42103, 0.374938, 0.368569, 0.314898, 0.321888, 0.296231, 0.268772, 0.231379, 0.216213, 0.181501, 0.152218, 0.142008, 
90, 0, 0.623959, 0.732324, 0.687697, 0.635103, 0.609836, 0.569343, 0.55243, 0.532771, 0.532813, 0.49318, 0.409058, 0.466065, 0.429982, 0.38379, 0.377522, 0.323796, 0.330841, 0.305114, 0.277724, 0.240322, 0.225164, 0.190445, 0.161154, 0.150961, 
91, 0, 0.632958, 0.741293, 0.696694, 0.644099, 0.618737, 0.578261, 0.561233, 0.541582, 0.541775, 0.501995, 0.409058, 0.474961, 0.438937, 0.392654, 0.38648, 0.3327, 0.339797, 0.314004, 0.286678, 0.249267, 0.234118, 0.199393, 0.170095, 0.159917, 
92, 0, 0.641958, 0.750276, 0.705694, 0.653093, 0.627637, 0.587181, 0.570053, 0.550408, 0.550739, 0.510717, 0.409058, 0.483863, 0.447894, 0.401528, 0.395441, 0.341611, 0.348757, 0.322902, 0.295636, 0.258215, 0.243075, 0.208344, 0.17904, 0.168876, 
93, 0, 0.650958, 0.759269, 0.714694, 0.662088, 0.636537, 0.596103, 0.578885, 0.559247, 0.559704, 0.519238, 0.409058, 0.492772, 0.456854, 0.410411, 0.404405, 0.350526, 0.357721, 0.331805, 0.304597, 0.267166, 0.252034, 0.217298, 0.187989, 0.177838, 
94, 0, 0.659957, 0.768262, 0.723694, 0.671081, 0.645436, 0.605026, 0.587728, 0.568097, 0.56867, 0.527187, 0.409058, 0.501686, 0.465816, 0.419302, 0.413371, 0.359446, 0.366687, 0.340714, 0.31356, 0.276118, 0.260995, 0.226255, 0.196942, 0.186801, 
95, 0, 0.668956, 0.777254, 0.732693, 0.680074, 0.654333, 0.613951, 0.59658, 0.576958, 0.577637, 0.527187, 0.409058, 0.510604, 0.474779, 0.4282, 0.42234, 0.368371, 0.375657, 0.349628, 0.322525, 0.285072, 0.269958, 0.235214, 0.205897, 0.195766, 
96, 0, 0.677955, 0.786245, 0.741693, 0.689066, 0.663229, 0.622876, 0.605439, 0.585863, 0.586605, 0.527187, 0.409058, 0.519527, 0.483744, 0.437103, 0.431311, 0.377298, 0.384628, 0.358546, 0.331492, 0.294028, 0.278924, 0.244175, 0.214855, 0.204734, 
97, 0, 0.686953, 0.795235, 0.750692, 0.698058, 0.672123, 0.631746, 0.614303, 0.59477, 0.595573, 0.527187, 0.409058, 0.528453, 0.492711, 0.446013, 0.440284, 0.38623, 0.393602, 0.367468, 0.340461, 0.302985, 0.28789, 0.253138, 0.223816, 0.213702, 
98, 0, 0.695951, 0.804224, 0.759691, 0.707057, 0.681014, 0.640624, 0.623171, 0.60368, 0.604541, 0.527187, 0.409058, 0.537384, 0.501678, 0.454927, 0.449259, 0.395164, 0.402578, 0.376393, 0.349431, 0.311944, 0.296858, 0.262103, 0.232778, 0.222673, 
99, 0, 0.704949, 0.813211, 0.768689, 0.716056, 0.689903, 0.649508, 0.632042, 0.612591, 0.61351, 0.527187, 0.409058, 0.546317, 0.510647, 0.463846, 0.458235, 0.404102, 0.411556, 0.385322, 0.358403, 0.320905, 0.305828, 0.271069, 0.241742, 0.231644, 
100, 0, 0.713947, 0.822197, 0.777686, 0.725054, 0.698787, 0.658397, 0.640914, 0.621503, 0.622478, 0.527187, 0.409058, 0.555253, 0.519616, 0.472768, 0.467213, 0.413042, 0.420536, 0.394254, 0.367377, 0.329866, 0.314799, 0.280037, 0.250709, 0.240617, 
101, 0, 0.722946, 0.831181, 0.786682, 0.734051, 0.707668, 0.667291, 0.649785, 0.630417, 0.631445, 0.527187, 0.409058, 0.564192, 0.528587, 0.481695, 0.476193, 0.421984, 0.429517, 0.403188, 0.376352, 0.338829, 0.323771, 0.289005, 0.259676, 0.249591, 
102, 0, 0.731945, 0.840164, 0.795677, 0.743046, 0.716542, 0.676188, 0.658653, 0.639332, 0.640412, 0.527187, 0.409058, 0.573133, 0.537558, 0.490624, 0.485174, 0.430928, 0.4385, 0.412125, 0.385328, 0.347793, 0.332744, 0.297976, 0.268646, 0.258566, 
103, 0, 0.740945, 0.849144, 0.80467, 0.75204, 0.72541, 0.685089, 0.667516, 0.648247, 0.649377, 0.527187, 0.409058, 0.582077, 0.546529, 0.499557, 0.494156, 0.439874, 0.447484, 0.421064, 0.394305, 0.356758, 0.341717, 0.306947, 0.277616, 0.267542, 
104, 0, 0.749944, 0.858123, 0.813662, 0.761031, 0.73427, 0.693992, 0.676371, 0.657163, 0.658341, 0.527187, 0.409058, 0.591023, 0.555501, 0.508492, 0.503139, 0.448823, 0.45647, 0.430005, 0.403283, 0.365725, 0.350692, 0.315919, 0.286588, 0.276518, 
105, 0, 0.758944, 0.8671, 0.822652, 0.77002, 0.74312, 0.702896, 0.685214, 0.666079, 0.667303, 0.527187, 0.409058, 0.59997, 0.564473, 0.517429, 0.512123, 0.457772, 0.465457, 0.438948, 0.412262, 0.374692, 0.359668, 0.324892, 0.295561, 0.285496, 
106, 0, 0.767944, 0.876074, 0.83164, 0.779005, 0.751958, 0.711802, 0.694039, 0.674995, 0.676262, 0.527187, 0.409058, 0.60892, 0.573446, 0.526369, 0.521108, 0.466724, 0.474445, 0.447893, 0.421242, 0.383659, 0.368644, 0.333866, 0.304534, 0.294474, 
107, 0, 0.776942, 0.885047, 0.840625, 0.787986, 0.760781, 0.720707, 0.702834, 0.68391, 0.685218, 0.527187, 0.409058, 0.617871, 0.582419, 0.535311, 0.530094, 0.475677, 0.483434, 0.456839, 0.430223, 0.392628, 0.377622, 0.342841, 0.313509, 0.303453, 
108, 0, 0.785939, 0.894017, 0.849608, 0.796962, 0.769586, 0.729612, 0.711583, 0.692825, 0.694169, 0.527187, 0.409058, 0.626823, 0.591391, 0.544255, 0.539082, 0.484631, 0.492425, 0.465787, 0.439205, 0.401598, 0.3866, 0.351816, 0.322485, 0.312433, 
109, 0, 0.794932, 0.902985, 0.858588, 0.805931, 0.778369, 0.738514, 0.720249, 0.701739, 0.703115, 0.527187, 0.409058, 0.635777, 0.600364, 0.5532, 0.548069, 0.493586, 0.501417, 0.474736, 0.448187, 0.410568, 0.395578, 0.360792, 0.331461, 0.321413, 
110, 0, 0.803922, 0.911951, 0.867565, 0.814894, 0.787122, 0.747414, 0.728749, 0.710651, 0.712054, 0.527187, 0.409058, 0.644732, 0.609336, 0.562147, 0.557058, 0.502542, 0.510409, 0.483686, 0.45717, 0.419539, 0.404557, 0.369769, 0.340438, 0.330394, 
111, 0, 0.812906, 0.920914, 0.876538, 0.823848, 0.795836, 0.756309, 0.736825, 0.719562, 0.720983, 0.527187, 0.409058, 0.653689, 0.618309, 0.571095, 0.566047, 0.5115, 0.519403, 0.492637, 0.466154, 0.42851, 0.413537, 0.378746, 0.349416, 0.339375, 
112, 0, 0.821882, 0.929875, 0.885507, 0.832792, 0.804491, 0.765197, 0.736825, 0.728471, 0.729899, 0.527187, 0.409058, 0.662646, 0.627281, 0.580044, 0.575037, 0.520458, 0.528397, 0.50159, 0.475139, 0.437483, 0.422517, 0.387723, 0.358395, 0.348357, 
113, 0, 0.830849, 0.938834, 0.89447, 0.841722, 0.812674, 0.774075, 0.736825, 0.737376, 0.738796, 0.527187, 0.409058, 0.671605, 0.636252, 0.588995, 0.584028, 0.529417, 0.537393, 0.510543, 0.484124, 0.446455, 0.431497, 0.396701, 0.367374, 0.35734, 
114, 0, 0.839802, 0.947794, 0.903328, 0.850637, 0.820902, 0.782941, 0.736825, 0.746279, 0.747668, 0.527187, 0.409058, 0.680565, 0.645223, 0.597946, 0.593019, 0.538377, 0.546389, 0.519497, 0.493109, 0.455429, 0.440478, 0.40568, 0.376353, 0.366322, 
115, 0, 0.848738, 0.956794, 0.91219, 0.859532, 0.829126, 0.791788, 0.736825, 0.755178, 0.756501, 0.527187, 0.409058, 0.689525, 0.654193, 0.606899, 0.602011, 0.547337, 0.555386, 0.528452, 0.502096, 0.464403, 0.44946, 0.414659, 0.385334, 0.375305, 
116, 0, 0.857651, 0.965794, 0.921055, 0.8684, 0.837287, 0.800608, 0.736825, 0.764071, 0.765272, 0.527187, 0.409058, 0.698487, 0.663162, 0.615852, 0.611004, 0.556299, 0.564384, 0.537408, 0.511082, 0.473377, 0.458442, 0.423638, 0.394314, 0.384289, 
117, 0, 0.866533, 0.974794, 0.929927, 0.877233, 0.845281, 0.80939, 0.736825, 0.772959, 0.773937, 0.527187, 0.409058, 0.707449, 0.67213, 0.624805, 0.619997, 0.56526, 0.573383, 0.546364, 0.52007, 0.482352, 0.467424, 0.432617, 0.403295, 0.393273, 
118, 0, 0.875373, 0.983793, 0.938805, 0.886015, 0.852851, 0.818109, 0.736825, 0.78184, 0.782404, 0.527187, 0.409058, 0.716412, 0.681097, 0.633759, 0.62899, 0.574223, 0.582382, 0.555321, 0.529057, 0.491327, 0.476406, 0.441597, 0.412277, 0.402257, 
119, 0, 0.884152, 0.992792, 0.947689, 0.894722, 0.85906, 0.826722, 0.736825, 0.790713, 0.790434, 0.527187, 0.409058, 0.725376, 0.690062, 0.642714, 0.637983, 0.583185, 0.591382, 0.564278, 0.538046, 0.500302, 0.485389, 0.450577, 0.421259, 0.411241, 
120, 0, 0.89284, 1.00179, 0.956583, 0.903303, 0.85906, 0.835133, 0.736825, 0.799574, 0.797354, 0.527187, 0.409058, 0.734341, 0.699025, 0.651669, 0.646977, 0.592148, 0.600381, 0.573236, 0.547034, 0.509278, 0.494372, 0.459557, 0.430241, 0.420226, 
121, 0, 0.901382, 1.01078, 0.965515, 0.911649, 0.85906, 0.843082, 0.736825, 0.808421, 0.801683, 0.527187, 0.409058, 0.743306, 0.707987, 0.660623, 0.655972, 0.601111, 0.609381, 0.582194, 0.556023, 0.518255, 0.503356, 0.468537, 0.439223, 0.429211, 
122, 0, 0.909671, 1.01975, 0.974453, 0.919461, 0.85906, 0.84969, 0.736825, 0.81725, 0.801683, 0.527187, 0.409058, 0.752272, 0.716946, 0.669578, 0.664966, 0.610075, 0.618381, 0.591152, 0.565013, 0.527232, 0.512339, 0.477518, 0.448206, 0.438196, 
123, 0, 0.917472, 1.02872, 0.983387, 0.925725, 0.85906, 0.84969, 0.736825, 0.826055, 0.801683, 0.527187, 0.409058, 0.761239, 0.725902, 0.678533, 0.67396, 0.619039, 0.627379, 0.600111, 0.574003, 0.536209, 0.521323, 0.486498, 0.457189, 0.447182, 
124, 0, 0.924243, 1.03768, 0.992298, 0.925725, 0.85906, 0.84969, 0.736825, 0.834827, 0.808964, 0.527187, 0.409058, 0.770206, 0.734854, 0.687487, 0.682955, 0.628003, 0.636375, 0.609069, 0.582994, 0.545186, 0.530307, 0.495479, 0.466172, 0.456168, 
125, 0, 0.929152, 1.04665, 1.00119, 0.925725, 0.85906, 0.84969, 0.736825, 0.84355, 0.808964, 0.527187, 0.416505, 0.779174, 0.743803, 0.696441, 0.691949, 0.636967, 0.645366, 0.618028, 0.591985, 0.554164, 0.539291, 0.50446, 0.475156, 0.465153, 
126, 0, 0.932339, 1.05564, 1.01009, 0.925725, 0.85906, 0.84969, 0.736825, 0.852199, 0.808964, 0.527187, 0.416505, 0.788142, 0.752746, 0.705395, 0.700943, 0.645931, 0.654351, 0.626987, 0.600976, 0.563141, 0.548276, 0.51344, 0.484139, 0.474139, 
127, 0, 0.932339, 1.06461, 1.01886, 0.925725, 0.85906, 0.84969, 0.736825, 0.860719, 0.808964, 0.527187, 0.416505, 0.797111, 0.761684, 0.714347, 0.709937, 0.654895, 0.663325, 0.635945, 0.609968, 0.57212, 0.55726, 0.522421, 0.493123, 0.483126, 
128, 0, 0.932339, 1.07361, 1.0278, 0.925725, 0.86264, 0.84969, 0.736954, 0.868994, 0.81777, 0.527187, 0.416505, 0.806081, 0.770615, 0.723299, 0.71893, 0.663858, 0.672284, 0.644904, 0.61896, 0.581098, 0.566245, 0.531401, 0.502107, 0.492112, 
129, 0, 0.932339, 1.08255, 1.03644, 0.925725, 0.86264, 0.84969, 0.737909, 0.87669, 0.81777, 0.527187, 0.417939, 0.815051, 0.779538, 0.732249, 0.727922, 0.672822, 0.681222, 0.653862, 0.627952, 0.590077, 0.57523, 0.540382, 0.511092, 0.501099, 
130, 0, 0.932339, 1.09154, 1.04543, 0.925725, 0.86264, 0.84969, 0.738879, 0.882626, 0.81777, 0.527187, 0.420239, 0.824021, 0.788452, 0.741198, 0.736912, 0.681786, 0.690127, 0.66282, 0.636945, 0.599056, 0.584215, 0.549362, 0.520076, 0.510085, 
131, 0, 0.932339, 1.10041, 1.05412, 0.925725, 0.86264, 0.84969, 0.74083, 0.882626, 0.81777, 0.527187, 0.423272, 0.832992, 0.797354, 0.750145, 0.745901, 0.690749, 0.698985, 0.671778, 0.645939, 0.608035, 0.593201, 0.558343, 0.52906, 0.519072, 
132, 0, 0.932339, 1.1094, 1.06312, 0.925725, 0.86264, 0.84969, 0.743522, 0.882626, 0.819148, 0.527187, 0.426962, 0.841964, 0.806243, 0.75909, 0.754888, 0.699711, 0.707768, 0.680735, 0.654933, 0.617014, 0.602186, 0.567323, 0.538045, 0.528059, 
133, 0, 0.932339, 1.11815, 1.07212, 0.925725, 0.865648, 0.84969, 0.746868, 0.882626, 0.821603, 0.527187, 0.431272, 0.850936, 0.815117, 0.768033, 0.763872, 0.708674, 0.716437, 0.689692, 0.663927, 0.625993, 0.611171, 0.576302, 0.54703, 0.537045, 
134, 0, 0.932339, 1.12693, 1.08111, 0.925725, 0.865648, 0.84969, 0.750767, 0.882626, 0.82504, 0.527187, 0.436208, 0.859908, 0.823974, 0.776972, 0.772852, 0.717635, 0.724915, 0.698647, 0.672922, 0.634973, 0.620157, 0.585282, 0.556014, 0.546032, 
135, 0, 0.932339, 1.13565, 1.09011, 0.925725, 0.86699, 0.84969, 0.755172, 0.882626, 0.829389, 0.527187, 0.441766, 0.868881, 0.83281, 0.785907, 0.781827, 0.726596, 0.733057, 0.707602, 0.681917, 0.643953, 0.629142, 0.594261, 0.564999, 0.555019, 
136, 0, 0.932339, 1.14452, 1.09911, 0.925725, 0.869098, 0.84969, 0.760101, 0.882626, 0.834603, 0.527187, 0.447992, 0.877855, 0.841624, 0.794838, 0.790797, 0.735556, 0.740562, 0.716556, 0.690913, 0.652933, 0.638128, 0.60324, 0.573984, 0.564007, 
137, 0, 0.932339, 1.15338, 1.10811, 0.925725, 0.872214, 0.84969, 0.76556, 0.882626, 0.840662, 0.527187, 0.447992, 0.886829, 0.850413, 0.803764, 0.79976, 0.744515, 0.74682, 0.725509, 0.699909, 0.661913, 0.647114, 0.612218, 0.582968, 0.572994, 
138, 0, 0.932339, 1.16218, 1.11703, 0.925725, 0.876505, 0.84969, 0.771577, 0.882626, 0.848229, 0.527187, 0.454688, 0.895804, 0.859173, 0.812683, 0.808715, 0.753473, 0.751035, 0.73446, 0.708906, 0.670893, 0.656099, 0.621196, 0.591953, 0.581981, 
139, 0, 0.932339, 1.17072, 1.12602, 0.925725, 0.882014, 0.84969, 0.778734, 0.882626, 0.855803, 0.527187, 0.454688, 0.90478, 0.867901, 0.821595, 0.817657, 0.76243, 0.751035, 0.743409, 0.717904, 0.679873, 0.665085, 0.630173, 0.600938, 0.590968, 
140, 0, 0.932339, 1.17961, 1.13118, 0.925725, 0.890835, 0.84969, 0.785557, 0.882626, 0.864703, 0.527187, 0.460788, 0.913756, 0.876587, 0.830496, 0.826562, 0.771386, 0.751035, 0.752356, 0.726902, 0.688854, 0.674071, 0.63915, 0.609922, 0.599955, 
141, 0, 0.932339, 1.1857, 1.1394, 0.925725, 0.898307, 0.84969, 0.793703, 0.882626, 0.864703, 0.527187, 0.467478, 0.922733, 0.88517, 0.839385, 0.835465, 0.78034, 0.751035, 0.761301, 0.7359, 0.697835, 0.683057, 0.648125, 0.618907, 0.608942, 
142, 0, 0.932339, 1.19384, 1.14835, 0.925725, 0.907236, 0.84969, 0.801068, 0.882626, 0.873526, 0.527187, 0.47564, 0.931711, 0.893755, 0.848259, 0.844364, 0.789292, 0.760029, 0.770242, 0.7449, 0.706815, 0.692043, 0.6571, 0.627891, 0.617929, 
143, 0, 0.932339, 1.20265, 1.15524, 0.925725, 0.91566, 0.84969, 0.809876, 0.882626, 0.882483, 0.527187, 0.484056, 0.94069, 0.902332, 0.857113, 0.853359, 0.798242, 0.760029, 0.77918, 0.753899, 0.715796, 0.701029, 0.666074, 0.636875, 0.626916, 
144, 0, 0.932339, 1.20887, 1.16131, 0.925725, 0.924187, 0.84969, 0.818867, 0.882626, 0.891474, 0.527187, 0.484056, 0.949669, 0.911298, 0.865942, 0.862226, 0.807189, 0.760029, 0.788113, 0.762899, 0.724777, 0.710014, 0.675047, 0.64586, 0.635903, 
145, 0, 0.932339, 1.21412, 1.16875, 0.925725, 0.932611, 0.84969, 0.827865, 0.882626, 0.899913, 0.527187, 0.492908, 0.95865, 0.919714, 0.874736, 0.871081, 0.816134, 0.760029, 0.79704, 0.771899, 0.733759, 0.719, 0.684018, 0.654844, 0.644889, 
146, 0, 0.932339, 1.22112, 1.17522, 0.925725, 0.940484, 0.84969, 0.836815, 0.882626, 0.908913, 0.527187, 0.501868, 0.967632, 0.928144, 0.883483, 0.879919, 0.825075, 0.760029, 0.805959, 0.780895, 0.74274, 0.727986, 0.692988, 0.663827, 0.653876, 
147, 0, 0.932339, 1.22716, 1.18181, 0.925725, 0.948489, 0.84969, 0.84485, 0.882626, 0.917681, 0.527187, 0.510865, 0.976615, 0.936577, 0.892165, 0.888732, 0.834013, 0.760029, 0.814868, 0.789883, 0.751721, 0.736971, 0.701956, 0.672811, 0.662863, 
148, 0, 0.932339, 1.23317, 1.18773, 0.925725, 0.94917, 0.84969, 0.853847, 0.882626, 0.92613, 0.527187, 0.519843, 0.9856, 0.945014, 0.900753, 0.89751, 0.842946, 0.760029, 0.823762, 0.798845, 0.760703, 0.745957, 0.710921, 0.681794, 0.671849, 
149, 0, 0.932339, 1.23796, 1.19343, 0.925725, 0.958152, 0.84969, 0.862775, 0.882626, 0.934172, 0.527187, 0.528558, 0.994586, 0.953459, 0.909199, 0.906235, 0.851875, 0.760029, 0.832636, 0.807728, 0.769685, 0.754943, 0.719885, 0.690777, 0.680835, 
150, 0, 0.935976, 1.24172, 1.20179, 0.925725, 0.967136, 0.84969, 0.871521, 0.882626, 0.941832, 0.527187, 0.528558, 1.00357, 0.961922, 0.917423, 0.914877, 0.860797, 0.760029, 0.841479, 0.816281, 0.778667, 0.763928, 0.728845, 0.699759, 0.689821, 
151, 0, 0.935976, 1.24936, 1.20996, 0.925725, 0.97613, 0.84969, 0.879969, 0.882626, 0.948559, 0.527187, 0.528558, 1.01257, 0.970415, 0.92528, 0.923382, 0.869713, 0.760029, 0.85027, 0.816281, 0.787649, 0.772913, 0.737802, 0.708742, 0.698807, 
152, 0, 0.935976, 1.25667, 1.21801, 0.929775, 0.98513, 0.84969, 0.887807, 0.882626, 0.955428, 0.527187, 0.537514, 1.02156, 0.978958, 0.932514, 0.931661, 0.878621, 0.760029, 0.858965, 0.816281, 0.796631, 0.781898, 0.746754, 0.717723, 0.707793, 
153, 0, 0.9374, 1.26377, 1.22601, 0.929775, 0.994113, 0.84969, 0.895416, 0.882626, 0.962698, 0.527187, 0.537514, 1.03056, 0.987595, 0.938706, 0.940586, 0.887521, 0.760029, 0.867443, 0.816281, 0.805614, 0.790883, 0.755701, 0.726704, 0.716778, 
154, 0, 0.939628, 1.27076, 1.2338, 0.929775, 1.00306, 0.84969, 0.902645, 0.882626, 0.967763, 0.527187, 0.537514, 1.03956, 0.996463, 0.943426, 0.940586, 0.896412, 0.760029, 0.875242, 0.816281, 0.814597, 0.799868, 0.764642, 0.735685, 0.725763, 
155, 0, 0.942576, 1.27709, 1.24179, 0.929775, 1.0119, 0.84969, 0.909451, 0.882626, 0.969458, 0.527187, 0.539541, 1.04854, 1.00438, 0.946821, 0.940586, 0.905304, 0.760029, 0.875242, 0.816281, 0.823581, 0.808852, 0.773574, 0.744665, 0.734748, 
156, 0, 0.942576, 1.28383, 1.25003, 0.929775, 1.02064, 0.84969, 0.914984, 0.882626, 0.97075, 0.530199, 0.544099, 1.05747, 1.01229, 0.949787, 0.940586, 0.914295, 0.760029, 0.875242, 0.816281, 0.832564, 0.817836, 0.782495, 0.753644, 0.743732, 
157, 0, 0.942576, 1.29135, 1.25818, 0.929775, 1.02906, 0.851136, 0.919355, 0.884098, 0.975918, 0.536656, 0.5505, 1.06638, 1.02013, 0.949787, 0.940586, 0.923285, 0.760029, 0.875242, 0.816281, 0.841548, 0.826819, 0.791401, 0.762622, 0.752716, 
158, 0, 0.942576, 1.29844, 1.26637, 0.929775, 1.03227, 0.856915, 0.927725, 0.889683, 0.982901, 0.54306, 0.557388, 1.07538, 1.02778, 0.949787, 0.940586, 0.932271, 0.760029, 0.875242, 0.816281, 0.850533, 0.835802, 0.800288, 0.7716, 0.761699, 
159, 0, 0.942576, 1.3057, 1.27452, 0.929775, 1.04005, 0.863324, 0.936205, 0.896083, 0.990352, 0.54306, 0.564278, 1.08438, 1.035, 0.949787, 0.940586, 0.941254, 0.760029, 0.875242, 0.816281, 0.859518, 0.844784, 0.809145, 0.780576, 0.770682, 
160, 0, 0.942576, 1.31344, 1.28334, 0.929775, 1.04772, 0.870051, 0.94442, 0.896083, 0.997904, 0.54306, 0.570756, 1.09337, 1.04097, 0.949787, 0.940586, 0.950232, 0.760029, 0.875242, 0.816281, 0.868504, 0.853764, 0.817959, 0.789551, 0.779665, 
161, 0, 0.942576, 1.32224, 1.29193, 0.929775, 1.05568, 0.870051, 0.951984, 0.896083, 1.00535, 0.54306, 0.576208, 1.10235, 1.04097, 0.949787, 0.940586, 0.959205, 0.760029, 0.875242, 0.816281, 0.87749, 0.862743, 0.826703, 0.798525, 0.788646, 
162, 0, 0.942576, 1.33073, 1.30015, 0.938774, 1.06409, 0.870051, 0.958358, 0.896083, 1.01247, 0.54306, 0.579877, 1.11132, 1.04097, 0.949787, 0.940586, 0.968171, 0.760029, 0.875242, 0.816281, 0.886477, 0.87172, 0.83532, 0.807497, 0.797627, 
163, 0, 0.951515, 1.33904, 1.30781, 0.947748, 1.07306, 0.870051, 0.963329, 0.896083, 1.0193, 0.54306, 0.582711, 1.12026, 1.04097, 0.949787, 0.940586, 0.977128, 0.760029, 0.875242, 0.816281, 0.895464, 0.880693, 0.843678, 0.816466, 0.806607, 
164, 0, 0.960417, 1.34722, 1.31466, 0.947748, 1.07306, 0.870051, 0.968755, 0.896083, 1.02527, 0.54306, 0.585255, 1.12915, 1.04097, 0.949787, 0.940586, 0.986075, 0.760029, 0.875242, 0.816281, 0.904452, 0.88966, 0.851377, 0.825434, 0.815586, 
165, 0, 0.969365, 1.35539, 1.32058, 0.947748, 1.08055, 0.870051, 0.972371, 0.896083, 1.02994, 0.54306, 0.588216, 1.13796, 1.04097, 0.949787, 0.940586, 0.99501, 0.760029, 0.875242, 0.816281, 0.91344, 0.898615, 0.856981, 0.834398, 0.824564, 
166, 0, 0.969365, 1.36389, 1.32064, 0.947748, 1.08055, 0.870051, 0.974606, 0.896083, 1.03337, 0.54306, 0.591726, 1.1466, 1.04097, 0.949787, 0.940586, 1.00393, 0.760029, 0.875242, 0.816281, 0.92243, 0.90754, 0.856981, 0.843359, 0.833541, 
167, 0, 0.969365, 1.3724, 1.32364, 0.947748, 1.08055, 0.876758, 0.976187, 0.896083, 1.03643, 0.54306, 0.595674, 1.15484, 1.04097, 0.949787, 0.940586, 1.01284, 0.760029, 0.875242, 0.816281, 0.931416, 0.916335, 0.856981, 0.852315, 0.842516, 
168, 0, 0.969365, 1.38109, 1.3305, 0.952629, 1.08055, 0.876758, 0.977698, 0.896083, 1.03978, 0.54306, 0.599978, 1.16193, 1.04097, 0.949787, 0.940586, 1.02171, 0.760029, 0.875242, 0.816281, 0.940405, 0.916335, 0.856981, 0.861265, 0.851489, 
169, 0, 0.969365, 1.38968, 1.33778, 0.952629, 1.08055, 0.876758, 0.979263, 0.896083, 1.04365, 0.54306, 0.599978, 1.16193, 1.04097, 0.949787, 0.940586, 1.03059, 0.760029, 0.875246, 0.816281, 0.9494, 0.916335, 0.856981, 0.870208, 0.86046, 
170, 0, 0.97491, 1.39837, 1.33778, 0.952629, 1.08055, 0.876758, 0.980966, 0.896083, 1.04844, 0.54306, 0.607687, 1.16193, 1.04097, 0.949787, 0.940586, 1.03937, 0.760029, 0.876495, 0.816281, 0.9584, 0.916335, 0.856981, 0.879141, 0.869429, 
171, 0, 0.97491, 1.40737, 1.33778, 0.952629, 1.08055, 0.876758, 0.982401, 0.899669, 1.05236, 0.54306, 0.607687, 1.16193, 1.04097, 0.949787, 0.946438, 1.04805, 0.760029, 0.881438, 0.816281, 0.967399, 0.916335, 0.856981, 0.888059, 0.878395, 
172, 0, 0.97491, 1.41633, 1.34354, 0.952629, 1.08055, 0.877903, 0.985947, 0.904188, 1.058, 0.54306, 0.607687, 1.16225, 1.04292, 0.949787, 0.946438, 1.05669, 0.760029, 0.887641, 0.816281, 0.976386, 0.916335, 0.856981, 0.896957, 0.887357, 
173, 0, 0.97491, 1.42511, 1.34724, 0.954158, 1.08077, 0.881857, 0.98823, 0.904188, 1.058, 0.546684, 0.610864, 1.16225, 1.0471, 0.949787, 0.946438, 1.06451, 0.760029, 0.887641, 0.816281, 0.985334, 0.916335, 0.856981, 0.905819, 0.896314, 
174, 0, 0.975978, 1.43406, 1.35383, 0.957991, 1.08869, 0.886342, 0.991971, 0.906848, 1.06484, 0.546684, 0.61679, 1.16225, 1.0519, 0.949787, 0.946438, 1.06935, 0.760029, 0.89497, 0.816281, 0.994181, 0.916335, 0.856981, 0.91462, 0.905265, 
175, 0, 0.977339, 1.44105, 1.36019, 0.963826, 1.08869, 0.892217, 0.999982, 0.906848, 1.07179, 0.550747, 0.62292, 1.16225, 1.05548, 0.955487, 0.946438, 1.07395, 0.760029, 0.903029, 0.816281, 1.00284, 0.916335, 0.856981, 0.923287, 0.914209, 
176, 0, 0.983158, 1.44105, 1.36752, 0.96749, 1.09289, 0.892217, 1.00677, 0.915709, 1.07781, 0.550747, 0.628747, 1.16807, 1.05548, 0.960423, 0.946438, 1.07716, 0.760029, 0.903029, 0.816281, 1.01126, 0.916335, 0.856981, 0.931569, 0.923141, 
177, 0, 0.983158, 1.44819, 1.36752, 0.96749, 1.09814, 0.900125, 1.00677, 0.915709, 1.08329, 0.556269, 0.633105, 1.17394, 1.05548, 0.967834, 0.946438, 1.07925, 0.760029, 0.911108, 0.816281, 1.01958, 0.916335, 0.856981, 0.931569, 0.932057, 
178, 0, 0.988512, 1.45351, 1.36752, 0.97208, 1.09861, 0.907507, 1.00677, 0.919533, 1.08329, 0.561461, 0.633105, 1.1811, 1.05548, 0.976781, 0.946438, 1.08306, 0.760029, 0.911108, 0.816281, 1.02804, 0.916335, 0.856981, 0.931569, 0.940949, 
179, 0, 0.988512, 1.45863, 1.36752, 0.98023, 1.10283, 0.915101, 1.00678, 0.92279, 1.08329, 0.568337, 0.633105, 1.18984, 1.05548, 0.985193, 0.946438, 1.08695, 0.760029, 0.911108, 0.816317, 1.0368, 0.916335, 0.856981, 0.931569, 0.949801, 
180, 0, 0.996851, 1.46261, 1.36832, 0.98631, 1.1118, 0.919299, 1.00767, 0.929681, 1.08329, 0.577121, 0.636931, 1.19809, 1.06442, 0.994183, 0.946438, 1.09267, 0.760029, 0.911108, 0.817126, 1.0368, 0.916335, 0.856981, 0.931569, 0.958575, 
181, 0, 0.998455, 1.46502, 1.3686, 0.99455, 1.1203, 0.919305, 1.00941, 0.938617, 1.08329, 0.585494, 0.636931, 1.20699, 1.06442, 1.00289, 0.947746, 1.10022, 0.760533, 0.916253, 0.817126, 1.0458, 0.916335, 0.856981, 0.931569, 0.967167, 
182, 0, 1.0069, 1.47268, 1.37101, 1.00229, 1.1203, 0.926925, 1.0136, 0.947334, 1.08329, 0.594445, 0.645918, 1.21577, 1.06802, 1.00289, 0.951563, 1.10022, 0.762937, 0.920456, 0.817126, 1.0458, 0.916335, 0.856981, 0.931569, 0.975119, 
183, 0, 1.01571, 1.4808, 1.37575, 1.0087, 1.1293, 0.933988, 1.02103, 0.956333, 1.08973, 0.603386, 0.650342, 1.22403, 1.07327, 1.01184, 0.956071, 1.10022, 0.762937, 0.924015, 0.817126, 1.0458, 0.916335, 0.856981, 0.931569, 0.975119, 
184, 0, 1.0218, 1.48802, 1.38308, 1.0144, 1.1381, 0.942775, 1.02502, 0.965304, 1.09151, 0.612386, 0.654966, 1.22822, 1.07749, 1.02047, 0.956071, 1.10415, 0.762937, 0.928172, 0.817126, 1.0458, 0.916335, 0.856981, 0.931569, 0.975119, 
185, 0, 1.02636, 1.4959, 1.39082, 1.02318, 1.1381, 0.951621, 1.0329, 0.973694, 1.09151, 0.621019, 0.658735, 1.22822, 1.08204, 1.02943, 0.956071, 1.11096, 0.762937, 0.932828, 0.817126, 1.04895, 0.916335, 0.856981, 0.931569, 0.975119, 
186, 0, 1.03229, 1.50368, 1.39837, 1.03207, 1.1381, 0.960621, 1.03986, 0.981255, 1.09151, 0.621019, 0.667085, 1.23717, 1.08204, 1.03825, 0.956071, 1.11861, 0.762937, 0.93903, 0.817126, 1.04895, 0.916335, 0.856981, 0.931569, 0.975119, 
187, 0, 1.03954, 1.51234, 1.39966, 1.04103, 1.14285, 0.969232, 1.04682, 0.987941, 1.0916, 0.629998, 0.667085, 1.24567, 1.08204, 1.0463, 0.956071, 1.12759, 0.762937, 0.944252, 0.817126, 1.04895, 0.916335, 0.856981, 0.931569, 0.975119, 
188, 0, 1.04831, 1.51765, 1.40021, 1.04955, 1.14864, 0.977273, 1.05222, 0.992916, 1.09442, 0.638924, 0.667085, 1.25229, 1.08204, 1.05425, 0.956071, 1.12759, 0.762937, 0.948578, 0.817126, 1.04895, 0.916335, 0.856981, 0.931569, 0.975119, 
189, 0, 1.05731, 1.52502, 1.40582, 1.05755, 1.14864, 0.984929, 1.06086, 0.995848, 1.09982, 0.646554, 0.667085, 1.25869, 1.08204, 1.05974, 0.956071, 1.12759, 0.762937, 0.951809, 0.817126, 1.04895, 0.916335, 0.856981, 0.931569, 0.975119, 
190, 0, 1.06611, 1.5336, 1.40734, 1.06516, 1.15702, 0.992096, 1.06924, 0.995848, 1.10554, 0.654734, 0.667085, 1.26459, 1.08204, 1.06416, 0.956071, 1.12759, 0.762937, 0.951809, 0.817126, 1.04895, 0.916335, 0.856981, 0.931569, 0.975119, 
191, 0, 1.07452, 1.54072, 1.412, 1.07257, 1.16475, 0.998647, 1.06924, 0.998431, 1.11079, 0.663299, 0.667085, 1.27046, 1.08204, 1.06416, 0.956071, 1.12759, 0.762937, 0.951809, 0.817126, 1.04895, 0.916335, 0.856981, 0.931569, 0.975119, 
192, 0, 1.08265, 1.54875, 1.41754, 1.07995, 1.16873, 1.00374, 1.06924, 1.00579, 1.115, 0.671519, 0.667085, 1.27603, 1.08204, 1.06697, 0.956071, 1.12759, 0.762937, 0.951809, 0.817126, 1.04895, 0.916335, 0.856981, 0.931569, 0.975119, 
193, 0, 1.09073, 1.5549, 1.42447, 1.08719, 1.16873, 1.01274, 1.06924, 1.01308, 1.115, 0.679287, 0.667085, 1.28281, 1.08204, 1.06981, 0.956071, 1.12759, 0.762937, 0.951809, 0.817126, 1.04895, 0.916335, 0.856981, 0.931569, 0.975119, 
194, 0, 1.09866, 1.56274, 1.43132, 1.08719, 1.16873, 1.02168, 1.06924, 1.02045, 1.115, 0.687359, 0.667085, 1.28913, 1.08204, 1.06981, 0.956071, 1.12759, 0.762937, 0.951809, 0.817126, 1.04895, 0.916335, 0.856981, 0.931569, 0.975119, 
195, 0, 1.10644, 1.57008, 1.43856, 1.09427, 1.16929, 1.03058, 1.06924, 1.02816, 1.115, 0.694688, 0.667085, 1.29439, 1.08204, 1.06981, 0.956071, 1.12759, 0.762937, 0.951809, 0.817126, 1.04895, 0.916335, 0.856981, 0.931569, 0.975119, 
196, 0, 1.11309, 1.57717, 1.44688, 1.10272, 1.17202, 1.03946, 1.06924, 1.03564, 1.115, 0.701098, 0.667085, 1.29881, 1.08204, 1.06981, 0.956071, 1.12759, 0.762937, 0.951809, 0.817126, 1.04895, 0.916335, 0.856981, 0.931569, 0.975119, 
197, 0, 1.12197, 1.58518, 1.45474, 1.11106, 1.1762, 1.0481, 1.06924, 1.04309, 1.115, 0.706098, 0.667085, 1.30217, 1.08204, 1.06981, 0.956071, 1.12759, 0.762937, 0.951809, 0.817126, 1.04895, 0.916335, 0.856981, 0.931569, 0.975119, 
198, 0, 1.13079, 1.59186, 1.45474, 1.11838, 1.1762, 1.05654, 1.06924, 1.05037, 1.115, 0.709536, 0.667085, 1.30217, 1.08204, 1.06981, 0.956071, 1.12759, 0.762937, 0.951809, 0.817126, 1.04895, 0.916335, 0.856981, 0.931569, 0.975119, 
199, 0, 1.13079, 1.59497, 1.45474, 1.12628, 1.1762, 1.06463, 1.06924, 1.05751, 1.115, 0.709536, 0.667085, 1.30217, 1.08204, 1.06981, 0.956071, 1.12759, 0.762937, 0.951809, 0.817126, 1.04895, 0.916335, 0.856981, 0.931569, 0.975119, 
200, 0, 1.13896, 1.60058, 1.45474, 1.13374, 1.1762, 1.0724, 1.06924, 1.06456, 1.115, 0.709536, 0.667085, 1.30217, 1.08204, 1.06981, 0.956071, 1.12759, 0.762937, 0.951809, 0.817126, 1.04895, 0.916335, 0.856981, 0.931569, 0.975119, 
201, 0, 1.14626, 1.60058, 1.45474, 1.14108, 1.1762, 1.08008, 1.06924, 1.07157, 1.115, 0.709536, 0.667085, 1.30217, 1.08204, 1.06981, 0.956071, 1.12759, 0.762937, 0.951809, 0.817126, 1.04895, 0.916335, 0.856981, 0.931569, 0.975119, 
202, 0, 1.1533, 1.60058, 1.45474, 1.14905, 1.1762, 1.08748, 1.06924, 1.07839, 1.115, 0.709536, 0.667085, 1.30217, 1.08204, 1.06981, 0.956071, 1.12759, 0.762937, 0.951809, 0.817126, 1.04895, 0.916335, 0.856981, 0.931569, 0.975119, 
203, 0, 1.16115, 1.60058, 1.45474, 1.15655, 1.1762, 1.09447, 1.06924, 1.08483, 1.115, 0.709536, 0.667085, 1.30217, 1.08204, 1.06981, 0.956071, 1.12759, 0.762937, 0.951809, 0.817126, 1.04895, 0.916335, 0.856981, 0.931569, 0.975119, 
204, 0, 1.16842, 1.60058, 1.45474, 1.16343, 1.1762, 1.10083, 1.06924, 1.09057, 1.115, 0.709536, 0.667085, 1.30217, 1.08204, 1.06981, 0.956071, 1.12759, 0.762937, 0.951809, 0.817126, 1.04895, 0.916335, 0.856981, 0.931569, 0.975119, 
205, 0, 1.17512, 1.60058, 1.45474, 1.16959, 1.1762, 1.10635, 1.06924, 1.09519, 1.115, 0.709536, 0.667085, 1.30217, 1.08204, 1.06981, 0.956071, 1.12759, 0.762937, 0.951809, 0.817126, 1.04895, 0.916335, 0.856981, 0.931569, 0.975119, 
206, 0, 1.18138, 1.60058, 1.45474, 1.17507, 1.1762, 1.11079, 1.06924, 1.09519, 1.115, 0.709536, 0.667085, 1.30217, 1.08204, 1.06981, 0.956071, 1.12759, 0.762937, 0.951809, 0.817126, 1.04895, 0.916335, 0.856981, 0.931569, 0.975119, 
207, 0, 1.1875, 1.60058, 1.45474, 1.18007, 1.1762, 1.11395, 1.06924, 1.09519, 1.115, 0.709536, 0.667085, 1.30217, 1.08204, 1.06981, 0.956071, 1.12759, 0.762937, 0.951809, 0.817126, 1.04895, 0.916335, 0.856981, 0.931569, 0.975119, 
208, 0, 1.19385, 1.60058, 1.45474, 1.18615, 1.1762, 1.11672, 1.06924, 1.09519, 1.115, 0.709536, 0.667085, 1.30217, 1.08204, 1.06981, 0.956071, 1.12759, 0.762937, 0.951809, 0.817126, 1.04895, 0.916335, 0.856981, 0.931569, 0.975119, 
209, 0, 1.20171, 1.60058, 1.45474, 1.19019, 1.1762, 1.11672, 1.06924, 1.09519, 1.115, 0.709536, 0.667085, 1.30217, 1.08204, 1.06981, 0.956071, 1.12759, 0.762937, 0.951809, 0.817126, 1.04895, 0.916335, 0.856981, 0.931569, 0.975119, 
210, 0, 1.20874, 1.60058, 1.45474, 1.19019, 1.1762, 1.11672, 1.06924, 1.09519, 1.115, 0.709536, 0.667085, 1.30217, 1.08204, 1.06981, 0.956071, 1.12759, 0.762937, 0.951809, 0.817126, 1.04895, 0.916335, 0.856981, 0.931569, 0.975119, 
211, 0, 1.21518, 1.60058, 1.45474, 1.19019, 1.1762, 1.11672, 1.06924, 1.09519, 1.115, 0.709536, 0.667085, 1.30217, 1.08204, 1.06981, 0.956071, 1.12759, 0.762937, 0.951809, 0.817126, 1.04895, 0.916335, 0.856981, 0.931569, 0.975119, 
212, 0, 1.21992, 1.60058, 1.45474, 1.19019, 1.1762, 1.11672, 1.06924, 1.09519, 1.115, 0.709536, 0.667085, 1.30217, 1.08204, 1.06981, 0.956071, 1.12759, 0.762937, 0.951809, 0.817126, 1.04895, 0.916335, 0.856981, 0.931569, 0.975119, 
213, 0, 1.21992, 1.60058, 1.45474, 1.19019, 1.1762, 1.11672, 1.06924, 1.09519, 1.115, 0.709536, 0.667085, 1.30217, 1.08204, 1.06981, 0.956071, 1.12759, 0.762937, 0.951809, 0.817126, 1.04895, 0.916335, 0.856981, 0.931569, 0.975119, 
214, 0, 1.21992, 1.60058, 1.45474, 1.19019, 1.1762, 1.11672, 1.06924, 1.09519, 1.115, 0.709536, 0.667085, 1.30217, 1.08204, 1.06981, 0.956071, 1.12759, 0.762937, 0.951809, 0.817126, 1.04895, 0.916335, 0.856981, 0.931569, 0.975119, 
215, 0, 1.21992, 1.60058, 1.45474, 1.19019, 1.1762, 1.11672, 1.06924, 1.09519, 1.115, 0.709536, 0.667085, 1.30217, 1.08204, 1.06981, 0.956071, 1.12759, 0.762937, 0.951809, 0.817126, 1.04895, 0.916335, 0.856981, 0.931569, 0.975119, 
216, 0, 1.21992, 1.60058, 1.45474, 1.19019, 1.1762, 1.11672, 1.06924, 1.09519, 1.115, 0.709536, 0.667085, 1.30217, 1.08204, 1.06981, 0.956071, 1.12759, 0.762937, 0.951809, 0.817126, 1.04895, 0.916335, 0.856981, 0.931569, 0.975119, 
